{"uid":"1697c89b2fb27bf3","name":"test_table_header_per_column_1_Ipsum","fullName":"tests.ui_test_suite.test_challenging_dom.TestChallengingDom#test_table_header_per_column_1_Ipsum","historyId":"3fa0b0dcdcae084b13e35fd0f4a9d99a","time":{"start":1766652481445,"stop":1766652495411,"duration":13966},"status":"broken","statusMessage":"seleniumbase.common.exceptions.NoSuchElementException: Message: \n Element {div.example h3} was not present after 10 seconds!","statusTrace":"/opt/hostedtoolcache/Python/3.10.19/x64/lib/python3.10/site-packages/parameterized/parameterized.py:620: in standalone_func\n    return func(*(a + p.args), **p.kwargs, **kw)\ntests/ui_test_suite/test_challenging_dom.py:42: in test_table_header_per_column\n    page = main_page.click_challenging_dom_link()\nsrc/pages/common/main_page/main_page.py:82: in click_challenging_dom_link\n    return ChallengingDomPage(self.driver)\nsrc/pages/features/challenging_dom/challenging_dom_page.py:19: in __init__\n    self.wait_for_page_to_load(ChallengingDomPageLocators.PAGE_LOADED_INDICATOR)\nsrc/pages/base/base_page.py:83: in wait_for_page_to_load\n    self.driver.wait_for_element_visible(**indicator_locator, timeout=timeout)\n/opt/hostedtoolcache/Python/3.10.19/x64/lib/python3.10/site-packages/seleniumbase/fixtures/base_case.py:9348: in wait_for_element_visible\n    return page_actions.wait_for_element_visible(\n/opt/hostedtoolcache/Python/3.10.19/x64/lib/python3.10/site-packages/seleniumbase/fixtures/page_actions.py:517: in wait_for_element_visible\n    timeout_exception(NoSuchElementException, message)\n/opt/hostedtoolcache/Python/3.10.19/x64/lib/python3.10/site-packages/seleniumbase/fixtures/page_actions.py:270: in timeout_exception\n    raise exc(msg)\nE   seleniumbase.common.exceptions.NoSuchElementException: Message: \nE    Element {div.example h3} was not present after 10 seconds!","flaky":false,"newFailed":false,"newBroken":true,"newPassed":false,"retriesCount":3,"retriesStatusChange":false,"beforeStages":[{"name":"clean_directories_at_start","time":{"start":1766652346285,"stop":1766652346286,"duration":1},"status":"passed","steps":[],"attachments":[],"parameters":[],"shouldDisplayMessage":false,"stepsCount":0,"attachmentsCount":0,"hasContent":false,"attachmentStep":false},{"name":"_unittest_setUpClass_fixture_TestChallengingDom","time":{"start":1766652346286,"stop":1766652346286,"duration":0},"status":"passed","steps":[],"attachments":[],"parameters":[],"shouldDisplayMessage":false,"stepsCount":0,"attachmentsCount":0,"hasContent":false,"attachmentStep":false},{"name":"bind_test_context","time":{"start":1766652481445,"stop":1766652481445,"duration":0},"status":"passed","steps":[],"attachments":[],"parameters":[],"shouldDisplayMessage":false,"stepsCount":0,"attachmentsCount":0,"hasContent":false,"attachmentStep":false},{"name":"_inject_request","time":{"start":1766652481445,"stop":1766652481445,"duration":0},"status":"passed","steps":[],"attachments":[],"parameters":[],"shouldDisplayMessage":false,"stepsCount":0,"attachmentsCount":0,"hasContent":false,"attachmentStep":false}],"testStage":{"status":"broken","statusMessage":"seleniumbase.common.exceptions.NoSuchElementException: Message: \n Element {div.example h3} was not present after 10 seconds!","statusTrace":"/opt/hostedtoolcache/Python/3.10.19/x64/lib/python3.10/site-packages/parameterized/parameterized.py:620: in standalone_func\n    return func(*(a + p.args), **p.kwargs, **kw)\ntests/ui_test_suite/test_challenging_dom.py:42: in test_table_header_per_column\n    page = main_page.click_challenging_dom_link()\nsrc/pages/common/main_page/main_page.py:82: in click_challenging_dom_link\n    return ChallengingDomPage(self.driver)\nsrc/pages/features/challenging_dom/challenging_dom_page.py:19: in __init__\n    self.wait_for_page_to_load(ChallengingDomPageLocators.PAGE_LOADED_INDICATOR)\nsrc/pages/base/base_page.py:83: in wait_for_page_to_load\n    self.driver.wait_for_element_visible(**indicator_locator, timeout=timeout)\n/opt/hostedtoolcache/Python/3.10.19/x64/lib/python3.10/site-packages/seleniumbase/fixtures/base_case.py:9348: in wait_for_element_visible\n    return page_actions.wait_for_element_visible(\n/opt/hostedtoolcache/Python/3.10.19/x64/lib/python3.10/site-packages/seleniumbase/fixtures/page_actions.py:517: in wait_for_element_visible\n    timeout_exception(NoSuchElementException, message)\n/opt/hostedtoolcache/Python/3.10.19/x64/lib/python3.10/site-packages/seleniumbase/fixtures/page_actions.py:270: in timeout_exception\n    raise exc(msg)\nE   seleniumbase.common.exceptions.NoSuchElementException: Message: \nE    Element {div.example h3} was not present after 10 seconds!","steps":[{"name":"Navigate to base URL: https://the-internet.herokuapp.com/","time":{"start":1766652484126,"stop":1766652484518,"duration":392},"status":"passed","steps":[],"attachments":[],"parameters":[],"shouldDisplayMessage":false,"stepsCount":0,"attachmentsCount":0,"hasContent":false,"attachmentStep":false},{"name":"Navigate to 'Challenging DOM' page","time":{"start":1766652484561,"stop":1766652495179,"duration":10618},"status":"broken","statusMessage":"seleniumbase.common.exceptions.NoSuchElementException: Message: \n Element {div.example h3} was not present after 10 seconds!\n\n","statusTrace":"  File \"/opt/hostedtoolcache/Python/3.10.19/x64/lib/python3.10/site-packages/allure_commons/_allure.py\", line 202, in impl\n    return func(*a, **kw)\n  File \"/home/runner/work/seleniumbase-python/seleniumbase-python/src/pages/common/main_page/main_page.py\", line 82, in click_challenging_dom_link\n    return ChallengingDomPage(self.driver)\n  File \"/home/runner/work/seleniumbase-python/seleniumbase-python/src/pages/features/challenging_dom/challenging_dom_page.py\", line 19, in __init__\n    self.wait_for_page_to_load(ChallengingDomPageLocators.PAGE_LOADED_INDICATOR)\n  File \"/home/runner/work/seleniumbase-python/seleniumbase-python/src/pages/base/base_page.py\", line 83, in wait_for_page_to_load\n    self.driver.wait_for_element_visible(**indicator_locator, timeout=timeout)\n  File \"/opt/hostedtoolcache/Python/3.10.19/x64/lib/python3.10/site-packages/seleniumbase/fixtures/base_case.py\", line 9348, in wait_for_element_visible\n    return page_actions.wait_for_element_visible(\n  File \"/opt/hostedtoolcache/Python/3.10.19/x64/lib/python3.10/site-packages/seleniumbase/fixtures/page_actions.py\", line 517, in wait_for_element_visible\n    timeout_exception(NoSuchElementException, message)\n  File \"/opt/hostedtoolcache/Python/3.10.19/x64/lib/python3.10/site-packages/seleniumbase/fixtures/page_actions.py\", line 270, in timeout_exception\n    raise exc(msg)\n","steps":[],"attachments":[],"parameters":[{"name":"page_name","value":"'Challenging DOM'"}],"shouldDisplayMessage":true,"stepsCount":0,"attachmentsCount":0,"hasContent":true,"attachmentStep":false}],"attachments":[{"uid":"dec16cf9df377a3c","name":"log","source":"dec16cf9df377a3c.txt","type":"text/plain","size":1532},{"uid":"8b74571c4087eba9","name":"stdout","source":"8b74571c4087eba9.txt","type":"text/plain","size":1590}],"parameters":[],"shouldDisplayMessage":true,"stepsCount":2,"attachmentsCount":2,"hasContent":true,"attachmentStep":false},"afterStages":[{"name":"_unittest_setUpClass_fixture_TestChallengingDom::0","time":{"start":1766652556782,"stop":1766652556782,"duration":0},"status":"passed","steps":[],"attachments":[],"parameters":[],"shouldDisplayMessage":false,"stepsCount":0,"attachmentsCount":0,"hasContent":false,"attachmentStep":false}],"labels":[{"name":"parentSuite","value":"UI Test Suite"},{"name":"suite","value":"Challenging DOM"},{"name":"severity","value":"normal"},{"name":"subSuite","value":"Verify Challenging DOM buttons interactions and table content"},{"name":"tag","value":"ui"},{"name":"tag","value":"smoke"},{"name":"tag","value":"regression"},{"name":"host","value":"runnervmh13bl"},{"name":"thread","value":"3077-MainThread"},{"name":"framework","value":"pytest"},{"name":"language","value":"cpython3"},{"name":"package","value":"tests.ui_test_suite.test_challenging_dom"},{"name":"resultFormat","value":"allure2"}],"parameters":[],"links":[],"hidden":false,"retry":false,"extra":{"severity":"normal","retries":[{"uid":"269dae3b841dc7af","status":"broken","statusDetails":"selenium.common.exceptions.SessionNotCreatedException: Message: session not created: Chrome instance exited. Examine ChromeDriver verbose log to determine the cause.; For documentation on this error, please visit: https://www.selenium.dev/documentation/webdriver/troubleshooting/errors#sessionnotcreatedexception\nStacktrace:\n#0 0x56451ed1461a <unknown>\n#1 0x56451e79120b <unknown>\n#2 0x56451e7cb30d <unknown>\n#3 0x56451e7c6cc3 <unknown>\n#4 0x56451e81685c <unknown>\n#5 0x56451e815f7c <unknown>\n#6 0x56451e7d5232 <unknown>\n#7 0x56451e7d5ee1 <unknown>\n#8 0x56451ecdd3f9 <unknown>\n#9 0x56451ece034d <unknown>\n#10 0x56451ecc6122 <unknown>\n#11 0x56451ece0f2b <unknown>\n#12 0x56451ecacc30 <unknown>\n#13 0x56451ed01d78 <unknown>\n#14 0x56451ed01f4c <unknown>\n#15 0x56451ed13973 <unknown>\n#16 0x7fbb2a49caa4 <unknown>\n#17 0x7fbb2a529c6c <unknown>","time":{"start":1766652477799,"stop":1766652478542,"duration":743}},{"uid":"c5d1f2e57d41c8f2","status":"broken","statusDetails":"selenium.common.exceptions.SessionNotCreatedException: Message: session not created: Chrome instance exited. Examine ChromeDriver verbose log to determine the cause.; For documentation on this error, please visit: https://www.selenium.dev/documentation/webdriver/troubleshooting/errors#sessionnotcreatedexception\nStacktrace:\n#0 0x5564e6d4e61a <unknown>\n#1 0x5564e67cb20b <unknown>\n#2 0x5564e680530d <unknown>\n#3 0x5564e6800cc3 <unknown>\n#4 0x5564e685085c <unknown>\n#5 0x5564e684ff7c <unknown>\n#6 0x5564e680f232 <unknown>\n#7 0x5564e680fee1 <unknown>\n#8 0x5564e6d173f9 <unknown>\n#9 0x5564e6d1a34d <unknown>\n#10 0x5564e6d00122 <unknown>\n#11 0x5564e6d1af2b <unknown>\n#12 0x5564e6ce6c30 <unknown>\n#13 0x5564e6d3bd78 <unknown>\n#14 0x5564e6d3bf4c <unknown>\n#15 0x5564e6d4d973 <unknown>\n#16 0x7f4eb089caa4 <unknown>\n#17 0x7f4eb0929c6c <unknown>","time":{"start":1766652474214,"stop":1766652474957,"duration":743}},{"uid":"6282184f2edb04cb","status":"broken","statusDetails":"selenium.common.exceptions.SessionNotCreatedException: Message: session not created: Chrome instance exited. Examine ChromeDriver verbose log to determine the cause.; For documentation on this error, please visit: https://www.selenium.dev/documentation/webdriver/troubleshooting/errors#sessionnotcreatedexception\nStacktrace:\n#0 0x55b403fbd61a <unknown>\n#1 0x55b403a3a20b <unknown>\n#2 0x55b403a7430d <unknown>\n#3 0x55b403a6fcc3 <unknown>\n#4 0x55b403abf85c <unknown>\n#5 0x55b403abef7c <unknown>\n#6 0x55b403a7e232 <unknown>\n#7 0x55b403a7eee1 <unknown>\n#8 0x55b403f863f9 <unknown>\n#9 0x55b403f8934d <unknown>\n#10 0x55b403f6f122 <unknown>\n#11 0x55b403f89f2b <unknown>\n#12 0x55b403f55c30 <unknown>\n#13 0x55b403faad78 <unknown>\n#14 0x55b403faaf4c <unknown>\n#15 0x55b403fbc973 <unknown>\n#16 0x7f7ce089caa4 <unknown>\n#17 0x7f7ce0929c6c <unknown>","time":{"start":1766652470643,"stop":1766652471393,"duration":750}}],"categories":[{"name":"Test defects","matchedStatuses":[]}],"history":{"statistic":{"failed":0,"broken":1,"skipped":0,"passed":5,"unknown":0,"total":6},"items":[{"uid":"24de36fa2b1afb0d","status":"passed","time":{"start":1766579150253,"stop":1766579151948,"duration":1695}},{"uid":"3b32eeba81076f9a","status":"passed","time":{"start":1766578786861,"stop":1766578788507,"duration":1646}},{"uid":"29a61a9c908cf17a","status":"passed","time":{"start":1766560075935,"stop":1766560077380,"duration":1445}},{"uid":"50e48b33bae99eed","status":"passed","time":{"start":1766497533635,"stop":1766497534931,"duration":1296}},{"uid":"721560917bb08335","status":"passed","time":{"start":1766497282566,"stop":1766497283765,"duration":1199}}]},"tags":["ui","regression","smoke"]},"source":"1697c89b2fb27bf3.json","parameterValues":[]}