{"uid":"18685ff19577b3e6","name":"test_js_prompt","fullName":"tests.ui_test_suite.test_javascript_alerts.TestJavaScriptAlerts#test_js_prompt","historyId":"30236ec4cfd3f11d2469611af88d6222","time":{"start":1766652445542,"stop":1766652446243,"duration":701},"status":"broken","statusMessage":"selenium.common.exceptions.SessionNotCreatedException: Message: session not created: Chrome instance exited. Examine ChromeDriver verbose log to determine the cause.; For documentation on this error, please visit: https://www.selenium.dev/documentation/webdriver/troubleshooting/errors#sessionnotcreatedexception\nStacktrace:\n#0 0x55c76e4af61a <unknown>\n#1 0x55c76df2c20b <unknown>\n#2 0x55c76df6630d <unknown>\n#3 0x55c76df61cc3 <unknown>\n#4 0x55c76dfb185c <unknown>\n#5 0x55c76dfb0f7c <unknown>\n#6 0x55c76df70232 <unknown>\n#7 0x55c76df70ee1 <unknown>\n#8 0x55c76e4783f9 <unknown>\n#9 0x55c76e47b34d <unknown>\n#10 0x55c76e461122 <unknown>\n#11 0x55c76e47bf2b <unknown>\n#12 0x55c76e447c30 <unknown>\n#13 0x55c76e49cd78 <unknown>\n#14 0x55c76e49cf4c <unknown>\n#15 0x55c76e4ae973 <unknown>\n#16 0x7f452989caa4 <unknown>\n#17 0x7f4529929c6c <unknown>","statusTrace":"/opt/hostedtoolcache/Python/3.10.19/x64/lib/python3.10/site-packages/seleniumbase/core/browser_launcher.py:6052: in get_local_driver\n    driver = webdriver.Chrome(options=chrome_options)\n/opt/hostedtoolcache/Python/3.10.19/x64/lib/python3.10/site-packages/selenium/webdriver/chrome/webdriver.py:46: in __init__\n    super().__init__(\n/opt/hostedtoolcache/Python/3.10.19/x64/lib/python3.10/site-packages/selenium/webdriver/chromium/webdriver.py:67: in __init__\n    super().__init__(command_executor=executor, options=options)\n/opt/hostedtoolcache/Python/3.10.19/x64/lib/python3.10/site-packages/selenium/webdriver/remote/webdriver.py:257: in __init__\n    self.start_session(capabilities)\n/opt/hostedtoolcache/Python/3.10.19/x64/lib/python3.10/site-packages/selenium/webdriver/remote/webdriver.py:352: in start_session\n    response = self.execute(Command.NEW_SESSION, caps)[\"value\"]\n/opt/hostedtoolcache/Python/3.10.19/x64/lib/python3.10/site-packages/selenium/webdriver/remote/webdriver.py:432: in execute\n    self.error_handler.check_response(response)\n/opt/hostedtoolcache/Python/3.10.19/x64/lib/python3.10/site-packages/selenium/webdriver/remote/errorhandler.py:232: in check_response\n    raise exception_class(message, screen, stacktrace)\nE   selenium.common.exceptions.SessionNotCreatedException: Message: session not created: Chrome instance exited. Examine ChromeDriver verbose log to determine the cause.; For documentation on this error, please visit: https://www.selenium.dev/documentation/webdriver/troubleshooting/errors#sessionnotcreatedexception\nE   Stacktrace:\nE   #0 0x55fed25d061a <unknown>\nE   #1 0x55fed204d20b <unknown>\nE   #2 0x55fed208730d <unknown>\nE   #3 0x55fed2082cc3 <unknown>\nE   #4 0x55fed20d285c <unknown>\nE   #5 0x55fed20d1f7c <unknown>\nE   #6 0x55fed2091232 <unknown>\nE   #7 0x55fed2091ee1 <unknown>\nE   #8 0x55fed25993f9 <unknown>\nE   #9 0x55fed259c34d <unknown>\nE   #10 0x55fed2582122 <unknown>\nE   #11 0x55fed259cf2b <unknown>\nE   #12 0x55fed2568c30 <unknown>\nE   #13 0x55fed25bdd78 <unknown>\nE   #14 0x55fed25bdf4c <unknown>\nE   #15 0x55fed25cf973 <unknown>\nE   #16 0x7f4c6549caa4 <unknown>\nE   #17 0x7f4c65529c6c <unknown>\n\nDuring handling of the above exception, another exception occurred:\nsrc/pages/base/ui_base_case.py:59: in setUp\n    super().setUp()\n/opt/hostedtoolcache/Python/3.10.19/x64/lib/python3.10/site-packages/seleniumbase/fixtures/base_case.py:15720: in setUp\n    self.driver = self.get_new_driver(\nsrc/pages/base/ui_base_case.py:32: in get_new_driver\n    driver = super().get_new_driver(*args, **kwargs)\n/opt/hostedtoolcache/Python/3.10.19/x64/lib/python3.10/site-packages/seleniumbase/fixtures/base_case.py:4308: in get_new_driver\n    new_driver = browser_launcher.get_driver(\n/opt/hostedtoolcache/Python/3.10.19/x64/lib/python3.10/site-packages/seleniumbase/core/browser_launcher.py:3543: in get_driver\n    return get_local_driver(\n/opt/hostedtoolcache/Python/3.10.19/x64/lib/python3.10/site-packages/seleniumbase/core/browser_launcher.py:6139: in get_local_driver\n    driver = webdriver.Chrome(\n/opt/hostedtoolcache/Python/3.10.19/x64/lib/python3.10/site-packages/selenium/webdriver/chrome/webdriver.py:46: in __init__\n    super().__init__(\n/opt/hostedtoolcache/Python/3.10.19/x64/lib/python3.10/site-packages/selenium/webdriver/chromium/webdriver.py:67: in __init__\n    super().__init__(command_executor=executor, options=options)\n/opt/hostedtoolcache/Python/3.10.19/x64/lib/python3.10/site-packages/selenium/webdriver/remote/webdriver.py:257: in __init__\n    self.start_session(capabilities)\n/opt/hostedtoolcache/Python/3.10.19/x64/lib/python3.10/site-packages/selenium/webdriver/remote/webdriver.py:352: in start_session\n    response = self.execute(Command.NEW_SESSION, caps)[\"value\"]\n/opt/hostedtoolcache/Python/3.10.19/x64/lib/python3.10/site-packages/selenium/webdriver/remote/webdriver.py:432: in execute\n    self.error_handler.check_response(response)\n/opt/hostedtoolcache/Python/3.10.19/x64/lib/python3.10/site-packages/selenium/webdriver/remote/errorhandler.py:232: in check_response\n    raise exception_class(message, screen, stacktrace)\nE   selenium.common.exceptions.SessionNotCreatedException: Message: session not created: Chrome instance exited. Examine ChromeDriver verbose log to determine the cause.; For documentation on this error, please visit: https://www.selenium.dev/documentation/webdriver/troubleshooting/errors#sessionnotcreatedexception\nE   Stacktrace:\nE   #0 0x55c76e4af61a <unknown>\nE   #1 0x55c76df2c20b <unknown>\nE   #2 0x55c76df6630d <unknown>\nE   #3 0x55c76df61cc3 <unknown>\nE   #4 0x55c76dfb185c <unknown>\nE   #5 0x55c76dfb0f7c <unknown>\nE   #6 0x55c76df70232 <unknown>\nE   #7 0x55c76df70ee1 <unknown>\nE   #8 0x55c76e4783f9 <unknown>\nE   #9 0x55c76e47b34d <unknown>\nE   #10 0x55c76e461122 <unknown>\nE   #11 0x55c76e47bf2b <unknown>\nE   #12 0x55c76e447c30 <unknown>\nE   #13 0x55c76e49cd78 <unknown>\nE   #14 0x55c76e49cf4c <unknown>\nE   #15 0x55c76e4ae973 <unknown>\nE   #16 0x7f452989caa4 <unknown>\nE   #17 0x7f4529929c6c <unknown>","flaky":false,"newFailed":false,"newBroken":false,"newPassed":false,"retriesCount":0,"retriesStatusChange":false,"beforeStages":[{"name":"clean_directories_at_start","time":{"start":1766652346285,"stop":1766652346286,"duration":1},"status":"passed","steps":[],"attachments":[],"parameters":[],"shouldDisplayMessage":false,"stepsCount":0,"attachmentsCount":0,"hasContent":false,"attachmentStep":false},{"name":"_unittest_setUpClass_fixture_TestJavaScriptAlerts","time":{"start":1766652422708,"stop":1766652422708,"duration":0},"status":"passed","steps":[],"attachments":[],"parameters":[],"shouldDisplayMessage":false,"stepsCount":0,"attachmentsCount":0,"hasContent":false,"attachmentStep":false},{"name":"bind_test_context","time":{"start":1766652445541,"stop":1766652445542,"duration":1},"status":"passed","steps":[],"attachments":[],"parameters":[],"shouldDisplayMessage":false,"stepsCount":0,"attachmentsCount":0,"hasContent":false,"attachmentStep":false},{"name":"_inject_request","time":{"start":1766652445542,"stop":1766652445542,"duration":0},"status":"passed","steps":[],"attachments":[],"parameters":[],"shouldDisplayMessage":false,"stepsCount":0,"attachmentsCount":0,"hasContent":false,"attachmentStep":false}],"afterStages":[{"name":"_unittest_setUpClass_fixture_TestJavaScriptAlerts::0","time":{"start":1766652457793,"stop":1766652457793,"duration":0},"status":"passed","steps":[],"attachments":[],"parameters":[],"shouldDisplayMessage":false,"stepsCount":0,"attachmentsCount":0,"hasContent":false,"attachmentStep":false}],"labels":[{"name":"severity","value":"normal"},{"name":"parentSuite","value":"UI Test Suite"},{"name":"subSuite","value":"Tests JavaScript Alerts functionality"},{"name":"suite","value":"JavaScript Alerts"},{"name":"tag","value":"ui"},{"name":"tag","value":"regression"},{"name":"host","value":"runnervmh13bl"},{"name":"thread","value":"3083-MainThread"},{"name":"framework","value":"pytest"},{"name":"language","value":"cpython3"},{"name":"package","value":"tests.ui_test_suite.test_javascript_alerts"},{"name":"resultFormat","value":"allure2"}],"parameters":[],"links":[],"hidden":true,"retry":true,"extra":{"categories":[],"tags":["ui","regression"]},"source":"18685ff19577b3e6.json","parameterValues":[]}