{"uid":"1cb71e93d8af67ac","name":"test_js_alert_functionality","fullName":"tests.ui_test_suite.test_javascript_alerts.TestJavaScriptAlerts#test_js_alert_functionality","historyId":"2930b49cecfa20f243467b8286aa5e29","time":{"start":1766652422709,"stop":1766652423324,"duration":615},"status":"broken","statusMessage":"selenium.common.exceptions.SessionNotCreatedException: Message: session not created: Chrome instance exited. Examine ChromeDriver verbose log to determine the cause.; For documentation on this error, please visit: https://www.selenium.dev/documentation/webdriver/troubleshooting/errors#sessionnotcreatedexception\nStacktrace:\n#0 0x55f084c0761a <unknown>\n#1 0x55f08468420b <unknown>\n#2 0x55f0846be30d <unknown>\n#3 0x55f0846b9cc3 <unknown>\n#4 0x55f08470985c <unknown>\n#5 0x55f084708f7c <unknown>\n#6 0x55f0846c8232 <unknown>\n#7 0x55f0846c8ee1 <unknown>\n#8 0x55f084bd03f9 <unknown>\n#9 0x55f084bd334d <unknown>\n#10 0x55f084bb9122 <unknown>\n#11 0x55f084bd3f2b <unknown>\n#12 0x55f084b9fc30 <unknown>\n#13 0x55f084bf4d78 <unknown>\n#14 0x55f084bf4f4c <unknown>\n#15 0x55f084c06973 <unknown>\n#16 0x7fe89649caa4 <unknown>\n#17 0x7fe896529c6c <unknown>","statusTrace":"/opt/hostedtoolcache/Python/3.10.19/x64/lib/python3.10/site-packages/seleniumbase/core/browser_launcher.py:6052: in get_local_driver\n    driver = webdriver.Chrome(options=chrome_options)\n/opt/hostedtoolcache/Python/3.10.19/x64/lib/python3.10/site-packages/selenium/webdriver/chrome/webdriver.py:46: in __init__\n    super().__init__(\n/opt/hostedtoolcache/Python/3.10.19/x64/lib/python3.10/site-packages/selenium/webdriver/chromium/webdriver.py:67: in __init__\n    super().__init__(command_executor=executor, options=options)\n/opt/hostedtoolcache/Python/3.10.19/x64/lib/python3.10/site-packages/selenium/webdriver/remote/webdriver.py:257: in __init__\n    self.start_session(capabilities)\n/opt/hostedtoolcache/Python/3.10.19/x64/lib/python3.10/site-packages/selenium/webdriver/remote/webdriver.py:352: in start_session\n    response = self.execute(Command.NEW_SESSION, caps)[\"value\"]\n/opt/hostedtoolcache/Python/3.10.19/x64/lib/python3.10/site-packages/selenium/webdriver/remote/webdriver.py:432: in execute\n    self.error_handler.check_response(response)\n/opt/hostedtoolcache/Python/3.10.19/x64/lib/python3.10/site-packages/selenium/webdriver/remote/errorhandler.py:232: in check_response\n    raise exception_class(message, screen, stacktrace)\nE   selenium.common.exceptions.SessionNotCreatedException: Message: session not created: Chrome instance exited. Examine ChromeDriver verbose log to determine the cause.; For documentation on this error, please visit: https://www.selenium.dev/documentation/webdriver/troubleshooting/errors#sessionnotcreatedexception\nE   Stacktrace:\nE   #0 0x5580f1e4b61a <unknown>\nE   #1 0x5580f18c820b <unknown>\nE   #2 0x5580f190230d <unknown>\nE   #3 0x5580f18fdcc3 <unknown>\nE   #4 0x5580f194d85c <unknown>\nE   #5 0x5580f194cf7c <unknown>\nE   #6 0x5580f190c232 <unknown>\nE   #7 0x5580f190cee1 <unknown>\nE   #8 0x5580f1e143f9 <unknown>\nE   #9 0x5580f1e1734d <unknown>\nE   #10 0x5580f1dfd122 <unknown>\nE   #11 0x5580f1e17f2b <unknown>\nE   #12 0x5580f1de3c30 <unknown>\nE   #13 0x5580f1e38d78 <unknown>\nE   #14 0x5580f1e38f4c <unknown>\nE   #15 0x5580f1e4a973 <unknown>\nE   #16 0x7f72c0e9caa4 <unknown>\nE   #17 0x7f72c0f29c6c <unknown>\n\nDuring handling of the above exception, another exception occurred:\nsrc/pages/base/ui_base_case.py:59: in setUp\n    super().setUp()\n/opt/hostedtoolcache/Python/3.10.19/x64/lib/python3.10/site-packages/seleniumbase/fixtures/base_case.py:15720: in setUp\n    self.driver = self.get_new_driver(\nsrc/pages/base/ui_base_case.py:32: in get_new_driver\n    driver = super().get_new_driver(*args, **kwargs)\n/opt/hostedtoolcache/Python/3.10.19/x64/lib/python3.10/site-packages/seleniumbase/fixtures/base_case.py:4308: in get_new_driver\n    new_driver = browser_launcher.get_driver(\n/opt/hostedtoolcache/Python/3.10.19/x64/lib/python3.10/site-packages/seleniumbase/core/browser_launcher.py:3543: in get_driver\n    return get_local_driver(\n/opt/hostedtoolcache/Python/3.10.19/x64/lib/python3.10/site-packages/seleniumbase/core/browser_launcher.py:6139: in get_local_driver\n    driver = webdriver.Chrome(\n/opt/hostedtoolcache/Python/3.10.19/x64/lib/python3.10/site-packages/selenium/webdriver/chrome/webdriver.py:46: in __init__\n    super().__init__(\n/opt/hostedtoolcache/Python/3.10.19/x64/lib/python3.10/site-packages/selenium/webdriver/chromium/webdriver.py:67: in __init__\n    super().__init__(command_executor=executor, options=options)\n/opt/hostedtoolcache/Python/3.10.19/x64/lib/python3.10/site-packages/selenium/webdriver/remote/webdriver.py:257: in __init__\n    self.start_session(capabilities)\n/opt/hostedtoolcache/Python/3.10.19/x64/lib/python3.10/site-packages/selenium/webdriver/remote/webdriver.py:352: in start_session\n    response = self.execute(Command.NEW_SESSION, caps)[\"value\"]\n/opt/hostedtoolcache/Python/3.10.19/x64/lib/python3.10/site-packages/selenium/webdriver/remote/webdriver.py:432: in execute\n    self.error_handler.check_response(response)\n/opt/hostedtoolcache/Python/3.10.19/x64/lib/python3.10/site-packages/selenium/webdriver/remote/errorhandler.py:232: in check_response\n    raise exception_class(message, screen, stacktrace)\nE   selenium.common.exceptions.SessionNotCreatedException: Message: session not created: Chrome instance exited. Examine ChromeDriver verbose log to determine the cause.; For documentation on this error, please visit: https://www.selenium.dev/documentation/webdriver/troubleshooting/errors#sessionnotcreatedexception\nE   Stacktrace:\nE   #0 0x55f084c0761a <unknown>\nE   #1 0x55f08468420b <unknown>\nE   #2 0x55f0846be30d <unknown>\nE   #3 0x55f0846b9cc3 <unknown>\nE   #4 0x55f08470985c <unknown>\nE   #5 0x55f084708f7c <unknown>\nE   #6 0x55f0846c8232 <unknown>\nE   #7 0x55f0846c8ee1 <unknown>\nE   #8 0x55f084bd03f9 <unknown>\nE   #9 0x55f084bd334d <unknown>\nE   #10 0x55f084bb9122 <unknown>\nE   #11 0x55f084bd3f2b <unknown>\nE   #12 0x55f084b9fc30 <unknown>\nE   #13 0x55f084bf4d78 <unknown>\nE   #14 0x55f084bf4f4c <unknown>\nE   #15 0x55f084c06973 <unknown>\nE   #16 0x7fe89649caa4 <unknown>\nE   #17 0x7fe896529c6c <unknown>","flaky":false,"newFailed":false,"newBroken":false,"newPassed":false,"retriesCount":0,"retriesStatusChange":false,"beforeStages":[{"name":"clean_directories_at_start","time":{"start":1766652346285,"stop":1766652346286,"duration":1},"status":"passed","steps":[],"attachments":[],"parameters":[],"shouldDisplayMessage":false,"stepsCount":0,"attachmentsCount":0,"hasContent":false,"attachmentStep":false},{"name":"_unittest_setUpClass_fixture_TestJavaScriptAlerts","time":{"start":1766652422708,"stop":1766652422708,"duration":0},"status":"passed","steps":[],"attachments":[],"parameters":[],"shouldDisplayMessage":false,"stepsCount":0,"attachmentsCount":0,"hasContent":false,"attachmentStep":false},{"name":"bind_test_context","time":{"start":1766652422708,"stop":1766652422708,"duration":0},"status":"passed","steps":[],"attachments":[],"parameters":[],"shouldDisplayMessage":false,"stepsCount":0,"attachmentsCount":0,"hasContent":false,"attachmentStep":false},{"name":"_inject_request","time":{"start":1766652422708,"stop":1766652422708,"duration":0},"status":"passed","steps":[],"attachments":[],"parameters":[],"shouldDisplayMessage":false,"stepsCount":0,"attachmentsCount":0,"hasContent":false,"attachmentStep":false}],"afterStages":[{"name":"_unittest_setUpClass_fixture_TestJavaScriptAlerts::0","time":{"start":1766652457793,"stop":1766652457793,"duration":0},"status":"passed","steps":[],"attachments":[],"parameters":[],"shouldDisplayMessage":false,"stepsCount":0,"attachmentsCount":0,"hasContent":false,"attachmentStep":false}],"labels":[{"name":"severity","value":"normal"},{"name":"parentSuite","value":"UI Test Suite"},{"name":"subSuite","value":"Tests JavaScript Alerts functionality"},{"name":"suite","value":"JavaScript Alerts"},{"name":"tag","value":"ui"},{"name":"tag","value":"regression"},{"name":"host","value":"runnervmh13bl"},{"name":"thread","value":"3083-MainThread"},{"name":"framework","value":"pytest"},{"name":"language","value":"cpython3"},{"name":"package","value":"tests.ui_test_suite.test_javascript_alerts"},{"name":"resultFormat","value":"allure2"}],"parameters":[],"links":[],"hidden":true,"retry":true,"extra":{"categories":[],"tags":["ui","regression"]},"source":"1cb71e93d8af67ac.json","parameterValues":[]}