{"uid":"259c5d472d9caf31","name":"test_valid_images_count","fullName":"tests.ui_test_suite.test_broken_images.TestBrokenImages#test_valid_images_count","historyId":"1582001f95abec5a019fdd3a45d8eb72","time":{"start":1766652436241,"stop":1766652436797,"duration":556},"status":"broken","statusMessage":"selenium.common.exceptions.SessionNotCreatedException: Message: session not created: Chrome instance exited. Examine ChromeDriver verbose log to determine the cause.; For documentation on this error, please visit: https://www.selenium.dev/documentation/webdriver/troubleshooting/errors#sessionnotcreatedexception\nStacktrace:\n#0 0x56492a03761a <unknown>\n#1 0x564929ab420b <unknown>\n#2 0x564929aee30d <unknown>\n#3 0x564929ae9cc3 <unknown>\n#4 0x564929b3985c <unknown>\n#5 0x564929b38f7c <unknown>\n#6 0x564929af8232 <unknown>\n#7 0x564929af8ee1 <unknown>\n#8 0x56492a0003f9 <unknown>\n#9 0x56492a00334d <unknown>\n#10 0x564929fe9122 <unknown>\n#11 0x56492a003f2b <unknown>\n#12 0x564929fcfc30 <unknown>\n#13 0x56492a024d78 <unknown>\n#14 0x56492a024f4c <unknown>\n#15 0x56492a036973 <unknown>\n#16 0x7f7723c9caa4 <unknown>\n#17 0x7f7723d29c6c <unknown>","statusTrace":"/opt/hostedtoolcache/Python/3.10.19/x64/lib/python3.10/site-packages/seleniumbase/core/browser_launcher.py:6052: in get_local_driver\n    driver = webdriver.Chrome(options=chrome_options)\n/opt/hostedtoolcache/Python/3.10.19/x64/lib/python3.10/site-packages/selenium/webdriver/chrome/webdriver.py:46: in __init__\n    super().__init__(\n/opt/hostedtoolcache/Python/3.10.19/x64/lib/python3.10/site-packages/selenium/webdriver/chromium/webdriver.py:67: in __init__\n    super().__init__(command_executor=executor, options=options)\n/opt/hostedtoolcache/Python/3.10.19/x64/lib/python3.10/site-packages/selenium/webdriver/remote/webdriver.py:257: in __init__\n    self.start_session(capabilities)\n/opt/hostedtoolcache/Python/3.10.19/x64/lib/python3.10/site-packages/selenium/webdriver/remote/webdriver.py:352: in start_session\n    response = self.execute(Command.NEW_SESSION, caps)[\"value\"]\n/opt/hostedtoolcache/Python/3.10.19/x64/lib/python3.10/site-packages/selenium/webdriver/remote/webdriver.py:432: in execute\n    self.error_handler.check_response(response)\n/opt/hostedtoolcache/Python/3.10.19/x64/lib/python3.10/site-packages/selenium/webdriver/remote/errorhandler.py:232: in check_response\n    raise exception_class(message, screen, stacktrace)\nE   selenium.common.exceptions.SessionNotCreatedException: Message: session not created: Chrome instance exited. Examine ChromeDriver verbose log to determine the cause.; For documentation on this error, please visit: https://www.selenium.dev/documentation/webdriver/troubleshooting/errors#sessionnotcreatedexception\nE   Stacktrace:\nE   #0 0x5606718fe61a <unknown>\nE   #1 0x56067137b20b <unknown>\nE   #2 0x5606713b530d <unknown>\nE   #3 0x5606713b0cc3 <unknown>\nE   #4 0x56067140085c <unknown>\nE   #5 0x5606713fff7c <unknown>\nE   #6 0x5606713bf232 <unknown>\nE   #7 0x5606713bfee1 <unknown>\nE   #8 0x5606718c73f9 <unknown>\nE   #9 0x5606718ca34d <unknown>\nE   #10 0x5606718b0122 <unknown>\nE   #11 0x5606718caf2b <unknown>\nE   #12 0x560671896c30 <unknown>\nE   #13 0x5606718ebd78 <unknown>\nE   #14 0x5606718ebf4c <unknown>\nE   #15 0x5606718fd973 <unknown>\nE   #16 0x7fae1109caa4 <unknown>\nE   #17 0x7fae11129c6c <unknown>\n\nDuring handling of the above exception, another exception occurred:\nsrc/pages/base/ui_base_case.py:59: in setUp\n    super().setUp()\n/opt/hostedtoolcache/Python/3.10.19/x64/lib/python3.10/site-packages/seleniumbase/fixtures/base_case.py:15720: in setUp\n    self.driver = self.get_new_driver(\nsrc/pages/base/ui_base_case.py:32: in get_new_driver\n    driver = super().get_new_driver(*args, **kwargs)\n/opt/hostedtoolcache/Python/3.10.19/x64/lib/python3.10/site-packages/seleniumbase/fixtures/base_case.py:4308: in get_new_driver\n    new_driver = browser_launcher.get_driver(\n/opt/hostedtoolcache/Python/3.10.19/x64/lib/python3.10/site-packages/seleniumbase/core/browser_launcher.py:3543: in get_driver\n    return get_local_driver(\n/opt/hostedtoolcache/Python/3.10.19/x64/lib/python3.10/site-packages/seleniumbase/core/browser_launcher.py:6139: in get_local_driver\n    driver = webdriver.Chrome(\n/opt/hostedtoolcache/Python/3.10.19/x64/lib/python3.10/site-packages/selenium/webdriver/chrome/webdriver.py:46: in __init__\n    super().__init__(\n/opt/hostedtoolcache/Python/3.10.19/x64/lib/python3.10/site-packages/selenium/webdriver/chromium/webdriver.py:67: in __init__\n    super().__init__(command_executor=executor, options=options)\n/opt/hostedtoolcache/Python/3.10.19/x64/lib/python3.10/site-packages/selenium/webdriver/remote/webdriver.py:257: in __init__\n    self.start_session(capabilities)\n/opt/hostedtoolcache/Python/3.10.19/x64/lib/python3.10/site-packages/selenium/webdriver/remote/webdriver.py:352: in start_session\n    response = self.execute(Command.NEW_SESSION, caps)[\"value\"]\n/opt/hostedtoolcache/Python/3.10.19/x64/lib/python3.10/site-packages/selenium/webdriver/remote/webdriver.py:432: in execute\n    self.error_handler.check_response(response)\n/opt/hostedtoolcache/Python/3.10.19/x64/lib/python3.10/site-packages/selenium/webdriver/remote/errorhandler.py:232: in check_response\n    raise exception_class(message, screen, stacktrace)\nE   selenium.common.exceptions.SessionNotCreatedException: Message: session not created: Chrome instance exited. Examine ChromeDriver verbose log to determine the cause.; For documentation on this error, please visit: https://www.selenium.dev/documentation/webdriver/troubleshooting/errors#sessionnotcreatedexception\nE   Stacktrace:\nE   #0 0x56492a03761a <unknown>\nE   #1 0x564929ab420b <unknown>\nE   #2 0x564929aee30d <unknown>\nE   #3 0x564929ae9cc3 <unknown>\nE   #4 0x564929b3985c <unknown>\nE   #5 0x564929b38f7c <unknown>\nE   #6 0x564929af8232 <unknown>\nE   #7 0x564929af8ee1 <unknown>\nE   #8 0x56492a0003f9 <unknown>\nE   #9 0x56492a00334d <unknown>\nE   #10 0x564929fe9122 <unknown>\nE   #11 0x56492a003f2b <unknown>\nE   #12 0x564929fcfc30 <unknown>\nE   #13 0x56492a024d78 <unknown>\nE   #14 0x56492a024f4c <unknown>\nE   #15 0x56492a036973 <unknown>\nE   #16 0x7f7723c9caa4 <unknown>\nE   #17 0x7f7723d29c6c <unknown>","flaky":false,"newFailed":false,"newBroken":false,"newPassed":false,"retriesCount":0,"retriesStatusChange":false,"beforeStages":[{"name":"clean_directories_at_start","time":{"start":1766652346285,"stop":1766652346286,"duration":1},"status":"passed","steps":[],"attachments":[],"parameters":[],"shouldDisplayMessage":false,"stepsCount":0,"attachmentsCount":0,"hasContent":false,"attachmentStep":false},{"name":"_unittest_setUpClass_fixture_TestBrokenImages","time":{"start":1766652420639,"stop":1766652420639,"duration":0},"status":"passed","steps":[],"attachments":[],"parameters":[],"shouldDisplayMessage":false,"stepsCount":0,"attachmentsCount":0,"hasContent":false,"attachmentStep":false},{"name":"bind_test_context","time":{"start":1766652436240,"stop":1766652436240,"duration":0},"status":"passed","steps":[],"attachments":[],"parameters":[],"shouldDisplayMessage":false,"stepsCount":0,"attachmentsCount":0,"hasContent":false,"attachmentStep":false},{"name":"_inject_request","time":{"start":1766652436241,"stop":1766652436241,"duration":0},"status":"passed","steps":[],"attachments":[],"parameters":[],"shouldDisplayMessage":false,"stepsCount":0,"attachmentsCount":0,"hasContent":false,"attachmentStep":false}],"afterStages":[{"name":"_unittest_setUpClass_fixture_TestBrokenImages::0","time":{"start":1766652444682,"stop":1766652444682,"duration":0},"status":"passed","steps":[],"attachments":[],"parameters":[],"shouldDisplayMessage":false,"stepsCount":0,"attachmentsCount":0,"hasContent":false,"attachmentStep":false}],"labels":[{"name":"suite","value":"Broken Images"},{"name":"subSuite","value":"Verify the correct number of broken and valid images on the page"},{"name":"severity","value":"normal"},{"name":"parentSuite","value":"UI Test Suite"},{"name":"tag","value":"ui"},{"name":"tag","value":"regression"},{"name":"host","value":"runnervmh13bl"},{"name":"thread","value":"3080-MainThread"},{"name":"framework","value":"pytest"},{"name":"language","value":"cpython3"},{"name":"package","value":"tests.ui_test_suite.test_broken_images"},{"name":"resultFormat","value":"allure2"}],"parameters":[],"links":[],"hidden":true,"retry":true,"extra":{"categories":[],"tags":["ui","regression"]},"source":"259c5d472d9caf31.json","parameterValues":[]}