{"uid":"26948e5a2c3293fd","name":"test_ab_testing_content","fullName":"tests.ui_test_suite.test_ab_testing.TestABTesting#test_ab_testing_content","historyId":"39921f15409e6d09f1427440e4289649","time":{"start":1766652537072,"stop":1766652537796,"duration":724},"status":"broken","statusMessage":"selenium.common.exceptions.SessionNotCreatedException: Message: session not created: Chrome instance exited. Examine ChromeDriver verbose log to determine the cause.; For documentation on this error, please visit: https://www.selenium.dev/documentation/webdriver/troubleshooting/errors#sessionnotcreatedexception\nStacktrace:\n#0 0x56350b93d61a <unknown>\n#1 0x56350b3ba20b <unknown>\n#2 0x56350b3f430d <unknown>\n#3 0x56350b3efcc3 <unknown>\n#4 0x56350b43f85c <unknown>\n#5 0x56350b43ef7c <unknown>\n#6 0x56350b3fe232 <unknown>\n#7 0x56350b3feee1 <unknown>\n#8 0x56350b9063f9 <unknown>\n#9 0x56350b90934d <unknown>\n#10 0x56350b8ef122 <unknown>\n#11 0x56350b909f2b <unknown>\n#12 0x56350b8d5c30 <unknown>\n#13 0x56350b92ad78 <unknown>\n#14 0x56350b92af4c <unknown>\n#15 0x56350b93c973 <unknown>\n#16 0x7ff7e149caa4 <unknown>\n#17 0x7ff7e1529c6c <unknown>","statusTrace":"/opt/hostedtoolcache/Python/3.10.19/x64/lib/python3.10/site-packages/seleniumbase/core/browser_launcher.py:6052: in get_local_driver\n    driver = webdriver.Chrome(options=chrome_options)\n/opt/hostedtoolcache/Python/3.10.19/x64/lib/python3.10/site-packages/selenium/webdriver/chrome/webdriver.py:46: in __init__\n    super().__init__(\n/opt/hostedtoolcache/Python/3.10.19/x64/lib/python3.10/site-packages/selenium/webdriver/chromium/webdriver.py:67: in __init__\n    super().__init__(command_executor=executor, options=options)\n/opt/hostedtoolcache/Python/3.10.19/x64/lib/python3.10/site-packages/selenium/webdriver/remote/webdriver.py:257: in __init__\n    self.start_session(capabilities)\n/opt/hostedtoolcache/Python/3.10.19/x64/lib/python3.10/site-packages/selenium/webdriver/remote/webdriver.py:352: in start_session\n    response = self.execute(Command.NEW_SESSION, caps)[\"value\"]\n/opt/hostedtoolcache/Python/3.10.19/x64/lib/python3.10/site-packages/selenium/webdriver/remote/webdriver.py:432: in execute\n    self.error_handler.check_response(response)\n/opt/hostedtoolcache/Python/3.10.19/x64/lib/python3.10/site-packages/selenium/webdriver/remote/errorhandler.py:232: in check_response\n    raise exception_class(message, screen, stacktrace)\nE   selenium.common.exceptions.SessionNotCreatedException: Message: session not created: Chrome instance exited. Examine ChromeDriver verbose log to determine the cause.; For documentation on this error, please visit: https://www.selenium.dev/documentation/webdriver/troubleshooting/errors#sessionnotcreatedexception\nE   Stacktrace:\nE   #0 0x55ed7928d61a <unknown>\nE   #1 0x55ed78d0a20b <unknown>\nE   #2 0x55ed78d4430d <unknown>\nE   #3 0x55ed78d3fcc3 <unknown>\nE   #4 0x55ed78d8f85c <unknown>\nE   #5 0x55ed78d8ef7c <unknown>\nE   #6 0x55ed78d4e232 <unknown>\nE   #7 0x55ed78d4eee1 <unknown>\nE   #8 0x55ed792563f9 <unknown>\nE   #9 0x55ed7925934d <unknown>\nE   #10 0x55ed7923f122 <unknown>\nE   #11 0x55ed79259f2b <unknown>\nE   #12 0x55ed79225c30 <unknown>\nE   #13 0x55ed7927ad78 <unknown>\nE   #14 0x55ed7927af4c <unknown>\nE   #15 0x55ed7928c973 <unknown>\nE   #16 0x7f1c6209caa4 <unknown>\nE   #17 0x7f1c62129c6c <unknown>\n\nDuring handling of the above exception, another exception occurred:\nsrc/pages/base/ui_base_case.py:59: in setUp\n    super().setUp()\n/opt/hostedtoolcache/Python/3.10.19/x64/lib/python3.10/site-packages/seleniumbase/fixtures/base_case.py:15720: in setUp\n    self.driver = self.get_new_driver(\nsrc/pages/base/ui_base_case.py:32: in get_new_driver\n    driver = super().get_new_driver(*args, **kwargs)\n/opt/hostedtoolcache/Python/3.10.19/x64/lib/python3.10/site-packages/seleniumbase/fixtures/base_case.py:4308: in get_new_driver\n    new_driver = browser_launcher.get_driver(\n/opt/hostedtoolcache/Python/3.10.19/x64/lib/python3.10/site-packages/seleniumbase/core/browser_launcher.py:3543: in get_driver\n    return get_local_driver(\n/opt/hostedtoolcache/Python/3.10.19/x64/lib/python3.10/site-packages/seleniumbase/core/browser_launcher.py:6139: in get_local_driver\n    driver = webdriver.Chrome(\n/opt/hostedtoolcache/Python/3.10.19/x64/lib/python3.10/site-packages/selenium/webdriver/chrome/webdriver.py:46: in __init__\n    super().__init__(\n/opt/hostedtoolcache/Python/3.10.19/x64/lib/python3.10/site-packages/selenium/webdriver/chromium/webdriver.py:67: in __init__\n    super().__init__(command_executor=executor, options=options)\n/opt/hostedtoolcache/Python/3.10.19/x64/lib/python3.10/site-packages/selenium/webdriver/remote/webdriver.py:257: in __init__\n    self.start_session(capabilities)\n/opt/hostedtoolcache/Python/3.10.19/x64/lib/python3.10/site-packages/selenium/webdriver/remote/webdriver.py:352: in start_session\n    response = self.execute(Command.NEW_SESSION, caps)[\"value\"]\n/opt/hostedtoolcache/Python/3.10.19/x64/lib/python3.10/site-packages/selenium/webdriver/remote/webdriver.py:432: in execute\n    self.error_handler.check_response(response)\n/opt/hostedtoolcache/Python/3.10.19/x64/lib/python3.10/site-packages/selenium/webdriver/remote/errorhandler.py:232: in check_response\n    raise exception_class(message, screen, stacktrace)\nE   selenium.common.exceptions.SessionNotCreatedException: Message: session not created: Chrome instance exited. Examine ChromeDriver verbose log to determine the cause.; For documentation on this error, please visit: https://www.selenium.dev/documentation/webdriver/troubleshooting/errors#sessionnotcreatedexception\nE   Stacktrace:\nE   #0 0x56350b93d61a <unknown>\nE   #1 0x56350b3ba20b <unknown>\nE   #2 0x56350b3f430d <unknown>\nE   #3 0x56350b3efcc3 <unknown>\nE   #4 0x56350b43f85c <unknown>\nE   #5 0x56350b43ef7c <unknown>\nE   #6 0x56350b3fe232 <unknown>\nE   #7 0x56350b3feee1 <unknown>\nE   #8 0x56350b9063f9 <unknown>\nE   #9 0x56350b90934d <unknown>\nE   #10 0x56350b8ef122 <unknown>\nE   #11 0x56350b909f2b <unknown>\nE   #12 0x56350b8d5c30 <unknown>\nE   #13 0x56350b92ad78 <unknown>\nE   #14 0x56350b92af4c <unknown>\nE   #15 0x56350b93c973 <unknown>\nE   #16 0x7ff7e149caa4 <unknown>\nE   #17 0x7ff7e1529c6c <unknown>","flaky":false,"newFailed":false,"newBroken":false,"newPassed":false,"retriesCount":3,"retriesStatusChange":false,"beforeStages":[{"name":"clean_directories_at_start","time":{"start":1766652346285,"stop":1766652346286,"duration":1},"status":"passed","steps":[],"attachments":[],"parameters":[],"shouldDisplayMessage":false,"stepsCount":0,"attachmentsCount":0,"hasContent":false,"attachmentStep":false},{"name":"_unittest_setUpClass_fixture_TestABTesting","time":{"start":1766652526729,"stop":1766652526729,"duration":0},"status":"passed","steps":[],"attachments":[],"parameters":[],"shouldDisplayMessage":false,"stepsCount":0,"attachmentsCount":0,"hasContent":false,"attachmentStep":false},{"name":"_inject_request","time":{"start":1766652537071,"stop":1766652537071,"duration":0},"status":"passed","steps":[],"attachments":[],"parameters":[],"shouldDisplayMessage":false,"stepsCount":0,"attachmentsCount":0,"hasContent":false,"attachmentStep":false},{"name":"bind_test_context","time":{"start":1766652537071,"stop":1766652537071,"duration":0},"status":"passed","steps":[],"attachments":[],"parameters":[],"shouldDisplayMessage":false,"stepsCount":0,"attachmentsCount":0,"hasContent":false,"attachmentStep":false}],"afterStages":[{"name":"_unittest_setUpClass_fixture_TestABTesting::0","time":{"start":1766652538572,"stop":1766652538572,"duration":0},"status":"passed","steps":[],"attachments":[],"parameters":[],"shouldDisplayMessage":false,"stepsCount":0,"attachmentsCount":0,"hasContent":false,"attachmentStep":false}],"labels":[{"name":"subSuite","value":"Verify content on A/B Testing page"},{"name":"severity","value":"normal"},{"name":"suite","value":"A/B Testing"},{"name":"parentSuite","value":"UI Test Suite"},{"name":"tag","value":"ui"},{"name":"tag","value":"regression"},{"name":"host","value":"runnervmh13bl"},{"name":"thread","value":"3080-MainThread"},{"name":"framework","value":"pytest"},{"name":"language","value":"cpython3"},{"name":"package","value":"tests.ui_test_suite.test_ab_testing"},{"name":"resultFormat","value":"allure2"}],"parameters":[],"links":[],"hidden":false,"retry":false,"extra":{"severity":"normal","retries":[{"uid":"c5fc1faf00e418d8","status":"broken","statusDetails":"selenium.common.exceptions.SessionNotCreatedException: Message: session not created: Chrome instance exited. Examine ChromeDriver verbose log to determine the cause.; For documentation on this error, please visit: https://www.selenium.dev/documentation/webdriver/troubleshooting/errors#sessionnotcreatedexception\nStacktrace:\n#0 0x5589860ee61a <unknown>\n#1 0x558985b6b20b <unknown>\n#2 0x558985ba530d <unknown>\n#3 0x558985ba0cc3 <unknown>\n#4 0x558985bf085c <unknown>\n#5 0x558985beff7c <unknown>\n#6 0x558985baf232 <unknown>\n#7 0x558985bafee1 <unknown>\n#8 0x5589860b73f9 <unknown>\n#9 0x5589860ba34d <unknown>\n#10 0x5589860a0122 <unknown>\n#11 0x5589860baf2b <unknown>\n#12 0x558986086c30 <unknown>\n#13 0x5589860dbd78 <unknown>\n#14 0x5589860dbf4c <unknown>\n#15 0x5589860ed973 <unknown>\n#16 0x7f7ad8c9caa4 <unknown>\n#17 0x7f7ad8d29c6c <unknown>","time":{"start":1766652533681,"stop":1766652534394,"duration":713}},{"uid":"a27b5dd6b0cad3ff","status":"broken","statusDetails":"selenium.common.exceptions.SessionNotCreatedException: Message: session not created: Chrome instance exited. Examine ChromeDriver verbose log to determine the cause.; For documentation on this error, please visit: https://www.selenium.dev/documentation/webdriver/troubleshooting/errors#sessionnotcreatedexception\nStacktrace:\n#0 0x562e25c9661a <unknown>\n#1 0x562e2571320b <unknown>\n#2 0x562e2574d30d <unknown>\n#3 0x562e25748cc3 <unknown>\n#4 0x562e2579885c <unknown>\n#5 0x562e25797f7c <unknown>\n#6 0x562e25757232 <unknown>\n#7 0x562e25757ee1 <unknown>\n#8 0x562e25c5f3f9 <unknown>\n#9 0x562e25c6234d <unknown>\n#10 0x562e25c48122 <unknown>\n#11 0x562e25c62f2b <unknown>\n#12 0x562e25c2ec30 <unknown>\n#13 0x562e25c83d78 <unknown>\n#14 0x562e25c83f4c <unknown>\n#15 0x562e25c95973 <unknown>\n#16 0x7fde6649caa4 <unknown>\n#17 0x7fde66529c6c <unknown>","time":{"start":1766652530220,"stop":1766652530927,"duration":707}},{"uid":"f0f23e75d6992449","status":"broken","statusDetails":"selenium.common.exceptions.SessionNotCreatedException: Message: session not created: Chrome instance exited. Examine ChromeDriver verbose log to determine the cause.; For documentation on this error, please visit: https://www.selenium.dev/documentation/webdriver/troubleshooting/errors#sessionnotcreatedexception\nStacktrace:\n#0 0x55774d5f961a <unknown>\n#1 0x55774d07620b <unknown>\n#2 0x55774d0b030d <unknown>\n#3 0x55774d0abcc3 <unknown>\n#4 0x55774d0fb85c <unknown>\n#5 0x55774d0faf7c <unknown>\n#6 0x55774d0ba232 <unknown>\n#7 0x55774d0baee1 <unknown>\n#8 0x55774d5c23f9 <unknown>\n#9 0x55774d5c534d <unknown>\n#10 0x55774d5ab122 <unknown>\n#11 0x55774d5c5f2b <unknown>\n#12 0x55774d591c30 <unknown>\n#13 0x55774d5e6d78 <unknown>\n#14 0x55774d5e6f4c <unknown>\n#15 0x55774d5f8973 <unknown>\n#16 0x7f5834a9caa4 <unknown>\n#17 0x7f5834b29c6c <unknown>","time":{"start":1766652526730,"stop":1766652527461,"duration":731}}],"categories":[{"name":"Test defects","matchedStatuses":[]}],"tags":["ui","regression"]},"source":"26948e5a2c3293fd.json","parameterValues":[]}