{"uid":"26df5584d9721c6b","name":"test_content_changes_after_refresh","fullName":"tests.ui_test_suite.test_dynamic_content.TestDynamicContent#test_content_changes_after_refresh","historyId":"c30f460b25185127fbf73962b8238d33","time":{"start":1766652545457,"stop":1766652546086,"duration":629},"status":"broken","statusMessage":"selenium.common.exceptions.SessionNotCreatedException: Message: session not created: Chrome instance exited. Examine ChromeDriver verbose log to determine the cause.; For documentation on this error, please visit: https://www.selenium.dev/documentation/webdriver/troubleshooting/errors#sessionnotcreatedexception\nStacktrace:\n#0 0x55a17711961a <unknown>\n#1 0x55a176b9620b <unknown>\n#2 0x55a176bd030d <unknown>\n#3 0x55a176bcbcc3 <unknown>\n#4 0x55a176c1b85c <unknown>\n#5 0x55a176c1af7c <unknown>\n#6 0x55a176bda232 <unknown>\n#7 0x55a176bdaee1 <unknown>\n#8 0x55a1770e23f9 <unknown>\n#9 0x55a1770e534d <unknown>\n#10 0x55a1770cb122 <unknown>\n#11 0x55a1770e5f2b <unknown>\n#12 0x55a1770b1c30 <unknown>\n#13 0x55a177106d78 <unknown>\n#14 0x55a177106f4c <unknown>\n#15 0x55a177118973 <unknown>\n#16 0x7fcbc889caa4 <unknown>\n#17 0x7fcbc8929c6c <unknown>","statusTrace":"/opt/hostedtoolcache/Python/3.10.19/x64/lib/python3.10/site-packages/seleniumbase/core/browser_launcher.py:6052: in get_local_driver\n    driver = webdriver.Chrome(options=chrome_options)\n/opt/hostedtoolcache/Python/3.10.19/x64/lib/python3.10/site-packages/selenium/webdriver/chrome/webdriver.py:46: in __init__\n    super().__init__(\n/opt/hostedtoolcache/Python/3.10.19/x64/lib/python3.10/site-packages/selenium/webdriver/chromium/webdriver.py:67: in __init__\n    super().__init__(command_executor=executor, options=options)\n/opt/hostedtoolcache/Python/3.10.19/x64/lib/python3.10/site-packages/selenium/webdriver/remote/webdriver.py:257: in __init__\n    self.start_session(capabilities)\n/opt/hostedtoolcache/Python/3.10.19/x64/lib/python3.10/site-packages/selenium/webdriver/remote/webdriver.py:352: in start_session\n    response = self.execute(Command.NEW_SESSION, caps)[\"value\"]\n/opt/hostedtoolcache/Python/3.10.19/x64/lib/python3.10/site-packages/selenium/webdriver/remote/webdriver.py:432: in execute\n    self.error_handler.check_response(response)\n/opt/hostedtoolcache/Python/3.10.19/x64/lib/python3.10/site-packages/selenium/webdriver/remote/errorhandler.py:232: in check_response\n    raise exception_class(message, screen, stacktrace)\nE   selenium.common.exceptions.SessionNotCreatedException: Message: session not created: Chrome instance exited. Examine ChromeDriver verbose log to determine the cause.; For documentation on this error, please visit: https://www.selenium.dev/documentation/webdriver/troubleshooting/errors#sessionnotcreatedexception\nE   Stacktrace:\nE   #0 0x556a64c8361a <unknown>\nE   #1 0x556a6470020b <unknown>\nE   #2 0x556a6473a30d <unknown>\nE   #3 0x556a64735cc3 <unknown>\nE   #4 0x556a6478585c <unknown>\nE   #5 0x556a64784f7c <unknown>\nE   #6 0x556a64744232 <unknown>\nE   #7 0x556a64744ee1 <unknown>\nE   #8 0x556a64c4c3f9 <unknown>\nE   #9 0x556a64c4f34d <unknown>\nE   #10 0x556a64c35122 <unknown>\nE   #11 0x556a64c4ff2b <unknown>\nE   #12 0x556a64c1bc30 <unknown>\nE   #13 0x556a64c70d78 <unknown>\nE   #14 0x556a64c70f4c <unknown>\nE   #15 0x556a64c82973 <unknown>\nE   #16 0x7fd4cb29caa4 <unknown>\nE   #17 0x7fd4cb329c6c <unknown>\n\nDuring handling of the above exception, another exception occurred:\nsrc/pages/base/ui_base_case.py:59: in setUp\n    super().setUp()\n/opt/hostedtoolcache/Python/3.10.19/x64/lib/python3.10/site-packages/seleniumbase/fixtures/base_case.py:15720: in setUp\n    self.driver = self.get_new_driver(\nsrc/pages/base/ui_base_case.py:32: in get_new_driver\n    driver = super().get_new_driver(*args, **kwargs)\n/opt/hostedtoolcache/Python/3.10.19/x64/lib/python3.10/site-packages/seleniumbase/fixtures/base_case.py:4308: in get_new_driver\n    new_driver = browser_launcher.get_driver(\n/opt/hostedtoolcache/Python/3.10.19/x64/lib/python3.10/site-packages/seleniumbase/core/browser_launcher.py:3543: in get_driver\n    return get_local_driver(\n/opt/hostedtoolcache/Python/3.10.19/x64/lib/python3.10/site-packages/seleniumbase/core/browser_launcher.py:6139: in get_local_driver\n    driver = webdriver.Chrome(\n/opt/hostedtoolcache/Python/3.10.19/x64/lib/python3.10/site-packages/selenium/webdriver/chrome/webdriver.py:46: in __init__\n    super().__init__(\n/opt/hostedtoolcache/Python/3.10.19/x64/lib/python3.10/site-packages/selenium/webdriver/chromium/webdriver.py:67: in __init__\n    super().__init__(command_executor=executor, options=options)\n/opt/hostedtoolcache/Python/3.10.19/x64/lib/python3.10/site-packages/selenium/webdriver/remote/webdriver.py:257: in __init__\n    self.start_session(capabilities)\n/opt/hostedtoolcache/Python/3.10.19/x64/lib/python3.10/site-packages/selenium/webdriver/remote/webdriver.py:352: in start_session\n    response = self.execute(Command.NEW_SESSION, caps)[\"value\"]\n/opt/hostedtoolcache/Python/3.10.19/x64/lib/python3.10/site-packages/selenium/webdriver/remote/webdriver.py:432: in execute\n    self.error_handler.check_response(response)\n/opt/hostedtoolcache/Python/3.10.19/x64/lib/python3.10/site-packages/selenium/webdriver/remote/errorhandler.py:232: in check_response\n    raise exception_class(message, screen, stacktrace)\nE   selenium.common.exceptions.SessionNotCreatedException: Message: session not created: Chrome instance exited. Examine ChromeDriver verbose log to determine the cause.; For documentation on this error, please visit: https://www.selenium.dev/documentation/webdriver/troubleshooting/errors#sessionnotcreatedexception\nE   Stacktrace:\nE   #0 0x55a17711961a <unknown>\nE   #1 0x55a176b9620b <unknown>\nE   #2 0x55a176bd030d <unknown>\nE   #3 0x55a176bcbcc3 <unknown>\nE   #4 0x55a176c1b85c <unknown>\nE   #5 0x55a176c1af7c <unknown>\nE   #6 0x55a176bda232 <unknown>\nE   #7 0x55a176bdaee1 <unknown>\nE   #8 0x55a1770e23f9 <unknown>\nE   #9 0x55a1770e534d <unknown>\nE   #10 0x55a1770cb122 <unknown>\nE   #11 0x55a1770e5f2b <unknown>\nE   #12 0x55a1770b1c30 <unknown>\nE   #13 0x55a177106d78 <unknown>\nE   #14 0x55a177106f4c <unknown>\nE   #15 0x55a177118973 <unknown>\nE   #16 0x7fcbc889caa4 <unknown>\nE   #17 0x7fcbc8929c6c <unknown>","flaky":false,"newFailed":false,"newBroken":false,"newPassed":false,"retriesCount":0,"retriesStatusChange":false,"beforeStages":[{"name":"clean_directories_at_start","time":{"start":1766652346285,"stop":1766652346286,"duration":1},"status":"passed","steps":[],"attachments":[],"parameters":[],"shouldDisplayMessage":false,"stepsCount":0,"attachmentsCount":0,"hasContent":false,"attachmentStep":false},{"name":"_unittest_setUpClass_fixture_TestDynamicContent","time":{"start":1766652538578,"stop":1766652538578,"duration":0},"status":"passed","steps":[],"attachments":[],"parameters":[],"shouldDisplayMessage":false,"stepsCount":0,"attachmentsCount":0,"hasContent":false,"attachmentStep":false},{"name":"bind_test_context","time":{"start":1766652545456,"stop":1766652545456,"duration":0},"status":"passed","steps":[],"attachments":[],"parameters":[],"shouldDisplayMessage":false,"stepsCount":0,"attachmentsCount":0,"hasContent":false,"attachmentStep":false},{"name":"_inject_request","time":{"start":1766652545456,"stop":1766652545456,"duration":0},"status":"passed","steps":[],"attachments":[],"parameters":[],"shouldDisplayMessage":false,"stepsCount":0,"attachmentsCount":0,"hasContent":false,"attachmentStep":false}],"afterStages":[{"name":"_unittest_setUpClass_fixture_TestDynamicContent::0","time":{"start":1766652550769,"stop":1766652550769,"duration":0},"status":"passed","steps":[],"attachments":[],"parameters":[],"shouldDisplayMessage":false,"stepsCount":0,"attachmentsCount":0,"hasContent":false,"attachmentStep":false}],"labels":[{"name":"parentSuite","value":"UI Test Suite"},{"name":"subSuite","value":"Tests Dynamic Content functionality"},{"name":"severity","value":"normal"},{"name":"suite","value":"Dynamic Content"},{"name":"tag","value":"ui"},{"name":"tag","value":"regression"},{"name":"host","value":"runnervmh13bl"},{"name":"thread","value":"3080-MainThread"},{"name":"framework","value":"pytest"},{"name":"language","value":"cpython3"},{"name":"package","value":"tests.ui_test_suite.test_dynamic_content"},{"name":"resultFormat","value":"allure2"}],"parameters":[],"links":[],"hidden":true,"retry":true,"extra":{"categories":[],"tags":["ui","regression"]},"source":"26df5584d9721c6b.json","parameterValues":[]}