{"uid":"2a8c58e5c59dd9c2","name":"test_hovers_functionality","fullName":"tests.ui_test_suite.test_hovers.TestHovers#test_hovers_functionality","historyId":"56b04eeaf6118f0189622de1fc995ceb","time":{"start":1766652532553,"stop":1766652533227,"duration":674},"status":"broken","statusMessage":"selenium.common.exceptions.SessionNotCreatedException: Message: session not created: Chrome instance exited. Examine ChromeDriver verbose log to determine the cause.; For documentation on this error, please visit: https://www.selenium.dev/documentation/webdriver/troubleshooting/errors#sessionnotcreatedexception\nStacktrace:\n#0 0x55639cfc661a <unknown>\n#1 0x55639ca4320b <unknown>\n#2 0x55639ca7d30d <unknown>\n#3 0x55639ca78cc3 <unknown>\n#4 0x55639cac885c <unknown>\n#5 0x55639cac7f7c <unknown>\n#6 0x55639ca87232 <unknown>\n#7 0x55639ca87ee1 <unknown>\n#8 0x55639cf8f3f9 <unknown>\n#9 0x55639cf9234d <unknown>\n#10 0x55639cf78122 <unknown>\n#11 0x55639cf92f2b <unknown>\n#12 0x55639cf5ec30 <unknown>\n#13 0x55639cfb3d78 <unknown>\n#14 0x55639cfb3f4c <unknown>\n#15 0x55639cfc5973 <unknown>\n#16 0x7fa9dac9caa4 <unknown>\n#17 0x7fa9dad29c6c <unknown>","statusTrace":"/opt/hostedtoolcache/Python/3.10.19/x64/lib/python3.10/site-packages/seleniumbase/core/browser_launcher.py:6052: in get_local_driver\n    driver = webdriver.Chrome(options=chrome_options)\n/opt/hostedtoolcache/Python/3.10.19/x64/lib/python3.10/site-packages/selenium/webdriver/chrome/webdriver.py:46: in __init__\n    super().__init__(\n/opt/hostedtoolcache/Python/3.10.19/x64/lib/python3.10/site-packages/selenium/webdriver/chromium/webdriver.py:67: in __init__\n    super().__init__(command_executor=executor, options=options)\n/opt/hostedtoolcache/Python/3.10.19/x64/lib/python3.10/site-packages/selenium/webdriver/remote/webdriver.py:257: in __init__\n    self.start_session(capabilities)\n/opt/hostedtoolcache/Python/3.10.19/x64/lib/python3.10/site-packages/selenium/webdriver/remote/webdriver.py:352: in start_session\n    response = self.execute(Command.NEW_SESSION, caps)[\"value\"]\n/opt/hostedtoolcache/Python/3.10.19/x64/lib/python3.10/site-packages/selenium/webdriver/remote/webdriver.py:432: in execute\n    self.error_handler.check_response(response)\n/opt/hostedtoolcache/Python/3.10.19/x64/lib/python3.10/site-packages/selenium/webdriver/remote/errorhandler.py:232: in check_response\n    raise exception_class(message, screen, stacktrace)\nE   selenium.common.exceptions.SessionNotCreatedException: Message: session not created: Chrome instance exited. Examine ChromeDriver verbose log to determine the cause.; For documentation on this error, please visit: https://www.selenium.dev/documentation/webdriver/troubleshooting/errors#sessionnotcreatedexception\nE   Stacktrace:\nE   #0 0x561dec8e561a <unknown>\nE   #1 0x561dec36220b <unknown>\nE   #2 0x561dec39c30d <unknown>\nE   #3 0x561dec397cc3 <unknown>\nE   #4 0x561dec3e785c <unknown>\nE   #5 0x561dec3e6f7c <unknown>\nE   #6 0x561dec3a6232 <unknown>\nE   #7 0x561dec3a6ee1 <unknown>\nE   #8 0x561dec8ae3f9 <unknown>\nE   #9 0x561dec8b134d <unknown>\nE   #10 0x561dec897122 <unknown>\nE   #11 0x561dec8b1f2b <unknown>\nE   #12 0x561dec87dc30 <unknown>\nE   #13 0x561dec8d2d78 <unknown>\nE   #14 0x561dec8d2f4c <unknown>\nE   #15 0x561dec8e4973 <unknown>\nE   #16 0x7f322d89caa4 <unknown>\nE   #17 0x7f322d929c6c <unknown>\n\nDuring handling of the above exception, another exception occurred:\nsrc/pages/base/ui_base_case.py:59: in setUp\n    super().setUp()\n/opt/hostedtoolcache/Python/3.10.19/x64/lib/python3.10/site-packages/seleniumbase/fixtures/base_case.py:15720: in setUp\n    self.driver = self.get_new_driver(\nsrc/pages/base/ui_base_case.py:32: in get_new_driver\n    driver = super().get_new_driver(*args, **kwargs)\n/opt/hostedtoolcache/Python/3.10.19/x64/lib/python3.10/site-packages/seleniumbase/fixtures/base_case.py:4308: in get_new_driver\n    new_driver = browser_launcher.get_driver(\n/opt/hostedtoolcache/Python/3.10.19/x64/lib/python3.10/site-packages/seleniumbase/core/browser_launcher.py:3543: in get_driver\n    return get_local_driver(\n/opt/hostedtoolcache/Python/3.10.19/x64/lib/python3.10/site-packages/seleniumbase/core/browser_launcher.py:6139: in get_local_driver\n    driver = webdriver.Chrome(\n/opt/hostedtoolcache/Python/3.10.19/x64/lib/python3.10/site-packages/selenium/webdriver/chrome/webdriver.py:46: in __init__\n    super().__init__(\n/opt/hostedtoolcache/Python/3.10.19/x64/lib/python3.10/site-packages/selenium/webdriver/chromium/webdriver.py:67: in __init__\n    super().__init__(command_executor=executor, options=options)\n/opt/hostedtoolcache/Python/3.10.19/x64/lib/python3.10/site-packages/selenium/webdriver/remote/webdriver.py:257: in __init__\n    self.start_session(capabilities)\n/opt/hostedtoolcache/Python/3.10.19/x64/lib/python3.10/site-packages/selenium/webdriver/remote/webdriver.py:352: in start_session\n    response = self.execute(Command.NEW_SESSION, caps)[\"value\"]\n/opt/hostedtoolcache/Python/3.10.19/x64/lib/python3.10/site-packages/selenium/webdriver/remote/webdriver.py:432: in execute\n    self.error_handler.check_response(response)\n/opt/hostedtoolcache/Python/3.10.19/x64/lib/python3.10/site-packages/selenium/webdriver/remote/errorhandler.py:232: in check_response\n    raise exception_class(message, screen, stacktrace)\nE   selenium.common.exceptions.SessionNotCreatedException: Message: session not created: Chrome instance exited. Examine ChromeDriver verbose log to determine the cause.; For documentation on this error, please visit: https://www.selenium.dev/documentation/webdriver/troubleshooting/errors#sessionnotcreatedexception\nE   Stacktrace:\nE   #0 0x55639cfc661a <unknown>\nE   #1 0x55639ca4320b <unknown>\nE   #2 0x55639ca7d30d <unknown>\nE   #3 0x55639ca78cc3 <unknown>\nE   #4 0x55639cac885c <unknown>\nE   #5 0x55639cac7f7c <unknown>\nE   #6 0x55639ca87232 <unknown>\nE   #7 0x55639ca87ee1 <unknown>\nE   #8 0x55639cf8f3f9 <unknown>\nE   #9 0x55639cf9234d <unknown>\nE   #10 0x55639cf78122 <unknown>\nE   #11 0x55639cf92f2b <unknown>\nE   #12 0x55639cf5ec30 <unknown>\nE   #13 0x55639cfb3d78 <unknown>\nE   #14 0x55639cfb3f4c <unknown>\nE   #15 0x55639cfc5973 <unknown>\nE   #16 0x7fa9dac9caa4 <unknown>\nE   #17 0x7fa9dad29c6c <unknown>","flaky":false,"newFailed":false,"newBroken":false,"newPassed":false,"retriesCount":0,"retriesStatusChange":false,"beforeStages":[{"name":"clean_directories_at_start","time":{"start":1766652346285,"stop":1766652346286,"duration":1},"status":"passed","steps":[],"attachments":[],"parameters":[],"shouldDisplayMessage":false,"stepsCount":0,"attachmentsCount":0,"hasContent":false,"attachmentStep":false},{"name":"_unittest_setUpClass_fixture_TestHovers","time":{"start":1766652525421,"stop":1766652525421,"duration":0},"status":"passed","steps":[],"attachments":[],"parameters":[],"shouldDisplayMessage":false,"stepsCount":0,"attachmentsCount":0,"hasContent":false,"attachmentStep":false},{"name":"_inject_request","time":{"start":1766652532552,"stop":1766652532552,"duration":0},"status":"passed","steps":[],"attachments":[],"parameters":[],"shouldDisplayMessage":false,"stepsCount":0,"attachmentsCount":0,"hasContent":false,"attachmentStep":false},{"name":"bind_test_context","time":{"start":1766652532552,"stop":1766652532552,"duration":0},"status":"passed","steps":[],"attachments":[],"parameters":[],"shouldDisplayMessage":false,"stepsCount":0,"attachmentsCount":0,"hasContent":false,"attachmentStep":false}],"afterStages":[{"name":"_unittest_setUpClass_fixture_TestHovers::0","time":{"start":1766652537168,"stop":1766652537168,"duration":0},"status":"passed","steps":[],"attachments":[],"parameters":[],"shouldDisplayMessage":false,"stepsCount":0,"attachmentsCount":0,"hasContent":false,"attachmentStep":false}],"labels":[{"name":"severity","value":"normal"},{"name":"suite","value":"Hovers"},{"name":"subSuite","value":"Tests Hovers functionality"},{"name":"parentSuite","value":"UI Test Suite"},{"name":"tag","value":"ui"},{"name":"tag","value":"regression"},{"name":"host","value":"runnervmh13bl"},{"name":"thread","value":"3083-MainThread"},{"name":"framework","value":"pytest"},{"name":"language","value":"cpython3"},{"name":"package","value":"tests.ui_test_suite.test_hovers"},{"name":"resultFormat","value":"allure2"}],"parameters":[],"links":[],"hidden":true,"retry":true,"extra":{"categories":[],"tags":["ui","regression"]},"source":"2a8c58e5c59dd9c2.json","parameterValues":[]}