{"uid":"2cf9d1af9d7bf853","name":"test_table_edit_and_delete_buttons_per_row","fullName":"tests.ui_test_suite.test_challenging_dom.TestChallengingDom#test_table_edit_and_delete_buttons_per_row","historyId":"03672fdec64dbd2c08e7231614681ed8","time":{"start":1766652455919,"stop":1766652456551,"duration":632},"status":"broken","statusMessage":"selenium.common.exceptions.SessionNotCreatedException: Message: session not created: Chrome instance exited. Examine ChromeDriver verbose log to determine the cause.; For documentation on this error, please visit: https://www.selenium.dev/documentation/webdriver/troubleshooting/errors#sessionnotcreatedexception\nStacktrace:\n#0 0x55d253c9f61a <unknown>\n#1 0x55d25371c20b <unknown>\n#2 0x55d25375630d <unknown>\n#3 0x55d253751cc3 <unknown>\n#4 0x55d2537a185c <unknown>\n#5 0x55d2537a0f7c <unknown>\n#6 0x55d253760232 <unknown>\n#7 0x55d253760ee1 <unknown>\n#8 0x55d253c683f9 <unknown>\n#9 0x55d253c6b34d <unknown>\n#10 0x55d253c51122 <unknown>\n#11 0x55d253c6bf2b <unknown>\n#12 0x55d253c37c30 <unknown>\n#13 0x55d253c8cd78 <unknown>\n#14 0x55d253c8cf4c <unknown>\n#15 0x55d253c9e973 <unknown>\n#16 0x7f2281e9caa4 <unknown>\n#17 0x7f2281f29c6c <unknown>","statusTrace":"/opt/hostedtoolcache/Python/3.10.19/x64/lib/python3.10/site-packages/seleniumbase/core/browser_launcher.py:6052: in get_local_driver\n    driver = webdriver.Chrome(options=chrome_options)\n/opt/hostedtoolcache/Python/3.10.19/x64/lib/python3.10/site-packages/selenium/webdriver/chrome/webdriver.py:46: in __init__\n    super().__init__(\n/opt/hostedtoolcache/Python/3.10.19/x64/lib/python3.10/site-packages/selenium/webdriver/chromium/webdriver.py:67: in __init__\n    super().__init__(command_executor=executor, options=options)\n/opt/hostedtoolcache/Python/3.10.19/x64/lib/python3.10/site-packages/selenium/webdriver/remote/webdriver.py:257: in __init__\n    self.start_session(capabilities)\n/opt/hostedtoolcache/Python/3.10.19/x64/lib/python3.10/site-packages/selenium/webdriver/remote/webdriver.py:352: in start_session\n    response = self.execute(Command.NEW_SESSION, caps)[\"value\"]\n/opt/hostedtoolcache/Python/3.10.19/x64/lib/python3.10/site-packages/selenium/webdriver/remote/webdriver.py:432: in execute\n    self.error_handler.check_response(response)\n/opt/hostedtoolcache/Python/3.10.19/x64/lib/python3.10/site-packages/selenium/webdriver/remote/errorhandler.py:232: in check_response\n    raise exception_class(message, screen, stacktrace)\nE   selenium.common.exceptions.SessionNotCreatedException: Message: session not created: Chrome instance exited. Examine ChromeDriver verbose log to determine the cause.; For documentation on this error, please visit: https://www.selenium.dev/documentation/webdriver/troubleshooting/errors#sessionnotcreatedexception\nE   Stacktrace:\nE   #0 0x55bc4fc7261a <unknown>\nE   #1 0x55bc4f6ef20b <unknown>\nE   #2 0x55bc4f72930d <unknown>\nE   #3 0x55bc4f724cc3 <unknown>\nE   #4 0x55bc4f77485c <unknown>\nE   #5 0x55bc4f773f7c <unknown>\nE   #6 0x55bc4f733232 <unknown>\nE   #7 0x55bc4f733ee1 <unknown>\nE   #8 0x55bc4fc3b3f9 <unknown>\nE   #9 0x55bc4fc3e34d <unknown>\nE   #10 0x55bc4fc24122 <unknown>\nE   #11 0x55bc4fc3ef2b <unknown>\nE   #12 0x55bc4fc0ac30 <unknown>\nE   #13 0x55bc4fc5fd78 <unknown>\nE   #14 0x55bc4fc5ff4c <unknown>\nE   #15 0x55bc4fc71973 <unknown>\nE   #16 0x7f412589caa4 <unknown>\nE   #17 0x7f4125929c6c <unknown>\n\nDuring handling of the above exception, another exception occurred:\nsrc/pages/base/ui_base_case.py:59: in setUp\n    super().setUp()\n/opt/hostedtoolcache/Python/3.10.19/x64/lib/python3.10/site-packages/seleniumbase/fixtures/base_case.py:15720: in setUp\n    self.driver = self.get_new_driver(\nsrc/pages/base/ui_base_case.py:32: in get_new_driver\n    driver = super().get_new_driver(*args, **kwargs)\n/opt/hostedtoolcache/Python/3.10.19/x64/lib/python3.10/site-packages/seleniumbase/fixtures/base_case.py:4308: in get_new_driver\n    new_driver = browser_launcher.get_driver(\n/opt/hostedtoolcache/Python/3.10.19/x64/lib/python3.10/site-packages/seleniumbase/core/browser_launcher.py:3543: in get_driver\n    return get_local_driver(\n/opt/hostedtoolcache/Python/3.10.19/x64/lib/python3.10/site-packages/seleniumbase/core/browser_launcher.py:6139: in get_local_driver\n    driver = webdriver.Chrome(\n/opt/hostedtoolcache/Python/3.10.19/x64/lib/python3.10/site-packages/selenium/webdriver/chrome/webdriver.py:46: in __init__\n    super().__init__(\n/opt/hostedtoolcache/Python/3.10.19/x64/lib/python3.10/site-packages/selenium/webdriver/chromium/webdriver.py:67: in __init__\n    super().__init__(command_executor=executor, options=options)\n/opt/hostedtoolcache/Python/3.10.19/x64/lib/python3.10/site-packages/selenium/webdriver/remote/webdriver.py:257: in __init__\n    self.start_session(capabilities)\n/opt/hostedtoolcache/Python/3.10.19/x64/lib/python3.10/site-packages/selenium/webdriver/remote/webdriver.py:352: in start_session\n    response = self.execute(Command.NEW_SESSION, caps)[\"value\"]\n/opt/hostedtoolcache/Python/3.10.19/x64/lib/python3.10/site-packages/selenium/webdriver/remote/webdriver.py:432: in execute\n    self.error_handler.check_response(response)\n/opt/hostedtoolcache/Python/3.10.19/x64/lib/python3.10/site-packages/selenium/webdriver/remote/errorhandler.py:232: in check_response\n    raise exception_class(message, screen, stacktrace)\nE   selenium.common.exceptions.SessionNotCreatedException: Message: session not created: Chrome instance exited. Examine ChromeDriver verbose log to determine the cause.; For documentation on this error, please visit: https://www.selenium.dev/documentation/webdriver/troubleshooting/errors#sessionnotcreatedexception\nE   Stacktrace:\nE   #0 0x55d253c9f61a <unknown>\nE   #1 0x55d25371c20b <unknown>\nE   #2 0x55d25375630d <unknown>\nE   #3 0x55d253751cc3 <unknown>\nE   #4 0x55d2537a185c <unknown>\nE   #5 0x55d2537a0f7c <unknown>\nE   #6 0x55d253760232 <unknown>\nE   #7 0x55d253760ee1 <unknown>\nE   #8 0x55d253c683f9 <unknown>\nE   #9 0x55d253c6b34d <unknown>\nE   #10 0x55d253c51122 <unknown>\nE   #11 0x55d253c6bf2b <unknown>\nE   #12 0x55d253c37c30 <unknown>\nE   #13 0x55d253c8cd78 <unknown>\nE   #14 0x55d253c8cf4c <unknown>\nE   #15 0x55d253c9e973 <unknown>\nE   #16 0x7f2281e9caa4 <unknown>\nE   #17 0x7f2281f29c6c <unknown>","flaky":false,"newFailed":false,"newBroken":true,"newPassed":false,"retriesCount":3,"retriesStatusChange":false,"beforeStages":[{"name":"clean_directories_at_start","time":{"start":1766652346285,"stop":1766652346286,"duration":1},"status":"passed","steps":[],"attachments":[],"parameters":[],"shouldDisplayMessage":false,"stepsCount":0,"attachmentsCount":0,"hasContent":false,"attachmentStep":false},{"name":"_unittest_setUpClass_fixture_TestChallengingDom","time":{"start":1766652346286,"stop":1766652346286,"duration":0},"status":"passed","steps":[],"attachments":[],"parameters":[],"shouldDisplayMessage":false,"stepsCount":0,"attachmentsCount":0,"hasContent":false,"attachmentStep":false},{"name":"bind_test_context","time":{"start":1766652455919,"stop":1766652455919,"duration":0},"status":"passed","steps":[],"attachments":[],"parameters":[],"shouldDisplayMessage":false,"stepsCount":0,"attachmentsCount":0,"hasContent":false,"attachmentStep":false},{"name":"_inject_request","time":{"start":1766652455919,"stop":1766652455919,"duration":0},"status":"passed","steps":[],"attachments":[],"parameters":[],"shouldDisplayMessage":false,"stepsCount":0,"attachmentsCount":0,"hasContent":false,"attachmentStep":false}],"afterStages":[{"name":"_unittest_setUpClass_fixture_TestChallengingDom::0","time":{"start":1766652556782,"stop":1766652556782,"duration":0},"status":"passed","steps":[],"attachments":[],"parameters":[],"shouldDisplayMessage":false,"stepsCount":0,"attachmentsCount":0,"hasContent":false,"attachmentStep":false}],"labels":[{"name":"parentSuite","value":"UI Test Suite"},{"name":"suite","value":"Challenging DOM"},{"name":"severity","value":"normal"},{"name":"subSuite","value":"Verify Challenging DOM buttons interactions and table content"},{"name":"tag","value":"ui"},{"name":"tag","value":"smoke"},{"name":"tag","value":"regression"},{"name":"host","value":"runnervmh13bl"},{"name":"thread","value":"3077-MainThread"},{"name":"framework","value":"pytest"},{"name":"language","value":"cpython3"},{"name":"package","value":"tests.ui_test_suite.test_challenging_dom"},{"name":"resultFormat","value":"allure2"}],"parameters":[],"links":[],"hidden":false,"retry":false,"extra":{"severity":"normal","retries":[{"uid":"bb39edef67d027e1","status":"broken","statusDetails":"selenium.common.exceptions.SessionNotCreatedException: Message: session not created: Chrome instance exited. Examine ChromeDriver verbose log to determine the cause.; For documentation on this error, please visit: https://www.selenium.dev/documentation/webdriver/troubleshooting/errors#sessionnotcreatedexception\nStacktrace:\n#0 0x56018c48261a <unknown>\n#1 0x56018beff20b <unknown>\n#2 0x56018bf3930d <unknown>\n#3 0x56018bf34cc3 <unknown>\n#4 0x56018bf8485c <unknown>\n#5 0x56018bf83f7c <unknown>\n#6 0x56018bf43232 <unknown>\n#7 0x56018bf43ee1 <unknown>\n#8 0x56018c44b3f9 <unknown>\n#9 0x56018c44e34d <unknown>\n#10 0x56018c434122 <unknown>\n#11 0x56018c44ef2b <unknown>\n#12 0x56018c41ac30 <unknown>\n#13 0x56018c46fd78 <unknown>\n#14 0x56018c46ff4c <unknown>\n#15 0x56018c481973 <unknown>\n#16 0x7f0abe09caa4 <unknown>\n#17 0x7f0abe129c6c <unknown>","time":{"start":1766652452251,"stop":1766652452818,"duration":567}},{"uid":"520cde2f9917ff70","status":"broken","statusDetails":"selenium.common.exceptions.SessionNotCreatedException: Message: session not created: Chrome instance exited. Examine ChromeDriver verbose log to determine the cause.; For documentation on this error, please visit: https://www.selenium.dev/documentation/webdriver/troubleshooting/errors#sessionnotcreatedexception\nStacktrace:\n#0 0x55610d3c861a <unknown>\n#1 0x55610ce4520b <unknown>\n#2 0x55610ce7f30d <unknown>\n#3 0x55610ce7acc3 <unknown>\n#4 0x55610ceca85c <unknown>\n#5 0x55610cec9f7c <unknown>\n#6 0x55610ce89232 <unknown>\n#7 0x55610ce89ee1 <unknown>\n#8 0x55610d3913f9 <unknown>\n#9 0x55610d39434d <unknown>\n#10 0x55610d37a122 <unknown>\n#11 0x55610d394f2b <unknown>\n#12 0x55610d360c30 <unknown>\n#13 0x55610d3b5d78 <unknown>\n#14 0x55610d3b5f4c <unknown>\n#15 0x55610d3c7973 <unknown>\n#16 0x7f4b4189caa4 <unknown>\n#17 0x7f4b41929c6c <unknown>","time":{"start":1766652448756,"stop":1766652449446,"duration":690}},{"uid":"b4790c2c3ccfdb82","status":"broken","statusDetails":"selenium.common.exceptions.SessionNotCreatedException: Message: session not created: Chrome instance exited. Examine ChromeDriver verbose log to determine the cause.; For documentation on this error, please visit: https://www.selenium.dev/documentation/webdriver/troubleshooting/errors#sessionnotcreatedexception\nStacktrace:\n#0 0x555cd41bb61a <unknown>\n#1 0x555cd3c3820b <unknown>\n#2 0x555cd3c7230d <unknown>\n#3 0x555cd3c6dcc3 <unknown>\n#4 0x555cd3cbd85c <unknown>\n#5 0x555cd3cbcf7c <unknown>\n#6 0x555cd3c7c232 <unknown>\n#7 0x555cd3c7cee1 <unknown>\n#8 0x555cd41843f9 <unknown>\n#9 0x555cd418734d <unknown>\n#10 0x555cd416d122 <unknown>\n#11 0x555cd4187f2b <unknown>\n#12 0x555cd4153c30 <unknown>\n#13 0x555cd41a8d78 <unknown>\n#14 0x555cd41a8f4c <unknown>\n#15 0x555cd41ba973 <unknown>\n#16 0x7f227d69caa4 <unknown>\n#17 0x7f227d729c6c <unknown>","time":{"start":1766652445212,"stop":1766652445835,"duration":623}}],"categories":[{"name":"Test defects","matchedStatuses":[]}],"history":{"statistic":{"failed":0,"broken":1,"skipped":0,"passed":5,"unknown":0,"total":6},"items":[{"uid":"67cdf1ca179b14bd","status":"passed","time":{"start":1766579146287,"stop":1766579148551,"duration":2264}},{"uid":"ccd190357318df39","status":"passed","time":{"start":1766578783078,"stop":1766578785176,"duration":2098}},{"uid":"5926b873aa8dc94c","status":"passed","time":{"start":1766560072428,"stop":1766560074447,"duration":2019}},{"uid":"6454eb617bdece5e","status":"passed","time":{"start":1766497529373,"stop":1766497532347,"duration":2974}},{"uid":"52abc9f2bfd80327","status":"passed","time":{"start":1766497279652,"stop":1766497281362,"duration":1710}}]},"tags":["ui","regression","smoke"]},"source":"2cf9d1af9d7bf853.json","parameterValues":[]}