{"uid":"2fe6cbc03c36a5bb","name":"test_hovers_functionality","fullName":"tests.ui_test_suite.test_hovers.TestHovers#test_hovers_functionality","historyId":"56b04eeaf6118f0189622de1fc995ceb","time":{"start":1766652529158,"stop":1766652529774,"duration":616},"status":"broken","statusMessage":"selenium.common.exceptions.SessionNotCreatedException: Message: session not created: Chrome instance exited. Examine ChromeDriver verbose log to determine the cause.; For documentation on this error, please visit: https://www.selenium.dev/documentation/webdriver/troubleshooting/errors#sessionnotcreatedexception\nStacktrace:\n#0 0x55a667b4861a <unknown>\n#1 0x55a6675c520b <unknown>\n#2 0x55a6675ff30d <unknown>\n#3 0x55a6675facc3 <unknown>\n#4 0x55a66764a85c <unknown>\n#5 0x55a667649f7c <unknown>\n#6 0x55a667609232 <unknown>\n#7 0x55a667609ee1 <unknown>\n#8 0x55a667b113f9 <unknown>\n#9 0x55a667b1434d <unknown>\n#10 0x55a667afa122 <unknown>\n#11 0x55a667b14f2b <unknown>\n#12 0x55a667ae0c30 <unknown>\n#13 0x55a667b35d78 <unknown>\n#14 0x55a667b35f4c <unknown>\n#15 0x55a667b47973 <unknown>\n#16 0x7fc78629caa4 <unknown>\n#17 0x7fc786329c6c <unknown>","statusTrace":"/opt/hostedtoolcache/Python/3.10.19/x64/lib/python3.10/site-packages/seleniumbase/core/browser_launcher.py:6052: in get_local_driver\n    driver = webdriver.Chrome(options=chrome_options)\n/opt/hostedtoolcache/Python/3.10.19/x64/lib/python3.10/site-packages/selenium/webdriver/chrome/webdriver.py:46: in __init__\n    super().__init__(\n/opt/hostedtoolcache/Python/3.10.19/x64/lib/python3.10/site-packages/selenium/webdriver/chromium/webdriver.py:67: in __init__\n    super().__init__(command_executor=executor, options=options)\n/opt/hostedtoolcache/Python/3.10.19/x64/lib/python3.10/site-packages/selenium/webdriver/remote/webdriver.py:257: in __init__\n    self.start_session(capabilities)\n/opt/hostedtoolcache/Python/3.10.19/x64/lib/python3.10/site-packages/selenium/webdriver/remote/webdriver.py:352: in start_session\n    response = self.execute(Command.NEW_SESSION, caps)[\"value\"]\n/opt/hostedtoolcache/Python/3.10.19/x64/lib/python3.10/site-packages/selenium/webdriver/remote/webdriver.py:432: in execute\n    self.error_handler.check_response(response)\n/opt/hostedtoolcache/Python/3.10.19/x64/lib/python3.10/site-packages/selenium/webdriver/remote/errorhandler.py:232: in check_response\n    raise exception_class(message, screen, stacktrace)\nE   selenium.common.exceptions.SessionNotCreatedException: Message: session not created: Chrome instance exited. Examine ChromeDriver verbose log to determine the cause.; For documentation on this error, please visit: https://www.selenium.dev/documentation/webdriver/troubleshooting/errors#sessionnotcreatedexception\nE   Stacktrace:\nE   #0 0x555b5cda161a <unknown>\nE   #1 0x555b5c81e20b <unknown>\nE   #2 0x555b5c85830d <unknown>\nE   #3 0x555b5c853cc3 <unknown>\nE   #4 0x555b5c8a385c <unknown>\nE   #5 0x555b5c8a2f7c <unknown>\nE   #6 0x555b5c862232 <unknown>\nE   #7 0x555b5c862ee1 <unknown>\nE   #8 0x555b5cd6a3f9 <unknown>\nE   #9 0x555b5cd6d34d <unknown>\nE   #10 0x555b5cd53122 <unknown>\nE   #11 0x555b5cd6df2b <unknown>\nE   #12 0x555b5cd39c30 <unknown>\nE   #13 0x555b5cd8ed78 <unknown>\nE   #14 0x555b5cd8ef4c <unknown>\nE   #15 0x555b5cda0973 <unknown>\nE   #16 0x7f4cdca9caa4 <unknown>\nE   #17 0x7f4cdcb29c6c <unknown>\n\nDuring handling of the above exception, another exception occurred:\nsrc/pages/base/ui_base_case.py:59: in setUp\n    super().setUp()\n/opt/hostedtoolcache/Python/3.10.19/x64/lib/python3.10/site-packages/seleniumbase/fixtures/base_case.py:15720: in setUp\n    self.driver = self.get_new_driver(\nsrc/pages/base/ui_base_case.py:32: in get_new_driver\n    driver = super().get_new_driver(*args, **kwargs)\n/opt/hostedtoolcache/Python/3.10.19/x64/lib/python3.10/site-packages/seleniumbase/fixtures/base_case.py:4308: in get_new_driver\n    new_driver = browser_launcher.get_driver(\n/opt/hostedtoolcache/Python/3.10.19/x64/lib/python3.10/site-packages/seleniumbase/core/browser_launcher.py:3543: in get_driver\n    return get_local_driver(\n/opt/hostedtoolcache/Python/3.10.19/x64/lib/python3.10/site-packages/seleniumbase/core/browser_launcher.py:6139: in get_local_driver\n    driver = webdriver.Chrome(\n/opt/hostedtoolcache/Python/3.10.19/x64/lib/python3.10/site-packages/selenium/webdriver/chrome/webdriver.py:46: in __init__\n    super().__init__(\n/opt/hostedtoolcache/Python/3.10.19/x64/lib/python3.10/site-packages/selenium/webdriver/chromium/webdriver.py:67: in __init__\n    super().__init__(command_executor=executor, options=options)\n/opt/hostedtoolcache/Python/3.10.19/x64/lib/python3.10/site-packages/selenium/webdriver/remote/webdriver.py:257: in __init__\n    self.start_session(capabilities)\n/opt/hostedtoolcache/Python/3.10.19/x64/lib/python3.10/site-packages/selenium/webdriver/remote/webdriver.py:352: in start_session\n    response = self.execute(Command.NEW_SESSION, caps)[\"value\"]\n/opt/hostedtoolcache/Python/3.10.19/x64/lib/python3.10/site-packages/selenium/webdriver/remote/webdriver.py:432: in execute\n    self.error_handler.check_response(response)\n/opt/hostedtoolcache/Python/3.10.19/x64/lib/python3.10/site-packages/selenium/webdriver/remote/errorhandler.py:232: in check_response\n    raise exception_class(message, screen, stacktrace)\nE   selenium.common.exceptions.SessionNotCreatedException: Message: session not created: Chrome instance exited. Examine ChromeDriver verbose log to determine the cause.; For documentation on this error, please visit: https://www.selenium.dev/documentation/webdriver/troubleshooting/errors#sessionnotcreatedexception\nE   Stacktrace:\nE   #0 0x55a667b4861a <unknown>\nE   #1 0x55a6675c520b <unknown>\nE   #2 0x55a6675ff30d <unknown>\nE   #3 0x55a6675facc3 <unknown>\nE   #4 0x55a66764a85c <unknown>\nE   #5 0x55a667649f7c <unknown>\nE   #6 0x55a667609232 <unknown>\nE   #7 0x55a667609ee1 <unknown>\nE   #8 0x55a667b113f9 <unknown>\nE   #9 0x55a667b1434d <unknown>\nE   #10 0x55a667afa122 <unknown>\nE   #11 0x55a667b14f2b <unknown>\nE   #12 0x55a667ae0c30 <unknown>\nE   #13 0x55a667b35d78 <unknown>\nE   #14 0x55a667b35f4c <unknown>\nE   #15 0x55a667b47973 <unknown>\nE   #16 0x7fc78629caa4 <unknown>\nE   #17 0x7fc786329c6c <unknown>","flaky":false,"newFailed":false,"newBroken":false,"newPassed":false,"retriesCount":0,"retriesStatusChange":false,"beforeStages":[{"name":"clean_directories_at_start","time":{"start":1766652346285,"stop":1766652346286,"duration":1},"status":"passed","steps":[],"attachments":[],"parameters":[],"shouldDisplayMessage":false,"stepsCount":0,"attachmentsCount":0,"hasContent":false,"attachmentStep":false},{"name":"_unittest_setUpClass_fixture_TestHovers","time":{"start":1766652525421,"stop":1766652525421,"duration":0},"status":"passed","steps":[],"attachments":[],"parameters":[],"shouldDisplayMessage":false,"stepsCount":0,"attachmentsCount":0,"hasContent":false,"attachmentStep":false},{"name":"_inject_request","time":{"start":1766652529157,"stop":1766652529157,"duration":0},"status":"passed","steps":[],"attachments":[],"parameters":[],"shouldDisplayMessage":false,"stepsCount":0,"attachmentsCount":0,"hasContent":false,"attachmentStep":false},{"name":"bind_test_context","time":{"start":1766652529157,"stop":1766652529157,"duration":0},"status":"passed","steps":[],"attachments":[],"parameters":[],"shouldDisplayMessage":false,"stepsCount":0,"attachmentsCount":0,"hasContent":false,"attachmentStep":false}],"afterStages":[{"name":"_unittest_setUpClass_fixture_TestHovers::0","time":{"start":1766652537168,"stop":1766652537168,"duration":0},"status":"passed","steps":[],"attachments":[],"parameters":[],"shouldDisplayMessage":false,"stepsCount":0,"attachmentsCount":0,"hasContent":false,"attachmentStep":false}],"labels":[{"name":"severity","value":"normal"},{"name":"suite","value":"Hovers"},{"name":"subSuite","value":"Tests Hovers functionality"},{"name":"parentSuite","value":"UI Test Suite"},{"name":"tag","value":"ui"},{"name":"tag","value":"regression"},{"name":"host","value":"runnervmh13bl"},{"name":"thread","value":"3083-MainThread"},{"name":"framework","value":"pytest"},{"name":"language","value":"cpython3"},{"name":"package","value":"tests.ui_test_suite.test_hovers"},{"name":"resultFormat","value":"allure2"}],"parameters":[],"links":[],"hidden":true,"retry":true,"extra":{"categories":[],"tags":["ui","regression"]},"source":"2fe6cbc03c36a5bb.json","parameterValues":[]}