{"uid":"3019d329396d4d51","name":"test_floating_menu_functionality_0_Home","fullName":"tests.ui_test_suite.test_floating_menu.TestFloatingMenu#test_floating_menu_functionality_0_Home","historyId":"dab32d3ccb89467b33854fad8d93e002","time":{"start":1766652382766,"stop":1766652383752,"duration":986},"status":"broken","statusMessage":"selenium.common.exceptions.SessionNotCreatedException: Message: session not created: Chrome instance exited. Examine ChromeDriver verbose log to determine the cause.; For documentation on this error, please visit: https://www.selenium.dev/documentation/webdriver/troubleshooting/errors#sessionnotcreatedexception\nStacktrace:\n#0 0x559dcfb7861a <unknown>\n#1 0x559dcf5f520b <unknown>\n#2 0x559dcf62f30d <unknown>\n#3 0x559dcf62acc3 <unknown>\n#4 0x559dcf67a85c <unknown>\n#5 0x559dcf679f7c <unknown>\n#6 0x559dcf639232 <unknown>\n#7 0x559dcf639ee1 <unknown>\n#8 0x559dcfb413f9 <unknown>\n#9 0x559dcfb4434d <unknown>\n#10 0x559dcfb2a122 <unknown>\n#11 0x559dcfb44f2b <unknown>\n#12 0x559dcfb10c30 <unknown>\n#13 0x559dcfb65d78 <unknown>\n#14 0x559dcfb65f4c <unknown>\n#15 0x559dcfb77973 <unknown>\n#16 0x7f02db69caa4 <unknown>\n#17 0x7f02db729c6c <unknown>","statusTrace":"/opt/hostedtoolcache/Python/3.10.19/x64/lib/python3.10/site-packages/seleniumbase/core/browser_launcher.py:6052: in get_local_driver\n    driver = webdriver.Chrome(options=chrome_options)\n/opt/hostedtoolcache/Python/3.10.19/x64/lib/python3.10/site-packages/selenium/webdriver/chrome/webdriver.py:46: in __init__\n    super().__init__(\n/opt/hostedtoolcache/Python/3.10.19/x64/lib/python3.10/site-packages/selenium/webdriver/chromium/webdriver.py:67: in __init__\n    super().__init__(command_executor=executor, options=options)\n/opt/hostedtoolcache/Python/3.10.19/x64/lib/python3.10/site-packages/selenium/webdriver/remote/webdriver.py:257: in __init__\n    self.start_session(capabilities)\n/opt/hostedtoolcache/Python/3.10.19/x64/lib/python3.10/site-packages/selenium/webdriver/remote/webdriver.py:352: in start_session\n    response = self.execute(Command.NEW_SESSION, caps)[\"value\"]\n/opt/hostedtoolcache/Python/3.10.19/x64/lib/python3.10/site-packages/selenium/webdriver/remote/webdriver.py:432: in execute\n    self.error_handler.check_response(response)\n/opt/hostedtoolcache/Python/3.10.19/x64/lib/python3.10/site-packages/selenium/webdriver/remote/errorhandler.py:232: in check_response\n    raise exception_class(message, screen, stacktrace)\nE   selenium.common.exceptions.SessionNotCreatedException: Message: session not created: Chrome instance exited. Examine ChromeDriver verbose log to determine the cause.; For documentation on this error, please visit: https://www.selenium.dev/documentation/webdriver/troubleshooting/errors#sessionnotcreatedexception\nE   Stacktrace:\nE   #0 0x55a0bf3ae61a <unknown>\nE   #1 0x55a0bee2b20b <unknown>\nE   #2 0x55a0bee6530d <unknown>\nE   #3 0x55a0bee60cc3 <unknown>\nE   #4 0x55a0beeb085c <unknown>\nE   #5 0x55a0beeaff7c <unknown>\nE   #6 0x55a0bee6f232 <unknown>\nE   #7 0x55a0bee6fee1 <unknown>\nE   #8 0x55a0bf3773f9 <unknown>\nE   #9 0x55a0bf37a34d <unknown>\nE   #10 0x55a0bf360122 <unknown>\nE   #11 0x55a0bf37af2b <unknown>\nE   #12 0x55a0bf346c30 <unknown>\nE   #13 0x55a0bf39bd78 <unknown>\nE   #14 0x55a0bf39bf4c <unknown>\nE   #15 0x55a0bf3ad973 <unknown>\nE   #16 0x7f46ede9caa4 <unknown>\nE   #17 0x7f46edf29c6c <unknown>\n\nDuring handling of the above exception, another exception occurred:\nsrc/pages/base/ui_base_case.py:59: in setUp\n    super().setUp()\n/opt/hostedtoolcache/Python/3.10.19/x64/lib/python3.10/site-packages/seleniumbase/fixtures/base_case.py:15720: in setUp\n    self.driver = self.get_new_driver(\nsrc/pages/base/ui_base_case.py:32: in get_new_driver\n    driver = super().get_new_driver(*args, **kwargs)\n/opt/hostedtoolcache/Python/3.10.19/x64/lib/python3.10/site-packages/seleniumbase/fixtures/base_case.py:4308: in get_new_driver\n    new_driver = browser_launcher.get_driver(\n/opt/hostedtoolcache/Python/3.10.19/x64/lib/python3.10/site-packages/seleniumbase/core/browser_launcher.py:3543: in get_driver\n    return get_local_driver(\n/opt/hostedtoolcache/Python/3.10.19/x64/lib/python3.10/site-packages/seleniumbase/core/browser_launcher.py:6139: in get_local_driver\n    driver = webdriver.Chrome(\n/opt/hostedtoolcache/Python/3.10.19/x64/lib/python3.10/site-packages/selenium/webdriver/chrome/webdriver.py:46: in __init__\n    super().__init__(\n/opt/hostedtoolcache/Python/3.10.19/x64/lib/python3.10/site-packages/selenium/webdriver/chromium/webdriver.py:67: in __init__\n    super().__init__(command_executor=executor, options=options)\n/opt/hostedtoolcache/Python/3.10.19/x64/lib/python3.10/site-packages/selenium/webdriver/remote/webdriver.py:257: in __init__\n    self.start_session(capabilities)\n/opt/hostedtoolcache/Python/3.10.19/x64/lib/python3.10/site-packages/selenium/webdriver/remote/webdriver.py:352: in start_session\n    response = self.execute(Command.NEW_SESSION, caps)[\"value\"]\n/opt/hostedtoolcache/Python/3.10.19/x64/lib/python3.10/site-packages/selenium/webdriver/remote/webdriver.py:432: in execute\n    self.error_handler.check_response(response)\n/opt/hostedtoolcache/Python/3.10.19/x64/lib/python3.10/site-packages/selenium/webdriver/remote/errorhandler.py:232: in check_response\n    raise exception_class(message, screen, stacktrace)\nE   selenium.common.exceptions.SessionNotCreatedException: Message: session not created: Chrome instance exited. Examine ChromeDriver verbose log to determine the cause.; For documentation on this error, please visit: https://www.selenium.dev/documentation/webdriver/troubleshooting/errors#sessionnotcreatedexception\nE   Stacktrace:\nE   #0 0x559dcfb7861a <unknown>\nE   #1 0x559dcf5f520b <unknown>\nE   #2 0x559dcf62f30d <unknown>\nE   #3 0x559dcf62acc3 <unknown>\nE   #4 0x559dcf67a85c <unknown>\nE   #5 0x559dcf679f7c <unknown>\nE   #6 0x559dcf639232 <unknown>\nE   #7 0x559dcf639ee1 <unknown>\nE   #8 0x559dcfb413f9 <unknown>\nE   #9 0x559dcfb4434d <unknown>\nE   #10 0x559dcfb2a122 <unknown>\nE   #11 0x559dcfb44f2b <unknown>\nE   #12 0x559dcfb10c30 <unknown>\nE   #13 0x559dcfb65d78 <unknown>\nE   #14 0x559dcfb65f4c <unknown>\nE   #15 0x559dcfb77973 <unknown>\nE   #16 0x7f02db69caa4 <unknown>\nE   #17 0x7f02db729c6c <unknown>","flaky":false,"newFailed":false,"newBroken":false,"newPassed":false,"retriesCount":0,"retriesStatusChange":false,"beforeStages":[{"name":"clean_directories_at_start","time":{"start":1766652346285,"stop":1766652346286,"duration":1},"status":"passed","steps":[],"attachments":[],"parameters":[],"shouldDisplayMessage":false,"stepsCount":0,"attachmentsCount":0,"hasContent":false,"attachmentStep":false},{"name":"_unittest_setUpClass_fixture_TestFloatingMenu","time":{"start":1766652346286,"stop":1766652346286,"duration":0},"status":"passed","steps":[],"attachments":[],"parameters":[],"shouldDisplayMessage":false,"stepsCount":0,"attachmentsCount":0,"hasContent":false,"attachmentStep":false},{"name":"_inject_request","time":{"start":1766652382766,"stop":1766652382766,"duration":0},"status":"passed","steps":[],"attachments":[],"parameters":[],"shouldDisplayMessage":false,"stepsCount":0,"attachmentsCount":0,"hasContent":false,"attachmentStep":false},{"name":"bind_test_context","time":{"start":1766652382766,"stop":1766652382766,"duration":0},"status":"passed","steps":[],"attachments":[],"parameters":[],"shouldDisplayMessage":false,"stepsCount":0,"attachmentsCount":0,"hasContent":false,"attachmentStep":false}],"testStage":{"status":"broken","statusMessage":"selenium.common.exceptions.SessionNotCreatedException: Message: session not created: Chrome instance exited. Examine ChromeDriver verbose log to determine the cause.; For documentation on this error, please visit: https://www.selenium.dev/documentation/webdriver/troubleshooting/errors#sessionnotcreatedexception\nStacktrace:\n#0 0x559dcfb7861a <unknown>\n#1 0x559dcf5f520b <unknown>\n#2 0x559dcf62f30d <unknown>\n#3 0x559dcf62acc3 <unknown>\n#4 0x559dcf67a85c <unknown>\n#5 0x559dcf679f7c <unknown>\n#6 0x559dcf639232 <unknown>\n#7 0x559dcf639ee1 <unknown>\n#8 0x559dcfb413f9 <unknown>\n#9 0x559dcfb4434d <unknown>\n#10 0x559dcfb2a122 <unknown>\n#11 0x559dcfb44f2b <unknown>\n#12 0x559dcfb10c30 <unknown>\n#13 0x559dcfb65d78 <unknown>\n#14 0x559dcfb65f4c <unknown>\n#15 0x559dcfb77973 <unknown>\n#16 0x7f02db69caa4 <unknown>\n#17 0x7f02db729c6c <unknown>","statusTrace":"/opt/hostedtoolcache/Python/3.10.19/x64/lib/python3.10/site-packages/seleniumbase/core/browser_launcher.py:6052: in get_local_driver\n    driver = webdriver.Chrome(options=chrome_options)\n/opt/hostedtoolcache/Python/3.10.19/x64/lib/python3.10/site-packages/selenium/webdriver/chrome/webdriver.py:46: in __init__\n    super().__init__(\n/opt/hostedtoolcache/Python/3.10.19/x64/lib/python3.10/site-packages/selenium/webdriver/chromium/webdriver.py:67: in __init__\n    super().__init__(command_executor=executor, options=options)\n/opt/hostedtoolcache/Python/3.10.19/x64/lib/python3.10/site-packages/selenium/webdriver/remote/webdriver.py:257: in __init__\n    self.start_session(capabilities)\n/opt/hostedtoolcache/Python/3.10.19/x64/lib/python3.10/site-packages/selenium/webdriver/remote/webdriver.py:352: in start_session\n    response = self.execute(Command.NEW_SESSION, caps)[\"value\"]\n/opt/hostedtoolcache/Python/3.10.19/x64/lib/python3.10/site-packages/selenium/webdriver/remote/webdriver.py:432: in execute\n    self.error_handler.check_response(response)\n/opt/hostedtoolcache/Python/3.10.19/x64/lib/python3.10/site-packages/selenium/webdriver/remote/errorhandler.py:232: in check_response\n    raise exception_class(message, screen, stacktrace)\nE   selenium.common.exceptions.SessionNotCreatedException: Message: session not created: Chrome instance exited. Examine ChromeDriver verbose log to determine the cause.; For documentation on this error, please visit: https://www.selenium.dev/documentation/webdriver/troubleshooting/errors#sessionnotcreatedexception\nE   Stacktrace:\nE   #0 0x55a0bf3ae61a <unknown>\nE   #1 0x55a0bee2b20b <unknown>\nE   #2 0x55a0bee6530d <unknown>\nE   #3 0x55a0bee60cc3 <unknown>\nE   #4 0x55a0beeb085c <unknown>\nE   #5 0x55a0beeaff7c <unknown>\nE   #6 0x55a0bee6f232 <unknown>\nE   #7 0x55a0bee6fee1 <unknown>\nE   #8 0x55a0bf3773f9 <unknown>\nE   #9 0x55a0bf37a34d <unknown>\nE   #10 0x55a0bf360122 <unknown>\nE   #11 0x55a0bf37af2b <unknown>\nE   #12 0x55a0bf346c30 <unknown>\nE   #13 0x55a0bf39bd78 <unknown>\nE   #14 0x55a0bf39bf4c <unknown>\nE   #15 0x55a0bf3ad973 <unknown>\nE   #16 0x7f46ede9caa4 <unknown>\nE   #17 0x7f46edf29c6c <unknown>\n\nDuring handling of the above exception, another exception occurred:\nsrc/pages/base/ui_base_case.py:59: in setUp\n    super().setUp()\n/opt/hostedtoolcache/Python/3.10.19/x64/lib/python3.10/site-packages/seleniumbase/fixtures/base_case.py:15720: in setUp\n    self.driver = self.get_new_driver(\nsrc/pages/base/ui_base_case.py:32: in get_new_driver\n    driver = super().get_new_driver(*args, **kwargs)\n/opt/hostedtoolcache/Python/3.10.19/x64/lib/python3.10/site-packages/seleniumbase/fixtures/base_case.py:4308: in get_new_driver\n    new_driver = browser_launcher.get_driver(\n/opt/hostedtoolcache/Python/3.10.19/x64/lib/python3.10/site-packages/seleniumbase/core/browser_launcher.py:3543: in get_driver\n    return get_local_driver(\n/opt/hostedtoolcache/Python/3.10.19/x64/lib/python3.10/site-packages/seleniumbase/core/browser_launcher.py:6139: in get_local_driver\n    driver = webdriver.Chrome(\n/opt/hostedtoolcache/Python/3.10.19/x64/lib/python3.10/site-packages/selenium/webdriver/chrome/webdriver.py:46: in __init__\n    super().__init__(\n/opt/hostedtoolcache/Python/3.10.19/x64/lib/python3.10/site-packages/selenium/webdriver/chromium/webdriver.py:67: in __init__\n    super().__init__(command_executor=executor, options=options)\n/opt/hostedtoolcache/Python/3.10.19/x64/lib/python3.10/site-packages/selenium/webdriver/remote/webdriver.py:257: in __init__\n    self.start_session(capabilities)\n/opt/hostedtoolcache/Python/3.10.19/x64/lib/python3.10/site-packages/selenium/webdriver/remote/webdriver.py:352: in start_session\n    response = self.execute(Command.NEW_SESSION, caps)[\"value\"]\n/opt/hostedtoolcache/Python/3.10.19/x64/lib/python3.10/site-packages/selenium/webdriver/remote/webdriver.py:432: in execute\n    self.error_handler.check_response(response)\n/opt/hostedtoolcache/Python/3.10.19/x64/lib/python3.10/site-packages/selenium/webdriver/remote/errorhandler.py:232: in check_response\n    raise exception_class(message, screen, stacktrace)\nE   selenium.common.exceptions.SessionNotCreatedException: Message: session not created: Chrome instance exited. Examine ChromeDriver verbose log to determine the cause.; For documentation on this error, please visit: https://www.selenium.dev/documentation/webdriver/troubleshooting/errors#sessionnotcreatedexception\nE   Stacktrace:\nE   #0 0x559dcfb7861a <unknown>\nE   #1 0x559dcf5f520b <unknown>\nE   #2 0x559dcf62f30d <unknown>\nE   #3 0x559dcf62acc3 <unknown>\nE   #4 0x559dcf67a85c <unknown>\nE   #5 0x559dcf679f7c <unknown>\nE   #6 0x559dcf639232 <unknown>\nE   #7 0x559dcf639ee1 <unknown>\nE   #8 0x559dcfb413f9 <unknown>\nE   #9 0x559dcfb4434d <unknown>\nE   #10 0x559dcfb2a122 <unknown>\nE   #11 0x559dcfb44f2b <unknown>\nE   #12 0x559dcfb10c30 <unknown>\nE   #13 0x559dcfb65d78 <unknown>\nE   #14 0x559dcfb65f4c <unknown>\nE   #15 0x559dcfb77973 <unknown>\nE   #16 0x7f02db69caa4 <unknown>\nE   #17 0x7f02db729c6c <unknown>","steps":[],"attachments":[{"uid":"2954c6e5b9ded8c4","name":"log","source":"2954c6e5b9ded8c4.txt","type":"text/plain","size":2599},{"uid":"e5475114532f1c65","name":"stdout","source":"e5475114532f1c65.txt","type":"text/plain","size":3291}],"parameters":[],"shouldDisplayMessage":true,"stepsCount":0,"attachmentsCount":2,"hasContent":true,"attachmentStep":false},"afterStages":[{"name":"_unittest_setUpClass_fixture_TestFloatingMenu::0","time":{"start":1766652422703,"stop":1766652422703,"duration":0},"status":"passed","steps":[],"attachments":[],"parameters":[],"shouldDisplayMessage":false,"stepsCount":0,"attachmentsCount":0,"hasContent":false,"attachmentStep":false}],"labels":[{"name":"severity","value":"normal"},{"name":"subSuite","value":"Tests Floating Menu functionality"},{"name":"suite","value":"Floating Menu"},{"name":"parentSuite","value":"UI Test Suite"},{"name":"tag","value":"ui"},{"name":"tag","value":"regression"},{"name":"host","value":"runnervmh13bl"},{"name":"thread","value":"3083-MainThread"},{"name":"framework","value":"pytest"},{"name":"language","value":"cpython3"},{"name":"package","value":"tests.ui_test_suite.test_floating_menu"},{"name":"resultFormat","value":"allure2"}],"parameters":[],"links":[],"hidden":true,"retry":true,"extra":{"categories":[],"tags":["ui","regression"]},"source":"3019d329396d4d51.json","parameterValues":[]}