{"uid":"3042c6925eab47ca","name":"test_cells_content_per_column_0_Lorem","fullName":"tests.ui_test_suite.test_challenging_dom.TestChallengingDom#test_cells_content_per_column_0_Lorem","historyId":"bf3453cfe162ba338e7f6a96151b053e","time":{"start":1766652392469,"stop":1766652393082,"duration":613},"status":"broken","statusMessage":"selenium.common.exceptions.SessionNotCreatedException: Message: session not created: Chrome instance exited. Examine ChromeDriver verbose log to determine the cause.; For documentation on this error, please visit: https://www.selenium.dev/documentation/webdriver/troubleshooting/errors#sessionnotcreatedexception\nStacktrace:\n#0 0x5641e9c1861a <unknown>\n#1 0x5641e969520b <unknown>\n#2 0x5641e96cf30d <unknown>\n#3 0x5641e96cacc3 <unknown>\n#4 0x5641e971a85c <unknown>\n#5 0x5641e9719f7c <unknown>\n#6 0x5641e96d9232 <unknown>\n#7 0x5641e96d9ee1 <unknown>\n#8 0x5641e9be13f9 <unknown>\n#9 0x5641e9be434d <unknown>\n#10 0x5641e9bca122 <unknown>\n#11 0x5641e9be4f2b <unknown>\n#12 0x5641e9bb0c30 <unknown>\n#13 0x5641e9c05d78 <unknown>\n#14 0x5641e9c05f4c <unknown>\n#15 0x5641e9c17973 <unknown>\n#16 0x7f01f3c9caa4 <unknown>\n#17 0x7f01f3d29c6c <unknown>","statusTrace":"/opt/hostedtoolcache/Python/3.10.19/x64/lib/python3.10/site-packages/seleniumbase/core/browser_launcher.py:6052: in get_local_driver\n    driver = webdriver.Chrome(options=chrome_options)\n/opt/hostedtoolcache/Python/3.10.19/x64/lib/python3.10/site-packages/selenium/webdriver/chrome/webdriver.py:46: in __init__\n    super().__init__(\n/opt/hostedtoolcache/Python/3.10.19/x64/lib/python3.10/site-packages/selenium/webdriver/chromium/webdriver.py:67: in __init__\n    super().__init__(command_executor=executor, options=options)\n/opt/hostedtoolcache/Python/3.10.19/x64/lib/python3.10/site-packages/selenium/webdriver/remote/webdriver.py:257: in __init__\n    self.start_session(capabilities)\n/opt/hostedtoolcache/Python/3.10.19/x64/lib/python3.10/site-packages/selenium/webdriver/remote/webdriver.py:352: in start_session\n    response = self.execute(Command.NEW_SESSION, caps)[\"value\"]\n/opt/hostedtoolcache/Python/3.10.19/x64/lib/python3.10/site-packages/selenium/webdriver/remote/webdriver.py:432: in execute\n    self.error_handler.check_response(response)\n/opt/hostedtoolcache/Python/3.10.19/x64/lib/python3.10/site-packages/selenium/webdriver/remote/errorhandler.py:232: in check_response\n    raise exception_class(message, screen, stacktrace)\nE   selenium.common.exceptions.SessionNotCreatedException: Message: session not created: Chrome instance exited. Examine ChromeDriver verbose log to determine the cause.; For documentation on this error, please visit: https://www.selenium.dev/documentation/webdriver/troubleshooting/errors#sessionnotcreatedexception\nE   Stacktrace:\nE   #0 0x5587831b561a <unknown>\nE   #1 0x558782c3220b <unknown>\nE   #2 0x558782c6c30d <unknown>\nE   #3 0x558782c67cc3 <unknown>\nE   #4 0x558782cb785c <unknown>\nE   #5 0x558782cb6f7c <unknown>\nE   #6 0x558782c76232 <unknown>\nE   #7 0x558782c76ee1 <unknown>\nE   #8 0x55878317e3f9 <unknown>\nE   #9 0x55878318134d <unknown>\nE   #10 0x558783167122 <unknown>\nE   #11 0x558783181f2b <unknown>\nE   #12 0x55878314dc30 <unknown>\nE   #13 0x5587831a2d78 <unknown>\nE   #14 0x5587831a2f4c <unknown>\nE   #15 0x5587831b4973 <unknown>\nE   #16 0x7fbad769caa4 <unknown>\nE   #17 0x7fbad7729c6c <unknown>\n\nDuring handling of the above exception, another exception occurred:\nsrc/pages/base/ui_base_case.py:59: in setUp\n    super().setUp()\n/opt/hostedtoolcache/Python/3.10.19/x64/lib/python3.10/site-packages/seleniumbase/fixtures/base_case.py:15720: in setUp\n    self.driver = self.get_new_driver(\nsrc/pages/base/ui_base_case.py:32: in get_new_driver\n    driver = super().get_new_driver(*args, **kwargs)\n/opt/hostedtoolcache/Python/3.10.19/x64/lib/python3.10/site-packages/seleniumbase/fixtures/base_case.py:4308: in get_new_driver\n    new_driver = browser_launcher.get_driver(\n/opt/hostedtoolcache/Python/3.10.19/x64/lib/python3.10/site-packages/seleniumbase/core/browser_launcher.py:3543: in get_driver\n    return get_local_driver(\n/opt/hostedtoolcache/Python/3.10.19/x64/lib/python3.10/site-packages/seleniumbase/core/browser_launcher.py:6139: in get_local_driver\n    driver = webdriver.Chrome(\n/opt/hostedtoolcache/Python/3.10.19/x64/lib/python3.10/site-packages/selenium/webdriver/chrome/webdriver.py:46: in __init__\n    super().__init__(\n/opt/hostedtoolcache/Python/3.10.19/x64/lib/python3.10/site-packages/selenium/webdriver/chromium/webdriver.py:67: in __init__\n    super().__init__(command_executor=executor, options=options)\n/opt/hostedtoolcache/Python/3.10.19/x64/lib/python3.10/site-packages/selenium/webdriver/remote/webdriver.py:257: in __init__\n    self.start_session(capabilities)\n/opt/hostedtoolcache/Python/3.10.19/x64/lib/python3.10/site-packages/selenium/webdriver/remote/webdriver.py:352: in start_session\n    response = self.execute(Command.NEW_SESSION, caps)[\"value\"]\n/opt/hostedtoolcache/Python/3.10.19/x64/lib/python3.10/site-packages/selenium/webdriver/remote/webdriver.py:432: in execute\n    self.error_handler.check_response(response)\n/opt/hostedtoolcache/Python/3.10.19/x64/lib/python3.10/site-packages/selenium/webdriver/remote/errorhandler.py:232: in check_response\n    raise exception_class(message, screen, stacktrace)\nE   selenium.common.exceptions.SessionNotCreatedException: Message: session not created: Chrome instance exited. Examine ChromeDriver verbose log to determine the cause.; For documentation on this error, please visit: https://www.selenium.dev/documentation/webdriver/troubleshooting/errors#sessionnotcreatedexception\nE   Stacktrace:\nE   #0 0x5641e9c1861a <unknown>\nE   #1 0x5641e969520b <unknown>\nE   #2 0x5641e96cf30d <unknown>\nE   #3 0x5641e96cacc3 <unknown>\nE   #4 0x5641e971a85c <unknown>\nE   #5 0x5641e9719f7c <unknown>\nE   #6 0x5641e96d9232 <unknown>\nE   #7 0x5641e96d9ee1 <unknown>\nE   #8 0x5641e9be13f9 <unknown>\nE   #9 0x5641e9be434d <unknown>\nE   #10 0x5641e9bca122 <unknown>\nE   #11 0x5641e9be4f2b <unknown>\nE   #12 0x5641e9bb0c30 <unknown>\nE   #13 0x5641e9c05d78 <unknown>\nE   #14 0x5641e9c05f4c <unknown>\nE   #15 0x5641e9c17973 <unknown>\nE   #16 0x7f01f3c9caa4 <unknown>\nE   #17 0x7f01f3d29c6c <unknown>","flaky":false,"newFailed":false,"newBroken":true,"newPassed":false,"retriesCount":3,"retriesStatusChange":false,"beforeStages":[{"name":"clean_directories_at_start","time":{"start":1766652346285,"stop":1766652346286,"duration":1},"status":"passed","steps":[],"attachments":[],"parameters":[],"shouldDisplayMessage":false,"stepsCount":0,"attachmentsCount":0,"hasContent":false,"attachmentStep":false},{"name":"_unittest_setUpClass_fixture_TestChallengingDom","time":{"start":1766652346286,"stop":1766652346286,"duration":0},"status":"passed","steps":[],"attachments":[],"parameters":[],"shouldDisplayMessage":false,"stepsCount":0,"attachmentsCount":0,"hasContent":false,"attachmentStep":false},{"name":"_inject_request","time":{"start":1766652392468,"stop":1766652392468,"duration":0},"status":"passed","steps":[],"attachments":[],"parameters":[],"shouldDisplayMessage":false,"stepsCount":0,"attachmentsCount":0,"hasContent":false,"attachmentStep":false},{"name":"bind_test_context","time":{"start":1766652392468,"stop":1766652392468,"duration":0},"status":"passed","steps":[],"attachments":[],"parameters":[],"shouldDisplayMessage":false,"stepsCount":0,"attachmentsCount":0,"hasContent":false,"attachmentStep":false}],"testStage":{"status":"broken","statusMessage":"selenium.common.exceptions.SessionNotCreatedException: Message: session not created: Chrome instance exited. Examine ChromeDriver verbose log to determine the cause.; For documentation on this error, please visit: https://www.selenium.dev/documentation/webdriver/troubleshooting/errors#sessionnotcreatedexception\nStacktrace:\n#0 0x5641e9c1861a <unknown>\n#1 0x5641e969520b <unknown>\n#2 0x5641e96cf30d <unknown>\n#3 0x5641e96cacc3 <unknown>\n#4 0x5641e971a85c <unknown>\n#5 0x5641e9719f7c <unknown>\n#6 0x5641e96d9232 <unknown>\n#7 0x5641e96d9ee1 <unknown>\n#8 0x5641e9be13f9 <unknown>\n#9 0x5641e9be434d <unknown>\n#10 0x5641e9bca122 <unknown>\n#11 0x5641e9be4f2b <unknown>\n#12 0x5641e9bb0c30 <unknown>\n#13 0x5641e9c05d78 <unknown>\n#14 0x5641e9c05f4c <unknown>\n#15 0x5641e9c17973 <unknown>\n#16 0x7f01f3c9caa4 <unknown>\n#17 0x7f01f3d29c6c <unknown>","statusTrace":"/opt/hostedtoolcache/Python/3.10.19/x64/lib/python3.10/site-packages/seleniumbase/core/browser_launcher.py:6052: in get_local_driver\n    driver = webdriver.Chrome(options=chrome_options)\n/opt/hostedtoolcache/Python/3.10.19/x64/lib/python3.10/site-packages/selenium/webdriver/chrome/webdriver.py:46: in __init__\n    super().__init__(\n/opt/hostedtoolcache/Python/3.10.19/x64/lib/python3.10/site-packages/selenium/webdriver/chromium/webdriver.py:67: in __init__\n    super().__init__(command_executor=executor, options=options)\n/opt/hostedtoolcache/Python/3.10.19/x64/lib/python3.10/site-packages/selenium/webdriver/remote/webdriver.py:257: in __init__\n    self.start_session(capabilities)\n/opt/hostedtoolcache/Python/3.10.19/x64/lib/python3.10/site-packages/selenium/webdriver/remote/webdriver.py:352: in start_session\n    response = self.execute(Command.NEW_SESSION, caps)[\"value\"]\n/opt/hostedtoolcache/Python/3.10.19/x64/lib/python3.10/site-packages/selenium/webdriver/remote/webdriver.py:432: in execute\n    self.error_handler.check_response(response)\n/opt/hostedtoolcache/Python/3.10.19/x64/lib/python3.10/site-packages/selenium/webdriver/remote/errorhandler.py:232: in check_response\n    raise exception_class(message, screen, stacktrace)\nE   selenium.common.exceptions.SessionNotCreatedException: Message: session not created: Chrome instance exited. Examine ChromeDriver verbose log to determine the cause.; For documentation on this error, please visit: https://www.selenium.dev/documentation/webdriver/troubleshooting/errors#sessionnotcreatedexception\nE   Stacktrace:\nE   #0 0x5587831b561a <unknown>\nE   #1 0x558782c3220b <unknown>\nE   #2 0x558782c6c30d <unknown>\nE   #3 0x558782c67cc3 <unknown>\nE   #4 0x558782cb785c <unknown>\nE   #5 0x558782cb6f7c <unknown>\nE   #6 0x558782c76232 <unknown>\nE   #7 0x558782c76ee1 <unknown>\nE   #8 0x55878317e3f9 <unknown>\nE   #9 0x55878318134d <unknown>\nE   #10 0x558783167122 <unknown>\nE   #11 0x558783181f2b <unknown>\nE   #12 0x55878314dc30 <unknown>\nE   #13 0x5587831a2d78 <unknown>\nE   #14 0x5587831a2f4c <unknown>\nE   #15 0x5587831b4973 <unknown>\nE   #16 0x7fbad769caa4 <unknown>\nE   #17 0x7fbad7729c6c <unknown>\n\nDuring handling of the above exception, another exception occurred:\nsrc/pages/base/ui_base_case.py:59: in setUp\n    super().setUp()\n/opt/hostedtoolcache/Python/3.10.19/x64/lib/python3.10/site-packages/seleniumbase/fixtures/base_case.py:15720: in setUp\n    self.driver = self.get_new_driver(\nsrc/pages/base/ui_base_case.py:32: in get_new_driver\n    driver = super().get_new_driver(*args, **kwargs)\n/opt/hostedtoolcache/Python/3.10.19/x64/lib/python3.10/site-packages/seleniumbase/fixtures/base_case.py:4308: in get_new_driver\n    new_driver = browser_launcher.get_driver(\n/opt/hostedtoolcache/Python/3.10.19/x64/lib/python3.10/site-packages/seleniumbase/core/browser_launcher.py:3543: in get_driver\n    return get_local_driver(\n/opt/hostedtoolcache/Python/3.10.19/x64/lib/python3.10/site-packages/seleniumbase/core/browser_launcher.py:6139: in get_local_driver\n    driver = webdriver.Chrome(\n/opt/hostedtoolcache/Python/3.10.19/x64/lib/python3.10/site-packages/selenium/webdriver/chrome/webdriver.py:46: in __init__\n    super().__init__(\n/opt/hostedtoolcache/Python/3.10.19/x64/lib/python3.10/site-packages/selenium/webdriver/chromium/webdriver.py:67: in __init__\n    super().__init__(command_executor=executor, options=options)\n/opt/hostedtoolcache/Python/3.10.19/x64/lib/python3.10/site-packages/selenium/webdriver/remote/webdriver.py:257: in __init__\n    self.start_session(capabilities)\n/opt/hostedtoolcache/Python/3.10.19/x64/lib/python3.10/site-packages/selenium/webdriver/remote/webdriver.py:352: in start_session\n    response = self.execute(Command.NEW_SESSION, caps)[\"value\"]\n/opt/hostedtoolcache/Python/3.10.19/x64/lib/python3.10/site-packages/selenium/webdriver/remote/webdriver.py:432: in execute\n    self.error_handler.check_response(response)\n/opt/hostedtoolcache/Python/3.10.19/x64/lib/python3.10/site-packages/selenium/webdriver/remote/errorhandler.py:232: in check_response\n    raise exception_class(message, screen, stacktrace)\nE   selenium.common.exceptions.SessionNotCreatedException: Message: session not created: Chrome instance exited. Examine ChromeDriver verbose log to determine the cause.; For documentation on this error, please visit: https://www.selenium.dev/documentation/webdriver/troubleshooting/errors#sessionnotcreatedexception\nE   Stacktrace:\nE   #0 0x5641e9c1861a <unknown>\nE   #1 0x5641e969520b <unknown>\nE   #2 0x5641e96cf30d <unknown>\nE   #3 0x5641e96cacc3 <unknown>\nE   #4 0x5641e971a85c <unknown>\nE   #5 0x5641e9719f7c <unknown>\nE   #6 0x5641e96d9232 <unknown>\nE   #7 0x5641e96d9ee1 <unknown>\nE   #8 0x5641e9be13f9 <unknown>\nE   #9 0x5641e9be434d <unknown>\nE   #10 0x5641e9bca122 <unknown>\nE   #11 0x5641e9be4f2b <unknown>\nE   #12 0x5641e9bb0c30 <unknown>\nE   #13 0x5641e9c05d78 <unknown>\nE   #14 0x5641e9c05f4c <unknown>\nE   #15 0x5641e9c17973 <unknown>\nE   #16 0x7f01f3c9caa4 <unknown>\nE   #17 0x7f01f3d29c6c <unknown>","steps":[],"attachments":[{"uid":"947d3c981adbffb","name":"log","source":"947d3c981adbffb.txt","type":"text/plain","size":2584},{"uid":"879015de2ea4203f","name":"stdout","source":"879015de2ea4203f.txt","type":"text/plain","size":2649}],"parameters":[],"shouldDisplayMessage":true,"stepsCount":0,"attachmentsCount":2,"hasContent":true,"attachmentStep":false},"afterStages":[{"name":"_unittest_setUpClass_fixture_TestChallengingDom::0","time":{"start":1766652556782,"stop":1766652556782,"duration":0},"status":"passed","steps":[],"attachments":[],"parameters":[],"shouldDisplayMessage":false,"stepsCount":0,"attachmentsCount":0,"hasContent":false,"attachmentStep":false}],"labels":[{"name":"parentSuite","value":"UI Test Suite"},{"name":"suite","value":"Challenging DOM"},{"name":"severity","value":"normal"},{"name":"subSuite","value":"Verify Challenging DOM buttons interactions and table content"},{"name":"tag","value":"ui"},{"name":"tag","value":"smoke"},{"name":"tag","value":"regression"},{"name":"host","value":"runnervmh13bl"},{"name":"thread","value":"3077-MainThread"},{"name":"framework","value":"pytest"},{"name":"language","value":"cpython3"},{"name":"package","value":"tests.ui_test_suite.test_challenging_dom"},{"name":"resultFormat","value":"allure2"}],"parameters":[],"links":[],"hidden":false,"retry":false,"extra":{"severity":"normal","retries":[{"uid":"dd486ba6f4ef11e4","status":"broken","statusDetails":"selenium.common.exceptions.SessionNotCreatedException: Message: session not created: Chrome instance exited. Examine ChromeDriver verbose log to determine the cause.; For documentation on this error, please visit: https://www.selenium.dev/documentation/webdriver/troubleshooting/errors#sessionnotcreatedexception\nStacktrace:\n#0 0x55e547a0561a <unknown>\n#1 0x55e54748220b <unknown>\n#2 0x55e5474bc30d <unknown>\n#3 0x55e5474b7cc3 <unknown>\n#4 0x55e54750785c <unknown>\n#5 0x55e547506f7c <unknown>\n#6 0x55e5474c6232 <unknown>\n#7 0x55e5474c6ee1 <unknown>\n#8 0x55e5479ce3f9 <unknown>\n#9 0x55e5479d134d <unknown>\n#10 0x55e5479b7122 <unknown>\n#11 0x55e5479d1f2b <unknown>\n#12 0x55e54799dc30 <unknown>\n#13 0x55e5479f2d78 <unknown>\n#14 0x55e5479f2f4c <unknown>\n#15 0x55e547a04973 <unknown>\n#16 0x7fd47a89caa4 <unknown>\n#17 0x7fd47a929c6c <unknown>","time":{"start":1766652389044,"stop":1766652389725,"duration":681}},{"uid":"8d160b0a39207c86","status":"broken","statusDetails":"selenium.common.exceptions.SessionNotCreatedException: Message: session not created: Chrome instance exited. Examine ChromeDriver verbose log to determine the cause.; For documentation on this error, please visit: https://www.selenium.dev/documentation/webdriver/troubleshooting/errors#sessionnotcreatedexception\nStacktrace:\n#0 0x555f145c361a <unknown>\n#1 0x555f1404020b <unknown>\n#2 0x555f1407a30d <unknown>\n#3 0x555f14075cc3 <unknown>\n#4 0x555f140c585c <unknown>\n#5 0x555f140c4f7c <unknown>\n#6 0x555f14084232 <unknown>\n#7 0x555f14084ee1 <unknown>\n#8 0x555f1458c3f9 <unknown>\n#9 0x555f1458f34d <unknown>\n#10 0x555f14575122 <unknown>\n#11 0x555f1458ff2b <unknown>\n#12 0x555f1455bc30 <unknown>\n#13 0x555f145b0d78 <unknown>\n#14 0x555f145b0f4c <unknown>\n#15 0x555f145c2973 <unknown>\n#16 0x7f6e8649caa4 <unknown>\n#17 0x7f6e86529c6c <unknown>","time":{"start":1766652385604,"stop":1766652386222,"duration":618}},{"uid":"455d7bacb01ad29c","status":"broken","statusDetails":"seleniumbase.common.exceptions.NoSuchElementException: Message: \n Element {//th[text()='Lorem']/ancestor::thead/following::tr//td[text()='Iuvaret0']} was not present after 10 seconds!","time":{"start":1766652346287,"stop":1766652382898,"duration":36611}}],"categories":[{"name":"Test defects","matchedStatuses":[]}],"history":{"statistic":{"failed":0,"broken":1,"skipped":0,"passed":5,"unknown":0,"total":6},"items":[{"uid":"fcf6a4e7b7353b51","status":"passed","time":{"start":1766579118874,"stop":1766579129435,"duration":10561}},{"uid":"b061ec09f394d297","status":"passed","time":{"start":1766578755720,"stop":1766578766907,"duration":11187}},{"uid":"c0b6bfa184094ee5","status":"passed","time":{"start":1766560049512,"stop":1766560057743,"duration":8231}},{"uid":"438d01343b1383d1","status":"passed","time":{"start":1766497504394,"stop":1766497515468,"duration":11074}},{"uid":"4ccdc0f0e224f164","status":"passed","time":{"start":1766497263937,"stop":1766497266648,"duration":2711}}]},"tags":["ui","regression","smoke"]},"source":"3042c6925eab47ca.json","parameterValues":[]}