{"uid":"337bc80c4b91cec6","name":"test_floating_menu_functionality_1_News","fullName":"tests.ui_test_suite.test_floating_menu.TestFloatingMenu#test_floating_menu_functionality_1_News","historyId":"6b5775ea1d8bd35aa64ed0597c818748","time":{"start":1766652402085,"stop":1766652402851,"duration":766},"status":"broken","statusMessage":"selenium.common.exceptions.SessionNotCreatedException: Message: session not created: Chrome instance exited. Examine ChromeDriver verbose log to determine the cause.; For documentation on this error, please visit: https://www.selenium.dev/documentation/webdriver/troubleshooting/errors#sessionnotcreatedexception\nStacktrace:\n#0 0x5588462c461a <unknown>\n#1 0x558845d4120b <unknown>\n#2 0x558845d7b30d <unknown>\n#3 0x558845d76cc3 <unknown>\n#4 0x558845dc685c <unknown>\n#5 0x558845dc5f7c <unknown>\n#6 0x558845d85232 <unknown>\n#7 0x558845d85ee1 <unknown>\n#8 0x55884628d3f9 <unknown>\n#9 0x55884629034d <unknown>\n#10 0x558846276122 <unknown>\n#11 0x558846290f2b <unknown>\n#12 0x55884625cc30 <unknown>\n#13 0x5588462b1d78 <unknown>\n#14 0x5588462b1f4c <unknown>\n#15 0x5588462c3973 <unknown>\n#16 0x7f9577e9caa4 <unknown>\n#17 0x7f9577f29c6c <unknown>","statusTrace":"/opt/hostedtoolcache/Python/3.10.19/x64/lib/python3.10/site-packages/seleniumbase/core/browser_launcher.py:6052: in get_local_driver\n    driver = webdriver.Chrome(options=chrome_options)\n/opt/hostedtoolcache/Python/3.10.19/x64/lib/python3.10/site-packages/selenium/webdriver/chrome/webdriver.py:46: in __init__\n    super().__init__(\n/opt/hostedtoolcache/Python/3.10.19/x64/lib/python3.10/site-packages/selenium/webdriver/chromium/webdriver.py:67: in __init__\n    super().__init__(command_executor=executor, options=options)\n/opt/hostedtoolcache/Python/3.10.19/x64/lib/python3.10/site-packages/selenium/webdriver/remote/webdriver.py:257: in __init__\n    self.start_session(capabilities)\n/opt/hostedtoolcache/Python/3.10.19/x64/lib/python3.10/site-packages/selenium/webdriver/remote/webdriver.py:352: in start_session\n    response = self.execute(Command.NEW_SESSION, caps)[\"value\"]\n/opt/hostedtoolcache/Python/3.10.19/x64/lib/python3.10/site-packages/selenium/webdriver/remote/webdriver.py:432: in execute\n    self.error_handler.check_response(response)\n/opt/hostedtoolcache/Python/3.10.19/x64/lib/python3.10/site-packages/selenium/webdriver/remote/errorhandler.py:232: in check_response\n    raise exception_class(message, screen, stacktrace)\nE   selenium.common.exceptions.SessionNotCreatedException: Message: session not created: Chrome instance exited. Examine ChromeDriver verbose log to determine the cause.; For documentation on this error, please visit: https://www.selenium.dev/documentation/webdriver/troubleshooting/errors#sessionnotcreatedexception\nE   Stacktrace:\nE   #0 0x5570e708b61a <unknown>\nE   #1 0x5570e6b0820b <unknown>\nE   #2 0x5570e6b4230d <unknown>\nE   #3 0x5570e6b3dcc3 <unknown>\nE   #4 0x5570e6b8d85c <unknown>\nE   #5 0x5570e6b8cf7c <unknown>\nE   #6 0x5570e6b4c232 <unknown>\nE   #7 0x5570e6b4cee1 <unknown>\nE   #8 0x5570e70543f9 <unknown>\nE   #9 0x5570e705734d <unknown>\nE   #10 0x5570e703d122 <unknown>\nE   #11 0x5570e7057f2b <unknown>\nE   #12 0x5570e7023c30 <unknown>\nE   #13 0x5570e7078d78 <unknown>\nE   #14 0x5570e7078f4c <unknown>\nE   #15 0x5570e708a973 <unknown>\nE   #16 0x7fddc989caa4 <unknown>\nE   #17 0x7fddc9929c6c <unknown>\n\nDuring handling of the above exception, another exception occurred:\nsrc/pages/base/ui_base_case.py:59: in setUp\n    super().setUp()\n/opt/hostedtoolcache/Python/3.10.19/x64/lib/python3.10/site-packages/seleniumbase/fixtures/base_case.py:15720: in setUp\n    self.driver = self.get_new_driver(\nsrc/pages/base/ui_base_case.py:32: in get_new_driver\n    driver = super().get_new_driver(*args, **kwargs)\n/opt/hostedtoolcache/Python/3.10.19/x64/lib/python3.10/site-packages/seleniumbase/fixtures/base_case.py:4308: in get_new_driver\n    new_driver = browser_launcher.get_driver(\n/opt/hostedtoolcache/Python/3.10.19/x64/lib/python3.10/site-packages/seleniumbase/core/browser_launcher.py:3543: in get_driver\n    return get_local_driver(\n/opt/hostedtoolcache/Python/3.10.19/x64/lib/python3.10/site-packages/seleniumbase/core/browser_launcher.py:6139: in get_local_driver\n    driver = webdriver.Chrome(\n/opt/hostedtoolcache/Python/3.10.19/x64/lib/python3.10/site-packages/selenium/webdriver/chrome/webdriver.py:46: in __init__\n    super().__init__(\n/opt/hostedtoolcache/Python/3.10.19/x64/lib/python3.10/site-packages/selenium/webdriver/chromium/webdriver.py:67: in __init__\n    super().__init__(command_executor=executor, options=options)\n/opt/hostedtoolcache/Python/3.10.19/x64/lib/python3.10/site-packages/selenium/webdriver/remote/webdriver.py:257: in __init__\n    self.start_session(capabilities)\n/opt/hostedtoolcache/Python/3.10.19/x64/lib/python3.10/site-packages/selenium/webdriver/remote/webdriver.py:352: in start_session\n    response = self.execute(Command.NEW_SESSION, caps)[\"value\"]\n/opt/hostedtoolcache/Python/3.10.19/x64/lib/python3.10/site-packages/selenium/webdriver/remote/webdriver.py:432: in execute\n    self.error_handler.check_response(response)\n/opt/hostedtoolcache/Python/3.10.19/x64/lib/python3.10/site-packages/selenium/webdriver/remote/errorhandler.py:232: in check_response\n    raise exception_class(message, screen, stacktrace)\nE   selenium.common.exceptions.SessionNotCreatedException: Message: session not created: Chrome instance exited. Examine ChromeDriver verbose log to determine the cause.; For documentation on this error, please visit: https://www.selenium.dev/documentation/webdriver/troubleshooting/errors#sessionnotcreatedexception\nE   Stacktrace:\nE   #0 0x5588462c461a <unknown>\nE   #1 0x558845d4120b <unknown>\nE   #2 0x558845d7b30d <unknown>\nE   #3 0x558845d76cc3 <unknown>\nE   #4 0x558845dc685c <unknown>\nE   #5 0x558845dc5f7c <unknown>\nE   #6 0x558845d85232 <unknown>\nE   #7 0x558845d85ee1 <unknown>\nE   #8 0x55884628d3f9 <unknown>\nE   #9 0x55884629034d <unknown>\nE   #10 0x558846276122 <unknown>\nE   #11 0x558846290f2b <unknown>\nE   #12 0x55884625cc30 <unknown>\nE   #13 0x5588462b1d78 <unknown>\nE   #14 0x5588462b1f4c <unknown>\nE   #15 0x5588462c3973 <unknown>\nE   #16 0x7f9577e9caa4 <unknown>\nE   #17 0x7f9577f29c6c <unknown>","flaky":false,"newFailed":false,"newBroken":false,"newPassed":false,"retriesCount":3,"retriesStatusChange":false,"beforeStages":[{"name":"clean_directories_at_start","time":{"start":1766652346285,"stop":1766652346286,"duration":1},"status":"passed","steps":[],"attachments":[],"parameters":[],"shouldDisplayMessage":false,"stepsCount":0,"attachmentsCount":0,"hasContent":false,"attachmentStep":false},{"name":"_unittest_setUpClass_fixture_TestFloatingMenu","time":{"start":1766652346286,"stop":1766652346286,"duration":0},"status":"passed","steps":[],"attachments":[],"parameters":[],"shouldDisplayMessage":false,"stepsCount":0,"attachmentsCount":0,"hasContent":false,"attachmentStep":false},{"name":"bind_test_context","time":{"start":1766652402084,"stop":1766652402085,"duration":1},"status":"passed","steps":[],"attachments":[],"parameters":[],"shouldDisplayMessage":false,"stepsCount":0,"attachmentsCount":0,"hasContent":false,"attachmentStep":false},{"name":"_inject_request","time":{"start":1766652402085,"stop":1766652402085,"duration":0},"status":"passed","steps":[],"attachments":[],"parameters":[],"shouldDisplayMessage":false,"stepsCount":0,"attachmentsCount":0,"hasContent":false,"attachmentStep":false}],"afterStages":[{"name":"_unittest_setUpClass_fixture_TestFloatingMenu::0","time":{"start":1766652422703,"stop":1766652422703,"duration":0},"status":"passed","steps":[],"attachments":[],"parameters":[],"shouldDisplayMessage":false,"stepsCount":0,"attachmentsCount":0,"hasContent":false,"attachmentStep":false}],"labels":[{"name":"severity","value":"normal"},{"name":"subSuite","value":"Tests Floating Menu functionality"},{"name":"suite","value":"Floating Menu"},{"name":"parentSuite","value":"UI Test Suite"},{"name":"tag","value":"ui"},{"name":"tag","value":"regression"},{"name":"host","value":"runnervmh13bl"},{"name":"thread","value":"3083-MainThread"},{"name":"framework","value":"pytest"},{"name":"language","value":"cpython3"},{"name":"package","value":"tests.ui_test_suite.test_floating_menu"},{"name":"resultFormat","value":"allure2"}],"parameters":[],"links":[],"hidden":false,"retry":false,"extra":{"severity":"normal","retries":[{"uid":"3ec51a140c3f6d76","status":"broken","statusDetails":"selenium.common.exceptions.SessionNotCreatedException: Message: session not created: Chrome instance exited. Examine ChromeDriver verbose log to determine the cause.; For documentation on this error, please visit: https://www.selenium.dev/documentation/webdriver/troubleshooting/errors#sessionnotcreatedexception\nStacktrace:\n#0 0x55d0a508d61a <unknown>\n#1 0x55d0a4b0a20b <unknown>\n#2 0x55d0a4b4430d <unknown>\n#3 0x55d0a4b3fcc3 <unknown>\n#4 0x55d0a4b8f85c <unknown>\n#5 0x55d0a4b8ef7c <unknown>\n#6 0x55d0a4b4e232 <unknown>\n#7 0x55d0a4b4eee1 <unknown>\n#8 0x55d0a50563f9 <unknown>\n#9 0x55d0a505934d <unknown>\n#10 0x55d0a503f122 <unknown>\n#11 0x55d0a5059f2b <unknown>\n#12 0x55d0a5025c30 <unknown>\n#13 0x55d0a507ad78 <unknown>\n#14 0x55d0a507af4c <unknown>\n#15 0x55d0a508c973 <unknown>\n#16 0x7fac2709caa4 <unknown>\n#17 0x7fac27129c6c <unknown>","time":{"start":1766652398181,"stop":1766652399040,"duration":859}},{"uid":"373b93341faf2f05","status":"broken","statusDetails":"selenium.common.exceptions.SessionNotCreatedException: Message: session not created: Chrome instance exited. Examine ChromeDriver verbose log to determine the cause.; For documentation on this error, please visit: https://www.selenium.dev/documentation/webdriver/troubleshooting/errors#sessionnotcreatedexception\nStacktrace:\n#0 0x55a1b93ee61a <unknown>\n#1 0x55a1b8e6b20b <unknown>\n#2 0x55a1b8ea530d <unknown>\n#3 0x55a1b8ea0cc3 <unknown>\n#4 0x55a1b8ef085c <unknown>\n#5 0x55a1b8eeff7c <unknown>\n#6 0x55a1b8eaf232 <unknown>\n#7 0x55a1b8eafee1 <unknown>\n#8 0x55a1b93b73f9 <unknown>\n#9 0x55a1b93ba34d <unknown>\n#10 0x55a1b93a0122 <unknown>\n#11 0x55a1b93baf2b <unknown>\n#12 0x55a1b9386c30 <unknown>\n#13 0x55a1b93dbd78 <unknown>\n#14 0x55a1b93dbf4c <unknown>\n#15 0x55a1b93ed973 <unknown>\n#16 0x7f7825c9caa4 <unknown>\n#17 0x7f7825d29c6c <unknown>","time":{"start":1766652394496,"stop":1766652395255,"duration":759}},{"uid":"90b273052921d32b","status":"broken","statusDetails":"selenium.common.exceptions.SessionNotCreatedException: Message: session not created: Chrome instance exited. Examine ChromeDriver verbose log to determine the cause.; For documentation on this error, please visit: https://www.selenium.dev/documentation/webdriver/troubleshooting/errors#sessionnotcreatedexception\nStacktrace:\n#0 0x55b95011e61a <unknown>\n#1 0x55b94fb9b20b <unknown>\n#2 0x55b94fbd530d <unknown>\n#3 0x55b94fbd0cc3 <unknown>\n#4 0x55b94fc2085c <unknown>\n#5 0x55b94fc1ff7c <unknown>\n#6 0x55b94fbdf232 <unknown>\n#7 0x55b94fbdfee1 <unknown>\n#8 0x55b9500e73f9 <unknown>\n#9 0x55b9500ea34d <unknown>\n#10 0x55b9500d0122 <unknown>\n#11 0x55b9500eaf2b <unknown>\n#12 0x55b9500b6c30 <unknown>\n#13 0x55b95010bd78 <unknown>\n#14 0x55b95010bf4c <unknown>\n#15 0x55b95011d973 <unknown>\n#16 0x7fc0d629caa4 <unknown>\n#17 0x7fc0d6329c6c <unknown>","time":{"start":1766652391216,"stop":1766652391845,"duration":629}}],"categories":[{"name":"Test defects","matchedStatuses":[]}],"tags":["ui","regression"]},"source":"337bc80c4b91cec6.json","parameterValues":[]}