{"uid":"38a33a901f8f6fbe","name":"test_dropdown_list_functionality_1_Option_2","fullName":"tests.ui_test_suite.test_dropdown_list.TestDropdownList#test_dropdown_list_functionality_1_Option_2","historyId":"a269687443ab38c7314b38f4e132b3aa","time":{"start":1766652464996,"stop":1766652465734,"duration":738},"status":"broken","statusMessage":"selenium.common.exceptions.SessionNotCreatedException: Message: session not created: Chrome instance exited. Examine ChromeDriver verbose log to determine the cause.; For documentation on this error, please visit: https://www.selenium.dev/documentation/webdriver/troubleshooting/errors#sessionnotcreatedexception\nStacktrace:\n#0 0x5596800d561a <unknown>\n#1 0x55967fb5220b <unknown>\n#2 0x55967fb8c30d <unknown>\n#3 0x55967fb87cc3 <unknown>\n#4 0x55967fbd785c <unknown>\n#5 0x55967fbd6f7c <unknown>\n#6 0x55967fb96232 <unknown>\n#7 0x55967fb96ee1 <unknown>\n#8 0x55968009e3f9 <unknown>\n#9 0x5596800a134d <unknown>\n#10 0x559680087122 <unknown>\n#11 0x5596800a1f2b <unknown>\n#12 0x55968006dc30 <unknown>\n#13 0x5596800c2d78 <unknown>\n#14 0x5596800c2f4c <unknown>\n#15 0x5596800d4973 <unknown>\n#16 0x7fc2c309caa4 <unknown>\n#17 0x7fc2c3129c6c <unknown>","statusTrace":"/opt/hostedtoolcache/Python/3.10.19/x64/lib/python3.10/site-packages/seleniumbase/core/browser_launcher.py:6052: in get_local_driver\n    driver = webdriver.Chrome(options=chrome_options)\n/opt/hostedtoolcache/Python/3.10.19/x64/lib/python3.10/site-packages/selenium/webdriver/chrome/webdriver.py:46: in __init__\n    super().__init__(\n/opt/hostedtoolcache/Python/3.10.19/x64/lib/python3.10/site-packages/selenium/webdriver/chromium/webdriver.py:67: in __init__\n    super().__init__(command_executor=executor, options=options)\n/opt/hostedtoolcache/Python/3.10.19/x64/lib/python3.10/site-packages/selenium/webdriver/remote/webdriver.py:257: in __init__\n    self.start_session(capabilities)\n/opt/hostedtoolcache/Python/3.10.19/x64/lib/python3.10/site-packages/selenium/webdriver/remote/webdriver.py:352: in start_session\n    response = self.execute(Command.NEW_SESSION, caps)[\"value\"]\n/opt/hostedtoolcache/Python/3.10.19/x64/lib/python3.10/site-packages/selenium/webdriver/remote/webdriver.py:432: in execute\n    self.error_handler.check_response(response)\n/opt/hostedtoolcache/Python/3.10.19/x64/lib/python3.10/site-packages/selenium/webdriver/remote/errorhandler.py:232: in check_response\n    raise exception_class(message, screen, stacktrace)\nE   selenium.common.exceptions.SessionNotCreatedException: Message: session not created: Chrome instance exited. Examine ChromeDriver verbose log to determine the cause.; For documentation on this error, please visit: https://www.selenium.dev/documentation/webdriver/troubleshooting/errors#sessionnotcreatedexception\nE   Stacktrace:\nE   #0 0x55fd9870d61a <unknown>\nE   #1 0x55fd9818a20b <unknown>\nE   #2 0x55fd981c430d <unknown>\nE   #3 0x55fd981bfcc3 <unknown>\nE   #4 0x55fd9820f85c <unknown>\nE   #5 0x55fd9820ef7c <unknown>\nE   #6 0x55fd981ce232 <unknown>\nE   #7 0x55fd981ceee1 <unknown>\nE   #8 0x55fd986d63f9 <unknown>\nE   #9 0x55fd986d934d <unknown>\nE   #10 0x55fd986bf122 <unknown>\nE   #11 0x55fd986d9f2b <unknown>\nE   #12 0x55fd986a5c30 <unknown>\nE   #13 0x55fd986fad78 <unknown>\nE   #14 0x55fd986faf4c <unknown>\nE   #15 0x55fd9870c973 <unknown>\nE   #16 0x7f543929caa4 <unknown>\nE   #17 0x7f5439329c6c <unknown>\n\nDuring handling of the above exception, another exception occurred:\nsrc/pages/base/ui_base_case.py:59: in setUp\n    super().setUp()\n/opt/hostedtoolcache/Python/3.10.19/x64/lib/python3.10/site-packages/seleniumbase/fixtures/base_case.py:15720: in setUp\n    self.driver = self.get_new_driver(\nsrc/pages/base/ui_base_case.py:32: in get_new_driver\n    driver = super().get_new_driver(*args, **kwargs)\n/opt/hostedtoolcache/Python/3.10.19/x64/lib/python3.10/site-packages/seleniumbase/fixtures/base_case.py:4308: in get_new_driver\n    new_driver = browser_launcher.get_driver(\n/opt/hostedtoolcache/Python/3.10.19/x64/lib/python3.10/site-packages/seleniumbase/core/browser_launcher.py:3543: in get_driver\n    return get_local_driver(\n/opt/hostedtoolcache/Python/3.10.19/x64/lib/python3.10/site-packages/seleniumbase/core/browser_launcher.py:6139: in get_local_driver\n    driver = webdriver.Chrome(\n/opt/hostedtoolcache/Python/3.10.19/x64/lib/python3.10/site-packages/selenium/webdriver/chrome/webdriver.py:46: in __init__\n    super().__init__(\n/opt/hostedtoolcache/Python/3.10.19/x64/lib/python3.10/site-packages/selenium/webdriver/chromium/webdriver.py:67: in __init__\n    super().__init__(command_executor=executor, options=options)\n/opt/hostedtoolcache/Python/3.10.19/x64/lib/python3.10/site-packages/selenium/webdriver/remote/webdriver.py:257: in __init__\n    self.start_session(capabilities)\n/opt/hostedtoolcache/Python/3.10.19/x64/lib/python3.10/site-packages/selenium/webdriver/remote/webdriver.py:352: in start_session\n    response = self.execute(Command.NEW_SESSION, caps)[\"value\"]\n/opt/hostedtoolcache/Python/3.10.19/x64/lib/python3.10/site-packages/selenium/webdriver/remote/webdriver.py:432: in execute\n    self.error_handler.check_response(response)\n/opt/hostedtoolcache/Python/3.10.19/x64/lib/python3.10/site-packages/selenium/webdriver/remote/errorhandler.py:232: in check_response\n    raise exception_class(message, screen, stacktrace)\nE   selenium.common.exceptions.SessionNotCreatedException: Message: session not created: Chrome instance exited. Examine ChromeDriver verbose log to determine the cause.; For documentation on this error, please visit: https://www.selenium.dev/documentation/webdriver/troubleshooting/errors#sessionnotcreatedexception\nE   Stacktrace:\nE   #0 0x5596800d561a <unknown>\nE   #1 0x55967fb5220b <unknown>\nE   #2 0x55967fb8c30d <unknown>\nE   #3 0x55967fb87cc3 <unknown>\nE   #4 0x55967fbd785c <unknown>\nE   #5 0x55967fbd6f7c <unknown>\nE   #6 0x55967fb96232 <unknown>\nE   #7 0x55967fb96ee1 <unknown>\nE   #8 0x55968009e3f9 <unknown>\nE   #9 0x5596800a134d <unknown>\nE   #10 0x559680087122 <unknown>\nE   #11 0x5596800a1f2b <unknown>\nE   #12 0x55968006dc30 <unknown>\nE   #13 0x5596800c2d78 <unknown>\nE   #14 0x5596800c2f4c <unknown>\nE   #15 0x5596800d4973 <unknown>\nE   #16 0x7fc2c309caa4 <unknown>\nE   #17 0x7fc2c3129c6c <unknown>","flaky":false,"newFailed":false,"newBroken":false,"newPassed":false,"retriesCount":0,"retriesStatusChange":false,"beforeStages":[{"name":"clean_directories_at_start","time":{"start":1766652346285,"stop":1766652346286,"duration":1},"status":"passed","steps":[],"attachments":[],"parameters":[],"shouldDisplayMessage":false,"stepsCount":0,"attachmentsCount":0,"hasContent":false,"attachmentStep":false},{"name":"_unittest_setUpClass_fixture_TestDropdownList","time":{"start":1766652444692,"stop":1766652444692,"duration":0},"status":"passed","steps":[],"attachments":[],"parameters":[],"shouldDisplayMessage":false,"stepsCount":0,"attachmentsCount":0,"hasContent":false,"attachmentStep":false},{"name":"bind_test_context","time":{"start":1766652464995,"stop":1766652464996,"duration":1},"status":"passed","steps":[],"attachments":[],"parameters":[],"shouldDisplayMessage":false,"stepsCount":0,"attachmentsCount":0,"hasContent":false,"attachmentStep":false},{"name":"_inject_request","time":{"start":1766652464996,"stop":1766652464996,"duration":0},"status":"passed","steps":[],"attachments":[],"parameters":[],"shouldDisplayMessage":false,"stepsCount":0,"attachmentsCount":0,"hasContent":false,"attachmentStep":false}],"afterStages":[{"name":"_unittest_setUpClass_fixture_TestDropdownList::0","time":{"start":1766652470157,"stop":1766652470157,"duration":0},"status":"passed","steps":[],"attachments":[],"parameters":[],"shouldDisplayMessage":false,"stepsCount":0,"attachmentsCount":0,"hasContent":false,"attachmentStep":false}],"labels":[{"name":"subSuite","value":"Tests Dropdown List functionality"},{"name":"parentSuite","value":"UI Test Suite"},{"name":"severity","value":"normal"},{"name":"suite","value":"Dropdown List"},{"name":"tag","value":"ui"},{"name":"tag","value":"regression"},{"name":"host","value":"runnervmh13bl"},{"name":"thread","value":"3080-MainThread"},{"name":"framework","value":"pytest"},{"name":"language","value":"cpython3"},{"name":"package","value":"tests.ui_test_suite.test_dropdown_list"},{"name":"resultFormat","value":"allure2"}],"parameters":[],"links":[],"hidden":true,"retry":true,"extra":{"categories":[],"tags":["ui","regression"]},"source":"38a33a901f8f6fbe.json","parameterValues":[]}