{"uid":"39fde8097406fab1","name":"test_files_upload_functionality_2_Company_Portal_Installer_exe","fullName":"tests.ui_test_suite.test_files_upload.test_files_upload.TestFilesUpload#test_files_upload_functionality_2_Company_Portal_Installer_exe","historyId":"df35426385e9ede2e6f7188c6cb7f0a3","time":{"start":1766652401924,"stop":1766652402680,"duration":756},"status":"broken","statusMessage":"selenium.common.exceptions.SessionNotCreatedException: Message: session not created: Chrome instance exited. Examine ChromeDriver verbose log to determine the cause.; For documentation on this error, please visit: https://www.selenium.dev/documentation/webdriver/troubleshooting/errors#sessionnotcreatedexception\nStacktrace:\n#0 0x557ecfac961a <unknown>\n#1 0x557ecf54620b <unknown>\n#2 0x557ecf58030d <unknown>\n#3 0x557ecf57bcc3 <unknown>\n#4 0x557ecf5cb85c <unknown>\n#5 0x557ecf5caf7c <unknown>\n#6 0x557ecf58a232 <unknown>\n#7 0x557ecf58aee1 <unknown>\n#8 0x557ecfa923f9 <unknown>\n#9 0x557ecfa9534d <unknown>\n#10 0x557ecfa7b122 <unknown>\n#11 0x557ecfa95f2b <unknown>\n#12 0x557ecfa61c30 <unknown>\n#13 0x557ecfab6d78 <unknown>\n#14 0x557ecfab6f4c <unknown>\n#15 0x557ecfac8973 <unknown>\n#16 0x7fa5e649caa4 <unknown>\n#17 0x7fa5e6529c6c <unknown>","statusTrace":"/opt/hostedtoolcache/Python/3.10.19/x64/lib/python3.10/site-packages/seleniumbase/core/browser_launcher.py:6052: in get_local_driver\n    driver = webdriver.Chrome(options=chrome_options)\n/opt/hostedtoolcache/Python/3.10.19/x64/lib/python3.10/site-packages/selenium/webdriver/chrome/webdriver.py:46: in __init__\n    super().__init__(\n/opt/hostedtoolcache/Python/3.10.19/x64/lib/python3.10/site-packages/selenium/webdriver/chromium/webdriver.py:67: in __init__\n    super().__init__(command_executor=executor, options=options)\n/opt/hostedtoolcache/Python/3.10.19/x64/lib/python3.10/site-packages/selenium/webdriver/remote/webdriver.py:257: in __init__\n    self.start_session(capabilities)\n/opt/hostedtoolcache/Python/3.10.19/x64/lib/python3.10/site-packages/selenium/webdriver/remote/webdriver.py:352: in start_session\n    response = self.execute(Command.NEW_SESSION, caps)[\"value\"]\n/opt/hostedtoolcache/Python/3.10.19/x64/lib/python3.10/site-packages/selenium/webdriver/remote/webdriver.py:432: in execute\n    self.error_handler.check_response(response)\n/opt/hostedtoolcache/Python/3.10.19/x64/lib/python3.10/site-packages/selenium/webdriver/remote/errorhandler.py:232: in check_response\n    raise exception_class(message, screen, stacktrace)\nE   selenium.common.exceptions.SessionNotCreatedException: Message: session not created: Chrome instance exited. Examine ChromeDriver verbose log to determine the cause.; For documentation on this error, please visit: https://www.selenium.dev/documentation/webdriver/troubleshooting/errors#sessionnotcreatedexception\nE   Stacktrace:\nE   #0 0x55b8f8f0061a <unknown>\nE   #1 0x55b8f897d20b <unknown>\nE   #2 0x55b8f89b730d <unknown>\nE   #3 0x55b8f89b2cc3 <unknown>\nE   #4 0x55b8f8a0285c <unknown>\nE   #5 0x55b8f8a01f7c <unknown>\nE   #6 0x55b8f89c1232 <unknown>\nE   #7 0x55b8f89c1ee1 <unknown>\nE   #8 0x55b8f8ec93f9 <unknown>\nE   #9 0x55b8f8ecc34d <unknown>\nE   #10 0x55b8f8eb2122 <unknown>\nE   #11 0x55b8f8eccf2b <unknown>\nE   #12 0x55b8f8e98c30 <unknown>\nE   #13 0x55b8f8eedd78 <unknown>\nE   #14 0x55b8f8eedf4c <unknown>\nE   #15 0x55b8f8eff973 <unknown>\nE   #16 0x7f9eeb29caa4 <unknown>\nE   #17 0x7f9eeb329c6c <unknown>\n\nDuring handling of the above exception, another exception occurred:\nsrc/pages/base/ui_base_case.py:59: in setUp\n    super().setUp()\n/opt/hostedtoolcache/Python/3.10.19/x64/lib/python3.10/site-packages/seleniumbase/fixtures/base_case.py:15720: in setUp\n    self.driver = self.get_new_driver(\nsrc/pages/base/ui_base_case.py:32: in get_new_driver\n    driver = super().get_new_driver(*args, **kwargs)\n/opt/hostedtoolcache/Python/3.10.19/x64/lib/python3.10/site-packages/seleniumbase/fixtures/base_case.py:4308: in get_new_driver\n    new_driver = browser_launcher.get_driver(\n/opt/hostedtoolcache/Python/3.10.19/x64/lib/python3.10/site-packages/seleniumbase/core/browser_launcher.py:3543: in get_driver\n    return get_local_driver(\n/opt/hostedtoolcache/Python/3.10.19/x64/lib/python3.10/site-packages/seleniumbase/core/browser_launcher.py:6139: in get_local_driver\n    driver = webdriver.Chrome(\n/opt/hostedtoolcache/Python/3.10.19/x64/lib/python3.10/site-packages/selenium/webdriver/chrome/webdriver.py:46: in __init__\n    super().__init__(\n/opt/hostedtoolcache/Python/3.10.19/x64/lib/python3.10/site-packages/selenium/webdriver/chromium/webdriver.py:67: in __init__\n    super().__init__(command_executor=executor, options=options)\n/opt/hostedtoolcache/Python/3.10.19/x64/lib/python3.10/site-packages/selenium/webdriver/remote/webdriver.py:257: in __init__\n    self.start_session(capabilities)\n/opt/hostedtoolcache/Python/3.10.19/x64/lib/python3.10/site-packages/selenium/webdriver/remote/webdriver.py:352: in start_session\n    response = self.execute(Command.NEW_SESSION, caps)[\"value\"]\n/opt/hostedtoolcache/Python/3.10.19/x64/lib/python3.10/site-packages/selenium/webdriver/remote/webdriver.py:432: in execute\n    self.error_handler.check_response(response)\n/opt/hostedtoolcache/Python/3.10.19/x64/lib/python3.10/site-packages/selenium/webdriver/remote/errorhandler.py:232: in check_response\n    raise exception_class(message, screen, stacktrace)\nE   selenium.common.exceptions.SessionNotCreatedException: Message: session not created: Chrome instance exited. Examine ChromeDriver verbose log to determine the cause.; For documentation on this error, please visit: https://www.selenium.dev/documentation/webdriver/troubleshooting/errors#sessionnotcreatedexception\nE   Stacktrace:\nE   #0 0x557ecfac961a <unknown>\nE   #1 0x557ecf54620b <unknown>\nE   #2 0x557ecf58030d <unknown>\nE   #3 0x557ecf57bcc3 <unknown>\nE   #4 0x557ecf5cb85c <unknown>\nE   #5 0x557ecf5caf7c <unknown>\nE   #6 0x557ecf58a232 <unknown>\nE   #7 0x557ecf58aee1 <unknown>\nE   #8 0x557ecfa923f9 <unknown>\nE   #9 0x557ecfa9534d <unknown>\nE   #10 0x557ecfa7b122 <unknown>\nE   #11 0x557ecfa95f2b <unknown>\nE   #12 0x557ecfa61c30 <unknown>\nE   #13 0x557ecfab6d78 <unknown>\nE   #14 0x557ecfab6f4c <unknown>\nE   #15 0x557ecfac8973 <unknown>\nE   #16 0x7fa5e649caa4 <unknown>\nE   #17 0x7fa5e6529c6c <unknown>","flaky":false,"newFailed":false,"newBroken":false,"newPassed":false,"retriesCount":0,"retriesStatusChange":false,"beforeStages":[{"name":"clean_directories_at_start","time":{"start":1766652346285,"stop":1766652346286,"duration":1},"status":"passed","steps":[],"attachments":[],"parameters":[],"shouldDisplayMessage":false,"stepsCount":0,"attachmentsCount":0,"hasContent":false,"attachmentStep":false},{"name":"_unittest_setUpClass_fixture_TestFilesUpload","time":{"start":1766652346286,"stop":1766652346286,"duration":0},"status":"passed","steps":[],"attachments":[],"parameters":[],"shouldDisplayMessage":false,"stepsCount":0,"attachmentsCount":0,"hasContent":false,"attachmentStep":false},{"name":"_inject_request","time":{"start":1766652401923,"stop":1766652401923,"duration":0},"status":"passed","steps":[],"attachments":[],"parameters":[],"shouldDisplayMessage":false,"stepsCount":0,"attachmentsCount":0,"hasContent":false,"attachmentStep":false},{"name":"bind_test_context","time":{"start":1766652401923,"stop":1766652401923,"duration":0},"status":"passed","steps":[],"attachments":[],"parameters":[],"shouldDisplayMessage":false,"stepsCount":0,"attachmentsCount":0,"hasContent":false,"attachmentStep":false}],"afterStages":[{"name":"_unittest_setUpClass_fixture_TestFilesUpload::0","time":{"start":1766652416900,"stop":1766652416900,"duration":0},"status":"passed","steps":[],"attachments":[],"parameters":[],"shouldDisplayMessage":false,"stepsCount":0,"attachmentsCount":0,"hasContent":false,"attachmentStep":false}],"labels":[{"name":"suite","value":"Files Upload"},{"name":"parentSuite","value":"UI Test Suite"},{"name":"severity","value":"normal"},{"name":"subSuite","value":"Tests Files Upload functionality"},{"name":"tag","value":"ui"},{"name":"tag","value":"regression"},{"name":"host","value":"runnervmh13bl"},{"name":"thread","value":"3080-MainThread"},{"name":"framework","value":"pytest"},{"name":"language","value":"cpython3"},{"name":"package","value":"tests.ui_test_suite.test_files_upload.test_files_upload"},{"name":"resultFormat","value":"allure2"}],"parameters":[],"links":[],"hidden":true,"retry":true,"extra":{"categories":[],"tags":["ui","regression"]},"source":"39fde8097406fab1.json","parameterValues":[]}