{"uid":"3b40c46acefbb19e","name":"test_inputs_functionality","fullName":"tests.ui_test_suite.test_inputs.TestInputs#test_inputs_functionality","historyId":"0ba2a706cbdaab308176300e663b68cb","time":{"start":1766652555101,"stop":1766652555906,"duration":805},"status":"broken","statusMessage":"selenium.common.exceptions.SessionNotCreatedException: Message: session not created: Chrome instance exited. Examine ChromeDriver verbose log to determine the cause.; For documentation on this error, please visit: https://www.selenium.dev/documentation/webdriver/troubleshooting/errors#sessionnotcreatedexception\nStacktrace:\n#0 0x555809a4061a <unknown>\n#1 0x5558094bd20b <unknown>\n#2 0x5558094f730d <unknown>\n#3 0x5558094f2cc3 <unknown>\n#4 0x55580954285c <unknown>\n#5 0x555809541f7c <unknown>\n#6 0x555809501232 <unknown>\n#7 0x555809501ee1 <unknown>\n#8 0x555809a093f9 <unknown>\n#9 0x555809a0c34d <unknown>\n#10 0x5558099f2122 <unknown>\n#11 0x555809a0cf2b <unknown>\n#12 0x5558099d8c30 <unknown>\n#13 0x555809a2dd78 <unknown>\n#14 0x555809a2df4c <unknown>\n#15 0x555809a3f973 <unknown>\n#16 0x7f70eba9caa4 <unknown>\n#17 0x7f70ebb29c6c <unknown>","statusTrace":"/opt/hostedtoolcache/Python/3.10.19/x64/lib/python3.10/site-packages/seleniumbase/core/browser_launcher.py:6052: in get_local_driver\n    driver = webdriver.Chrome(options=chrome_options)\n/opt/hostedtoolcache/Python/3.10.19/x64/lib/python3.10/site-packages/selenium/webdriver/chrome/webdriver.py:46: in __init__\n    super().__init__(\n/opt/hostedtoolcache/Python/3.10.19/x64/lib/python3.10/site-packages/selenium/webdriver/chromium/webdriver.py:67: in __init__\n    super().__init__(command_executor=executor, options=options)\n/opt/hostedtoolcache/Python/3.10.19/x64/lib/python3.10/site-packages/selenium/webdriver/remote/webdriver.py:257: in __init__\n    self.start_session(capabilities)\n/opt/hostedtoolcache/Python/3.10.19/x64/lib/python3.10/site-packages/selenium/webdriver/remote/webdriver.py:352: in start_session\n    response = self.execute(Command.NEW_SESSION, caps)[\"value\"]\n/opt/hostedtoolcache/Python/3.10.19/x64/lib/python3.10/site-packages/selenium/webdriver/remote/webdriver.py:432: in execute\n    self.error_handler.check_response(response)\n/opt/hostedtoolcache/Python/3.10.19/x64/lib/python3.10/site-packages/selenium/webdriver/remote/errorhandler.py:232: in check_response\n    raise exception_class(message, screen, stacktrace)\nE   selenium.common.exceptions.SessionNotCreatedException: Message: session not created: Chrome instance exited. Examine ChromeDriver verbose log to determine the cause.; For documentation on this error, please visit: https://www.selenium.dev/documentation/webdriver/troubleshooting/errors#sessionnotcreatedexception\nE   Stacktrace:\nE   #0 0x56329b05961a <unknown>\nE   #1 0x56329aad620b <unknown>\nE   #2 0x56329ab1030d <unknown>\nE   #3 0x56329ab0bcc3 <unknown>\nE   #4 0x56329ab5b85c <unknown>\nE   #5 0x56329ab5af7c <unknown>\nE   #6 0x56329ab1a232 <unknown>\nE   #7 0x56329ab1aee1 <unknown>\nE   #8 0x56329b0223f9 <unknown>\nE   #9 0x56329b02534d <unknown>\nE   #10 0x56329b00b122 <unknown>\nE   #11 0x56329b025f2b <unknown>\nE   #12 0x56329aff1c30 <unknown>\nE   #13 0x56329b046d78 <unknown>\nE   #14 0x56329b046f4c <unknown>\nE   #15 0x56329b058973 <unknown>\nE   #16 0x7ff7bee9caa4 <unknown>\nE   #17 0x7ff7bef29c6c <unknown>\n\nDuring handling of the above exception, another exception occurred:\nsrc/pages/base/ui_base_case.py:59: in setUp\n    super().setUp()\n/opt/hostedtoolcache/Python/3.10.19/x64/lib/python3.10/site-packages/seleniumbase/fixtures/base_case.py:15720: in setUp\n    self.driver = self.get_new_driver(\nsrc/pages/base/ui_base_case.py:32: in get_new_driver\n    driver = super().get_new_driver(*args, **kwargs)\n/opt/hostedtoolcache/Python/3.10.19/x64/lib/python3.10/site-packages/seleniumbase/fixtures/base_case.py:4308: in get_new_driver\n    new_driver = browser_launcher.get_driver(\n/opt/hostedtoolcache/Python/3.10.19/x64/lib/python3.10/site-packages/seleniumbase/core/browser_launcher.py:3543: in get_driver\n    return get_local_driver(\n/opt/hostedtoolcache/Python/3.10.19/x64/lib/python3.10/site-packages/seleniumbase/core/browser_launcher.py:6139: in get_local_driver\n    driver = webdriver.Chrome(\n/opt/hostedtoolcache/Python/3.10.19/x64/lib/python3.10/site-packages/selenium/webdriver/chrome/webdriver.py:46: in __init__\n    super().__init__(\n/opt/hostedtoolcache/Python/3.10.19/x64/lib/python3.10/site-packages/selenium/webdriver/chromium/webdriver.py:67: in __init__\n    super().__init__(command_executor=executor, options=options)\n/opt/hostedtoolcache/Python/3.10.19/x64/lib/python3.10/site-packages/selenium/webdriver/remote/webdriver.py:257: in __init__\n    self.start_session(capabilities)\n/opt/hostedtoolcache/Python/3.10.19/x64/lib/python3.10/site-packages/selenium/webdriver/remote/webdriver.py:352: in start_session\n    response = self.execute(Command.NEW_SESSION, caps)[\"value\"]\n/opt/hostedtoolcache/Python/3.10.19/x64/lib/python3.10/site-packages/selenium/webdriver/remote/webdriver.py:432: in execute\n    self.error_handler.check_response(response)\n/opt/hostedtoolcache/Python/3.10.19/x64/lib/python3.10/site-packages/selenium/webdriver/remote/errorhandler.py:232: in check_response\n    raise exception_class(message, screen, stacktrace)\nE   selenium.common.exceptions.SessionNotCreatedException: Message: session not created: Chrome instance exited. Examine ChromeDriver verbose log to determine the cause.; For documentation on this error, please visit: https://www.selenium.dev/documentation/webdriver/troubleshooting/errors#sessionnotcreatedexception\nE   Stacktrace:\nE   #0 0x555809a4061a <unknown>\nE   #1 0x5558094bd20b <unknown>\nE   #2 0x5558094f730d <unknown>\nE   #3 0x5558094f2cc3 <unknown>\nE   #4 0x55580954285c <unknown>\nE   #5 0x555809541f7c <unknown>\nE   #6 0x555809501232 <unknown>\nE   #7 0x555809501ee1 <unknown>\nE   #8 0x555809a093f9 <unknown>\nE   #9 0x555809a0c34d <unknown>\nE   #10 0x5558099f2122 <unknown>\nE   #11 0x555809a0cf2b <unknown>\nE   #12 0x5558099d8c30 <unknown>\nE   #13 0x555809a2dd78 <unknown>\nE   #14 0x555809a2df4c <unknown>\nE   #15 0x555809a3f973 <unknown>\nE   #16 0x7f70eba9caa4 <unknown>\nE   #17 0x7f70ebb29c6c <unknown>","flaky":false,"newFailed":false,"newBroken":false,"newPassed":false,"retriesCount":0,"retriesStatusChange":false,"beforeStages":[{"name":"clean_directories_at_start","time":{"start":1766652346286,"stop":1766652346287,"duration":1},"status":"passed","steps":[],"attachments":[],"parameters":[],"shouldDisplayMessage":false,"stepsCount":0,"attachmentsCount":0,"hasContent":false,"attachmentStep":false},{"name":"_inject_request","time":{"start":1766652555100,"stop":1766652555100,"duration":0},"status":"passed","steps":[],"attachments":[],"parameters":[],"shouldDisplayMessage":false,"stepsCount":0,"attachmentsCount":0,"hasContent":false,"attachmentStep":false},{"name":"_unittest_setUpClass_fixture_TestInputs","time":{"start":1766652555100,"stop":1766652555100,"duration":0},"status":"passed","steps":[],"attachments":[],"parameters":[],"shouldDisplayMessage":false,"stepsCount":0,"attachmentsCount":0,"hasContent":false,"attachmentStep":false},{"name":"bind_test_context","time":{"start":1766652555100,"stop":1766652555100,"duration":0},"status":"passed","steps":[],"attachments":[],"parameters":[],"shouldDisplayMessage":false,"stepsCount":0,"attachmentsCount":0,"hasContent":false,"attachmentStep":false}],"afterStages":[{"name":"_unittest_setUpClass_fixture_TestInputs::0","time":{"start":1766652560415,"stop":1766652560415,"duration":0},"status":"passed","steps":[],"attachments":[],"parameters":[],"shouldDisplayMessage":false,"stepsCount":0,"attachmentsCount":0,"hasContent":false,"attachmentStep":false}],"labels":[{"name":"subSuite","value":"Tests Inputs functionality"},{"name":"parentSuite","value":"UI Test Suite"},{"name":"suite","value":"Inputs"},{"name":"severity","value":"normal"},{"name":"tag","value":"ui"},{"name":"tag","value":"regression"},{"name":"host","value":"runnervmh13bl"},{"name":"thread","value":"3086-MainThread"},{"name":"framework","value":"pytest"},{"name":"language","value":"cpython3"},{"name":"package","value":"tests.ui_test_suite.test_inputs"},{"name":"resultFormat","value":"allure2"}],"parameters":[],"links":[],"hidden":true,"retry":true,"extra":{"categories":[],"tags":["ui","regression"]},"source":"3b40c46acefbb19e.json","parameterValues":[]}