{"uid":"430a6d6d0a659faa","name":"test_table_header_per_column_4_Amet","fullName":"tests.ui_test_suite.test_challenging_dom.TestChallengingDom#test_table_header_per_column_4_Amet","historyId":"d2e2f6381e7e38933298e9eb1f37c97f","time":{"start":1766652539095,"stop":1766652539782,"duration":687},"status":"broken","statusMessage":"selenium.common.exceptions.SessionNotCreatedException: Message: session not created: Chrome instance exited. Examine ChromeDriver verbose log to determine the cause.; For documentation on this error, please visit: https://www.selenium.dev/documentation/webdriver/troubleshooting/errors#sessionnotcreatedexception\nStacktrace:\n#0 0x564f07e8561a <unknown>\n#1 0x564f0790220b <unknown>\n#2 0x564f0793c30d <unknown>\n#3 0x564f07937cc3 <unknown>\n#4 0x564f0798785c <unknown>\n#5 0x564f07986f7c <unknown>\n#6 0x564f07946232 <unknown>\n#7 0x564f07946ee1 <unknown>\n#8 0x564f07e4e3f9 <unknown>\n#9 0x564f07e5134d <unknown>\n#10 0x564f07e37122 <unknown>\n#11 0x564f07e51f2b <unknown>\n#12 0x564f07e1dc30 <unknown>\n#13 0x564f07e72d78 <unknown>\n#14 0x564f07e72f4c <unknown>\n#15 0x564f07e84973 <unknown>\n#16 0x7fbec169caa4 <unknown>\n#17 0x7fbec1729c6c <unknown>","statusTrace":"/opt/hostedtoolcache/Python/3.10.19/x64/lib/python3.10/site-packages/seleniumbase/core/browser_launcher.py:6052: in get_local_driver\n    driver = webdriver.Chrome(options=chrome_options)\n/opt/hostedtoolcache/Python/3.10.19/x64/lib/python3.10/site-packages/selenium/webdriver/chrome/webdriver.py:46: in __init__\n    super().__init__(\n/opt/hostedtoolcache/Python/3.10.19/x64/lib/python3.10/site-packages/selenium/webdriver/chromium/webdriver.py:67: in __init__\n    super().__init__(command_executor=executor, options=options)\n/opt/hostedtoolcache/Python/3.10.19/x64/lib/python3.10/site-packages/selenium/webdriver/remote/webdriver.py:257: in __init__\n    self.start_session(capabilities)\n/opt/hostedtoolcache/Python/3.10.19/x64/lib/python3.10/site-packages/selenium/webdriver/remote/webdriver.py:352: in start_session\n    response = self.execute(Command.NEW_SESSION, caps)[\"value\"]\n/opt/hostedtoolcache/Python/3.10.19/x64/lib/python3.10/site-packages/selenium/webdriver/remote/webdriver.py:432: in execute\n    self.error_handler.check_response(response)\n/opt/hostedtoolcache/Python/3.10.19/x64/lib/python3.10/site-packages/selenium/webdriver/remote/errorhandler.py:232: in check_response\n    raise exception_class(message, screen, stacktrace)\nE   selenium.common.exceptions.SessionNotCreatedException: Message: session not created: Chrome instance exited. Examine ChromeDriver verbose log to determine the cause.; For documentation on this error, please visit: https://www.selenium.dev/documentation/webdriver/troubleshooting/errors#sessionnotcreatedexception\nE   Stacktrace:\nE   #0 0x56207437761a <unknown>\nE   #1 0x562073df420b <unknown>\nE   #2 0x562073e2e30d <unknown>\nE   #3 0x562073e29cc3 <unknown>\nE   #4 0x562073e7985c <unknown>\nE   #5 0x562073e78f7c <unknown>\nE   #6 0x562073e38232 <unknown>\nE   #7 0x562073e38ee1 <unknown>\nE   #8 0x5620743403f9 <unknown>\nE   #9 0x56207434334d <unknown>\nE   #10 0x562074329122 <unknown>\nE   #11 0x562074343f2b <unknown>\nE   #12 0x56207430fc30 <unknown>\nE   #13 0x562074364d78 <unknown>\nE   #14 0x562074364f4c <unknown>\nE   #15 0x562074376973 <unknown>\nE   #16 0x7f8d5a89caa4 <unknown>\nE   #17 0x7f8d5a929c6c <unknown>\n\nDuring handling of the above exception, another exception occurred:\nsrc/pages/base/ui_base_case.py:59: in setUp\n    super().setUp()\n/opt/hostedtoolcache/Python/3.10.19/x64/lib/python3.10/site-packages/seleniumbase/fixtures/base_case.py:15720: in setUp\n    self.driver = self.get_new_driver(\nsrc/pages/base/ui_base_case.py:32: in get_new_driver\n    driver = super().get_new_driver(*args, **kwargs)\n/opt/hostedtoolcache/Python/3.10.19/x64/lib/python3.10/site-packages/seleniumbase/fixtures/base_case.py:4308: in get_new_driver\n    new_driver = browser_launcher.get_driver(\n/opt/hostedtoolcache/Python/3.10.19/x64/lib/python3.10/site-packages/seleniumbase/core/browser_launcher.py:3543: in get_driver\n    return get_local_driver(\n/opt/hostedtoolcache/Python/3.10.19/x64/lib/python3.10/site-packages/seleniumbase/core/browser_launcher.py:6139: in get_local_driver\n    driver = webdriver.Chrome(\n/opt/hostedtoolcache/Python/3.10.19/x64/lib/python3.10/site-packages/selenium/webdriver/chrome/webdriver.py:46: in __init__\n    super().__init__(\n/opt/hostedtoolcache/Python/3.10.19/x64/lib/python3.10/site-packages/selenium/webdriver/chromium/webdriver.py:67: in __init__\n    super().__init__(command_executor=executor, options=options)\n/opt/hostedtoolcache/Python/3.10.19/x64/lib/python3.10/site-packages/selenium/webdriver/remote/webdriver.py:257: in __init__\n    self.start_session(capabilities)\n/opt/hostedtoolcache/Python/3.10.19/x64/lib/python3.10/site-packages/selenium/webdriver/remote/webdriver.py:352: in start_session\n    response = self.execute(Command.NEW_SESSION, caps)[\"value\"]\n/opt/hostedtoolcache/Python/3.10.19/x64/lib/python3.10/site-packages/selenium/webdriver/remote/webdriver.py:432: in execute\n    self.error_handler.check_response(response)\n/opt/hostedtoolcache/Python/3.10.19/x64/lib/python3.10/site-packages/selenium/webdriver/remote/errorhandler.py:232: in check_response\n    raise exception_class(message, screen, stacktrace)\nE   selenium.common.exceptions.SessionNotCreatedException: Message: session not created: Chrome instance exited. Examine ChromeDriver verbose log to determine the cause.; For documentation on this error, please visit: https://www.selenium.dev/documentation/webdriver/troubleshooting/errors#sessionnotcreatedexception\nE   Stacktrace:\nE   #0 0x564f07e8561a <unknown>\nE   #1 0x564f0790220b <unknown>\nE   #2 0x564f0793c30d <unknown>\nE   #3 0x564f07937cc3 <unknown>\nE   #4 0x564f0798785c <unknown>\nE   #5 0x564f07986f7c <unknown>\nE   #6 0x564f07946232 <unknown>\nE   #7 0x564f07946ee1 <unknown>\nE   #8 0x564f07e4e3f9 <unknown>\nE   #9 0x564f07e5134d <unknown>\nE   #10 0x564f07e37122 <unknown>\nE   #11 0x564f07e51f2b <unknown>\nE   #12 0x564f07e1dc30 <unknown>\nE   #13 0x564f07e72d78 <unknown>\nE   #14 0x564f07e72f4c <unknown>\nE   #15 0x564f07e84973 <unknown>\nE   #16 0x7fbec169caa4 <unknown>\nE   #17 0x7fbec1729c6c <unknown>","flaky":false,"newFailed":false,"newBroken":false,"newPassed":false,"retriesCount":0,"retriesStatusChange":false,"beforeStages":[{"name":"clean_directories_at_start","time":{"start":1766652346285,"stop":1766652346286,"duration":1},"status":"passed","steps":[],"attachments":[],"parameters":[],"shouldDisplayMessage":false,"stepsCount":0,"attachmentsCount":0,"hasContent":false,"attachmentStep":false},{"name":"_unittest_setUpClass_fixture_TestChallengingDom","time":{"start":1766652346286,"stop":1766652346286,"duration":0},"status":"passed","steps":[],"attachments":[],"parameters":[],"shouldDisplayMessage":false,"stepsCount":0,"attachmentsCount":0,"hasContent":false,"attachmentStep":false},{"name":"_inject_request","time":{"start":1766652539094,"stop":1766652539094,"duration":0},"status":"passed","steps":[],"attachments":[],"parameters":[],"shouldDisplayMessage":false,"stepsCount":0,"attachmentsCount":0,"hasContent":false,"attachmentStep":false},{"name":"bind_test_context","time":{"start":1766652539094,"stop":1766652539094,"duration":0},"status":"passed","steps":[],"attachments":[],"parameters":[],"shouldDisplayMessage":false,"stepsCount":0,"attachmentsCount":0,"hasContent":false,"attachmentStep":false}],"afterStages":[{"name":"_unittest_setUpClass_fixture_TestChallengingDom::0","time":{"start":1766652556782,"stop":1766652556782,"duration":0},"status":"passed","steps":[],"attachments":[],"parameters":[],"shouldDisplayMessage":false,"stepsCount":0,"attachmentsCount":0,"hasContent":false,"attachmentStep":false}],"labels":[{"name":"parentSuite","value":"UI Test Suite"},{"name":"suite","value":"Challenging DOM"},{"name":"severity","value":"normal"},{"name":"subSuite","value":"Verify Challenging DOM buttons interactions and table content"},{"name":"tag","value":"ui"},{"name":"tag","value":"smoke"},{"name":"tag","value":"regression"},{"name":"host","value":"runnervmh13bl"},{"name":"thread","value":"3077-MainThread"},{"name":"framework","value":"pytest"},{"name":"language","value":"cpython3"},{"name":"package","value":"tests.ui_test_suite.test_challenging_dom"},{"name":"resultFormat","value":"allure2"}],"parameters":[],"links":[],"hidden":true,"retry":true,"extra":{"categories":[],"tags":["ui","regression","smoke"]},"source":"430a6d6d0a659faa.json","parameterValues":[]}