{"uid":"435cab1be642fd9c","name":"test_checkbox_remove_and_add","fullName":"tests.ui_test_suite.test_dynamic_controls.TestDynamicControls#test_checkbox_remove_and_add","historyId":"dc1c6b28267c4e27ddeed11c5c11c377","time":{"start":1766652457800,"stop":1766652458491,"duration":691},"status":"broken","statusMessage":"selenium.common.exceptions.SessionNotCreatedException: Message: session not created: Chrome instance exited. Examine ChromeDriver verbose log to determine the cause.; For documentation on this error, please visit: https://www.selenium.dev/documentation/webdriver/troubleshooting/errors#sessionnotcreatedexception\nStacktrace:\n#0 0x55e01ad8161a <unknown>\n#1 0x55e01a7fe20b <unknown>\n#2 0x55e01a83830d <unknown>\n#3 0x55e01a833cc3 <unknown>\n#4 0x55e01a88385c <unknown>\n#5 0x55e01a882f7c <unknown>\n#6 0x55e01a842232 <unknown>\n#7 0x55e01a842ee1 <unknown>\n#8 0x55e01ad4a3f9 <unknown>\n#9 0x55e01ad4d34d <unknown>\n#10 0x55e01ad33122 <unknown>\n#11 0x55e01ad4df2b <unknown>\n#12 0x55e01ad19c30 <unknown>\n#13 0x55e01ad6ed78 <unknown>\n#14 0x55e01ad6ef4c <unknown>\n#15 0x55e01ad80973 <unknown>\n#16 0x7fb53609caa4 <unknown>\n#17 0x7fb536129c6c <unknown>","statusTrace":"/opt/hostedtoolcache/Python/3.10.19/x64/lib/python3.10/site-packages/seleniumbase/core/browser_launcher.py:6052: in get_local_driver\n    driver = webdriver.Chrome(options=chrome_options)\n/opt/hostedtoolcache/Python/3.10.19/x64/lib/python3.10/site-packages/selenium/webdriver/chrome/webdriver.py:46: in __init__\n    super().__init__(\n/opt/hostedtoolcache/Python/3.10.19/x64/lib/python3.10/site-packages/selenium/webdriver/chromium/webdriver.py:67: in __init__\n    super().__init__(command_executor=executor, options=options)\n/opt/hostedtoolcache/Python/3.10.19/x64/lib/python3.10/site-packages/selenium/webdriver/remote/webdriver.py:257: in __init__\n    self.start_session(capabilities)\n/opt/hostedtoolcache/Python/3.10.19/x64/lib/python3.10/site-packages/selenium/webdriver/remote/webdriver.py:352: in start_session\n    response = self.execute(Command.NEW_SESSION, caps)[\"value\"]\n/opt/hostedtoolcache/Python/3.10.19/x64/lib/python3.10/site-packages/selenium/webdriver/remote/webdriver.py:432: in execute\n    self.error_handler.check_response(response)\n/opt/hostedtoolcache/Python/3.10.19/x64/lib/python3.10/site-packages/selenium/webdriver/remote/errorhandler.py:232: in check_response\n    raise exception_class(message, screen, stacktrace)\nE   selenium.common.exceptions.SessionNotCreatedException: Message: session not created: Chrome instance exited. Examine ChromeDriver verbose log to determine the cause.; For documentation on this error, please visit: https://www.selenium.dev/documentation/webdriver/troubleshooting/errors#sessionnotcreatedexception\nE   Stacktrace:\nE   #0 0x556e6847761a <unknown>\nE   #1 0x556e67ef420b <unknown>\nE   #2 0x556e67f2e30d <unknown>\nE   #3 0x556e67f29cc3 <unknown>\nE   #4 0x556e67f7985c <unknown>\nE   #5 0x556e67f78f7c <unknown>\nE   #6 0x556e67f38232 <unknown>\nE   #7 0x556e67f38ee1 <unknown>\nE   #8 0x556e684403f9 <unknown>\nE   #9 0x556e6844334d <unknown>\nE   #10 0x556e68429122 <unknown>\nE   #11 0x556e68443f2b <unknown>\nE   #12 0x556e6840fc30 <unknown>\nE   #13 0x556e68464d78 <unknown>\nE   #14 0x556e68464f4c <unknown>\nE   #15 0x556e68476973 <unknown>\nE   #16 0x7fef2ca9caa4 <unknown>\nE   #17 0x7fef2cb29c6c <unknown>\n\nDuring handling of the above exception, another exception occurred:\nsrc/pages/base/ui_base_case.py:59: in setUp\n    super().setUp()\n/opt/hostedtoolcache/Python/3.10.19/x64/lib/python3.10/site-packages/seleniumbase/fixtures/base_case.py:15720: in setUp\n    self.driver = self.get_new_driver(\nsrc/pages/base/ui_base_case.py:32: in get_new_driver\n    driver = super().get_new_driver(*args, **kwargs)\n/opt/hostedtoolcache/Python/3.10.19/x64/lib/python3.10/site-packages/seleniumbase/fixtures/base_case.py:4308: in get_new_driver\n    new_driver = browser_launcher.get_driver(\n/opt/hostedtoolcache/Python/3.10.19/x64/lib/python3.10/site-packages/seleniumbase/core/browser_launcher.py:3543: in get_driver\n    return get_local_driver(\n/opt/hostedtoolcache/Python/3.10.19/x64/lib/python3.10/site-packages/seleniumbase/core/browser_launcher.py:6139: in get_local_driver\n    driver = webdriver.Chrome(\n/opt/hostedtoolcache/Python/3.10.19/x64/lib/python3.10/site-packages/selenium/webdriver/chrome/webdriver.py:46: in __init__\n    super().__init__(\n/opt/hostedtoolcache/Python/3.10.19/x64/lib/python3.10/site-packages/selenium/webdriver/chromium/webdriver.py:67: in __init__\n    super().__init__(command_executor=executor, options=options)\n/opt/hostedtoolcache/Python/3.10.19/x64/lib/python3.10/site-packages/selenium/webdriver/remote/webdriver.py:257: in __init__\n    self.start_session(capabilities)\n/opt/hostedtoolcache/Python/3.10.19/x64/lib/python3.10/site-packages/selenium/webdriver/remote/webdriver.py:352: in start_session\n    response = self.execute(Command.NEW_SESSION, caps)[\"value\"]\n/opt/hostedtoolcache/Python/3.10.19/x64/lib/python3.10/site-packages/selenium/webdriver/remote/webdriver.py:432: in execute\n    self.error_handler.check_response(response)\n/opt/hostedtoolcache/Python/3.10.19/x64/lib/python3.10/site-packages/selenium/webdriver/remote/errorhandler.py:232: in check_response\n    raise exception_class(message, screen, stacktrace)\nE   selenium.common.exceptions.SessionNotCreatedException: Message: session not created: Chrome instance exited. Examine ChromeDriver verbose log to determine the cause.; For documentation on this error, please visit: https://www.selenium.dev/documentation/webdriver/troubleshooting/errors#sessionnotcreatedexception\nE   Stacktrace:\nE   #0 0x55e01ad8161a <unknown>\nE   #1 0x55e01a7fe20b <unknown>\nE   #2 0x55e01a83830d <unknown>\nE   #3 0x55e01a833cc3 <unknown>\nE   #4 0x55e01a88385c <unknown>\nE   #5 0x55e01a882f7c <unknown>\nE   #6 0x55e01a842232 <unknown>\nE   #7 0x55e01a842ee1 <unknown>\nE   #8 0x55e01ad4a3f9 <unknown>\nE   #9 0x55e01ad4d34d <unknown>\nE   #10 0x55e01ad33122 <unknown>\nE   #11 0x55e01ad4df2b <unknown>\nE   #12 0x55e01ad19c30 <unknown>\nE   #13 0x55e01ad6ed78 <unknown>\nE   #14 0x55e01ad6ef4c <unknown>\nE   #15 0x55e01ad80973 <unknown>\nE   #16 0x7fb53609caa4 <unknown>\nE   #17 0x7fb536129c6c <unknown>","flaky":false,"newFailed":false,"newBroken":false,"newPassed":false,"retriesCount":0,"retriesStatusChange":false,"beforeStages":[{"name":"clean_directories_at_start","time":{"start":1766652346285,"stop":1766652346286,"duration":1},"status":"passed","steps":[],"attachments":[],"parameters":[],"shouldDisplayMessage":false,"stepsCount":0,"attachmentsCount":0,"hasContent":false,"attachmentStep":false},{"name":"bind_test_context","time":{"start":1766652457799,"stop":1766652457799,"duration":0},"status":"passed","steps":[],"attachments":[],"parameters":[],"shouldDisplayMessage":false,"stepsCount":0,"attachmentsCount":0,"hasContent":false,"attachmentStep":false},{"name":"_unittest_setUpClass_fixture_TestDynamicControls","time":{"start":1766652457799,"stop":1766652457799,"duration":0},"status":"passed","steps":[],"attachments":[],"parameters":[],"shouldDisplayMessage":false,"stepsCount":0,"attachmentsCount":0,"hasContent":false,"attachmentStep":false},{"name":"_inject_request","time":{"start":1766652457800,"stop":1766652457800,"duration":0},"status":"passed","steps":[],"attachments":[],"parameters":[],"shouldDisplayMessage":false,"stepsCount":0,"attachmentsCount":0,"hasContent":false,"attachmentStep":false}],"afterStages":[{"name":"_unittest_setUpClass_fixture_TestDynamicControls::0","time":{"start":1766652491720,"stop":1766652491720,"duration":0},"status":"passed","steps":[],"attachments":[],"parameters":[],"shouldDisplayMessage":false,"stepsCount":0,"attachmentsCount":0,"hasContent":false,"attachmentStep":false}],"labels":[{"name":"severity","value":"normal"},{"name":"suite","value":"Dynamic Controls"},{"name":"subSuite","value":"Tests Dynamic Controls functionality"},{"name":"parentSuite","value":"UI Test Suite"},{"name":"tag","value":"ui"},{"name":"tag","value":"regression"},{"name":"host","value":"runnervmh13bl"},{"name":"thread","value":"3083-MainThread"},{"name":"framework","value":"pytest"},{"name":"language","value":"cpython3"},{"name":"package","value":"tests.ui_test_suite.test_dynamic_controls"},{"name":"resultFormat","value":"allure2"}],"parameters":[],"links":[],"hidden":true,"retry":true,"extra":{"categories":[],"tags":["ui","regression"]},"source":"435cab1be642fd9c.json","parameterValues":[]}