{"uid":"43a0632f8670250f","name":"test_floating_menu_functionality_3_About","fullName":"tests.ui_test_suite.test_floating_menu.TestFloatingMenu#test_floating_menu_functionality_3_About","historyId":"9092794904b245dacae1fadf9473e2a3","time":{"start":1766652421019,"stop":1766652421813,"duration":794},"status":"broken","statusMessage":"selenium.common.exceptions.SessionNotCreatedException: Message: session not created: Chrome instance exited. Examine ChromeDriver verbose log to determine the cause.; For documentation on this error, please visit: https://www.selenium.dev/documentation/webdriver/troubleshooting/errors#sessionnotcreatedexception\nStacktrace:\n#0 0x55c2022b261a <unknown>\n#1 0x55c201d2f20b <unknown>\n#2 0x55c201d6930d <unknown>\n#3 0x55c201d64cc3 <unknown>\n#4 0x55c201db485c <unknown>\n#5 0x55c201db3f7c <unknown>\n#6 0x55c201d73232 <unknown>\n#7 0x55c201d73ee1 <unknown>\n#8 0x55c20227b3f9 <unknown>\n#9 0x55c20227e34d <unknown>\n#10 0x55c202264122 <unknown>\n#11 0x55c20227ef2b <unknown>\n#12 0x55c20224ac30 <unknown>\n#13 0x55c20229fd78 <unknown>\n#14 0x55c20229ff4c <unknown>\n#15 0x55c2022b1973 <unknown>\n#16 0x7efd92c9caa4 <unknown>\n#17 0x7efd92d29c6c <unknown>","statusTrace":"/opt/hostedtoolcache/Python/3.10.19/x64/lib/python3.10/site-packages/seleniumbase/core/browser_launcher.py:6052: in get_local_driver\n    driver = webdriver.Chrome(options=chrome_options)\n/opt/hostedtoolcache/Python/3.10.19/x64/lib/python3.10/site-packages/selenium/webdriver/chrome/webdriver.py:46: in __init__\n    super().__init__(\n/opt/hostedtoolcache/Python/3.10.19/x64/lib/python3.10/site-packages/selenium/webdriver/chromium/webdriver.py:67: in __init__\n    super().__init__(command_executor=executor, options=options)\n/opt/hostedtoolcache/Python/3.10.19/x64/lib/python3.10/site-packages/selenium/webdriver/remote/webdriver.py:257: in __init__\n    self.start_session(capabilities)\n/opt/hostedtoolcache/Python/3.10.19/x64/lib/python3.10/site-packages/selenium/webdriver/remote/webdriver.py:352: in start_session\n    response = self.execute(Command.NEW_SESSION, caps)[\"value\"]\n/opt/hostedtoolcache/Python/3.10.19/x64/lib/python3.10/site-packages/selenium/webdriver/remote/webdriver.py:432: in execute\n    self.error_handler.check_response(response)\n/opt/hostedtoolcache/Python/3.10.19/x64/lib/python3.10/site-packages/selenium/webdriver/remote/errorhandler.py:232: in check_response\n    raise exception_class(message, screen, stacktrace)\nE   selenium.common.exceptions.SessionNotCreatedException: Message: session not created: Chrome instance exited. Examine ChromeDriver verbose log to determine the cause.; For documentation on this error, please visit: https://www.selenium.dev/documentation/webdriver/troubleshooting/errors#sessionnotcreatedexception\nE   Stacktrace:\nE   #0 0x557106c1b61a <unknown>\nE   #1 0x55710669820b <unknown>\nE   #2 0x5571066d230d <unknown>\nE   #3 0x5571066cdcc3 <unknown>\nE   #4 0x55710671d85c <unknown>\nE   #5 0x55710671cf7c <unknown>\nE   #6 0x5571066dc232 <unknown>\nE   #7 0x5571066dcee1 <unknown>\nE   #8 0x557106be43f9 <unknown>\nE   #9 0x557106be734d <unknown>\nE   #10 0x557106bcd122 <unknown>\nE   #11 0x557106be7f2b <unknown>\nE   #12 0x557106bb3c30 <unknown>\nE   #13 0x557106c08d78 <unknown>\nE   #14 0x557106c08f4c <unknown>\nE   #15 0x557106c1a973 <unknown>\nE   #16 0x7fb1a169caa4 <unknown>\nE   #17 0x7fb1a1729c6c <unknown>\n\nDuring handling of the above exception, another exception occurred:\nsrc/pages/base/ui_base_case.py:59: in setUp\n    super().setUp()\n/opt/hostedtoolcache/Python/3.10.19/x64/lib/python3.10/site-packages/seleniumbase/fixtures/base_case.py:15720: in setUp\n    self.driver = self.get_new_driver(\nsrc/pages/base/ui_base_case.py:32: in get_new_driver\n    driver = super().get_new_driver(*args, **kwargs)\n/opt/hostedtoolcache/Python/3.10.19/x64/lib/python3.10/site-packages/seleniumbase/fixtures/base_case.py:4308: in get_new_driver\n    new_driver = browser_launcher.get_driver(\n/opt/hostedtoolcache/Python/3.10.19/x64/lib/python3.10/site-packages/seleniumbase/core/browser_launcher.py:3543: in get_driver\n    return get_local_driver(\n/opt/hostedtoolcache/Python/3.10.19/x64/lib/python3.10/site-packages/seleniumbase/core/browser_launcher.py:6139: in get_local_driver\n    driver = webdriver.Chrome(\n/opt/hostedtoolcache/Python/3.10.19/x64/lib/python3.10/site-packages/selenium/webdriver/chrome/webdriver.py:46: in __init__\n    super().__init__(\n/opt/hostedtoolcache/Python/3.10.19/x64/lib/python3.10/site-packages/selenium/webdriver/chromium/webdriver.py:67: in __init__\n    super().__init__(command_executor=executor, options=options)\n/opt/hostedtoolcache/Python/3.10.19/x64/lib/python3.10/site-packages/selenium/webdriver/remote/webdriver.py:257: in __init__\n    self.start_session(capabilities)\n/opt/hostedtoolcache/Python/3.10.19/x64/lib/python3.10/site-packages/selenium/webdriver/remote/webdriver.py:352: in start_session\n    response = self.execute(Command.NEW_SESSION, caps)[\"value\"]\n/opt/hostedtoolcache/Python/3.10.19/x64/lib/python3.10/site-packages/selenium/webdriver/remote/webdriver.py:432: in execute\n    self.error_handler.check_response(response)\n/opt/hostedtoolcache/Python/3.10.19/x64/lib/python3.10/site-packages/selenium/webdriver/remote/errorhandler.py:232: in check_response\n    raise exception_class(message, screen, stacktrace)\nE   selenium.common.exceptions.SessionNotCreatedException: Message: session not created: Chrome instance exited. Examine ChromeDriver verbose log to determine the cause.; For documentation on this error, please visit: https://www.selenium.dev/documentation/webdriver/troubleshooting/errors#sessionnotcreatedexception\nE   Stacktrace:\nE   #0 0x55c2022b261a <unknown>\nE   #1 0x55c201d2f20b <unknown>\nE   #2 0x55c201d6930d <unknown>\nE   #3 0x55c201d64cc3 <unknown>\nE   #4 0x55c201db485c <unknown>\nE   #5 0x55c201db3f7c <unknown>\nE   #6 0x55c201d73232 <unknown>\nE   #7 0x55c201d73ee1 <unknown>\nE   #8 0x55c20227b3f9 <unknown>\nE   #9 0x55c20227e34d <unknown>\nE   #10 0x55c202264122 <unknown>\nE   #11 0x55c20227ef2b <unknown>\nE   #12 0x55c20224ac30 <unknown>\nE   #13 0x55c20229fd78 <unknown>\nE   #14 0x55c20229ff4c <unknown>\nE   #15 0x55c2022b1973 <unknown>\nE   #16 0x7efd92c9caa4 <unknown>\nE   #17 0x7efd92d29c6c <unknown>","flaky":false,"newFailed":false,"newBroken":false,"newPassed":false,"retriesCount":3,"retriesStatusChange":false,"beforeStages":[{"name":"clean_directories_at_start","time":{"start":1766652346285,"stop":1766652346286,"duration":1},"status":"passed","steps":[],"attachments":[],"parameters":[],"shouldDisplayMessage":false,"stepsCount":0,"attachmentsCount":0,"hasContent":false,"attachmentStep":false},{"name":"_unittest_setUpClass_fixture_TestFloatingMenu","time":{"start":1766652346286,"stop":1766652346286,"duration":0},"status":"passed","steps":[],"attachments":[],"parameters":[],"shouldDisplayMessage":false,"stepsCount":0,"attachmentsCount":0,"hasContent":false,"attachmentStep":false},{"name":"bind_test_context","time":{"start":1766652421018,"stop":1766652421018,"duration":0},"status":"passed","steps":[],"attachments":[],"parameters":[],"shouldDisplayMessage":false,"stepsCount":0,"attachmentsCount":0,"hasContent":false,"attachmentStep":false},{"name":"_inject_request","time":{"start":1766652421018,"stop":1766652421018,"duration":0},"status":"passed","steps":[],"attachments":[],"parameters":[],"shouldDisplayMessage":false,"stepsCount":0,"attachmentsCount":0,"hasContent":false,"attachmentStep":false}],"afterStages":[{"name":"_unittest_setUpClass_fixture_TestFloatingMenu::0","time":{"start":1766652422703,"stop":1766652422703,"duration":0},"status":"passed","steps":[],"attachments":[],"parameters":[],"shouldDisplayMessage":false,"stepsCount":0,"attachmentsCount":0,"hasContent":false,"attachmentStep":false}],"labels":[{"name":"severity","value":"normal"},{"name":"subSuite","value":"Tests Floating Menu functionality"},{"name":"suite","value":"Floating Menu"},{"name":"parentSuite","value":"UI Test Suite"},{"name":"tag","value":"ui"},{"name":"tag","value":"regression"},{"name":"host","value":"runnervmh13bl"},{"name":"thread","value":"3083-MainThread"},{"name":"framework","value":"pytest"},{"name":"language","value":"cpython3"},{"name":"package","value":"tests.ui_test_suite.test_floating_menu"},{"name":"resultFormat","value":"allure2"}],"parameters":[],"links":[],"hidden":false,"retry":false,"extra":{"severity":"normal","retries":[{"uid":"5171cdbcecd97bc3","status":"broken","statusDetails":"selenium.common.exceptions.SessionNotCreatedException: Message: session not created: Chrome instance exited. Examine ChromeDriver verbose log to determine the cause.; For documentation on this error, please visit: https://www.selenium.dev/documentation/webdriver/troubleshooting/errors#sessionnotcreatedexception\nStacktrace:\n#0 0x559cec1ca61a <unknown>\n#1 0x559cebc4720b <unknown>\n#2 0x559cebc8130d <unknown>\n#3 0x559cebc7ccc3 <unknown>\n#4 0x559cebccc85c <unknown>\n#5 0x559cebccbf7c <unknown>\n#6 0x559cebc8b232 <unknown>\n#7 0x559cebc8bee1 <unknown>\n#8 0x559cec1933f9 <unknown>\n#9 0x559cec19634d <unknown>\n#10 0x559cec17c122 <unknown>\n#11 0x559cec196f2b <unknown>\n#12 0x559cec162c30 <unknown>\n#13 0x559cec1b7d78 <unknown>\n#14 0x559cec1b7f4c <unknown>\n#15 0x559cec1c9973 <unknown>\n#16 0x7f5daec9caa4 <unknown>\n#17 0x7f5daed29c6c <unknown>","time":{"start":1766652417301,"stop":1766652418107,"duration":806}},{"uid":"47f28b25c5c41ff2","status":"broken","statusDetails":"selenium.common.exceptions.SessionNotCreatedException: Message: session not created: Chrome instance exited. Examine ChromeDriver verbose log to determine the cause.; For documentation on this error, please visit: https://www.selenium.dev/documentation/webdriver/troubleshooting/errors#sessionnotcreatedexception\nStacktrace:\n#0 0x5648d0c9d61a <unknown>\n#1 0x5648d071a20b <unknown>\n#2 0x5648d075430d <unknown>\n#3 0x5648d074fcc3 <unknown>\n#4 0x5648d079f85c <unknown>\n#5 0x5648d079ef7c <unknown>\n#6 0x5648d075e232 <unknown>\n#7 0x5648d075eee1 <unknown>\n#8 0x5648d0c663f9 <unknown>\n#9 0x5648d0c6934d <unknown>\n#10 0x5648d0c4f122 <unknown>\n#11 0x5648d0c69f2b <unknown>\n#12 0x5648d0c35c30 <unknown>\n#13 0x5648d0c8ad78 <unknown>\n#14 0x5648d0c8af4c <unknown>\n#15 0x5648d0c9c973 <unknown>\n#16 0x7f745c69caa4 <unknown>\n#17 0x7f745c729c6c <unknown>","time":{"start":1766652413849,"stop":1766652414507,"duration":658}},{"uid":"c3848c3111ebbe2f","status":"broken","statusDetails":"selenium.common.exceptions.SessionNotCreatedException: Message: session not created: Chrome instance exited. Examine ChromeDriver verbose log to determine the cause.; For documentation on this error, please visit: https://www.selenium.dev/documentation/webdriver/troubleshooting/errors#sessionnotcreatedexception\nStacktrace:\n#0 0x55a187be661a <unknown>\n#1 0x55a18766320b <unknown>\n#2 0x55a18769d30d <unknown>\n#3 0x55a187698cc3 <unknown>\n#4 0x55a1876e885c <unknown>\n#5 0x55a1876e7f7c <unknown>\n#6 0x55a1876a7232 <unknown>\n#7 0x55a1876a7ee1 <unknown>\n#8 0x55a187baf3f9 <unknown>\n#9 0x55a187bb234d <unknown>\n#10 0x55a187b98122 <unknown>\n#11 0x55a187bb2f2b <unknown>\n#12 0x55a187b7ec30 <unknown>\n#13 0x55a187bd3d78 <unknown>\n#14 0x55a187bd3f4c <unknown>\n#15 0x55a187be5973 <unknown>\n#16 0x7fa1b069caa4 <unknown>\n#17 0x7fa1b0729c6c <unknown>","time":{"start":1766652410261,"stop":1766652410951,"duration":690}}],"categories":[{"name":"Test defects","matchedStatuses":[]}],"tags":["ui","regression"]},"source":"43a0632f8670250f.json","parameterValues":[]}