{"uid":"455d7bacb01ad29c","name":"test_cells_content_per_column_0_Lorem","fullName":"tests.ui_test_suite.test_challenging_dom.TestChallengingDom#test_cells_content_per_column_0_Lorem","historyId":"bf3453cfe162ba338e7f6a96151b053e","time":{"start":1766652346287,"stop":1766652382898,"duration":36611},"status":"broken","statusMessage":"seleniumbase.common.exceptions.NoSuchElementException: Message: \n Element {//th[text()='Lorem']/ancestor::thead/following::tr//td[text()='Iuvaret0']} was not present after 10 seconds!","statusTrace":"/opt/hostedtoolcache/Python/3.10.19/x64/lib/python3.10/site-packages/parameterized/parameterized.py:620: in standalone_func\n    return func(*(a + p.args), **p.kwargs, **kw)\ntests/ui_test_suite/test_challenging_dom.py:61: in test_cells_content_per_column\n    val = page.get_table_cell_text(col, expected)\nsrc/pages/features/challenging_dom/challenging_dom_page.py:62: in get_table_cell_text\n    return self.get_dynamic_element_text(locator)\nsrc/pages/base/base_page.py:416: in get_dynamic_element_text\n    self.driver.wait_for_element_visible(**locator, timeout=timeout)\n/opt/hostedtoolcache/Python/3.10.19/x64/lib/python3.10/site-packages/seleniumbase/fixtures/base_case.py:9348: in wait_for_element_visible\n    return page_actions.wait_for_element_visible(\n/opt/hostedtoolcache/Python/3.10.19/x64/lib/python3.10/site-packages/seleniumbase/fixtures/page_actions.py:517: in wait_for_element_visible\n    timeout_exception(NoSuchElementException, message)\n/opt/hostedtoolcache/Python/3.10.19/x64/lib/python3.10/site-packages/seleniumbase/fixtures/page_actions.py:270: in timeout_exception\n    raise exc(msg)\nE   seleniumbase.common.exceptions.NoSuchElementException: Message: \nE    Element {//th[text()='Lorem']/ancestor::thead/following::tr//td[text()='Iuvaret0']} was not present after 10 seconds!","flaky":false,"newFailed":false,"newBroken":false,"newPassed":false,"retriesCount":0,"retriesStatusChange":false,"beforeStages":[{"name":"clean_directories_at_start","time":{"start":1766652346285,"stop":1766652346286,"duration":1},"status":"passed","steps":[],"attachments":[],"parameters":[],"shouldDisplayMessage":false,"stepsCount":0,"attachmentsCount":0,"hasContent":false,"attachmentStep":false},{"name":"_unittest_setUpClass_fixture_TestChallengingDom","time":{"start":1766652346286,"stop":1766652346286,"duration":0},"status":"passed","steps":[],"attachments":[],"parameters":[],"shouldDisplayMessage":false,"stepsCount":0,"attachmentsCount":0,"hasContent":false,"attachmentStep":false},{"name":"bind_test_context","time":{"start":1766652346286,"stop":1766652346286,"duration":0},"status":"passed","steps":[],"attachments":[],"parameters":[],"shouldDisplayMessage":false,"stepsCount":0,"attachmentsCount":0,"hasContent":false,"attachmentStep":false},{"name":"_inject_request","time":{"start":1766652346287,"stop":1766652346287,"duration":0},"status":"passed","steps":[],"attachments":[],"parameters":[],"shouldDisplayMessage":false,"stepsCount":0,"attachmentsCount":0,"hasContent":false,"attachmentStep":false}],"testStage":{"status":"broken","statusMessage":"seleniumbase.common.exceptions.NoSuchElementException: Message: \n Element {//th[text()='Lorem']/ancestor::thead/following::tr//td[text()='Iuvaret0']} was not present after 10 seconds!","statusTrace":"/opt/hostedtoolcache/Python/3.10.19/x64/lib/python3.10/site-packages/parameterized/parameterized.py:620: in standalone_func\n    return func(*(a + p.args), **p.kwargs, **kw)\ntests/ui_test_suite/test_challenging_dom.py:61: in test_cells_content_per_column\n    val = page.get_table_cell_text(col, expected)\nsrc/pages/features/challenging_dom/challenging_dom_page.py:62: in get_table_cell_text\n    return self.get_dynamic_element_text(locator)\nsrc/pages/base/base_page.py:416: in get_dynamic_element_text\n    self.driver.wait_for_element_visible(**locator, timeout=timeout)\n/opt/hostedtoolcache/Python/3.10.19/x64/lib/python3.10/site-packages/seleniumbase/fixtures/base_case.py:9348: in wait_for_element_visible\n    return page_actions.wait_for_element_visible(\n/opt/hostedtoolcache/Python/3.10.19/x64/lib/python3.10/site-packages/seleniumbase/fixtures/page_actions.py:517: in wait_for_element_visible\n    timeout_exception(NoSuchElementException, message)\n/opt/hostedtoolcache/Python/3.10.19/x64/lib/python3.10/site-packages/seleniumbase/fixtures/page_actions.py:270: in timeout_exception\n    raise exc(msg)\nE   seleniumbase.common.exceptions.NoSuchElementException: Message: \nE    Element {//th[text()='Lorem']/ancestor::thead/following::tr//td[text()='Iuvaret0']} was not present after 10 seconds!","steps":[{"name":"Navigate to base URL: https://the-internet.herokuapp.com/","time":{"start":1766652370868,"stop":1766652371773,"duration":905},"status":"passed","steps":[],"attachments":[],"parameters":[],"shouldDisplayMessage":false,"stepsCount":0,"attachmentsCount":0,"hasContent":false,"attachmentStep":false},{"name":"Navigate to 'Challenging DOM' page","time":{"start":1766652371834,"stop":1766652372483,"duration":649},"status":"passed","steps":[],"attachments":[],"parameters":[{"name":"page_name","value":"'Challenging DOM'"}],"shouldDisplayMessage":false,"stepsCount":0,"attachmentsCount":0,"hasContent":true,"attachmentStep":false},{"name":"Get table cell text ''Iuvaret0'' under column ''Lorem''","time":{"start":1766652372484,"stop":1766652382646,"duration":10162},"status":"broken","statusMessage":"seleniumbase.common.exceptions.NoSuchElementException: Message: \n Element {//th[text()='Lorem']/ancestor::thead/following::tr//td[text()='Iuvaret0']} was not present after 10 seconds!\n\n","statusTrace":"  File \"/opt/hostedtoolcache/Python/3.10.19/x64/lib/python3.10/site-packages/allure_commons/_allure.py\", line 202, in impl\n    return func(*a, **kw)\n  File \"/home/runner/work/seleniumbase-python/seleniumbase-python/src/pages/features/challenging_dom/challenging_dom_page.py\", line 62, in get_table_cell_text\n    return self.get_dynamic_element_text(locator)\n  File \"/home/runner/work/seleniumbase-python/seleniumbase-python/src/pages/base/base_page.py\", line 416, in get_dynamic_element_text\n    self.driver.wait_for_element_visible(**locator, timeout=timeout)\n  File \"/opt/hostedtoolcache/Python/3.10.19/x64/lib/python3.10/site-packages/seleniumbase/fixtures/base_case.py\", line 9348, in wait_for_element_visible\n    return page_actions.wait_for_element_visible(\n  File \"/opt/hostedtoolcache/Python/3.10.19/x64/lib/python3.10/site-packages/seleniumbase/fixtures/page_actions.py\", line 517, in wait_for_element_visible\n    timeout_exception(NoSuchElementException, message)\n  File \"/opt/hostedtoolcache/Python/3.10.19/x64/lib/python3.10/site-packages/seleniumbase/fixtures/page_actions.py\", line 270, in timeout_exception\n    raise exc(msg)\n","steps":[],"attachments":[],"parameters":[{"name":"col","value":"'Lorem'"},{"name":"cell","value":"'Iuvaret0'"}],"shouldDisplayMessage":true,"stepsCount":0,"attachmentsCount":0,"hasContent":true,"attachmentStep":false}],"attachments":[{"uid":"b01805a3a846ebd7","name":"log","source":"b01805a3a846ebd7.txt","type":"text/plain","size":2584},{"uid":"7243258e1cd4655b","name":"stdout","source":"7243258e1cd4655b.txt","type":"text/plain","size":2649}],"parameters":[],"shouldDisplayMessage":true,"stepsCount":3,"attachmentsCount":2,"hasContent":true,"attachmentStep":false},"afterStages":[{"name":"_unittest_setUpClass_fixture_TestChallengingDom::0","time":{"start":1766652556782,"stop":1766652556782,"duration":0},"status":"passed","steps":[],"attachments":[],"parameters":[],"shouldDisplayMessage":false,"stepsCount":0,"attachmentsCount":0,"hasContent":false,"attachmentStep":false}],"labels":[{"name":"parentSuite","value":"UI Test Suite"},{"name":"suite","value":"Challenging DOM"},{"name":"severity","value":"normal"},{"name":"subSuite","value":"Verify Challenging DOM buttons interactions and table content"},{"name":"tag","value":"ui"},{"name":"tag","value":"smoke"},{"name":"tag","value":"regression"},{"name":"host","value":"runnervmh13bl"},{"name":"thread","value":"3077-MainThread"},{"name":"framework","value":"pytest"},{"name":"language","value":"cpython3"},{"name":"package","value":"tests.ui_test_suite.test_challenging_dom"},{"name":"resultFormat","value":"allure2"}],"parameters":[],"links":[],"hidden":true,"retry":true,"extra":{"categories":[],"tags":["ui","regression","smoke"]},"source":"455d7bacb01ad29c.json","parameterValues":[]}