{"uid":"4d33fbbbee64b87","name":"test_js_confirm","fullName":"tests.ui_test_suite.test_javascript_alerts.TestJavaScriptAlerts#test_js_confirm","historyId":"2114d8316feed10ecc8c1e054e962068","time":{"start":1766652444023,"stop":1766652444761,"duration":738},"status":"broken","statusMessage":"selenium.common.exceptions.SessionNotCreatedException: Message: session not created: Chrome instance exited. Examine ChromeDriver verbose log to determine the cause.; For documentation on this error, please visit: https://www.selenium.dev/documentation/webdriver/troubleshooting/errors#sessionnotcreatedexception\nStacktrace:\n#0 0x55eb4426d61a <unknown>\n#1 0x55eb43cea20b <unknown>\n#2 0x55eb43d2430d <unknown>\n#3 0x55eb43d1fcc3 <unknown>\n#4 0x55eb43d6f85c <unknown>\n#5 0x55eb43d6ef7c <unknown>\n#6 0x55eb43d2e232 <unknown>\n#7 0x55eb43d2eee1 <unknown>\n#8 0x55eb442363f9 <unknown>\n#9 0x55eb4423934d <unknown>\n#10 0x55eb4421f122 <unknown>\n#11 0x55eb44239f2b <unknown>\n#12 0x55eb44205c30 <unknown>\n#13 0x55eb4425ad78 <unknown>\n#14 0x55eb4425af4c <unknown>\n#15 0x55eb4426c973 <unknown>\n#16 0x7efc7c29caa4 <unknown>\n#17 0x7efc7c329c6c <unknown>","statusTrace":"/opt/hostedtoolcache/Python/3.10.19/x64/lib/python3.10/site-packages/seleniumbase/core/browser_launcher.py:6052: in get_local_driver\n    driver = webdriver.Chrome(options=chrome_options)\n/opt/hostedtoolcache/Python/3.10.19/x64/lib/python3.10/site-packages/selenium/webdriver/chrome/webdriver.py:46: in __init__\n    super().__init__(\n/opt/hostedtoolcache/Python/3.10.19/x64/lib/python3.10/site-packages/selenium/webdriver/chromium/webdriver.py:67: in __init__\n    super().__init__(command_executor=executor, options=options)\n/opt/hostedtoolcache/Python/3.10.19/x64/lib/python3.10/site-packages/selenium/webdriver/remote/webdriver.py:257: in __init__\n    self.start_session(capabilities)\n/opt/hostedtoolcache/Python/3.10.19/x64/lib/python3.10/site-packages/selenium/webdriver/remote/webdriver.py:352: in start_session\n    response = self.execute(Command.NEW_SESSION, caps)[\"value\"]\n/opt/hostedtoolcache/Python/3.10.19/x64/lib/python3.10/site-packages/selenium/webdriver/remote/webdriver.py:432: in execute\n    self.error_handler.check_response(response)\n/opt/hostedtoolcache/Python/3.10.19/x64/lib/python3.10/site-packages/selenium/webdriver/remote/errorhandler.py:232: in check_response\n    raise exception_class(message, screen, stacktrace)\nE   selenium.common.exceptions.SessionNotCreatedException: Message: session not created: Chrome instance exited. Examine ChromeDriver verbose log to determine the cause.; For documentation on this error, please visit: https://www.selenium.dev/documentation/webdriver/troubleshooting/errors#sessionnotcreatedexception\nE   Stacktrace:\nE   #0 0x55c77f8b061a <unknown>\nE   #1 0x55c77f32d20b <unknown>\nE   #2 0x55c77f36730d <unknown>\nE   #3 0x55c77f362cc3 <unknown>\nE   #4 0x55c77f3b285c <unknown>\nE   #5 0x55c77f3b1f7c <unknown>\nE   #6 0x55c77f371232 <unknown>\nE   #7 0x55c77f371ee1 <unknown>\nE   #8 0x55c77f8793f9 <unknown>\nE   #9 0x55c77f87c34d <unknown>\nE   #10 0x55c77f862122 <unknown>\nE   #11 0x55c77f87cf2b <unknown>\nE   #12 0x55c77f848c30 <unknown>\nE   #13 0x55c77f89dd78 <unknown>\nE   #14 0x55c77f89df4c <unknown>\nE   #15 0x55c77f8af973 <unknown>\nE   #16 0x7f35c3c9caa4 <unknown>\nE   #17 0x7f35c3d29c6c <unknown>\n\nDuring handling of the above exception, another exception occurred:\nsrc/pages/base/ui_base_case.py:59: in setUp\n    super().setUp()\n/opt/hostedtoolcache/Python/3.10.19/x64/lib/python3.10/site-packages/seleniumbase/fixtures/base_case.py:15720: in setUp\n    self.driver = self.get_new_driver(\nsrc/pages/base/ui_base_case.py:32: in get_new_driver\n    driver = super().get_new_driver(*args, **kwargs)\n/opt/hostedtoolcache/Python/3.10.19/x64/lib/python3.10/site-packages/seleniumbase/fixtures/base_case.py:4308: in get_new_driver\n    new_driver = browser_launcher.get_driver(\n/opt/hostedtoolcache/Python/3.10.19/x64/lib/python3.10/site-packages/seleniumbase/core/browser_launcher.py:3543: in get_driver\n    return get_local_driver(\n/opt/hostedtoolcache/Python/3.10.19/x64/lib/python3.10/site-packages/seleniumbase/core/browser_launcher.py:6139: in get_local_driver\n    driver = webdriver.Chrome(\n/opt/hostedtoolcache/Python/3.10.19/x64/lib/python3.10/site-packages/selenium/webdriver/chrome/webdriver.py:46: in __init__\n    super().__init__(\n/opt/hostedtoolcache/Python/3.10.19/x64/lib/python3.10/site-packages/selenium/webdriver/chromium/webdriver.py:67: in __init__\n    super().__init__(command_executor=executor, options=options)\n/opt/hostedtoolcache/Python/3.10.19/x64/lib/python3.10/site-packages/selenium/webdriver/remote/webdriver.py:257: in __init__\n    self.start_session(capabilities)\n/opt/hostedtoolcache/Python/3.10.19/x64/lib/python3.10/site-packages/selenium/webdriver/remote/webdriver.py:352: in start_session\n    response = self.execute(Command.NEW_SESSION, caps)[\"value\"]\n/opt/hostedtoolcache/Python/3.10.19/x64/lib/python3.10/site-packages/selenium/webdriver/remote/webdriver.py:432: in execute\n    self.error_handler.check_response(response)\n/opt/hostedtoolcache/Python/3.10.19/x64/lib/python3.10/site-packages/selenium/webdriver/remote/errorhandler.py:232: in check_response\n    raise exception_class(message, screen, stacktrace)\nE   selenium.common.exceptions.SessionNotCreatedException: Message: session not created: Chrome instance exited. Examine ChromeDriver verbose log to determine the cause.; For documentation on this error, please visit: https://www.selenium.dev/documentation/webdriver/troubleshooting/errors#sessionnotcreatedexception\nE   Stacktrace:\nE   #0 0x55eb4426d61a <unknown>\nE   #1 0x55eb43cea20b <unknown>\nE   #2 0x55eb43d2430d <unknown>\nE   #3 0x55eb43d1fcc3 <unknown>\nE   #4 0x55eb43d6f85c <unknown>\nE   #5 0x55eb43d6ef7c <unknown>\nE   #6 0x55eb43d2e232 <unknown>\nE   #7 0x55eb43d2eee1 <unknown>\nE   #8 0x55eb442363f9 <unknown>\nE   #9 0x55eb4423934d <unknown>\nE   #10 0x55eb4421f122 <unknown>\nE   #11 0x55eb44239f2b <unknown>\nE   #12 0x55eb44205c30 <unknown>\nE   #13 0x55eb4425ad78 <unknown>\nE   #14 0x55eb4425af4c <unknown>\nE   #15 0x55eb4426c973 <unknown>\nE   #16 0x7efc7c29caa4 <unknown>\nE   #17 0x7efc7c329c6c <unknown>","flaky":false,"newFailed":false,"newBroken":false,"newPassed":false,"retriesCount":3,"retriesStatusChange":false,"beforeStages":[{"name":"clean_directories_at_start","time":{"start":1766652346285,"stop":1766652346286,"duration":1},"status":"passed","steps":[],"attachments":[],"parameters":[],"shouldDisplayMessage":false,"stepsCount":0,"attachmentsCount":0,"hasContent":false,"attachmentStep":false},{"name":"_unittest_setUpClass_fixture_TestJavaScriptAlerts","time":{"start":1766652422708,"stop":1766652422708,"duration":0},"status":"passed","steps":[],"attachments":[],"parameters":[],"shouldDisplayMessage":false,"stepsCount":0,"attachmentsCount":0,"hasContent":false,"attachmentStep":false},{"name":"bind_test_context","time":{"start":1766652444022,"stop":1766652444022,"duration":0},"status":"passed","steps":[],"attachments":[],"parameters":[],"shouldDisplayMessage":false,"stepsCount":0,"attachmentsCount":0,"hasContent":false,"attachmentStep":false},{"name":"_inject_request","time":{"start":1766652444022,"stop":1766652444022,"duration":0},"status":"passed","steps":[],"attachments":[],"parameters":[],"shouldDisplayMessage":false,"stepsCount":0,"attachmentsCount":0,"hasContent":false,"attachmentStep":false}],"afterStages":[{"name":"_unittest_setUpClass_fixture_TestJavaScriptAlerts::0","time":{"start":1766652457793,"stop":1766652457793,"duration":0},"status":"passed","steps":[],"attachments":[],"parameters":[],"shouldDisplayMessage":false,"stepsCount":0,"attachmentsCount":0,"hasContent":false,"attachmentStep":false}],"labels":[{"name":"severity","value":"normal"},{"name":"parentSuite","value":"UI Test Suite"},{"name":"subSuite","value":"Tests JavaScript Alerts functionality"},{"name":"suite","value":"JavaScript Alerts"},{"name":"tag","value":"ui"},{"name":"tag","value":"regression"},{"name":"host","value":"runnervmh13bl"},{"name":"thread","value":"3083-MainThread"},{"name":"framework","value":"pytest"},{"name":"language","value":"cpython3"},{"name":"package","value":"tests.ui_test_suite.test_javascript_alerts"},{"name":"resultFormat","value":"allure2"}],"parameters":[],"links":[],"hidden":false,"retry":false,"extra":{"severity":"normal","retries":[{"uid":"eca824b42e172005","status":"broken","statusDetails":"selenium.common.exceptions.SessionNotCreatedException: Message: session not created: Chrome instance exited. Examine ChromeDriver verbose log to determine the cause.; For documentation on this error, please visit: https://www.selenium.dev/documentation/webdriver/troubleshooting/errors#sessionnotcreatedexception\nStacktrace:\n#0 0x5633d425461a <unknown>\n#1 0x5633d3cd120b <unknown>\n#2 0x5633d3d0b30d <unknown>\n#3 0x5633d3d06cc3 <unknown>\n#4 0x5633d3d5685c <unknown>\n#5 0x5633d3d55f7c <unknown>\n#6 0x5633d3d15232 <unknown>\n#7 0x5633d3d15ee1 <unknown>\n#8 0x5633d421d3f9 <unknown>\n#9 0x5633d422034d <unknown>\n#10 0x5633d4206122 <unknown>\n#11 0x5633d4220f2b <unknown>\n#12 0x5633d41ecc30 <unknown>\n#13 0x5633d4241d78 <unknown>\n#14 0x5633d4241f4c <unknown>\n#15 0x5633d4253973 <unknown>\n#16 0x7f201aa9caa4 <unknown>\n#17 0x7f201ab29c6c <unknown>","time":{"start":1766652440519,"stop":1766652441292,"duration":773}},{"uid":"4aed5a7bf3748ec8","status":"broken","statusDetails":"selenium.common.exceptions.SessionNotCreatedException: Message: session not created: Chrome instance exited. Examine ChromeDriver verbose log to determine the cause.; For documentation on this error, please visit: https://www.selenium.dev/documentation/webdriver/troubleshooting/errors#sessionnotcreatedexception\nStacktrace:\n#0 0x563b5877a61a <unknown>\n#1 0x563b581f720b <unknown>\n#2 0x563b5823130d <unknown>\n#3 0x563b5822ccc3 <unknown>\n#4 0x563b5827c85c <unknown>\n#5 0x563b5827bf7c <unknown>\n#6 0x563b5823b232 <unknown>\n#7 0x563b5823bee1 <unknown>\n#8 0x563b587433f9 <unknown>\n#9 0x563b5874634d <unknown>\n#10 0x563b5872c122 <unknown>\n#11 0x563b58746f2b <unknown>\n#12 0x563b58712c30 <unknown>\n#13 0x563b58767d78 <unknown>\n#14 0x563b58767f4c <unknown>\n#15 0x563b58779973 <unknown>\n#16 0x7fb6eac9caa4 <unknown>\n#17 0x7fb6ead29c6c <unknown>","time":{"start":1766652437164,"stop":1766652437880,"duration":716}},{"uid":"113e0eac51fa329c","status":"broken","statusDetails":"selenium.common.exceptions.SessionNotCreatedException: Message: session not created: Chrome instance exited. Examine ChromeDriver verbose log to determine the cause.; For documentation on this error, please visit: https://www.selenium.dev/documentation/webdriver/troubleshooting/errors#sessionnotcreatedexception\nStacktrace:\n#0 0x556d9ff0661a <unknown>\n#1 0x556d9f98320b <unknown>\n#2 0x556d9f9bd30d <unknown>\n#3 0x556d9f9b8cc3 <unknown>\n#4 0x556d9fa0885c <unknown>\n#5 0x556d9fa07f7c <unknown>\n#6 0x556d9f9c7232 <unknown>\n#7 0x556d9f9c7ee1 <unknown>\n#8 0x556d9fecf3f9 <unknown>\n#9 0x556d9fed234d <unknown>\n#10 0x556d9feb8122 <unknown>\n#11 0x556d9fed2f2b <unknown>\n#12 0x556d9fe9ec30 <unknown>\n#13 0x556d9fef3d78 <unknown>\n#14 0x556d9fef3f4c <unknown>\n#15 0x556d9ff05973 <unknown>\n#16 0x7fa4b2a9caa4 <unknown>\n#17 0x7fa4b2b29c6c <unknown>","time":{"start":1766652433790,"stop":1766652434499,"duration":709}}],"categories":[{"name":"Test defects","matchedStatuses":[]}],"tags":["ui","regression"]},"source":"4d33fbbbee64b87.json","parameterValues":[]}