{"uid":"4eb01655c433313a","name":"test_files_upload_functionality_0_audio_first_mp3","fullName":"tests.ui_test_suite.test_files_upload.test_files_upload.TestFilesUpload#test_files_upload_functionality_0_audio_first_mp3","historyId":"aa3557502c51a16f34848f52fcf13f58","time":{"start":1766652389284,"stop":1766652390979,"duration":1695},"status":"broken","statusMessage":"selenium.common.exceptions.SessionNotCreatedException: Message: session not created: Chrome instance exited. Examine ChromeDriver verbose log to determine the cause.; For documentation on this error, please visit: https://www.selenium.dev/documentation/webdriver/troubleshooting/errors#sessionnotcreatedexception\nStacktrace:\n#0 0x559d4b8d661a <unknown>\n#1 0x559d4b35320b <unknown>\n#2 0x559d4b38d30d <unknown>\n#3 0x559d4b388cc3 <unknown>\n#4 0x559d4b3d885c <unknown>\n#5 0x559d4b3d7f7c <unknown>\n#6 0x559d4b397232 <unknown>\n#7 0x559d4b397ee1 <unknown>\n#8 0x559d4b89f3f9 <unknown>\n#9 0x559d4b8a234d <unknown>\n#10 0x559d4b888122 <unknown>\n#11 0x559d4b8a2f2b <unknown>\n#12 0x559d4b86ec30 <unknown>\n#13 0x559d4b8c3d78 <unknown>\n#14 0x559d4b8c3f4c <unknown>\n#15 0x559d4b8d5973 <unknown>\n#16 0x7f6e8fc9caa4 <unknown>\n#17 0x7f6e8fd29c6c <unknown>","statusTrace":"/opt/hostedtoolcache/Python/3.10.19/x64/lib/python3.10/site-packages/seleniumbase/core/browser_launcher.py:6052: in get_local_driver\n    driver = webdriver.Chrome(options=chrome_options)\n/opt/hostedtoolcache/Python/3.10.19/x64/lib/python3.10/site-packages/selenium/webdriver/chrome/webdriver.py:46: in __init__\n    super().__init__(\n/opt/hostedtoolcache/Python/3.10.19/x64/lib/python3.10/site-packages/selenium/webdriver/chromium/webdriver.py:67: in __init__\n    super().__init__(command_executor=executor, options=options)\n/opt/hostedtoolcache/Python/3.10.19/x64/lib/python3.10/site-packages/selenium/webdriver/remote/webdriver.py:257: in __init__\n    self.start_session(capabilities)\n/opt/hostedtoolcache/Python/3.10.19/x64/lib/python3.10/site-packages/selenium/webdriver/remote/webdriver.py:352: in start_session\n    response = self.execute(Command.NEW_SESSION, caps)[\"value\"]\n/opt/hostedtoolcache/Python/3.10.19/x64/lib/python3.10/site-packages/selenium/webdriver/remote/webdriver.py:432: in execute\n    self.error_handler.check_response(response)\n/opt/hostedtoolcache/Python/3.10.19/x64/lib/python3.10/site-packages/selenium/webdriver/remote/errorhandler.py:232: in check_response\n    raise exception_class(message, screen, stacktrace)\nE   selenium.common.exceptions.SessionNotCreatedException: Message: session not created: Chrome instance exited. Examine ChromeDriver verbose log to determine the cause.; For documentation on this error, please visit: https://www.selenium.dev/documentation/webdriver/troubleshooting/errors#sessionnotcreatedexception\nE   Stacktrace:\nE   #0 0x55d1ab73061a <unknown>\nE   #1 0x55d1ab1ad20b <unknown>\nE   #2 0x55d1ab1e730d <unknown>\nE   #3 0x55d1ab1e2cc3 <unknown>\nE   #4 0x55d1ab23285c <unknown>\nE   #5 0x55d1ab231f7c <unknown>\nE   #6 0x55d1ab1f1232 <unknown>\nE   #7 0x55d1ab1f1ee1 <unknown>\nE   #8 0x55d1ab6f93f9 <unknown>\nE   #9 0x55d1ab6fc34d <unknown>\nE   #10 0x55d1ab6e2122 <unknown>\nE   #11 0x55d1ab6fcf2b <unknown>\nE   #12 0x55d1ab6c8c30 <unknown>\nE   #13 0x55d1ab71dd78 <unknown>\nE   #14 0x55d1ab71df4c <unknown>\nE   #15 0x55d1ab72f973 <unknown>\nE   #16 0x7f4a8749caa4 <unknown>\nE   #17 0x7f4a87529c6c <unknown>\n\nDuring handling of the above exception, another exception occurred:\nsrc/pages/base/ui_base_case.py:59: in setUp\n    super().setUp()\n/opt/hostedtoolcache/Python/3.10.19/x64/lib/python3.10/site-packages/seleniumbase/fixtures/base_case.py:15720: in setUp\n    self.driver = self.get_new_driver(\nsrc/pages/base/ui_base_case.py:32: in get_new_driver\n    driver = super().get_new_driver(*args, **kwargs)\n/opt/hostedtoolcache/Python/3.10.19/x64/lib/python3.10/site-packages/seleniumbase/fixtures/base_case.py:4308: in get_new_driver\n    new_driver = browser_launcher.get_driver(\n/opt/hostedtoolcache/Python/3.10.19/x64/lib/python3.10/site-packages/seleniumbase/core/browser_launcher.py:3543: in get_driver\n    return get_local_driver(\n/opt/hostedtoolcache/Python/3.10.19/x64/lib/python3.10/site-packages/seleniumbase/core/browser_launcher.py:6139: in get_local_driver\n    driver = webdriver.Chrome(\n/opt/hostedtoolcache/Python/3.10.19/x64/lib/python3.10/site-packages/selenium/webdriver/chrome/webdriver.py:46: in __init__\n    super().__init__(\n/opt/hostedtoolcache/Python/3.10.19/x64/lib/python3.10/site-packages/selenium/webdriver/chromium/webdriver.py:67: in __init__\n    super().__init__(command_executor=executor, options=options)\n/opt/hostedtoolcache/Python/3.10.19/x64/lib/python3.10/site-packages/selenium/webdriver/remote/webdriver.py:257: in __init__\n    self.start_session(capabilities)\n/opt/hostedtoolcache/Python/3.10.19/x64/lib/python3.10/site-packages/selenium/webdriver/remote/webdriver.py:352: in start_session\n    response = self.execute(Command.NEW_SESSION, caps)[\"value\"]\n/opt/hostedtoolcache/Python/3.10.19/x64/lib/python3.10/site-packages/selenium/webdriver/remote/webdriver.py:432: in execute\n    self.error_handler.check_response(response)\n/opt/hostedtoolcache/Python/3.10.19/x64/lib/python3.10/site-packages/selenium/webdriver/remote/errorhandler.py:232: in check_response\n    raise exception_class(message, screen, stacktrace)\nE   selenium.common.exceptions.SessionNotCreatedException: Message: session not created: Chrome instance exited. Examine ChromeDriver verbose log to determine the cause.; For documentation on this error, please visit: https://www.selenium.dev/documentation/webdriver/troubleshooting/errors#sessionnotcreatedexception\nE   Stacktrace:\nE   #0 0x559d4b8d661a <unknown>\nE   #1 0x559d4b35320b <unknown>\nE   #2 0x559d4b38d30d <unknown>\nE   #3 0x559d4b388cc3 <unknown>\nE   #4 0x559d4b3d885c <unknown>\nE   #5 0x559d4b3d7f7c <unknown>\nE   #6 0x559d4b397232 <unknown>\nE   #7 0x559d4b397ee1 <unknown>\nE   #8 0x559d4b89f3f9 <unknown>\nE   #9 0x559d4b8a234d <unknown>\nE   #10 0x559d4b888122 <unknown>\nE   #11 0x559d4b8a2f2b <unknown>\nE   #12 0x559d4b86ec30 <unknown>\nE   #13 0x559d4b8c3d78 <unknown>\nE   #14 0x559d4b8c3f4c <unknown>\nE   #15 0x559d4b8d5973 <unknown>\nE   #16 0x7f6e8fc9caa4 <unknown>\nE   #17 0x7f6e8fd29c6c <unknown>","flaky":false,"newFailed":false,"newBroken":false,"newPassed":false,"retriesCount":0,"retriesStatusChange":false,"beforeStages":[{"name":"clean_directories_at_start","time":{"start":1766652346285,"stop":1766652346286,"duration":1},"status":"passed","steps":[],"attachments":[],"parameters":[],"shouldDisplayMessage":false,"stepsCount":0,"attachmentsCount":0,"hasContent":false,"attachmentStep":false},{"name":"_unittest_setUpClass_fixture_TestFilesUpload","time":{"start":1766652346286,"stop":1766652346286,"duration":0},"status":"passed","steps":[],"attachments":[],"parameters":[],"shouldDisplayMessage":false,"stepsCount":0,"attachmentsCount":0,"hasContent":false,"attachmentStep":false},{"name":"_inject_request","time":{"start":1766652389283,"stop":1766652389283,"duration":0},"status":"passed","steps":[],"attachments":[],"parameters":[],"shouldDisplayMessage":false,"stepsCount":0,"attachmentsCount":0,"hasContent":false,"attachmentStep":false},{"name":"bind_test_context","time":{"start":1766652389283,"stop":1766652389283,"duration":0},"status":"passed","steps":[],"attachments":[],"parameters":[],"shouldDisplayMessage":false,"stepsCount":0,"attachmentsCount":0,"hasContent":false,"attachmentStep":false}],"testStage":{"status":"broken","statusMessage":"selenium.common.exceptions.SessionNotCreatedException: Message: session not created: Chrome instance exited. Examine ChromeDriver verbose log to determine the cause.; For documentation on this error, please visit: https://www.selenium.dev/documentation/webdriver/troubleshooting/errors#sessionnotcreatedexception\nStacktrace:\n#0 0x559d4b8d661a <unknown>\n#1 0x559d4b35320b <unknown>\n#2 0x559d4b38d30d <unknown>\n#3 0x559d4b388cc3 <unknown>\n#4 0x559d4b3d885c <unknown>\n#5 0x559d4b3d7f7c <unknown>\n#6 0x559d4b397232 <unknown>\n#7 0x559d4b397ee1 <unknown>\n#8 0x559d4b89f3f9 <unknown>\n#9 0x559d4b8a234d <unknown>\n#10 0x559d4b888122 <unknown>\n#11 0x559d4b8a2f2b <unknown>\n#12 0x559d4b86ec30 <unknown>\n#13 0x559d4b8c3d78 <unknown>\n#14 0x559d4b8c3f4c <unknown>\n#15 0x559d4b8d5973 <unknown>\n#16 0x7f6e8fc9caa4 <unknown>\n#17 0x7f6e8fd29c6c <unknown>","statusTrace":"/opt/hostedtoolcache/Python/3.10.19/x64/lib/python3.10/site-packages/seleniumbase/core/browser_launcher.py:6052: in get_local_driver\n    driver = webdriver.Chrome(options=chrome_options)\n/opt/hostedtoolcache/Python/3.10.19/x64/lib/python3.10/site-packages/selenium/webdriver/chrome/webdriver.py:46: in __init__\n    super().__init__(\n/opt/hostedtoolcache/Python/3.10.19/x64/lib/python3.10/site-packages/selenium/webdriver/chromium/webdriver.py:67: in __init__\n    super().__init__(command_executor=executor, options=options)\n/opt/hostedtoolcache/Python/3.10.19/x64/lib/python3.10/site-packages/selenium/webdriver/remote/webdriver.py:257: in __init__\n    self.start_session(capabilities)\n/opt/hostedtoolcache/Python/3.10.19/x64/lib/python3.10/site-packages/selenium/webdriver/remote/webdriver.py:352: in start_session\n    response = self.execute(Command.NEW_SESSION, caps)[\"value\"]\n/opt/hostedtoolcache/Python/3.10.19/x64/lib/python3.10/site-packages/selenium/webdriver/remote/webdriver.py:432: in execute\n    self.error_handler.check_response(response)\n/opt/hostedtoolcache/Python/3.10.19/x64/lib/python3.10/site-packages/selenium/webdriver/remote/errorhandler.py:232: in check_response\n    raise exception_class(message, screen, stacktrace)\nE   selenium.common.exceptions.SessionNotCreatedException: Message: session not created: Chrome instance exited. Examine ChromeDriver verbose log to determine the cause.; For documentation on this error, please visit: https://www.selenium.dev/documentation/webdriver/troubleshooting/errors#sessionnotcreatedexception\nE   Stacktrace:\nE   #0 0x55d1ab73061a <unknown>\nE   #1 0x55d1ab1ad20b <unknown>\nE   #2 0x55d1ab1e730d <unknown>\nE   #3 0x55d1ab1e2cc3 <unknown>\nE   #4 0x55d1ab23285c <unknown>\nE   #5 0x55d1ab231f7c <unknown>\nE   #6 0x55d1ab1f1232 <unknown>\nE   #7 0x55d1ab1f1ee1 <unknown>\nE   #8 0x55d1ab6f93f9 <unknown>\nE   #9 0x55d1ab6fc34d <unknown>\nE   #10 0x55d1ab6e2122 <unknown>\nE   #11 0x55d1ab6fcf2b <unknown>\nE   #12 0x55d1ab6c8c30 <unknown>\nE   #13 0x55d1ab71dd78 <unknown>\nE   #14 0x55d1ab71df4c <unknown>\nE   #15 0x55d1ab72f973 <unknown>\nE   #16 0x7f4a8749caa4 <unknown>\nE   #17 0x7f4a87529c6c <unknown>\n\nDuring handling of the above exception, another exception occurred:\nsrc/pages/base/ui_base_case.py:59: in setUp\n    super().setUp()\n/opt/hostedtoolcache/Python/3.10.19/x64/lib/python3.10/site-packages/seleniumbase/fixtures/base_case.py:15720: in setUp\n    self.driver = self.get_new_driver(\nsrc/pages/base/ui_base_case.py:32: in get_new_driver\n    driver = super().get_new_driver(*args, **kwargs)\n/opt/hostedtoolcache/Python/3.10.19/x64/lib/python3.10/site-packages/seleniumbase/fixtures/base_case.py:4308: in get_new_driver\n    new_driver = browser_launcher.get_driver(\n/opt/hostedtoolcache/Python/3.10.19/x64/lib/python3.10/site-packages/seleniumbase/core/browser_launcher.py:3543: in get_driver\n    return get_local_driver(\n/opt/hostedtoolcache/Python/3.10.19/x64/lib/python3.10/site-packages/seleniumbase/core/browser_launcher.py:6139: in get_local_driver\n    driver = webdriver.Chrome(\n/opt/hostedtoolcache/Python/3.10.19/x64/lib/python3.10/site-packages/selenium/webdriver/chrome/webdriver.py:46: in __init__\n    super().__init__(\n/opt/hostedtoolcache/Python/3.10.19/x64/lib/python3.10/site-packages/selenium/webdriver/chromium/webdriver.py:67: in __init__\n    super().__init__(command_executor=executor, options=options)\n/opt/hostedtoolcache/Python/3.10.19/x64/lib/python3.10/site-packages/selenium/webdriver/remote/webdriver.py:257: in __init__\n    self.start_session(capabilities)\n/opt/hostedtoolcache/Python/3.10.19/x64/lib/python3.10/site-packages/selenium/webdriver/remote/webdriver.py:352: in start_session\n    response = self.execute(Command.NEW_SESSION, caps)[\"value\"]\n/opt/hostedtoolcache/Python/3.10.19/x64/lib/python3.10/site-packages/selenium/webdriver/remote/webdriver.py:432: in execute\n    self.error_handler.check_response(response)\n/opt/hostedtoolcache/Python/3.10.19/x64/lib/python3.10/site-packages/selenium/webdriver/remote/errorhandler.py:232: in check_response\n    raise exception_class(message, screen, stacktrace)\nE   selenium.common.exceptions.SessionNotCreatedException: Message: session not created: Chrome instance exited. Examine ChromeDriver verbose log to determine the cause.; For documentation on this error, please visit: https://www.selenium.dev/documentation/webdriver/troubleshooting/errors#sessionnotcreatedexception\nE   Stacktrace:\nE   #0 0x559d4b8d661a <unknown>\nE   #1 0x559d4b35320b <unknown>\nE   #2 0x559d4b38d30d <unknown>\nE   #3 0x559d4b388cc3 <unknown>\nE   #4 0x559d4b3d885c <unknown>\nE   #5 0x559d4b3d7f7c <unknown>\nE   #6 0x559d4b397232 <unknown>\nE   #7 0x559d4b397ee1 <unknown>\nE   #8 0x559d4b89f3f9 <unknown>\nE   #9 0x559d4b8a234d <unknown>\nE   #10 0x559d4b888122 <unknown>\nE   #11 0x559d4b8a2f2b <unknown>\nE   #12 0x559d4b86ec30 <unknown>\nE   #13 0x559d4b8c3d78 <unknown>\nE   #14 0x559d4b8c3f4c <unknown>\nE   #15 0x559d4b8d5973 <unknown>\nE   #16 0x7f6e8fc9caa4 <unknown>\nE   #17 0x7f6e8fd29c6c <unknown>","steps":[],"attachments":[{"uid":"ee74ff7dba6e30b7","name":"log","source":"ee74ff7dba6e30b7.txt","type":"text/plain","size":2882},{"uid":"442b81d97994195d","name":"stdout","source":"442b81d97994195d.txt","type":"text/plain","size":2977}],"parameters":[],"shouldDisplayMessage":true,"stepsCount":0,"attachmentsCount":2,"hasContent":true,"attachmentStep":false},"afterStages":[{"name":"_unittest_setUpClass_fixture_TestFilesUpload::0","time":{"start":1766652416900,"stop":1766652416900,"duration":0},"status":"passed","steps":[],"attachments":[],"parameters":[],"shouldDisplayMessage":false,"stepsCount":0,"attachmentsCount":0,"hasContent":false,"attachmentStep":false}],"labels":[{"name":"suite","value":"Files Upload"},{"name":"parentSuite","value":"UI Test Suite"},{"name":"severity","value":"normal"},{"name":"subSuite","value":"Tests Files Upload functionality"},{"name":"tag","value":"ui"},{"name":"tag","value":"regression"},{"name":"host","value":"runnervmh13bl"},{"name":"thread","value":"3080-MainThread"},{"name":"framework","value":"pytest"},{"name":"language","value":"cpython3"},{"name":"package","value":"tests.ui_test_suite.test_files_upload.test_files_upload"},{"name":"resultFormat","value":"allure2"}],"parameters":[],"links":[],"hidden":true,"retry":true,"extra":{"categories":[],"tags":["ui","regression"]},"source":"4eb01655c433313a.json","parameterValues":[]}