{"uid":"662fffd221d38e9d","name":"test_table_header_per_column_4_Amet","fullName":"tests.ui_test_suite.test_challenging_dom.TestChallengingDom#test_table_header_per_column_4_Amet","historyId":"d2e2f6381e7e38933298e9eb1f37c97f","time":{"start":1766652549211,"stop":1766652550063,"duration":852},"status":"broken","statusMessage":"selenium.common.exceptions.SessionNotCreatedException: Message: session not created: Chrome instance exited. Examine ChromeDriver verbose log to determine the cause.; For documentation on this error, please visit: https://www.selenium.dev/documentation/webdriver/troubleshooting/errors#sessionnotcreatedexception\nStacktrace:\n#0 0x5649c193b61a <unknown>\n#1 0x5649c13b820b <unknown>\n#2 0x5649c13f230d <unknown>\n#3 0x5649c13edcc3 <unknown>\n#4 0x5649c143d85c <unknown>\n#5 0x5649c143cf7c <unknown>\n#6 0x5649c13fc232 <unknown>\n#7 0x5649c13fcee1 <unknown>\n#8 0x5649c19043f9 <unknown>\n#9 0x5649c190734d <unknown>\n#10 0x5649c18ed122 <unknown>\n#11 0x5649c1907f2b <unknown>\n#12 0x5649c18d3c30 <unknown>\n#13 0x5649c1928d78 <unknown>\n#14 0x5649c1928f4c <unknown>\n#15 0x5649c193a973 <unknown>\n#16 0x7fcf4869caa4 <unknown>\n#17 0x7fcf48729c6c <unknown>","statusTrace":"/opt/hostedtoolcache/Python/3.10.19/x64/lib/python3.10/site-packages/seleniumbase/core/browser_launcher.py:6052: in get_local_driver\n    driver = webdriver.Chrome(options=chrome_options)\n/opt/hostedtoolcache/Python/3.10.19/x64/lib/python3.10/site-packages/selenium/webdriver/chrome/webdriver.py:46: in __init__\n    super().__init__(\n/opt/hostedtoolcache/Python/3.10.19/x64/lib/python3.10/site-packages/selenium/webdriver/chromium/webdriver.py:67: in __init__\n    super().__init__(command_executor=executor, options=options)\n/opt/hostedtoolcache/Python/3.10.19/x64/lib/python3.10/site-packages/selenium/webdriver/remote/webdriver.py:257: in __init__\n    self.start_session(capabilities)\n/opt/hostedtoolcache/Python/3.10.19/x64/lib/python3.10/site-packages/selenium/webdriver/remote/webdriver.py:352: in start_session\n    response = self.execute(Command.NEW_SESSION, caps)[\"value\"]\n/opt/hostedtoolcache/Python/3.10.19/x64/lib/python3.10/site-packages/selenium/webdriver/remote/webdriver.py:432: in execute\n    self.error_handler.check_response(response)\n/opt/hostedtoolcache/Python/3.10.19/x64/lib/python3.10/site-packages/selenium/webdriver/remote/errorhandler.py:232: in check_response\n    raise exception_class(message, screen, stacktrace)\nE   selenium.common.exceptions.SessionNotCreatedException: Message: session not created: Chrome instance exited. Examine ChromeDriver verbose log to determine the cause.; For documentation on this error, please visit: https://www.selenium.dev/documentation/webdriver/troubleshooting/errors#sessionnotcreatedexception\nE   Stacktrace:\nE   #0 0x55b41b5ce61a <unknown>\nE   #1 0x55b41b04b20b <unknown>\nE   #2 0x55b41b08530d <unknown>\nE   #3 0x55b41b080cc3 <unknown>\nE   #4 0x55b41b0d085c <unknown>\nE   #5 0x55b41b0cff7c <unknown>\nE   #6 0x55b41b08f232 <unknown>\nE   #7 0x55b41b08fee1 <unknown>\nE   #8 0x55b41b5973f9 <unknown>\nE   #9 0x55b41b59a34d <unknown>\nE   #10 0x55b41b580122 <unknown>\nE   #11 0x55b41b59af2b <unknown>\nE   #12 0x55b41b566c30 <unknown>\nE   #13 0x55b41b5bbd78 <unknown>\nE   #14 0x55b41b5bbf4c <unknown>\nE   #15 0x55b41b5cd973 <unknown>\nE   #16 0x7fcf9409caa4 <unknown>\nE   #17 0x7fcf94129c6c <unknown>\n\nDuring handling of the above exception, another exception occurred:\nsrc/pages/base/ui_base_case.py:59: in setUp\n    super().setUp()\n/opt/hostedtoolcache/Python/3.10.19/x64/lib/python3.10/site-packages/seleniumbase/fixtures/base_case.py:15720: in setUp\n    self.driver = self.get_new_driver(\nsrc/pages/base/ui_base_case.py:32: in get_new_driver\n    driver = super().get_new_driver(*args, **kwargs)\n/opt/hostedtoolcache/Python/3.10.19/x64/lib/python3.10/site-packages/seleniumbase/fixtures/base_case.py:4308: in get_new_driver\n    new_driver = browser_launcher.get_driver(\n/opt/hostedtoolcache/Python/3.10.19/x64/lib/python3.10/site-packages/seleniumbase/core/browser_launcher.py:3543: in get_driver\n    return get_local_driver(\n/opt/hostedtoolcache/Python/3.10.19/x64/lib/python3.10/site-packages/seleniumbase/core/browser_launcher.py:6139: in get_local_driver\n    driver = webdriver.Chrome(\n/opt/hostedtoolcache/Python/3.10.19/x64/lib/python3.10/site-packages/selenium/webdriver/chrome/webdriver.py:46: in __init__\n    super().__init__(\n/opt/hostedtoolcache/Python/3.10.19/x64/lib/python3.10/site-packages/selenium/webdriver/chromium/webdriver.py:67: in __init__\n    super().__init__(command_executor=executor, options=options)\n/opt/hostedtoolcache/Python/3.10.19/x64/lib/python3.10/site-packages/selenium/webdriver/remote/webdriver.py:257: in __init__\n    self.start_session(capabilities)\n/opt/hostedtoolcache/Python/3.10.19/x64/lib/python3.10/site-packages/selenium/webdriver/remote/webdriver.py:352: in start_session\n    response = self.execute(Command.NEW_SESSION, caps)[\"value\"]\n/opt/hostedtoolcache/Python/3.10.19/x64/lib/python3.10/site-packages/selenium/webdriver/remote/webdriver.py:432: in execute\n    self.error_handler.check_response(response)\n/opt/hostedtoolcache/Python/3.10.19/x64/lib/python3.10/site-packages/selenium/webdriver/remote/errorhandler.py:232: in check_response\n    raise exception_class(message, screen, stacktrace)\nE   selenium.common.exceptions.SessionNotCreatedException: Message: session not created: Chrome instance exited. Examine ChromeDriver verbose log to determine the cause.; For documentation on this error, please visit: https://www.selenium.dev/documentation/webdriver/troubleshooting/errors#sessionnotcreatedexception\nE   Stacktrace:\nE   #0 0x5649c193b61a <unknown>\nE   #1 0x5649c13b820b <unknown>\nE   #2 0x5649c13f230d <unknown>\nE   #3 0x5649c13edcc3 <unknown>\nE   #4 0x5649c143d85c <unknown>\nE   #5 0x5649c143cf7c <unknown>\nE   #6 0x5649c13fc232 <unknown>\nE   #7 0x5649c13fcee1 <unknown>\nE   #8 0x5649c19043f9 <unknown>\nE   #9 0x5649c190734d <unknown>\nE   #10 0x5649c18ed122 <unknown>\nE   #11 0x5649c1907f2b <unknown>\nE   #12 0x5649c18d3c30 <unknown>\nE   #13 0x5649c1928d78 <unknown>\nE   #14 0x5649c1928f4c <unknown>\nE   #15 0x5649c193a973 <unknown>\nE   #16 0x7fcf4869caa4 <unknown>\nE   #17 0x7fcf48729c6c <unknown>","flaky":false,"newFailed":false,"newBroken":true,"newPassed":false,"retriesCount":3,"retriesStatusChange":false,"beforeStages":[{"name":"clean_directories_at_start","time":{"start":1766652346285,"stop":1766652346286,"duration":1},"status":"passed","steps":[],"attachments":[],"parameters":[],"shouldDisplayMessage":false,"stepsCount":0,"attachmentsCount":0,"hasContent":false,"attachmentStep":false},{"name":"_unittest_setUpClass_fixture_TestChallengingDom","time":{"start":1766652346286,"stop":1766652346286,"duration":0},"status":"passed","steps":[],"attachments":[],"parameters":[],"shouldDisplayMessage":false,"stepsCount":0,"attachmentsCount":0,"hasContent":false,"attachmentStep":false},{"name":"bind_test_context","time":{"start":1766652549210,"stop":1766652549210,"duration":0},"status":"passed","steps":[],"attachments":[],"parameters":[],"shouldDisplayMessage":false,"stepsCount":0,"attachmentsCount":0,"hasContent":false,"attachmentStep":false},{"name":"_inject_request","time":{"start":1766652549211,"stop":1766652549211,"duration":0},"status":"passed","steps":[],"attachments":[],"parameters":[],"shouldDisplayMessage":false,"stepsCount":0,"attachmentsCount":0,"hasContent":false,"attachmentStep":false}],"afterStages":[{"name":"_unittest_setUpClass_fixture_TestChallengingDom::0","time":{"start":1766652556782,"stop":1766652556782,"duration":0},"status":"passed","steps":[],"attachments":[],"parameters":[],"shouldDisplayMessage":false,"stepsCount":0,"attachmentsCount":0,"hasContent":false,"attachmentStep":false}],"labels":[{"name":"parentSuite","value":"UI Test Suite"},{"name":"suite","value":"Challenging DOM"},{"name":"severity","value":"normal"},{"name":"subSuite","value":"Verify Challenging DOM buttons interactions and table content"},{"name":"tag","value":"ui"},{"name":"tag","value":"smoke"},{"name":"tag","value":"regression"},{"name":"host","value":"runnervmh13bl"},{"name":"thread","value":"3077-MainThread"},{"name":"framework","value":"pytest"},{"name":"language","value":"cpython3"},{"name":"package","value":"tests.ui_test_suite.test_challenging_dom"},{"name":"resultFormat","value":"allure2"}],"parameters":[],"links":[],"hidden":false,"retry":false,"extra":{"severity":"normal","retries":[{"uid":"b48acd5d4ed636a3","status":"broken","statusDetails":"selenium.common.exceptions.SessionNotCreatedException: Message: session not created: Chrome instance exited. Examine ChromeDriver verbose log to determine the cause.; For documentation on this error, please visit: https://www.selenium.dev/documentation/webdriver/troubleshooting/errors#sessionnotcreatedexception\nStacktrace:\n#0 0x55c02032161a <unknown>\n#1 0x55c01fd9e20b <unknown>\n#2 0x55c01fdd830d <unknown>\n#3 0x55c01fdd3cc3 <unknown>\n#4 0x55c01fe2385c <unknown>\n#5 0x55c01fe22f7c <unknown>\n#6 0x55c01fde2232 <unknown>\n#7 0x55c01fde2ee1 <unknown>\n#8 0x55c0202ea3f9 <unknown>\n#9 0x55c0202ed34d <unknown>\n#10 0x55c0202d3122 <unknown>\n#11 0x55c0202edf2b <unknown>\n#12 0x55c0202b9c30 <unknown>\n#13 0x55c02030ed78 <unknown>\n#14 0x55c02030ef4c <unknown>\n#15 0x55c020320973 <unknown>\n#16 0x7f1da349caa4 <unknown>\n#17 0x7f1da3529c6c <unknown>","time":{"start":1766652545826,"stop":1766652546519,"duration":693}},{"uid":"ead18ed7049c2d87","status":"broken","statusDetails":"selenium.common.exceptions.SessionNotCreatedException: Message: session not created: Chrome instance exited. Examine ChromeDriver verbose log to determine the cause.; For documentation on this error, please visit: https://www.selenium.dev/documentation/webdriver/troubleshooting/errors#sessionnotcreatedexception\nStacktrace:\n#0 0x55b22bc4c61a <unknown>\n#1 0x55b22b6c920b <unknown>\n#2 0x55b22b70330d <unknown>\n#3 0x55b22b6fecc3 <unknown>\n#4 0x55b22b74e85c <unknown>\n#5 0x55b22b74df7c <unknown>\n#6 0x55b22b70d232 <unknown>\n#7 0x55b22b70dee1 <unknown>\n#8 0x55b22bc153f9 <unknown>\n#9 0x55b22bc1834d <unknown>\n#10 0x55b22bbfe122 <unknown>\n#11 0x55b22bc18f2b <unknown>\n#12 0x55b22bbe4c30 <unknown>\n#13 0x55b22bc39d78 <unknown>\n#14 0x55b22bc39f4c <unknown>\n#15 0x55b22bc4b973 <unknown>\n#16 0x7f47dd89caa4 <unknown>\n#17 0x7f47dd929c6c <unknown>","time":{"start":1766652542428,"stop":1766652543116,"duration":688}},{"uid":"430a6d6d0a659faa","status":"broken","statusDetails":"selenium.common.exceptions.SessionNotCreatedException: Message: session not created: Chrome instance exited. Examine ChromeDriver verbose log to determine the cause.; For documentation on this error, please visit: https://www.selenium.dev/documentation/webdriver/troubleshooting/errors#sessionnotcreatedexception\nStacktrace:\n#0 0x564f07e8561a <unknown>\n#1 0x564f0790220b <unknown>\n#2 0x564f0793c30d <unknown>\n#3 0x564f07937cc3 <unknown>\n#4 0x564f0798785c <unknown>\n#5 0x564f07986f7c <unknown>\n#6 0x564f07946232 <unknown>\n#7 0x564f07946ee1 <unknown>\n#8 0x564f07e4e3f9 <unknown>\n#9 0x564f07e5134d <unknown>\n#10 0x564f07e37122 <unknown>\n#11 0x564f07e51f2b <unknown>\n#12 0x564f07e1dc30 <unknown>\n#13 0x564f07e72d78 <unknown>\n#14 0x564f07e72f4c <unknown>\n#15 0x564f07e84973 <unknown>\n#16 0x7fbec169caa4 <unknown>\n#17 0x7fbec1729c6c <unknown>","time":{"start":1766652539095,"stop":1766652539782,"duration":687}}],"categories":[{"name":"Test defects","matchedStatuses":[]}],"history":{"statistic":{"failed":0,"broken":1,"skipped":0,"passed":5,"unknown":0,"total":6},"items":[{"uid":"52e200fe52c58638","status":"passed","time":{"start":1766579155454,"stop":1766579157165,"duration":1711}},{"uid":"4b526869291adee","status":"passed","time":{"start":1766578791860,"stop":1766578793558,"duration":1698}},{"uid":"3494d7b2b8184da9","status":"passed","time":{"start":1766560080368,"stop":1766560081850,"duration":1482}},{"uid":"5e57aeece94c470f","status":"passed","time":{"start":1766497537518,"stop":1766497538830,"duration":1312}},{"uid":"92011d0089336245","status":"passed","time":{"start":1766497287567,"stop":1766497288797,"duration":1230}}]},"tags":["ui","regression","smoke"]},"source":"662fffd221d38e9d.json","parameterValues":[]}