{"uid":"66d958b715710d1a","name":"test_js_prompt","fullName":"tests.ui_test_suite.test_javascript_alerts.TestJavaScriptAlerts#test_js_prompt","historyId":"30236ec4cfd3f11d2469611af88d6222","time":{"start":1766652456120,"stop":1766652456849,"duration":729},"status":"broken","statusMessage":"selenium.common.exceptions.SessionNotCreatedException: Message: session not created: Chrome instance exited. Examine ChromeDriver verbose log to determine the cause.; For documentation on this error, please visit: https://www.selenium.dev/documentation/webdriver/troubleshooting/errors#sessionnotcreatedexception\nStacktrace:\n#0 0x557a77ebd61a <unknown>\n#1 0x557a7793a20b <unknown>\n#2 0x557a7797430d <unknown>\n#3 0x557a7796fcc3 <unknown>\n#4 0x557a779bf85c <unknown>\n#5 0x557a779bef7c <unknown>\n#6 0x557a7797e232 <unknown>\n#7 0x557a7797eee1 <unknown>\n#8 0x557a77e863f9 <unknown>\n#9 0x557a77e8934d <unknown>\n#10 0x557a77e6f122 <unknown>\n#11 0x557a77e89f2b <unknown>\n#12 0x557a77e55c30 <unknown>\n#13 0x557a77eaad78 <unknown>\n#14 0x557a77eaaf4c <unknown>\n#15 0x557a77ebc973 <unknown>\n#16 0x7f0ef369caa4 <unknown>\n#17 0x7f0ef3729c6c <unknown>","statusTrace":"/opt/hostedtoolcache/Python/3.10.19/x64/lib/python3.10/site-packages/seleniumbase/core/browser_launcher.py:6052: in get_local_driver\n    driver = webdriver.Chrome(options=chrome_options)\n/opt/hostedtoolcache/Python/3.10.19/x64/lib/python3.10/site-packages/selenium/webdriver/chrome/webdriver.py:46: in __init__\n    super().__init__(\n/opt/hostedtoolcache/Python/3.10.19/x64/lib/python3.10/site-packages/selenium/webdriver/chromium/webdriver.py:67: in __init__\n    super().__init__(command_executor=executor, options=options)\n/opt/hostedtoolcache/Python/3.10.19/x64/lib/python3.10/site-packages/selenium/webdriver/remote/webdriver.py:257: in __init__\n    self.start_session(capabilities)\n/opt/hostedtoolcache/Python/3.10.19/x64/lib/python3.10/site-packages/selenium/webdriver/remote/webdriver.py:352: in start_session\n    response = self.execute(Command.NEW_SESSION, caps)[\"value\"]\n/opt/hostedtoolcache/Python/3.10.19/x64/lib/python3.10/site-packages/selenium/webdriver/remote/webdriver.py:432: in execute\n    self.error_handler.check_response(response)\n/opt/hostedtoolcache/Python/3.10.19/x64/lib/python3.10/site-packages/selenium/webdriver/remote/errorhandler.py:232: in check_response\n    raise exception_class(message, screen, stacktrace)\nE   selenium.common.exceptions.SessionNotCreatedException: Message: session not created: Chrome instance exited. Examine ChromeDriver verbose log to determine the cause.; For documentation on this error, please visit: https://www.selenium.dev/documentation/webdriver/troubleshooting/errors#sessionnotcreatedexception\nE   Stacktrace:\nE   #0 0x55f6980c761a <unknown>\nE   #1 0x55f697b4420b <unknown>\nE   #2 0x55f697b7e30d <unknown>\nE   #3 0x55f697b79cc3 <unknown>\nE   #4 0x55f697bc985c <unknown>\nE   #5 0x55f697bc8f7c <unknown>\nE   #6 0x55f697b88232 <unknown>\nE   #7 0x55f697b88ee1 <unknown>\nE   #8 0x55f6980903f9 <unknown>\nE   #9 0x55f69809334d <unknown>\nE   #10 0x55f698079122 <unknown>\nE   #11 0x55f698093f2b <unknown>\nE   #12 0x55f69805fc30 <unknown>\nE   #13 0x55f6980b4d78 <unknown>\nE   #14 0x55f6980b4f4c <unknown>\nE   #15 0x55f6980c6973 <unknown>\nE   #16 0x7f44adc9caa4 <unknown>\nE   #17 0x7f44add29c6c <unknown>\n\nDuring handling of the above exception, another exception occurred:\nsrc/pages/base/ui_base_case.py:59: in setUp\n    super().setUp()\n/opt/hostedtoolcache/Python/3.10.19/x64/lib/python3.10/site-packages/seleniumbase/fixtures/base_case.py:15720: in setUp\n    self.driver = self.get_new_driver(\nsrc/pages/base/ui_base_case.py:32: in get_new_driver\n    driver = super().get_new_driver(*args, **kwargs)\n/opt/hostedtoolcache/Python/3.10.19/x64/lib/python3.10/site-packages/seleniumbase/fixtures/base_case.py:4308: in get_new_driver\n    new_driver = browser_launcher.get_driver(\n/opt/hostedtoolcache/Python/3.10.19/x64/lib/python3.10/site-packages/seleniumbase/core/browser_launcher.py:3543: in get_driver\n    return get_local_driver(\n/opt/hostedtoolcache/Python/3.10.19/x64/lib/python3.10/site-packages/seleniumbase/core/browser_launcher.py:6139: in get_local_driver\n    driver = webdriver.Chrome(\n/opt/hostedtoolcache/Python/3.10.19/x64/lib/python3.10/site-packages/selenium/webdriver/chrome/webdriver.py:46: in __init__\n    super().__init__(\n/opt/hostedtoolcache/Python/3.10.19/x64/lib/python3.10/site-packages/selenium/webdriver/chromium/webdriver.py:67: in __init__\n    super().__init__(command_executor=executor, options=options)\n/opt/hostedtoolcache/Python/3.10.19/x64/lib/python3.10/site-packages/selenium/webdriver/remote/webdriver.py:257: in __init__\n    self.start_session(capabilities)\n/opt/hostedtoolcache/Python/3.10.19/x64/lib/python3.10/site-packages/selenium/webdriver/remote/webdriver.py:352: in start_session\n    response = self.execute(Command.NEW_SESSION, caps)[\"value\"]\n/opt/hostedtoolcache/Python/3.10.19/x64/lib/python3.10/site-packages/selenium/webdriver/remote/webdriver.py:432: in execute\n    self.error_handler.check_response(response)\n/opt/hostedtoolcache/Python/3.10.19/x64/lib/python3.10/site-packages/selenium/webdriver/remote/errorhandler.py:232: in check_response\n    raise exception_class(message, screen, stacktrace)\nE   selenium.common.exceptions.SessionNotCreatedException: Message: session not created: Chrome instance exited. Examine ChromeDriver verbose log to determine the cause.; For documentation on this error, please visit: https://www.selenium.dev/documentation/webdriver/troubleshooting/errors#sessionnotcreatedexception\nE   Stacktrace:\nE   #0 0x557a77ebd61a <unknown>\nE   #1 0x557a7793a20b <unknown>\nE   #2 0x557a7797430d <unknown>\nE   #3 0x557a7796fcc3 <unknown>\nE   #4 0x557a779bf85c <unknown>\nE   #5 0x557a779bef7c <unknown>\nE   #6 0x557a7797e232 <unknown>\nE   #7 0x557a7797eee1 <unknown>\nE   #8 0x557a77e863f9 <unknown>\nE   #9 0x557a77e8934d <unknown>\nE   #10 0x557a77e6f122 <unknown>\nE   #11 0x557a77e89f2b <unknown>\nE   #12 0x557a77e55c30 <unknown>\nE   #13 0x557a77eaad78 <unknown>\nE   #14 0x557a77eaaf4c <unknown>\nE   #15 0x557a77ebc973 <unknown>\nE   #16 0x7f0ef369caa4 <unknown>\nE   #17 0x7f0ef3729c6c <unknown>","flaky":false,"newFailed":false,"newBroken":false,"newPassed":false,"retriesCount":3,"retriesStatusChange":false,"beforeStages":[{"name":"clean_directories_at_start","time":{"start":1766652346285,"stop":1766652346286,"duration":1},"status":"passed","steps":[],"attachments":[],"parameters":[],"shouldDisplayMessage":false,"stepsCount":0,"attachmentsCount":0,"hasContent":false,"attachmentStep":false},{"name":"_unittest_setUpClass_fixture_TestJavaScriptAlerts","time":{"start":1766652422708,"stop":1766652422708,"duration":0},"status":"passed","steps":[],"attachments":[],"parameters":[],"shouldDisplayMessage":false,"stepsCount":0,"attachmentsCount":0,"hasContent":false,"attachmentStep":false},{"name":"bind_test_context","time":{"start":1766652456117,"stop":1766652456118,"duration":1},"status":"passed","steps":[],"attachments":[],"parameters":[],"shouldDisplayMessage":false,"stepsCount":0,"attachmentsCount":0,"hasContent":false,"attachmentStep":false},{"name":"_inject_request","time":{"start":1766652456118,"stop":1766652456118,"duration":0},"status":"passed","steps":[],"attachments":[],"parameters":[],"shouldDisplayMessage":false,"stepsCount":0,"attachmentsCount":0,"hasContent":false,"attachmentStep":false}],"afterStages":[{"name":"_unittest_setUpClass_fixture_TestJavaScriptAlerts::0","time":{"start":1766652457793,"stop":1766652457793,"duration":0},"status":"passed","steps":[],"attachments":[],"parameters":[],"shouldDisplayMessage":false,"stepsCount":0,"attachmentsCount":0,"hasContent":false,"attachmentStep":false}],"labels":[{"name":"severity","value":"normal"},{"name":"parentSuite","value":"UI Test Suite"},{"name":"subSuite","value":"Tests JavaScript Alerts functionality"},{"name":"suite","value":"JavaScript Alerts"},{"name":"tag","value":"ui"},{"name":"tag","value":"regression"},{"name":"host","value":"runnervmh13bl"},{"name":"thread","value":"3083-MainThread"},{"name":"framework","value":"pytest"},{"name":"language","value":"cpython3"},{"name":"package","value":"tests.ui_test_suite.test_javascript_alerts"},{"name":"resultFormat","value":"allure2"}],"parameters":[],"links":[],"hidden":false,"retry":false,"extra":{"severity":"normal","retries":[{"uid":"f1748bec8d1ca137","status":"broken","statusDetails":"selenium.common.exceptions.SessionNotCreatedException: Message: session not created: Chrome instance exited. Examine ChromeDriver verbose log to determine the cause.; For documentation on this error, please visit: https://www.selenium.dev/documentation/webdriver/troubleshooting/errors#sessionnotcreatedexception\nStacktrace:\n#0 0x55fad563261a <unknown>\n#1 0x55fad50af20b <unknown>\n#2 0x55fad50e930d <unknown>\n#3 0x55fad50e4cc3 <unknown>\n#4 0x55fad513485c <unknown>\n#5 0x55fad5133f7c <unknown>\n#6 0x55fad50f3232 <unknown>\n#7 0x55fad50f3ee1 <unknown>\n#8 0x55fad55fb3f9 <unknown>\n#9 0x55fad55fe34d <unknown>\n#10 0x55fad55e4122 <unknown>\n#11 0x55fad55fef2b <unknown>\n#12 0x55fad55cac30 <unknown>\n#13 0x55fad561fd78 <unknown>\n#14 0x55fad561ff4c <unknown>\n#15 0x55fad5631973 <unknown>\n#16 0x7f3f8709caa4 <unknown>\n#17 0x7f3f87129c6c <unknown>","time":{"start":1766652452545,"stop":1766652453262,"duration":717}},{"uid":"14e64cdbd8ca5a60","status":"broken","statusDetails":"selenium.common.exceptions.SessionNotCreatedException: Message: session not created: Chrome instance exited. Examine ChromeDriver verbose log to determine the cause.; For documentation on this error, please visit: https://www.selenium.dev/documentation/webdriver/troubleshooting/errors#sessionnotcreatedexception\nStacktrace:\n#0 0x560765aa261a <unknown>\n#1 0x56076551f20b <unknown>\n#2 0x56076555930d <unknown>\n#3 0x560765554cc3 <unknown>\n#4 0x5607655a485c <unknown>\n#5 0x5607655a3f7c <unknown>\n#6 0x560765563232 <unknown>\n#7 0x560765563ee1 <unknown>\n#8 0x560765a6b3f9 <unknown>\n#9 0x560765a6e34d <unknown>\n#10 0x560765a54122 <unknown>\n#11 0x560765a6ef2b <unknown>\n#12 0x560765a3ac30 <unknown>\n#13 0x560765a8fd78 <unknown>\n#14 0x560765a8ff4c <unknown>\n#15 0x560765aa1973 <unknown>\n#16 0x7fec1229caa4 <unknown>\n#17 0x7fec12329c6c <unknown>","time":{"start":1766652448969,"stop":1766652449692,"duration":723}},{"uid":"18685ff19577b3e6","status":"broken","statusDetails":"selenium.common.exceptions.SessionNotCreatedException: Message: session not created: Chrome instance exited. Examine ChromeDriver verbose log to determine the cause.; For documentation on this error, please visit: https://www.selenium.dev/documentation/webdriver/troubleshooting/errors#sessionnotcreatedexception\nStacktrace:\n#0 0x55c76e4af61a <unknown>\n#1 0x55c76df2c20b <unknown>\n#2 0x55c76df6630d <unknown>\n#3 0x55c76df61cc3 <unknown>\n#4 0x55c76dfb185c <unknown>\n#5 0x55c76dfb0f7c <unknown>\n#6 0x55c76df70232 <unknown>\n#7 0x55c76df70ee1 <unknown>\n#8 0x55c76e4783f9 <unknown>\n#9 0x55c76e47b34d <unknown>\n#10 0x55c76e461122 <unknown>\n#11 0x55c76e47bf2b <unknown>\n#12 0x55c76e447c30 <unknown>\n#13 0x55c76e49cd78 <unknown>\n#14 0x55c76e49cf4c <unknown>\n#15 0x55c76e4ae973 <unknown>\n#16 0x7f452989caa4 <unknown>\n#17 0x7f4529929c6c <unknown>","time":{"start":1766652445542,"stop":1766652446243,"duration":701}}],"categories":[{"name":"Test defects","matchedStatuses":[]}],"tags":["ui","regression"]},"source":"66d958b715710d1a.json","parameterValues":[]}