{"uid":"66dd8175010ba8d0","name":"test_example_2","fullName":"tests.ui_test_suite.test_dynamic_loading.TestDynamicLoading#test_example_2","historyId":"3bb381943108ed27024f689ad3fb5a57","time":{"start":1766652525217,"stop":1766652525939,"duration":722},"status":"broken","statusMessage":"selenium.common.exceptions.SessionNotCreatedException: Message: session not created: Chrome instance exited. Examine ChromeDriver verbose log to determine the cause.; For documentation on this error, please visit: https://www.selenium.dev/documentation/webdriver/troubleshooting/errors#sessionnotcreatedexception\nStacktrace:\n#0 0x557fe8e9361a <unknown>\n#1 0x557fe891020b <unknown>\n#2 0x557fe894a30d <unknown>\n#3 0x557fe8945cc3 <unknown>\n#4 0x557fe899585c <unknown>\n#5 0x557fe8994f7c <unknown>\n#6 0x557fe8954232 <unknown>\n#7 0x557fe8954ee1 <unknown>\n#8 0x557fe8e5c3f9 <unknown>\n#9 0x557fe8e5f34d <unknown>\n#10 0x557fe8e45122 <unknown>\n#11 0x557fe8e5ff2b <unknown>\n#12 0x557fe8e2bc30 <unknown>\n#13 0x557fe8e80d78 <unknown>\n#14 0x557fe8e80f4c <unknown>\n#15 0x557fe8e92973 <unknown>\n#16 0x7ff26c69caa4 <unknown>\n#17 0x7ff26c729c6c <unknown>","statusTrace":"/opt/hostedtoolcache/Python/3.10.19/x64/lib/python3.10/site-packages/seleniumbase/core/browser_launcher.py:6052: in get_local_driver\n    driver = webdriver.Chrome(options=chrome_options)\n/opt/hostedtoolcache/Python/3.10.19/x64/lib/python3.10/site-packages/selenium/webdriver/chrome/webdriver.py:46: in __init__\n    super().__init__(\n/opt/hostedtoolcache/Python/3.10.19/x64/lib/python3.10/site-packages/selenium/webdriver/chromium/webdriver.py:67: in __init__\n    super().__init__(command_executor=executor, options=options)\n/opt/hostedtoolcache/Python/3.10.19/x64/lib/python3.10/site-packages/selenium/webdriver/remote/webdriver.py:257: in __init__\n    self.start_session(capabilities)\n/opt/hostedtoolcache/Python/3.10.19/x64/lib/python3.10/site-packages/selenium/webdriver/remote/webdriver.py:352: in start_session\n    response = self.execute(Command.NEW_SESSION, caps)[\"value\"]\n/opt/hostedtoolcache/Python/3.10.19/x64/lib/python3.10/site-packages/selenium/webdriver/remote/webdriver.py:432: in execute\n    self.error_handler.check_response(response)\n/opt/hostedtoolcache/Python/3.10.19/x64/lib/python3.10/site-packages/selenium/webdriver/remote/errorhandler.py:232: in check_response\n    raise exception_class(message, screen, stacktrace)\nE   selenium.common.exceptions.SessionNotCreatedException: Message: session not created: Chrome instance exited. Examine ChromeDriver verbose log to determine the cause.; For documentation on this error, please visit: https://www.selenium.dev/documentation/webdriver/troubleshooting/errors#sessionnotcreatedexception\nE   Stacktrace:\nE   #0 0x5639bf98561a <unknown>\nE   #1 0x5639bf40220b <unknown>\nE   #2 0x5639bf43c30d <unknown>\nE   #3 0x5639bf437cc3 <unknown>\nE   #4 0x5639bf48785c <unknown>\nE   #5 0x5639bf486f7c <unknown>\nE   #6 0x5639bf446232 <unknown>\nE   #7 0x5639bf446ee1 <unknown>\nE   #8 0x5639bf94e3f9 <unknown>\nE   #9 0x5639bf95134d <unknown>\nE   #10 0x5639bf937122 <unknown>\nE   #11 0x5639bf951f2b <unknown>\nE   #12 0x5639bf91dc30 <unknown>\nE   #13 0x5639bf972d78 <unknown>\nE   #14 0x5639bf972f4c <unknown>\nE   #15 0x5639bf984973 <unknown>\nE   #16 0x7f4e38e9caa4 <unknown>\nE   #17 0x7f4e38f29c6c <unknown>\n\nDuring handling of the above exception, another exception occurred:\nsrc/pages/base/ui_base_case.py:59: in setUp\n    super().setUp()\n/opt/hostedtoolcache/Python/3.10.19/x64/lib/python3.10/site-packages/seleniumbase/fixtures/base_case.py:15720: in setUp\n    self.driver = self.get_new_driver(\nsrc/pages/base/ui_base_case.py:32: in get_new_driver\n    driver = super().get_new_driver(*args, **kwargs)\n/opt/hostedtoolcache/Python/3.10.19/x64/lib/python3.10/site-packages/seleniumbase/fixtures/base_case.py:4308: in get_new_driver\n    new_driver = browser_launcher.get_driver(\n/opt/hostedtoolcache/Python/3.10.19/x64/lib/python3.10/site-packages/seleniumbase/core/browser_launcher.py:3543: in get_driver\n    return get_local_driver(\n/opt/hostedtoolcache/Python/3.10.19/x64/lib/python3.10/site-packages/seleniumbase/core/browser_launcher.py:6139: in get_local_driver\n    driver = webdriver.Chrome(\n/opt/hostedtoolcache/Python/3.10.19/x64/lib/python3.10/site-packages/selenium/webdriver/chrome/webdriver.py:46: in __init__\n    super().__init__(\n/opt/hostedtoolcache/Python/3.10.19/x64/lib/python3.10/site-packages/selenium/webdriver/chromium/webdriver.py:67: in __init__\n    super().__init__(command_executor=executor, options=options)\n/opt/hostedtoolcache/Python/3.10.19/x64/lib/python3.10/site-packages/selenium/webdriver/remote/webdriver.py:257: in __init__\n    self.start_session(capabilities)\n/opt/hostedtoolcache/Python/3.10.19/x64/lib/python3.10/site-packages/selenium/webdriver/remote/webdriver.py:352: in start_session\n    response = self.execute(Command.NEW_SESSION, caps)[\"value\"]\n/opt/hostedtoolcache/Python/3.10.19/x64/lib/python3.10/site-packages/selenium/webdriver/remote/webdriver.py:432: in execute\n    self.error_handler.check_response(response)\n/opt/hostedtoolcache/Python/3.10.19/x64/lib/python3.10/site-packages/selenium/webdriver/remote/errorhandler.py:232: in check_response\n    raise exception_class(message, screen, stacktrace)\nE   selenium.common.exceptions.SessionNotCreatedException: Message: session not created: Chrome instance exited. Examine ChromeDriver verbose log to determine the cause.; For documentation on this error, please visit: https://www.selenium.dev/documentation/webdriver/troubleshooting/errors#sessionnotcreatedexception\nE   Stacktrace:\nE   #0 0x557fe8e9361a <unknown>\nE   #1 0x557fe891020b <unknown>\nE   #2 0x557fe894a30d <unknown>\nE   #3 0x557fe8945cc3 <unknown>\nE   #4 0x557fe899585c <unknown>\nE   #5 0x557fe8994f7c <unknown>\nE   #6 0x557fe8954232 <unknown>\nE   #7 0x557fe8954ee1 <unknown>\nE   #8 0x557fe8e5c3f9 <unknown>\nE   #9 0x557fe8e5f34d <unknown>\nE   #10 0x557fe8e45122 <unknown>\nE   #11 0x557fe8e5ff2b <unknown>\nE   #12 0x557fe8e2bc30 <unknown>\nE   #13 0x557fe8e80d78 <unknown>\nE   #14 0x557fe8e80f4c <unknown>\nE   #15 0x557fe8e92973 <unknown>\nE   #16 0x7ff26c69caa4 <unknown>\nE   #17 0x7ff26c729c6c <unknown>","flaky":false,"newFailed":false,"newBroken":false,"newPassed":false,"retriesCount":3,"retriesStatusChange":false,"beforeStages":[{"name":"clean_directories_at_start","time":{"start":1766652346285,"stop":1766652346286,"duration":1},"status":"passed","steps":[],"attachments":[],"parameters":[],"shouldDisplayMessage":false,"stepsCount":0,"attachmentsCount":0,"hasContent":false,"attachmentStep":false},{"name":"_unittest_setUpClass_fixture_TestDynamicLoading","time":{"start":1766652470165,"stop":1766652470165,"duration":0},"status":"passed","steps":[],"attachments":[],"parameters":[],"shouldDisplayMessage":false,"stepsCount":0,"attachmentsCount":0,"hasContent":false,"attachmentStep":false},{"name":"bind_test_context","time":{"start":1766652525217,"stop":1766652525217,"duration":0},"status":"passed","steps":[],"attachments":[],"parameters":[],"shouldDisplayMessage":false,"stepsCount":0,"attachmentsCount":0,"hasContent":false,"attachmentStep":false},{"name":"_inject_request","time":{"start":1766652525217,"stop":1766652525217,"duration":0},"status":"passed","steps":[],"attachments":[],"parameters":[],"shouldDisplayMessage":false,"stepsCount":0,"attachmentsCount":0,"hasContent":false,"attachmentStep":false}],"testStage":{"status":"broken","statusMessage":"selenium.common.exceptions.SessionNotCreatedException: Message: session not created: Chrome instance exited. Examine ChromeDriver verbose log to determine the cause.; For documentation on this error, please visit: https://www.selenium.dev/documentation/webdriver/troubleshooting/errors#sessionnotcreatedexception\nStacktrace:\n#0 0x557fe8e9361a <unknown>\n#1 0x557fe891020b <unknown>\n#2 0x557fe894a30d <unknown>\n#3 0x557fe8945cc3 <unknown>\n#4 0x557fe899585c <unknown>\n#5 0x557fe8994f7c <unknown>\n#6 0x557fe8954232 <unknown>\n#7 0x557fe8954ee1 <unknown>\n#8 0x557fe8e5c3f9 <unknown>\n#9 0x557fe8e5f34d <unknown>\n#10 0x557fe8e45122 <unknown>\n#11 0x557fe8e5ff2b <unknown>\n#12 0x557fe8e2bc30 <unknown>\n#13 0x557fe8e80d78 <unknown>\n#14 0x557fe8e80f4c <unknown>\n#15 0x557fe8e92973 <unknown>\n#16 0x7ff26c69caa4 <unknown>\n#17 0x7ff26c729c6c <unknown>","statusTrace":"/opt/hostedtoolcache/Python/3.10.19/x64/lib/python3.10/site-packages/seleniumbase/core/browser_launcher.py:6052: in get_local_driver\n    driver = webdriver.Chrome(options=chrome_options)\n/opt/hostedtoolcache/Python/3.10.19/x64/lib/python3.10/site-packages/selenium/webdriver/chrome/webdriver.py:46: in __init__\n    super().__init__(\n/opt/hostedtoolcache/Python/3.10.19/x64/lib/python3.10/site-packages/selenium/webdriver/chromium/webdriver.py:67: in __init__\n    super().__init__(command_executor=executor, options=options)\n/opt/hostedtoolcache/Python/3.10.19/x64/lib/python3.10/site-packages/selenium/webdriver/remote/webdriver.py:257: in __init__\n    self.start_session(capabilities)\n/opt/hostedtoolcache/Python/3.10.19/x64/lib/python3.10/site-packages/selenium/webdriver/remote/webdriver.py:352: in start_session\n    response = self.execute(Command.NEW_SESSION, caps)[\"value\"]\n/opt/hostedtoolcache/Python/3.10.19/x64/lib/python3.10/site-packages/selenium/webdriver/remote/webdriver.py:432: in execute\n    self.error_handler.check_response(response)\n/opt/hostedtoolcache/Python/3.10.19/x64/lib/python3.10/site-packages/selenium/webdriver/remote/errorhandler.py:232: in check_response\n    raise exception_class(message, screen, stacktrace)\nE   selenium.common.exceptions.SessionNotCreatedException: Message: session not created: Chrome instance exited. Examine ChromeDriver verbose log to determine the cause.; For documentation on this error, please visit: https://www.selenium.dev/documentation/webdriver/troubleshooting/errors#sessionnotcreatedexception\nE   Stacktrace:\nE   #0 0x5639bf98561a <unknown>\nE   #1 0x5639bf40220b <unknown>\nE   #2 0x5639bf43c30d <unknown>\nE   #3 0x5639bf437cc3 <unknown>\nE   #4 0x5639bf48785c <unknown>\nE   #5 0x5639bf486f7c <unknown>\nE   #6 0x5639bf446232 <unknown>\nE   #7 0x5639bf446ee1 <unknown>\nE   #8 0x5639bf94e3f9 <unknown>\nE   #9 0x5639bf95134d <unknown>\nE   #10 0x5639bf937122 <unknown>\nE   #11 0x5639bf951f2b <unknown>\nE   #12 0x5639bf91dc30 <unknown>\nE   #13 0x5639bf972d78 <unknown>\nE   #14 0x5639bf972f4c <unknown>\nE   #15 0x5639bf984973 <unknown>\nE   #16 0x7f4e38e9caa4 <unknown>\nE   #17 0x7f4e38f29c6c <unknown>\n\nDuring handling of the above exception, another exception occurred:\nsrc/pages/base/ui_base_case.py:59: in setUp\n    super().setUp()\n/opt/hostedtoolcache/Python/3.10.19/x64/lib/python3.10/site-packages/seleniumbase/fixtures/base_case.py:15720: in setUp\n    self.driver = self.get_new_driver(\nsrc/pages/base/ui_base_case.py:32: in get_new_driver\n    driver = super().get_new_driver(*args, **kwargs)\n/opt/hostedtoolcache/Python/3.10.19/x64/lib/python3.10/site-packages/seleniumbase/fixtures/base_case.py:4308: in get_new_driver\n    new_driver = browser_launcher.get_driver(\n/opt/hostedtoolcache/Python/3.10.19/x64/lib/python3.10/site-packages/seleniumbase/core/browser_launcher.py:3543: in get_driver\n    return get_local_driver(\n/opt/hostedtoolcache/Python/3.10.19/x64/lib/python3.10/site-packages/seleniumbase/core/browser_launcher.py:6139: in get_local_driver\n    driver = webdriver.Chrome(\n/opt/hostedtoolcache/Python/3.10.19/x64/lib/python3.10/site-packages/selenium/webdriver/chrome/webdriver.py:46: in __init__\n    super().__init__(\n/opt/hostedtoolcache/Python/3.10.19/x64/lib/python3.10/site-packages/selenium/webdriver/chromium/webdriver.py:67: in __init__\n    super().__init__(command_executor=executor, options=options)\n/opt/hostedtoolcache/Python/3.10.19/x64/lib/python3.10/site-packages/selenium/webdriver/remote/webdriver.py:257: in __init__\n    self.start_session(capabilities)\n/opt/hostedtoolcache/Python/3.10.19/x64/lib/python3.10/site-packages/selenium/webdriver/remote/webdriver.py:352: in start_session\n    response = self.execute(Command.NEW_SESSION, caps)[\"value\"]\n/opt/hostedtoolcache/Python/3.10.19/x64/lib/python3.10/site-packages/selenium/webdriver/remote/webdriver.py:432: in execute\n    self.error_handler.check_response(response)\n/opt/hostedtoolcache/Python/3.10.19/x64/lib/python3.10/site-packages/selenium/webdriver/remote/errorhandler.py:232: in check_response\n    raise exception_class(message, screen, stacktrace)\nE   selenium.common.exceptions.SessionNotCreatedException: Message: session not created: Chrome instance exited. Examine ChromeDriver verbose log to determine the cause.; For documentation on this error, please visit: https://www.selenium.dev/documentation/webdriver/troubleshooting/errors#sessionnotcreatedexception\nE   Stacktrace:\nE   #0 0x557fe8e9361a <unknown>\nE   #1 0x557fe891020b <unknown>\nE   #2 0x557fe894a30d <unknown>\nE   #3 0x557fe8945cc3 <unknown>\nE   #4 0x557fe899585c <unknown>\nE   #5 0x557fe8994f7c <unknown>\nE   #6 0x557fe8954232 <unknown>\nE   #7 0x557fe8954ee1 <unknown>\nE   #8 0x557fe8e5c3f9 <unknown>\nE   #9 0x557fe8e5f34d <unknown>\nE   #10 0x557fe8e45122 <unknown>\nE   #11 0x557fe8e5ff2b <unknown>\nE   #12 0x557fe8e2bc30 <unknown>\nE   #13 0x557fe8e80d78 <unknown>\nE   #14 0x557fe8e80f4c <unknown>\nE   #15 0x557fe8e92973 <unknown>\nE   #16 0x7ff26c69caa4 <unknown>\nE   #17 0x7ff26c729c6c <unknown>","steps":[],"attachments":[{"uid":"162bacada3acde0a","name":"log","source":"162bacada3acde0a.txt","type":"text/plain","size":1417},{"uid":"ecc974d6f4b23abb","name":"stdout","source":"ecc974d6f4b23abb.txt","type":"text/plain","size":1483}],"parameters":[],"shouldDisplayMessage":true,"stepsCount":0,"attachmentsCount":2,"hasContent":true,"attachmentStep":false},"afterStages":[{"name":"_unittest_setUpClass_fixture_TestDynamicLoading::0","time":{"start":1766652526722,"stop":1766652526723,"duration":1},"status":"passed","steps":[],"attachments":[],"parameters":[],"shouldDisplayMessage":false,"stepsCount":0,"attachmentsCount":0,"hasContent":false,"attachmentStep":false}],"labels":[{"name":"suite","value":"Dynamic Loading"},{"name":"parentSuite","value":"UI Test Suite"},{"name":"severity","value":"normal"},{"name":"subSuite","value":"Tests Dynamic Loading functionality"},{"name":"tag","value":"ui"},{"name":"tag","value":"regression"},{"name":"host","value":"runnervmh13bl"},{"name":"thread","value":"3080-MainThread"},{"name":"framework","value":"pytest"},{"name":"language","value":"cpython3"},{"name":"package","value":"tests.ui_test_suite.test_dynamic_loading"},{"name":"resultFormat","value":"allure2"}],"parameters":[],"links":[],"hidden":false,"retry":false,"extra":{"severity":"normal","retries":[{"uid":"f81dcccd6d0e7a4d","status":"broken","statusDetails":"seleniumbase.common.exceptions.LinkTextNotFoundException: \n Link text {Dynamic Loading} was not found after 7 seconds!","time":{"start":1766652504718,"stop":1766652520551,"duration":15833}},{"uid":"243fbb6aeffd265d","status":"broken","statusDetails":"selenium.common.exceptions.SessionNotCreatedException: Message: session not created: Chrome instance exited. Examine ChromeDriver verbose log to determine the cause.; For documentation on this error, please visit: https://www.selenium.dev/documentation/webdriver/troubleshooting/errors#sessionnotcreatedexception\nStacktrace:\n#0 0x557b717c761a <unknown>\n#1 0x557b7124420b <unknown>\n#2 0x557b7127e30d <unknown>\n#3 0x557b71279cc3 <unknown>\n#4 0x557b712c985c <unknown>\n#5 0x557b712c8f7c <unknown>\n#6 0x557b71288232 <unknown>\n#7 0x557b71288ee1 <unknown>\n#8 0x557b717903f9 <unknown>\n#9 0x557b7179334d <unknown>\n#10 0x557b71779122 <unknown>\n#11 0x557b71793f2b <unknown>\n#12 0x557b7175fc30 <unknown>\n#13 0x557b717b4d78 <unknown>\n#14 0x557b717b4f4c <unknown>\n#15 0x557b717c6973 <unknown>\n#16 0x7f3e00e9caa4 <unknown>\n#17 0x7f3e00f29c6c <unknown>","time":{"start":1766652500754,"stop":1766652501584,"duration":830}},{"uid":"f0b123ea707fd093","status":"broken","statusDetails":"selenium.common.exceptions.SessionNotCreatedException: Message: session not created: Chrome instance exited. Examine ChromeDriver verbose log to determine the cause.; For documentation on this error, please visit: https://www.selenium.dev/documentation/webdriver/troubleshooting/errors#sessionnotcreatedexception\nStacktrace:\n#0 0x55e9476fe61a <unknown>\n#1 0x55e94717b20b <unknown>\n#2 0x55e9471b530d <unknown>\n#3 0x55e9471b0cc3 <unknown>\n#4 0x55e94720085c <unknown>\n#5 0x55e9471fff7c <unknown>\n#6 0x55e9471bf232 <unknown>\n#7 0x55e9471bfee1 <unknown>\n#8 0x55e9476c73f9 <unknown>\n#9 0x55e9476ca34d <unknown>\n#10 0x55e9476b0122 <unknown>\n#11 0x55e9476caf2b <unknown>\n#12 0x55e947696c30 <unknown>\n#13 0x55e9476ebd78 <unknown>\n#14 0x55e9476ebf4c <unknown>\n#15 0x55e9476fd973 <unknown>\n#16 0x7f614109caa4 <unknown>\n#17 0x7f6141129c6c <unknown>","time":{"start":1766652495977,"stop":1766652497243,"duration":1266}}],"categories":[{"name":"Test defects","matchedStatuses":[]}],"tags":["ui","regression"]},"source":"66dd8175010ba8d0.json","parameterValues":[]}