{"uid":"73bda14e64cef948","name":"test_files_upload_functionality_0_audio_first_mp3","fullName":"tests.ui_test_suite.test_files_upload.test_files_upload.TestFilesUpload#test_files_upload_functionality_0_audio_first_mp3","historyId":"aa3557502c51a16f34848f52fcf13f58","time":{"start":1766652346287,"stop":1766652382729,"duration":36442},"status":"broken","statusMessage":"seleniumbase.common.exceptions.NoSuchElementException: Message: \n Element {file-upload} was not present after 10 seconds!","statusTrace":"/opt/hostedtoolcache/Python/3.10.19/x64/lib/python3.10/site-packages/parameterized/parameterized.py:620: in standalone_func\n    return func(*(a + p.args), **p.kwargs, **kw)\ntests/ui_test_suite/test_files_upload/test_files_upload.py:40: in test_files_upload_functionality\n    page.select_file_to_upload(file_path)\nsrc/pages/features/files_upload/files_upload_page.py:24: in select_file_to_upload\n    self.send_keys_to_element(FilesUploadPageLocators.FILE_UPLOAD, file_path)\nsrc/pages/base/base_page.py:256: in send_keys_to_element\n    self.driver.type(text=text, **locator)\n/opt/hostedtoolcache/Python/3.10.19/x64/lib/python3.10/site-packages/seleniumbase/fixtures/base_case.py:1117: in type\n    self.update_text(selector, text, by=by, timeout=timeout, retry=retry)\n/opt/hostedtoolcache/Python/3.10.19/x64/lib/python3.10/site-packages/seleniumbase/fixtures/base_case.py:911: in update_text\n    element = self.wait_for_element_clickable(\n/opt/hostedtoolcache/Python/3.10.19/x64/lib/python3.10/site-packages/seleniumbase/fixtures/base_case.py:9372: in wait_for_element_clickable\n    return page_actions.wait_for_element_clickable(\n/opt/hostedtoolcache/Python/3.10.19/x64/lib/python3.10/site-packages/seleniumbase/fixtures/page_actions.py:1062: in wait_for_element_clickable\n    timeout_exception(NoSuchElementException, message)\n/opt/hostedtoolcache/Python/3.10.19/x64/lib/python3.10/site-packages/seleniumbase/fixtures/page_actions.py:270: in timeout_exception\n    raise exc(msg)\nE   seleniumbase.common.exceptions.NoSuchElementException: Message: \nE    Element {file-upload} was not present after 10 seconds!","flaky":false,"newFailed":false,"newBroken":false,"newPassed":false,"retriesCount":0,"retriesStatusChange":false,"beforeStages":[{"name":"clean_directories_at_start","time":{"start":1766652346285,"stop":1766652346286,"duration":1},"status":"passed","steps":[],"attachments":[],"parameters":[],"shouldDisplayMessage":false,"stepsCount":0,"attachmentsCount":0,"hasContent":false,"attachmentStep":false},{"name":"_inject_request","time":{"start":1766652346286,"stop":1766652346286,"duration":0},"status":"passed","steps":[],"attachments":[],"parameters":[],"shouldDisplayMessage":false,"stepsCount":0,"attachmentsCount":0,"hasContent":false,"attachmentStep":false},{"name":"_unittest_setUpClass_fixture_TestFilesUpload","time":{"start":1766652346286,"stop":1766652346286,"duration":0},"status":"passed","steps":[],"attachments":[],"parameters":[],"shouldDisplayMessage":false,"stepsCount":0,"attachmentsCount":0,"hasContent":false,"attachmentStep":false},{"name":"bind_test_context","time":{"start":1766652346286,"stop":1766652346286,"duration":0},"status":"passed","steps":[],"attachments":[],"parameters":[],"shouldDisplayMessage":false,"stepsCount":0,"attachmentsCount":0,"hasContent":false,"attachmentStep":false}],"testStage":{"status":"broken","statusMessage":"seleniumbase.common.exceptions.NoSuchElementException: Message: \n Element {file-upload} was not present after 10 seconds!","statusTrace":"/opt/hostedtoolcache/Python/3.10.19/x64/lib/python3.10/site-packages/parameterized/parameterized.py:620: in standalone_func\n    return func(*(a + p.args), **p.kwargs, **kw)\ntests/ui_test_suite/test_files_upload/test_files_upload.py:40: in test_files_upload_functionality\n    page.select_file_to_upload(file_path)\nsrc/pages/features/files_upload/files_upload_page.py:24: in select_file_to_upload\n    self.send_keys_to_element(FilesUploadPageLocators.FILE_UPLOAD, file_path)\nsrc/pages/base/base_page.py:256: in send_keys_to_element\n    self.driver.type(text=text, **locator)\n/opt/hostedtoolcache/Python/3.10.19/x64/lib/python3.10/site-packages/seleniumbase/fixtures/base_case.py:1117: in type\n    self.update_text(selector, text, by=by, timeout=timeout, retry=retry)\n/opt/hostedtoolcache/Python/3.10.19/x64/lib/python3.10/site-packages/seleniumbase/fixtures/base_case.py:911: in update_text\n    element = self.wait_for_element_clickable(\n/opt/hostedtoolcache/Python/3.10.19/x64/lib/python3.10/site-packages/seleniumbase/fixtures/base_case.py:9372: in wait_for_element_clickable\n    return page_actions.wait_for_element_clickable(\n/opt/hostedtoolcache/Python/3.10.19/x64/lib/python3.10/site-packages/seleniumbase/fixtures/page_actions.py:1062: in wait_for_element_clickable\n    timeout_exception(NoSuchElementException, message)\n/opt/hostedtoolcache/Python/3.10.19/x64/lib/python3.10/site-packages/seleniumbase/fixtures/page_actions.py:270: in timeout_exception\n    raise exc(msg)\nE   seleniumbase.common.exceptions.NoSuchElementException: Message: \nE    Element {file-upload} was not present after 10 seconds!","steps":[{"name":"Navigate to base URL: https://the-internet.herokuapp.com/","time":{"start":1766652370868,"stop":1766652371773,"duration":905},"status":"passed","steps":[],"attachments":[],"parameters":[],"shouldDisplayMessage":false,"stepsCount":0,"attachmentsCount":0,"hasContent":false,"attachmentStep":false},{"name":"Navigate to 'File Upload' page","time":{"start":1766652371834,"stop":1766652372478,"duration":644},"status":"passed","steps":[],"attachments":[],"parameters":[{"name":"page_name","value":"'File Upload'"}],"shouldDisplayMessage":false,"stepsCount":0,"attachmentsCount":0,"hasContent":true,"attachmentStep":false},{"name":"Select file ''/home/runner/work/seleniumbase-python/seleniumbase-python/tests/ui_test_suite/test_files_upload/files/audio-first.mp3'' to upload","time":{"start":1766652372479,"stop":1766652382489,"duration":10010},"status":"broken","statusMessage":"seleniumbase.common.exceptions.NoSuchElementException: Message: \n Element {file-upload} was not present after 10 seconds!\n\n","statusTrace":"  File \"/opt/hostedtoolcache/Python/3.10.19/x64/lib/python3.10/site-packages/allure_commons/_allure.py\", line 202, in impl\n    return func(*a, **kw)\n  File \"/home/runner/work/seleniumbase-python/seleniumbase-python/src/pages/features/files_upload/files_upload_page.py\", line 24, in select_file_to_upload\n    self.send_keys_to_element(FilesUploadPageLocators.FILE_UPLOAD, file_path)\n  File \"/home/runner/work/seleniumbase-python/seleniumbase-python/src/pages/base/base_page.py\", line 256, in send_keys_to_element\n    self.driver.type(text=text, **locator)\n  File \"/opt/hostedtoolcache/Python/3.10.19/x64/lib/python3.10/site-packages/seleniumbase/fixtures/base_case.py\", line 1117, in type\n    self.update_text(selector, text, by=by, timeout=timeout, retry=retry)\n  File \"/opt/hostedtoolcache/Python/3.10.19/x64/lib/python3.10/site-packages/seleniumbase/fixtures/base_case.py\", line 911, in update_text\n    element = self.wait_for_element_clickable(\n  File \"/opt/hostedtoolcache/Python/3.10.19/x64/lib/python3.10/site-packages/seleniumbase/fixtures/base_case.py\", line 9372, in wait_for_element_clickable\n    return page_actions.wait_for_element_clickable(\n  File \"/opt/hostedtoolcache/Python/3.10.19/x64/lib/python3.10/site-packages/seleniumbase/fixtures/page_actions.py\", line 1062, in wait_for_element_clickable\n    timeout_exception(NoSuchElementException, message)\n  File \"/opt/hostedtoolcache/Python/3.10.19/x64/lib/python3.10/site-packages/seleniumbase/fixtures/page_actions.py\", line 270, in timeout_exception\n    raise exc(msg)\n","steps":[],"attachments":[],"parameters":[{"name":"file_path","value":"'/home/runner/work/seleniumbase-python/seleniumbase-python/tests/ui_test_suite/test_files_upload/files/audio-first.mp3'"}],"shouldDisplayMessage":true,"stepsCount":0,"attachmentsCount":0,"hasContent":true,"attachmentStep":false}],"attachments":[{"uid":"e5d38e21626ed566","name":"log","source":"e5d38e21626ed566.txt","type":"text/plain","size":2882},{"uid":"7d816784e3f3ac17","name":"stdout","source":"7d816784e3f3ac17.txt","type":"text/plain","size":2977}],"parameters":[],"shouldDisplayMessage":true,"stepsCount":3,"attachmentsCount":2,"hasContent":true,"attachmentStep":false},"afterStages":[{"name":"_unittest_setUpClass_fixture_TestFilesUpload::0","time":{"start":1766652416900,"stop":1766652416900,"duration":0},"status":"passed","steps":[],"attachments":[],"parameters":[],"shouldDisplayMessage":false,"stepsCount":0,"attachmentsCount":0,"hasContent":false,"attachmentStep":false}],"labels":[{"name":"suite","value":"Files Upload"},{"name":"parentSuite","value":"UI Test Suite"},{"name":"severity","value":"normal"},{"name":"subSuite","value":"Tests Files Upload functionality"},{"name":"tag","value":"ui"},{"name":"tag","value":"regression"},{"name":"host","value":"runnervmh13bl"},{"name":"thread","value":"3080-MainThread"},{"name":"framework","value":"pytest"},{"name":"language","value":"cpython3"},{"name":"package","value":"tests.ui_test_suite.test_files_upload.test_files_upload"},{"name":"resultFormat","value":"allure2"}],"parameters":[],"links":[],"hidden":true,"retry":true,"extra":{"categories":[],"tags":["ui","regression"]},"source":"73bda14e64cef948.json","parameterValues":[]}