{"uid":"76662d2f85ab956","name":"test_digest_auth_login_scenarios_2_admin","fullName":"tests.ui_test_suite.test_digest_auth_login_scenarios.TestDigestAuth#test_digest_auth_login_scenarios_2_admin","historyId":"defdc5a921145c9008d2944af560ac0d","time":{"start":1766652398599,"stop":1766652399395,"duration":796},"status":"broken","statusMessage":"selenium.common.exceptions.SessionNotCreatedException: Message: session not created: Chrome instance exited. Examine ChromeDriver verbose log to determine the cause.; For documentation on this error, please visit: https://www.selenium.dev/documentation/webdriver/troubleshooting/errors#sessionnotcreatedexception\nStacktrace:\n#0 0x55916224e61a <unknown>\n#1 0x559161ccb20b <unknown>\n#2 0x559161d0530d <unknown>\n#3 0x559161d00cc3 <unknown>\n#4 0x559161d5085c <unknown>\n#5 0x559161d4ff7c <unknown>\n#6 0x559161d0f232 <unknown>\n#7 0x559161d0fee1 <unknown>\n#8 0x5591622173f9 <unknown>\n#9 0x55916221a34d <unknown>\n#10 0x559162200122 <unknown>\n#11 0x55916221af2b <unknown>\n#12 0x5591621e6c30 <unknown>\n#13 0x55916223bd78 <unknown>\n#14 0x55916223bf4c <unknown>\n#15 0x55916224d973 <unknown>\n#16 0x7fa11c49caa4 <unknown>\n#17 0x7fa11c529c6c <unknown>","statusTrace":"/opt/hostedtoolcache/Python/3.10.19/x64/lib/python3.10/site-packages/seleniumbase/core/browser_launcher.py:6052: in get_local_driver\n    driver = webdriver.Chrome(options=chrome_options)\n/opt/hostedtoolcache/Python/3.10.19/x64/lib/python3.10/site-packages/selenium/webdriver/chrome/webdriver.py:46: in __init__\n    super().__init__(\n/opt/hostedtoolcache/Python/3.10.19/x64/lib/python3.10/site-packages/selenium/webdriver/chromium/webdriver.py:67: in __init__\n    super().__init__(command_executor=executor, options=options)\n/opt/hostedtoolcache/Python/3.10.19/x64/lib/python3.10/site-packages/selenium/webdriver/remote/webdriver.py:257: in __init__\n    self.start_session(capabilities)\n/opt/hostedtoolcache/Python/3.10.19/x64/lib/python3.10/site-packages/selenium/webdriver/remote/webdriver.py:352: in start_session\n    response = self.execute(Command.NEW_SESSION, caps)[\"value\"]\n/opt/hostedtoolcache/Python/3.10.19/x64/lib/python3.10/site-packages/selenium/webdriver/remote/webdriver.py:432: in execute\n    self.error_handler.check_response(response)\n/opt/hostedtoolcache/Python/3.10.19/x64/lib/python3.10/site-packages/selenium/webdriver/remote/errorhandler.py:232: in check_response\n    raise exception_class(message, screen, stacktrace)\nE   selenium.common.exceptions.SessionNotCreatedException: Message: session not created: Chrome instance exited. Examine ChromeDriver verbose log to determine the cause.; For documentation on this error, please visit: https://www.selenium.dev/documentation/webdriver/troubleshooting/errors#sessionnotcreatedexception\nE   Stacktrace:\nE   #0 0x559cebe8261a <unknown>\nE   #1 0x559ceb8ff20b <unknown>\nE   #2 0x559ceb93930d <unknown>\nE   #3 0x559ceb934cc3 <unknown>\nE   #4 0x559ceb98485c <unknown>\nE   #5 0x559ceb983f7c <unknown>\nE   #6 0x559ceb943232 <unknown>\nE   #7 0x559ceb943ee1 <unknown>\nE   #8 0x559cebe4b3f9 <unknown>\nE   #9 0x559cebe4e34d <unknown>\nE   #10 0x559cebe34122 <unknown>\nE   #11 0x559cebe4ef2b <unknown>\nE   #12 0x559cebe1ac30 <unknown>\nE   #13 0x559cebe6fd78 <unknown>\nE   #14 0x559cebe6ff4c <unknown>\nE   #15 0x559cebe81973 <unknown>\nE   #16 0x7f2bce29caa4 <unknown>\nE   #17 0x7f2bce329c6c <unknown>\n\nDuring handling of the above exception, another exception occurred:\nsrc/pages/base/ui_base_case.py:59: in setUp\n    super().setUp()\n/opt/hostedtoolcache/Python/3.10.19/x64/lib/python3.10/site-packages/seleniumbase/fixtures/base_case.py:15720: in setUp\n    self.driver = self.get_new_driver(\nsrc/pages/base/ui_base_case.py:32: in get_new_driver\n    driver = super().get_new_driver(*args, **kwargs)\n/opt/hostedtoolcache/Python/3.10.19/x64/lib/python3.10/site-packages/seleniumbase/fixtures/base_case.py:4308: in get_new_driver\n    new_driver = browser_launcher.get_driver(\n/opt/hostedtoolcache/Python/3.10.19/x64/lib/python3.10/site-packages/seleniumbase/core/browser_launcher.py:3543: in get_driver\n    return get_local_driver(\n/opt/hostedtoolcache/Python/3.10.19/x64/lib/python3.10/site-packages/seleniumbase/core/browser_launcher.py:6139: in get_local_driver\n    driver = webdriver.Chrome(\n/opt/hostedtoolcache/Python/3.10.19/x64/lib/python3.10/site-packages/selenium/webdriver/chrome/webdriver.py:46: in __init__\n    super().__init__(\n/opt/hostedtoolcache/Python/3.10.19/x64/lib/python3.10/site-packages/selenium/webdriver/chromium/webdriver.py:67: in __init__\n    super().__init__(command_executor=executor, options=options)\n/opt/hostedtoolcache/Python/3.10.19/x64/lib/python3.10/site-packages/selenium/webdriver/remote/webdriver.py:257: in __init__\n    self.start_session(capabilities)\n/opt/hostedtoolcache/Python/3.10.19/x64/lib/python3.10/site-packages/selenium/webdriver/remote/webdriver.py:352: in start_session\n    response = self.execute(Command.NEW_SESSION, caps)[\"value\"]\n/opt/hostedtoolcache/Python/3.10.19/x64/lib/python3.10/site-packages/selenium/webdriver/remote/webdriver.py:432: in execute\n    self.error_handler.check_response(response)\n/opt/hostedtoolcache/Python/3.10.19/x64/lib/python3.10/site-packages/selenium/webdriver/remote/errorhandler.py:232: in check_response\n    raise exception_class(message, screen, stacktrace)\nE   selenium.common.exceptions.SessionNotCreatedException: Message: session not created: Chrome instance exited. Examine ChromeDriver verbose log to determine the cause.; For documentation on this error, please visit: https://www.selenium.dev/documentation/webdriver/troubleshooting/errors#sessionnotcreatedexception\nE   Stacktrace:\nE   #0 0x55916224e61a <unknown>\nE   #1 0x559161ccb20b <unknown>\nE   #2 0x559161d0530d <unknown>\nE   #3 0x559161d00cc3 <unknown>\nE   #4 0x559161d5085c <unknown>\nE   #5 0x559161d4ff7c <unknown>\nE   #6 0x559161d0f232 <unknown>\nE   #7 0x559161d0fee1 <unknown>\nE   #8 0x5591622173f9 <unknown>\nE   #9 0x55916221a34d <unknown>\nE   #10 0x559162200122 <unknown>\nE   #11 0x55916221af2b <unknown>\nE   #12 0x5591621e6c30 <unknown>\nE   #13 0x55916223bd78 <unknown>\nE   #14 0x55916223bf4c <unknown>\nE   #15 0x55916224d973 <unknown>\nE   #16 0x7fa11c49caa4 <unknown>\nE   #17 0x7fa11c529c6c <unknown>","flaky":false,"newFailed":false,"newBroken":false,"newPassed":false,"retriesCount":0,"retriesStatusChange":false,"beforeStages":[{"name":"clean_directories_at_start","time":{"start":1766652346286,"stop":1766652346287,"duration":1},"status":"passed","steps":[],"attachments":[],"parameters":[],"shouldDisplayMessage":false,"stepsCount":0,"attachmentsCount":0,"hasContent":false,"attachmentStep":false},{"name":"_unittest_setUpClass_fixture_TestDigestAuth","time":{"start":1766652381470,"stop":1766652381471,"duration":1},"status":"passed","steps":[],"attachments":[],"parameters":[],"shouldDisplayMessage":false,"stepsCount":0,"attachmentsCount":0,"hasContent":false,"attachmentStep":false},{"name":"_inject_request","time":{"start":1766652398599,"stop":1766652398599,"duration":0},"status":"passed","steps":[],"attachments":[],"parameters":[],"shouldDisplayMessage":false,"stepsCount":0,"attachmentsCount":0,"hasContent":false,"attachmentStep":false},{"name":"bind_test_context","time":{"start":1766652398599,"stop":1766652398599,"duration":0},"status":"passed","steps":[],"attachments":[],"parameters":[],"shouldDisplayMessage":false,"stepsCount":0,"attachmentsCount":0,"hasContent":false,"attachmentStep":false}],"afterStages":[{"name":"_unittest_setUpClass_fixture_TestDigestAuth::0","time":{"start":1766652407822,"stop":1766652407822,"duration":0},"status":"passed","steps":[],"attachments":[],"parameters":[],"shouldDisplayMessage":false,"stepsCount":0,"attachmentsCount":0,"hasContent":false,"attachmentStep":false}],"labels":[{"name":"suite","value":"Digest Authentication"},{"name":"parentSuite","value":"UI Test Suite"},{"name":"subSuite","value":"Verify Digest Authentication scenarios"},{"name":"severity","value":"normal"},{"name":"tag","value":"regression"},{"name":"host","value":"runnervmh13bl"},{"name":"thread","value":"3086-MainThread"},{"name":"framework","value":"pytest"},{"name":"language","value":"cpython3"},{"name":"package","value":"tests.ui_test_suite.test_digest_auth_login_scenarios"},{"name":"resultFormat","value":"allure2"}],"parameters":[],"links":[],"hidden":true,"retry":true,"extra":{"categories":[],"tags":["regression"]},"source":"76662d2f85ab956.json","parameterValues":[]}