{"uid":"7afb44898a319877","name":"test_each_button_clicks_0_blue","fullName":"tests.ui_test_suite.test_challenging_dom.TestChallengingDom#test_each_button_clicks_0_blue","historyId":"14b3500869bfe9bb45180e5572ace975","time":{"start":1766652419031,"stop":1766652419785,"duration":754},"status":"broken","statusMessage":"selenium.common.exceptions.SessionNotCreatedException: Message: session not created: Chrome instance exited. Examine ChromeDriver verbose log to determine the cause.; For documentation on this error, please visit: https://www.selenium.dev/documentation/webdriver/troubleshooting/errors#sessionnotcreatedexception\nStacktrace:\n#0 0x55a69686761a <unknown>\n#1 0x55a6962e420b <unknown>\n#2 0x55a69631e30d <unknown>\n#3 0x55a696319cc3 <unknown>\n#4 0x55a69636985c <unknown>\n#5 0x55a696368f7c <unknown>\n#6 0x55a696328232 <unknown>\n#7 0x55a696328ee1 <unknown>\n#8 0x55a6968303f9 <unknown>\n#9 0x55a69683334d <unknown>\n#10 0x55a696819122 <unknown>\n#11 0x55a696833f2b <unknown>\n#12 0x55a6967ffc30 <unknown>\n#13 0x55a696854d78 <unknown>\n#14 0x55a696854f4c <unknown>\n#15 0x55a696866973 <unknown>\n#16 0x7f0d8569caa4 <unknown>\n#17 0x7f0d85729c6c <unknown>","statusTrace":"/opt/hostedtoolcache/Python/3.10.19/x64/lib/python3.10/site-packages/seleniumbase/core/browser_launcher.py:6052: in get_local_driver\n    driver = webdriver.Chrome(options=chrome_options)\n/opt/hostedtoolcache/Python/3.10.19/x64/lib/python3.10/site-packages/selenium/webdriver/chrome/webdriver.py:46: in __init__\n    super().__init__(\n/opt/hostedtoolcache/Python/3.10.19/x64/lib/python3.10/site-packages/selenium/webdriver/chromium/webdriver.py:67: in __init__\n    super().__init__(command_executor=executor, options=options)\n/opt/hostedtoolcache/Python/3.10.19/x64/lib/python3.10/site-packages/selenium/webdriver/remote/webdriver.py:257: in __init__\n    self.start_session(capabilities)\n/opt/hostedtoolcache/Python/3.10.19/x64/lib/python3.10/site-packages/selenium/webdriver/remote/webdriver.py:352: in start_session\n    response = self.execute(Command.NEW_SESSION, caps)[\"value\"]\n/opt/hostedtoolcache/Python/3.10.19/x64/lib/python3.10/site-packages/selenium/webdriver/remote/webdriver.py:432: in execute\n    self.error_handler.check_response(response)\n/opt/hostedtoolcache/Python/3.10.19/x64/lib/python3.10/site-packages/selenium/webdriver/remote/errorhandler.py:232: in check_response\n    raise exception_class(message, screen, stacktrace)\nE   selenium.common.exceptions.SessionNotCreatedException: Message: session not created: Chrome instance exited. Examine ChromeDriver verbose log to determine the cause.; For documentation on this error, please visit: https://www.selenium.dev/documentation/webdriver/troubleshooting/errors#sessionnotcreatedexception\nE   Stacktrace:\nE   #0 0x55b81530f61a <unknown>\nE   #1 0x55b814d8c20b <unknown>\nE   #2 0x55b814dc630d <unknown>\nE   #3 0x55b814dc1cc3 <unknown>\nE   #4 0x55b814e1185c <unknown>\nE   #5 0x55b814e10f7c <unknown>\nE   #6 0x55b814dd0232 <unknown>\nE   #7 0x55b814dd0ee1 <unknown>\nE   #8 0x55b8152d83f9 <unknown>\nE   #9 0x55b8152db34d <unknown>\nE   #10 0x55b8152c1122 <unknown>\nE   #11 0x55b8152dbf2b <unknown>\nE   #12 0x55b8152a7c30 <unknown>\nE   #13 0x55b8152fcd78 <unknown>\nE   #14 0x55b8152fcf4c <unknown>\nE   #15 0x55b81530e973 <unknown>\nE   #16 0x7f004d89caa4 <unknown>\nE   #17 0x7f004d929c6c <unknown>\n\nDuring handling of the above exception, another exception occurred:\nsrc/pages/base/ui_base_case.py:59: in setUp\n    super().setUp()\n/opt/hostedtoolcache/Python/3.10.19/x64/lib/python3.10/site-packages/seleniumbase/fixtures/base_case.py:15720: in setUp\n    self.driver = self.get_new_driver(\nsrc/pages/base/ui_base_case.py:32: in get_new_driver\n    driver = super().get_new_driver(*args, **kwargs)\n/opt/hostedtoolcache/Python/3.10.19/x64/lib/python3.10/site-packages/seleniumbase/fixtures/base_case.py:4308: in get_new_driver\n    new_driver = browser_launcher.get_driver(\n/opt/hostedtoolcache/Python/3.10.19/x64/lib/python3.10/site-packages/seleniumbase/core/browser_launcher.py:3543: in get_driver\n    return get_local_driver(\n/opt/hostedtoolcache/Python/3.10.19/x64/lib/python3.10/site-packages/seleniumbase/core/browser_launcher.py:6139: in get_local_driver\n    driver = webdriver.Chrome(\n/opt/hostedtoolcache/Python/3.10.19/x64/lib/python3.10/site-packages/selenium/webdriver/chrome/webdriver.py:46: in __init__\n    super().__init__(\n/opt/hostedtoolcache/Python/3.10.19/x64/lib/python3.10/site-packages/selenium/webdriver/chromium/webdriver.py:67: in __init__\n    super().__init__(command_executor=executor, options=options)\n/opt/hostedtoolcache/Python/3.10.19/x64/lib/python3.10/site-packages/selenium/webdriver/remote/webdriver.py:257: in __init__\n    self.start_session(capabilities)\n/opt/hostedtoolcache/Python/3.10.19/x64/lib/python3.10/site-packages/selenium/webdriver/remote/webdriver.py:352: in start_session\n    response = self.execute(Command.NEW_SESSION, caps)[\"value\"]\n/opt/hostedtoolcache/Python/3.10.19/x64/lib/python3.10/site-packages/selenium/webdriver/remote/webdriver.py:432: in execute\n    self.error_handler.check_response(response)\n/opt/hostedtoolcache/Python/3.10.19/x64/lib/python3.10/site-packages/selenium/webdriver/remote/errorhandler.py:232: in check_response\n    raise exception_class(message, screen, stacktrace)\nE   selenium.common.exceptions.SessionNotCreatedException: Message: session not created: Chrome instance exited. Examine ChromeDriver verbose log to determine the cause.; For documentation on this error, please visit: https://www.selenium.dev/documentation/webdriver/troubleshooting/errors#sessionnotcreatedexception\nE   Stacktrace:\nE   #0 0x55a69686761a <unknown>\nE   #1 0x55a6962e420b <unknown>\nE   #2 0x55a69631e30d <unknown>\nE   #3 0x55a696319cc3 <unknown>\nE   #4 0x55a69636985c <unknown>\nE   #5 0x55a696368f7c <unknown>\nE   #6 0x55a696328232 <unknown>\nE   #7 0x55a696328ee1 <unknown>\nE   #8 0x55a6968303f9 <unknown>\nE   #9 0x55a69683334d <unknown>\nE   #10 0x55a696819122 <unknown>\nE   #11 0x55a696833f2b <unknown>\nE   #12 0x55a6967ffc30 <unknown>\nE   #13 0x55a696854d78 <unknown>\nE   #14 0x55a696854f4c <unknown>\nE   #15 0x55a696866973 <unknown>\nE   #16 0x7f0d8569caa4 <unknown>\nE   #17 0x7f0d85729c6c <unknown>","flaky":false,"newFailed":false,"newBroken":true,"newPassed":false,"retriesCount":3,"retriesStatusChange":false,"beforeStages":[{"name":"clean_directories_at_start","time":{"start":1766652346285,"stop":1766652346286,"duration":1},"status":"passed","steps":[],"attachments":[],"parameters":[],"shouldDisplayMessage":false,"stepsCount":0,"attachmentsCount":0,"hasContent":false,"attachmentStep":false},{"name":"_unittest_setUpClass_fixture_TestChallengingDom","time":{"start":1766652346286,"stop":1766652346286,"duration":0},"status":"passed","steps":[],"attachments":[],"parameters":[],"shouldDisplayMessage":false,"stepsCount":0,"attachmentsCount":0,"hasContent":false,"attachmentStep":false},{"name":"bind_test_context","time":{"start":1766652419030,"stop":1766652419030,"duration":0},"status":"passed","steps":[],"attachments":[],"parameters":[],"shouldDisplayMessage":false,"stepsCount":0,"attachmentsCount":0,"hasContent":false,"attachmentStep":false},{"name":"_inject_request","time":{"start":1766652419031,"stop":1766652419031,"duration":0},"status":"passed","steps":[],"attachments":[],"parameters":[],"shouldDisplayMessage":false,"stepsCount":0,"attachmentsCount":0,"hasContent":false,"attachmentStep":false}],"afterStages":[{"name":"_unittest_setUpClass_fixture_TestChallengingDom::0","time":{"start":1766652556782,"stop":1766652556782,"duration":0},"status":"passed","steps":[],"attachments":[],"parameters":[],"shouldDisplayMessage":false,"stepsCount":0,"attachmentsCount":0,"hasContent":false,"attachmentStep":false}],"labels":[{"name":"parentSuite","value":"UI Test Suite"},{"name":"suite","value":"Challenging DOM"},{"name":"severity","value":"normal"},{"name":"subSuite","value":"Verify Challenging DOM buttons interactions and table content"},{"name":"tag","value":"ui"},{"name":"tag","value":"smoke"},{"name":"tag","value":"regression"},{"name":"host","value":"runnervmh13bl"},{"name":"thread","value":"3077-MainThread"},{"name":"framework","value":"pytest"},{"name":"language","value":"cpython3"},{"name":"package","value":"tests.ui_test_suite.test_challenging_dom"},{"name":"resultFormat","value":"allure2"}],"parameters":[],"links":[],"hidden":false,"retry":false,"extra":{"severity":"normal","retries":[{"uid":"75e265c7f6ce3a52","status":"broken","statusDetails":"selenium.common.exceptions.SessionNotCreatedException: Message: session not created: Chrome instance exited. Examine ChromeDriver verbose log to determine the cause.; For documentation on this error, please visit: https://www.selenium.dev/documentation/webdriver/troubleshooting/errors#sessionnotcreatedexception\nStacktrace:\n#0 0x560152acd61a <unknown>\n#1 0x56015254a20b <unknown>\n#2 0x56015258430d <unknown>\n#3 0x56015257fcc3 <unknown>\n#4 0x5601525cf85c <unknown>\n#5 0x5601525cef7c <unknown>\n#6 0x56015258e232 <unknown>\n#7 0x56015258eee1 <unknown>\n#8 0x560152a963f9 <unknown>\n#9 0x560152a9934d <unknown>\n#10 0x560152a7f122 <unknown>\n#11 0x560152a99f2b <unknown>\n#12 0x560152a65c30 <unknown>\n#13 0x560152abad78 <unknown>\n#14 0x560152abaf4c <unknown>\n#15 0x560152acc973 <unknown>\n#16 0x7f9e88e9caa4 <unknown>\n#17 0x7f9e88f29c6c <unknown>","time":{"start":1766652415434,"stop":1766652416192,"duration":758}},{"uid":"8b5db6c1f7a2d44a","status":"broken","statusDetails":"selenium.common.exceptions.SessionNotCreatedException: Message: session not created: Chrome instance exited. Examine ChromeDriver verbose log to determine the cause.; For documentation on this error, please visit: https://www.selenium.dev/documentation/webdriver/troubleshooting/errors#sessionnotcreatedexception\nStacktrace:\n#0 0x5621ff48c61a <unknown>\n#1 0x5621fef0920b <unknown>\n#2 0x5621fef4330d <unknown>\n#3 0x5621fef3ecc3 <unknown>\n#4 0x5621fef8e85c <unknown>\n#5 0x5621fef8df7c <unknown>\n#6 0x5621fef4d232 <unknown>\n#7 0x5621fef4dee1 <unknown>\n#8 0x5621ff4553f9 <unknown>\n#9 0x5621ff45834d <unknown>\n#10 0x5621ff43e122 <unknown>\n#11 0x5621ff458f2b <unknown>\n#12 0x5621ff424c30 <unknown>\n#13 0x5621ff479d78 <unknown>\n#14 0x5621ff479f4c <unknown>\n#15 0x5621ff48b973 <unknown>\n#16 0x7f8677a9caa4 <unknown>\n#17 0x7f8677b29c6c <unknown>","time":{"start":1766652411909,"stop":1766652412674,"duration":765}},{"uid":"e1109a54091e1265","status":"broken","statusDetails":"selenium.common.exceptions.SessionNotCreatedException: Message: session not created: Chrome instance exited. Examine ChromeDriver verbose log to determine the cause.; For documentation on this error, please visit: https://www.selenium.dev/documentation/webdriver/troubleshooting/errors#sessionnotcreatedexception\nStacktrace:\n#0 0x561268c0561a <unknown>\n#1 0x56126868220b <unknown>\n#2 0x5612686bc30d <unknown>\n#3 0x5612686b7cc3 <unknown>\n#4 0x56126870785c <unknown>\n#5 0x561268706f7c <unknown>\n#6 0x5612686c6232 <unknown>\n#7 0x5612686c6ee1 <unknown>\n#8 0x561268bce3f9 <unknown>\n#9 0x561268bd134d <unknown>\n#10 0x561268bb7122 <unknown>\n#11 0x561268bd1f2b <unknown>\n#12 0x561268b9dc30 <unknown>\n#13 0x561268bf2d78 <unknown>\n#14 0x561268bf2f4c <unknown>\n#15 0x561268c04973 <unknown>\n#16 0x7f780c09caa4 <unknown>\n#17 0x7f780c129c6c <unknown>","time":{"start":1766652408258,"stop":1766652409029,"duration":771}}],"categories":[{"name":"Test defects","matchedStatuses":[]}],"history":{"statistic":{"failed":0,"broken":1,"skipped":0,"passed":5,"unknown":0,"total":6},"items":[{"uid":"6e7e21addbd5c64d","status":"passed","time":{"start":1766579140635,"stop":1766579142516,"duration":1881}},{"uid":"b13d041e822c3880","status":"passed","time":{"start":1766578776981,"stop":1766578778775,"duration":1794}},{"uid":"afc7bfe17e0f619a","status":"passed","time":{"start":1766560067018,"stop":1766560068618,"duration":1600}},{"uid":"5c65df8126af3ff1","status":"passed","time":{"start":1766497523851,"stop":1766497525267,"duration":1416}},{"uid":"8d914fb2fbe2b446","status":"passed","time":{"start":1766497275152,"stop":1766497276997,"duration":1845}}]},"tags":["ui","regression","smoke"]},"source":"7afb44898a319877.json","parameterValues":[]}