{"uid":"7d09532e9c725014","name":"test_table_header_per_column_2_Dolor","fullName":"tests.ui_test_suite.test_challenging_dom.TestChallengingDom#test_table_header_per_column_2_Dolor","historyId":"678e87f5d946c62ce7990ce33a6b72b1","time":{"start":1766652525346,"stop":1766652526083,"duration":737},"status":"broken","statusMessage":"selenium.common.exceptions.SessionNotCreatedException: Message: session not created: Chrome instance exited. Examine ChromeDriver verbose log to determine the cause.; For documentation on this error, please visit: https://www.selenium.dev/documentation/webdriver/troubleshooting/errors#sessionnotcreatedexception\nStacktrace:\n#0 0x55558d4a761a <unknown>\n#1 0x55558cf2420b <unknown>\n#2 0x55558cf5e30d <unknown>\n#3 0x55558cf59cc3 <unknown>\n#4 0x55558cfa985c <unknown>\n#5 0x55558cfa8f7c <unknown>\n#6 0x55558cf68232 <unknown>\n#7 0x55558cf68ee1 <unknown>\n#8 0x55558d4703f9 <unknown>\n#9 0x55558d47334d <unknown>\n#10 0x55558d459122 <unknown>\n#11 0x55558d473f2b <unknown>\n#12 0x55558d43fc30 <unknown>\n#13 0x55558d494d78 <unknown>\n#14 0x55558d494f4c <unknown>\n#15 0x55558d4a6973 <unknown>\n#16 0x7f5f5529caa4 <unknown>\n#17 0x7f5f55329c6c <unknown>","statusTrace":"/opt/hostedtoolcache/Python/3.10.19/x64/lib/python3.10/site-packages/seleniumbase/core/browser_launcher.py:6052: in get_local_driver\n    driver = webdriver.Chrome(options=chrome_options)\n/opt/hostedtoolcache/Python/3.10.19/x64/lib/python3.10/site-packages/selenium/webdriver/chrome/webdriver.py:46: in __init__\n    super().__init__(\n/opt/hostedtoolcache/Python/3.10.19/x64/lib/python3.10/site-packages/selenium/webdriver/chromium/webdriver.py:67: in __init__\n    super().__init__(command_executor=executor, options=options)\n/opt/hostedtoolcache/Python/3.10.19/x64/lib/python3.10/site-packages/selenium/webdriver/remote/webdriver.py:257: in __init__\n    self.start_session(capabilities)\n/opt/hostedtoolcache/Python/3.10.19/x64/lib/python3.10/site-packages/selenium/webdriver/remote/webdriver.py:352: in start_session\n    response = self.execute(Command.NEW_SESSION, caps)[\"value\"]\n/opt/hostedtoolcache/Python/3.10.19/x64/lib/python3.10/site-packages/selenium/webdriver/remote/webdriver.py:432: in execute\n    self.error_handler.check_response(response)\n/opt/hostedtoolcache/Python/3.10.19/x64/lib/python3.10/site-packages/selenium/webdriver/remote/errorhandler.py:232: in check_response\n    raise exception_class(message, screen, stacktrace)\nE   selenium.common.exceptions.SessionNotCreatedException: Message: session not created: Chrome instance exited. Examine ChromeDriver verbose log to determine the cause.; For documentation on this error, please visit: https://www.selenium.dev/documentation/webdriver/troubleshooting/errors#sessionnotcreatedexception\nE   Stacktrace:\nE   #0 0x562707bac61a <unknown>\nE   #1 0x56270762920b <unknown>\nE   #2 0x56270766330d <unknown>\nE   #3 0x56270765ecc3 <unknown>\nE   #4 0x5627076ae85c <unknown>\nE   #5 0x5627076adf7c <unknown>\nE   #6 0x56270766d232 <unknown>\nE   #7 0x56270766dee1 <unknown>\nE   #8 0x562707b753f9 <unknown>\nE   #9 0x562707b7834d <unknown>\nE   #10 0x562707b5e122 <unknown>\nE   #11 0x562707b78f2b <unknown>\nE   #12 0x562707b44c30 <unknown>\nE   #13 0x562707b99d78 <unknown>\nE   #14 0x562707b99f4c <unknown>\nE   #15 0x562707bab973 <unknown>\nE   #16 0x7f0b3909caa4 <unknown>\nE   #17 0x7f0b39129c6c <unknown>\n\nDuring handling of the above exception, another exception occurred:\nsrc/pages/base/ui_base_case.py:59: in setUp\n    super().setUp()\n/opt/hostedtoolcache/Python/3.10.19/x64/lib/python3.10/site-packages/seleniumbase/fixtures/base_case.py:15720: in setUp\n    self.driver = self.get_new_driver(\nsrc/pages/base/ui_base_case.py:32: in get_new_driver\n    driver = super().get_new_driver(*args, **kwargs)\n/opt/hostedtoolcache/Python/3.10.19/x64/lib/python3.10/site-packages/seleniumbase/fixtures/base_case.py:4308: in get_new_driver\n    new_driver = browser_launcher.get_driver(\n/opt/hostedtoolcache/Python/3.10.19/x64/lib/python3.10/site-packages/seleniumbase/core/browser_launcher.py:3543: in get_driver\n    return get_local_driver(\n/opt/hostedtoolcache/Python/3.10.19/x64/lib/python3.10/site-packages/seleniumbase/core/browser_launcher.py:6139: in get_local_driver\n    driver = webdriver.Chrome(\n/opt/hostedtoolcache/Python/3.10.19/x64/lib/python3.10/site-packages/selenium/webdriver/chrome/webdriver.py:46: in __init__\n    super().__init__(\n/opt/hostedtoolcache/Python/3.10.19/x64/lib/python3.10/site-packages/selenium/webdriver/chromium/webdriver.py:67: in __init__\n    super().__init__(command_executor=executor, options=options)\n/opt/hostedtoolcache/Python/3.10.19/x64/lib/python3.10/site-packages/selenium/webdriver/remote/webdriver.py:257: in __init__\n    self.start_session(capabilities)\n/opt/hostedtoolcache/Python/3.10.19/x64/lib/python3.10/site-packages/selenium/webdriver/remote/webdriver.py:352: in start_session\n    response = self.execute(Command.NEW_SESSION, caps)[\"value\"]\n/opt/hostedtoolcache/Python/3.10.19/x64/lib/python3.10/site-packages/selenium/webdriver/remote/webdriver.py:432: in execute\n    self.error_handler.check_response(response)\n/opt/hostedtoolcache/Python/3.10.19/x64/lib/python3.10/site-packages/selenium/webdriver/remote/errorhandler.py:232: in check_response\n    raise exception_class(message, screen, stacktrace)\nE   selenium.common.exceptions.SessionNotCreatedException: Message: session not created: Chrome instance exited. Examine ChromeDriver verbose log to determine the cause.; For documentation on this error, please visit: https://www.selenium.dev/documentation/webdriver/troubleshooting/errors#sessionnotcreatedexception\nE   Stacktrace:\nE   #0 0x55558d4a761a <unknown>\nE   #1 0x55558cf2420b <unknown>\nE   #2 0x55558cf5e30d <unknown>\nE   #3 0x55558cf59cc3 <unknown>\nE   #4 0x55558cfa985c <unknown>\nE   #5 0x55558cfa8f7c <unknown>\nE   #6 0x55558cf68232 <unknown>\nE   #7 0x55558cf68ee1 <unknown>\nE   #8 0x55558d4703f9 <unknown>\nE   #9 0x55558d47334d <unknown>\nE   #10 0x55558d459122 <unknown>\nE   #11 0x55558d473f2b <unknown>\nE   #12 0x55558d43fc30 <unknown>\nE   #13 0x55558d494d78 <unknown>\nE   #14 0x55558d494f4c <unknown>\nE   #15 0x55558d4a6973 <unknown>\nE   #16 0x7f5f5529caa4 <unknown>\nE   #17 0x7f5f55329c6c <unknown>","flaky":false,"newFailed":false,"newBroken":true,"newPassed":false,"retriesCount":3,"retriesStatusChange":false,"beforeStages":[{"name":"clean_directories_at_start","time":{"start":1766652346285,"stop":1766652346286,"duration":1},"status":"passed","steps":[],"attachments":[],"parameters":[],"shouldDisplayMessage":false,"stepsCount":0,"attachmentsCount":0,"hasContent":false,"attachmentStep":false},{"name":"_unittest_setUpClass_fixture_TestChallengingDom","time":{"start":1766652346286,"stop":1766652346286,"duration":0},"status":"passed","steps":[],"attachments":[],"parameters":[],"shouldDisplayMessage":false,"stepsCount":0,"attachmentsCount":0,"hasContent":false,"attachmentStep":false},{"name":"bind_test_context","time":{"start":1766652525345,"stop":1766652525345,"duration":0},"status":"passed","steps":[],"attachments":[],"parameters":[],"shouldDisplayMessage":false,"stepsCount":0,"attachmentsCount":0,"hasContent":false,"attachmentStep":false},{"name":"_inject_request","time":{"start":1766652525345,"stop":1766652525345,"duration":0},"status":"passed","steps":[],"attachments":[],"parameters":[],"shouldDisplayMessage":false,"stepsCount":0,"attachmentsCount":0,"hasContent":false,"attachmentStep":false}],"testStage":{"status":"broken","statusMessage":"selenium.common.exceptions.SessionNotCreatedException: Message: session not created: Chrome instance exited. Examine ChromeDriver verbose log to determine the cause.; For documentation on this error, please visit: https://www.selenium.dev/documentation/webdriver/troubleshooting/errors#sessionnotcreatedexception\nStacktrace:\n#0 0x55558d4a761a <unknown>\n#1 0x55558cf2420b <unknown>\n#2 0x55558cf5e30d <unknown>\n#3 0x55558cf59cc3 <unknown>\n#4 0x55558cfa985c <unknown>\n#5 0x55558cfa8f7c <unknown>\n#6 0x55558cf68232 <unknown>\n#7 0x55558cf68ee1 <unknown>\n#8 0x55558d4703f9 <unknown>\n#9 0x55558d47334d <unknown>\n#10 0x55558d459122 <unknown>\n#11 0x55558d473f2b <unknown>\n#12 0x55558d43fc30 <unknown>\n#13 0x55558d494d78 <unknown>\n#14 0x55558d494f4c <unknown>\n#15 0x55558d4a6973 <unknown>\n#16 0x7f5f5529caa4 <unknown>\n#17 0x7f5f55329c6c <unknown>","statusTrace":"/opt/hostedtoolcache/Python/3.10.19/x64/lib/python3.10/site-packages/seleniumbase/core/browser_launcher.py:6052: in get_local_driver\n    driver = webdriver.Chrome(options=chrome_options)\n/opt/hostedtoolcache/Python/3.10.19/x64/lib/python3.10/site-packages/selenium/webdriver/chrome/webdriver.py:46: in __init__\n    super().__init__(\n/opt/hostedtoolcache/Python/3.10.19/x64/lib/python3.10/site-packages/selenium/webdriver/chromium/webdriver.py:67: in __init__\n    super().__init__(command_executor=executor, options=options)\n/opt/hostedtoolcache/Python/3.10.19/x64/lib/python3.10/site-packages/selenium/webdriver/remote/webdriver.py:257: in __init__\n    self.start_session(capabilities)\n/opt/hostedtoolcache/Python/3.10.19/x64/lib/python3.10/site-packages/selenium/webdriver/remote/webdriver.py:352: in start_session\n    response = self.execute(Command.NEW_SESSION, caps)[\"value\"]\n/opt/hostedtoolcache/Python/3.10.19/x64/lib/python3.10/site-packages/selenium/webdriver/remote/webdriver.py:432: in execute\n    self.error_handler.check_response(response)\n/opt/hostedtoolcache/Python/3.10.19/x64/lib/python3.10/site-packages/selenium/webdriver/remote/errorhandler.py:232: in check_response\n    raise exception_class(message, screen, stacktrace)\nE   selenium.common.exceptions.SessionNotCreatedException: Message: session not created: Chrome instance exited. Examine ChromeDriver verbose log to determine the cause.; For documentation on this error, please visit: https://www.selenium.dev/documentation/webdriver/troubleshooting/errors#sessionnotcreatedexception\nE   Stacktrace:\nE   #0 0x562707bac61a <unknown>\nE   #1 0x56270762920b <unknown>\nE   #2 0x56270766330d <unknown>\nE   #3 0x56270765ecc3 <unknown>\nE   #4 0x5627076ae85c <unknown>\nE   #5 0x5627076adf7c <unknown>\nE   #6 0x56270766d232 <unknown>\nE   #7 0x56270766dee1 <unknown>\nE   #8 0x562707b753f9 <unknown>\nE   #9 0x562707b7834d <unknown>\nE   #10 0x562707b5e122 <unknown>\nE   #11 0x562707b78f2b <unknown>\nE   #12 0x562707b44c30 <unknown>\nE   #13 0x562707b99d78 <unknown>\nE   #14 0x562707b99f4c <unknown>\nE   #15 0x562707bab973 <unknown>\nE   #16 0x7f0b3909caa4 <unknown>\nE   #17 0x7f0b39129c6c <unknown>\n\nDuring handling of the above exception, another exception occurred:\nsrc/pages/base/ui_base_case.py:59: in setUp\n    super().setUp()\n/opt/hostedtoolcache/Python/3.10.19/x64/lib/python3.10/site-packages/seleniumbase/fixtures/base_case.py:15720: in setUp\n    self.driver = self.get_new_driver(\nsrc/pages/base/ui_base_case.py:32: in get_new_driver\n    driver = super().get_new_driver(*args, **kwargs)\n/opt/hostedtoolcache/Python/3.10.19/x64/lib/python3.10/site-packages/seleniumbase/fixtures/base_case.py:4308: in get_new_driver\n    new_driver = browser_launcher.get_driver(\n/opt/hostedtoolcache/Python/3.10.19/x64/lib/python3.10/site-packages/seleniumbase/core/browser_launcher.py:3543: in get_driver\n    return get_local_driver(\n/opt/hostedtoolcache/Python/3.10.19/x64/lib/python3.10/site-packages/seleniumbase/core/browser_launcher.py:6139: in get_local_driver\n    driver = webdriver.Chrome(\n/opt/hostedtoolcache/Python/3.10.19/x64/lib/python3.10/site-packages/selenium/webdriver/chrome/webdriver.py:46: in __init__\n    super().__init__(\n/opt/hostedtoolcache/Python/3.10.19/x64/lib/python3.10/site-packages/selenium/webdriver/chromium/webdriver.py:67: in __init__\n    super().__init__(command_executor=executor, options=options)\n/opt/hostedtoolcache/Python/3.10.19/x64/lib/python3.10/site-packages/selenium/webdriver/remote/webdriver.py:257: in __init__\n    self.start_session(capabilities)\n/opt/hostedtoolcache/Python/3.10.19/x64/lib/python3.10/site-packages/selenium/webdriver/remote/webdriver.py:352: in start_session\n    response = self.execute(Command.NEW_SESSION, caps)[\"value\"]\n/opt/hostedtoolcache/Python/3.10.19/x64/lib/python3.10/site-packages/selenium/webdriver/remote/webdriver.py:432: in execute\n    self.error_handler.check_response(response)\n/opt/hostedtoolcache/Python/3.10.19/x64/lib/python3.10/site-packages/selenium/webdriver/remote/errorhandler.py:232: in check_response\n    raise exception_class(message, screen, stacktrace)\nE   selenium.common.exceptions.SessionNotCreatedException: Message: session not created: Chrome instance exited. Examine ChromeDriver verbose log to determine the cause.; For documentation on this error, please visit: https://www.selenium.dev/documentation/webdriver/troubleshooting/errors#sessionnotcreatedexception\nE   Stacktrace:\nE   #0 0x55558d4a761a <unknown>\nE   #1 0x55558cf2420b <unknown>\nE   #2 0x55558cf5e30d <unknown>\nE   #3 0x55558cf59cc3 <unknown>\nE   #4 0x55558cfa985c <unknown>\nE   #5 0x55558cfa8f7c <unknown>\nE   #6 0x55558cf68232 <unknown>\nE   #7 0x55558cf68ee1 <unknown>\nE   #8 0x55558d4703f9 <unknown>\nE   #9 0x55558d47334d <unknown>\nE   #10 0x55558d459122 <unknown>\nE   #11 0x55558d473f2b <unknown>\nE   #12 0x55558d43fc30 <unknown>\nE   #13 0x55558d494d78 <unknown>\nE   #14 0x55558d494f4c <unknown>\nE   #15 0x55558d4a6973 <unknown>\nE   #16 0x7f5f5529caa4 <unknown>\nE   #17 0x7f5f55329c6c <unknown>","steps":[],"attachments":[{"uid":"6d61b0f2bc31594f","name":"log","source":"6d61b0f2bc31594f.txt","type":"text/plain","size":1548},{"uid":"6957ade178070e6e","name":"stdout","source":"6957ade178070e6e.txt","type":"text/plain","size":1615}],"parameters":[],"shouldDisplayMessage":true,"stepsCount":0,"attachmentsCount":2,"hasContent":true,"attachmentStep":false},"afterStages":[{"name":"_unittest_setUpClass_fixture_TestChallengingDom::0","time":{"start":1766652556782,"stop":1766652556782,"duration":0},"status":"passed","steps":[],"attachments":[],"parameters":[],"shouldDisplayMessage":false,"stepsCount":0,"attachmentsCount":0,"hasContent":false,"attachmentStep":false}],"labels":[{"name":"parentSuite","value":"UI Test Suite"},{"name":"suite","value":"Challenging DOM"},{"name":"severity","value":"normal"},{"name":"subSuite","value":"Verify Challenging DOM buttons interactions and table content"},{"name":"tag","value":"ui"},{"name":"tag","value":"smoke"},{"name":"tag","value":"regression"},{"name":"host","value":"runnervmh13bl"},{"name":"thread","value":"3077-MainThread"},{"name":"framework","value":"pytest"},{"name":"language","value":"cpython3"},{"name":"package","value":"tests.ui_test_suite.test_challenging_dom"},{"name":"resultFormat","value":"allure2"}],"parameters":[],"links":[],"hidden":false,"retry":false,"extra":{"severity":"normal","retries":[{"uid":"22913a653d1124f0","status":"broken","statusDetails":"seleniumbase.common.exceptions.LinkTextNotFoundException: \n Link text {Challenging DOM} was not found after 7 seconds!","time":{"start":1766652504894,"stop":1766652520571,"duration":15677}},{"uid":"1d94ebd27c2cca92","status":"broken","statusDetails":"selenium.common.exceptions.SessionNotCreatedException: Message: session not created: Chrome instance exited. Examine ChromeDriver verbose log to determine the cause.; For documentation on this error, please visit: https://www.selenium.dev/documentation/webdriver/troubleshooting/errors#sessionnotcreatedexception\nStacktrace:\n#0 0x557a3998b61a <unknown>\n#1 0x557a3940820b <unknown>\n#2 0x557a3944230d <unknown>\n#3 0x557a3943dcc3 <unknown>\n#4 0x557a3948d85c <unknown>\n#5 0x557a3948cf7c <unknown>\n#6 0x557a3944c232 <unknown>\n#7 0x557a3944cee1 <unknown>\n#8 0x557a399543f9 <unknown>\n#9 0x557a3995734d <unknown>\n#10 0x557a3993d122 <unknown>\n#11 0x557a39957f2b <unknown>\n#12 0x557a39923c30 <unknown>\n#13 0x557a39978d78 <unknown>\n#14 0x557a39978f4c <unknown>\n#15 0x557a3998a973 <unknown>\n#16 0x7f642349caa4 <unknown>\n#17 0x7f6423529c6c <unknown>","time":{"start":1766652500806,"stop":1766652501745,"duration":939}},{"uid":"e145516b77ddec46","status":"broken","statusDetails":"selenium.common.exceptions.SessionNotCreatedException: Message: session not created: Chrome instance exited. Examine ChromeDriver verbose log to determine the cause.; For documentation on this error, please visit: https://www.selenium.dev/documentation/webdriver/troubleshooting/errors#sessionnotcreatedexception\nStacktrace:\n#0 0x55be8724b61a <unknown>\n#1 0x55be86cc820b <unknown>\n#2 0x55be86d0230d <unknown>\n#3 0x55be86cfdcc3 <unknown>\n#4 0x55be86d4d85c <unknown>\n#5 0x55be86d4cf7c <unknown>\n#6 0x55be86d0c232 <unknown>\n#7 0x55be86d0cee1 <unknown>\n#8 0x55be872143f9 <unknown>\n#9 0x55be8721734d <unknown>\n#10 0x55be871fd122 <unknown>\n#11 0x55be87217f2b <unknown>\n#12 0x55be871e3c30 <unknown>\n#13 0x55be87238d78 <unknown>\n#14 0x55be87238f4c <unknown>\n#15 0x55be8724a973 <unknown>\n#16 0x7fb58ea9caa4 <unknown>\n#17 0x7fb58eb29c6c <unknown>","time":{"start":1766652495961,"stop":1766652497442,"duration":1481}}],"categories":[{"name":"Test defects","matchedStatuses":[]}],"history":{"statistic":{"failed":0,"broken":1,"skipped":0,"passed":5,"unknown":0,"total":6},"items":[{"uid":"31884fd168c91bd0","status":"passed","time":{"start":1766579151951,"stop":1766579153698,"duration":1747}},{"uid":"e4e7dd840b167855","status":"passed","time":{"start":1766578788511,"stop":1766578790174,"duration":1663}},{"uid":"3c93811b7a11d7a","status":"passed","time":{"start":1766560077384,"stop":1766560078881,"duration":1497}},{"uid":"bfab961726f6166e","status":"passed","time":{"start":1766497534936,"stop":1766497536230,"duration":1294}},{"uid":"e7d278527b10471a","status":"passed","time":{"start":1766497283769,"stop":1766497286345,"duration":2576}}]},"tags":["ui","regression","smoke"]},"source":"7d09532e9c725014.json","parameterValues":[]}