{"uid":"8d160b0a39207c86","name":"test_cells_content_per_column_0_Lorem","fullName":"tests.ui_test_suite.test_challenging_dom.TestChallengingDom#test_cells_content_per_column_0_Lorem","historyId":"bf3453cfe162ba338e7f6a96151b053e","time":{"start":1766652385604,"stop":1766652386222,"duration":618},"status":"broken","statusMessage":"selenium.common.exceptions.SessionNotCreatedException: Message: session not created: Chrome instance exited. Examine ChromeDriver verbose log to determine the cause.; For documentation on this error, please visit: https://www.selenium.dev/documentation/webdriver/troubleshooting/errors#sessionnotcreatedexception\nStacktrace:\n#0 0x555f145c361a <unknown>\n#1 0x555f1404020b <unknown>\n#2 0x555f1407a30d <unknown>\n#3 0x555f14075cc3 <unknown>\n#4 0x555f140c585c <unknown>\n#5 0x555f140c4f7c <unknown>\n#6 0x555f14084232 <unknown>\n#7 0x555f14084ee1 <unknown>\n#8 0x555f1458c3f9 <unknown>\n#9 0x555f1458f34d <unknown>\n#10 0x555f14575122 <unknown>\n#11 0x555f1458ff2b <unknown>\n#12 0x555f1455bc30 <unknown>\n#13 0x555f145b0d78 <unknown>\n#14 0x555f145b0f4c <unknown>\n#15 0x555f145c2973 <unknown>\n#16 0x7f6e8649caa4 <unknown>\n#17 0x7f6e86529c6c <unknown>","statusTrace":"/opt/hostedtoolcache/Python/3.10.19/x64/lib/python3.10/site-packages/seleniumbase/core/browser_launcher.py:6052: in get_local_driver\n    driver = webdriver.Chrome(options=chrome_options)\n/opt/hostedtoolcache/Python/3.10.19/x64/lib/python3.10/site-packages/selenium/webdriver/chrome/webdriver.py:46: in __init__\n    super().__init__(\n/opt/hostedtoolcache/Python/3.10.19/x64/lib/python3.10/site-packages/selenium/webdriver/chromium/webdriver.py:67: in __init__\n    super().__init__(command_executor=executor, options=options)\n/opt/hostedtoolcache/Python/3.10.19/x64/lib/python3.10/site-packages/selenium/webdriver/remote/webdriver.py:257: in __init__\n    self.start_session(capabilities)\n/opt/hostedtoolcache/Python/3.10.19/x64/lib/python3.10/site-packages/selenium/webdriver/remote/webdriver.py:352: in start_session\n    response = self.execute(Command.NEW_SESSION, caps)[\"value\"]\n/opt/hostedtoolcache/Python/3.10.19/x64/lib/python3.10/site-packages/selenium/webdriver/remote/webdriver.py:432: in execute\n    self.error_handler.check_response(response)\n/opt/hostedtoolcache/Python/3.10.19/x64/lib/python3.10/site-packages/selenium/webdriver/remote/errorhandler.py:232: in check_response\n    raise exception_class(message, screen, stacktrace)\nE   selenium.common.exceptions.SessionNotCreatedException: Message: session not created: Chrome instance exited. Examine ChromeDriver verbose log to determine the cause.; For documentation on this error, please visit: https://www.selenium.dev/documentation/webdriver/troubleshooting/errors#sessionnotcreatedexception\nE   Stacktrace:\nE   #0 0x55a905b7f61a <unknown>\nE   #1 0x55a9055fc20b <unknown>\nE   #2 0x55a90563630d <unknown>\nE   #3 0x55a905631cc3 <unknown>\nE   #4 0x55a90568185c <unknown>\nE   #5 0x55a905680f7c <unknown>\nE   #6 0x55a905640232 <unknown>\nE   #7 0x55a905640ee1 <unknown>\nE   #8 0x55a905b483f9 <unknown>\nE   #9 0x55a905b4b34d <unknown>\nE   #10 0x55a905b31122 <unknown>\nE   #11 0x55a905b4bf2b <unknown>\nE   #12 0x55a905b17c30 <unknown>\nE   #13 0x55a905b6cd78 <unknown>\nE   #14 0x55a905b6cf4c <unknown>\nE   #15 0x55a905b7e973 <unknown>\nE   #16 0x7f91a369caa4 <unknown>\nE   #17 0x7f91a3729c6c <unknown>\n\nDuring handling of the above exception, another exception occurred:\nsrc/pages/base/ui_base_case.py:59: in setUp\n    super().setUp()\n/opt/hostedtoolcache/Python/3.10.19/x64/lib/python3.10/site-packages/seleniumbase/fixtures/base_case.py:15720: in setUp\n    self.driver = self.get_new_driver(\nsrc/pages/base/ui_base_case.py:32: in get_new_driver\n    driver = super().get_new_driver(*args, **kwargs)\n/opt/hostedtoolcache/Python/3.10.19/x64/lib/python3.10/site-packages/seleniumbase/fixtures/base_case.py:4308: in get_new_driver\n    new_driver = browser_launcher.get_driver(\n/opt/hostedtoolcache/Python/3.10.19/x64/lib/python3.10/site-packages/seleniumbase/core/browser_launcher.py:3543: in get_driver\n    return get_local_driver(\n/opt/hostedtoolcache/Python/3.10.19/x64/lib/python3.10/site-packages/seleniumbase/core/browser_launcher.py:6139: in get_local_driver\n    driver = webdriver.Chrome(\n/opt/hostedtoolcache/Python/3.10.19/x64/lib/python3.10/site-packages/selenium/webdriver/chrome/webdriver.py:46: in __init__\n    super().__init__(\n/opt/hostedtoolcache/Python/3.10.19/x64/lib/python3.10/site-packages/selenium/webdriver/chromium/webdriver.py:67: in __init__\n    super().__init__(command_executor=executor, options=options)\n/opt/hostedtoolcache/Python/3.10.19/x64/lib/python3.10/site-packages/selenium/webdriver/remote/webdriver.py:257: in __init__\n    self.start_session(capabilities)\n/opt/hostedtoolcache/Python/3.10.19/x64/lib/python3.10/site-packages/selenium/webdriver/remote/webdriver.py:352: in start_session\n    response = self.execute(Command.NEW_SESSION, caps)[\"value\"]\n/opt/hostedtoolcache/Python/3.10.19/x64/lib/python3.10/site-packages/selenium/webdriver/remote/webdriver.py:432: in execute\n    self.error_handler.check_response(response)\n/opt/hostedtoolcache/Python/3.10.19/x64/lib/python3.10/site-packages/selenium/webdriver/remote/errorhandler.py:232: in check_response\n    raise exception_class(message, screen, stacktrace)\nE   selenium.common.exceptions.SessionNotCreatedException: Message: session not created: Chrome instance exited. Examine ChromeDriver verbose log to determine the cause.; For documentation on this error, please visit: https://www.selenium.dev/documentation/webdriver/troubleshooting/errors#sessionnotcreatedexception\nE   Stacktrace:\nE   #0 0x555f145c361a <unknown>\nE   #1 0x555f1404020b <unknown>\nE   #2 0x555f1407a30d <unknown>\nE   #3 0x555f14075cc3 <unknown>\nE   #4 0x555f140c585c <unknown>\nE   #5 0x555f140c4f7c <unknown>\nE   #6 0x555f14084232 <unknown>\nE   #7 0x555f14084ee1 <unknown>\nE   #8 0x555f1458c3f9 <unknown>\nE   #9 0x555f1458f34d <unknown>\nE   #10 0x555f14575122 <unknown>\nE   #11 0x555f1458ff2b <unknown>\nE   #12 0x555f1455bc30 <unknown>\nE   #13 0x555f145b0d78 <unknown>\nE   #14 0x555f145b0f4c <unknown>\nE   #15 0x555f145c2973 <unknown>\nE   #16 0x7f6e8649caa4 <unknown>\nE   #17 0x7f6e86529c6c <unknown>","flaky":false,"newFailed":false,"newBroken":false,"newPassed":false,"retriesCount":0,"retriesStatusChange":false,"beforeStages":[{"name":"clean_directories_at_start","time":{"start":1766652346285,"stop":1766652346286,"duration":1},"status":"passed","steps":[],"attachments":[],"parameters":[],"shouldDisplayMessage":false,"stepsCount":0,"attachmentsCount":0,"hasContent":false,"attachmentStep":false},{"name":"_unittest_setUpClass_fixture_TestChallengingDom","time":{"start":1766652346286,"stop":1766652346286,"duration":0},"status":"passed","steps":[],"attachments":[],"parameters":[],"shouldDisplayMessage":false,"stepsCount":0,"attachmentsCount":0,"hasContent":false,"attachmentStep":false},{"name":"_inject_request","time":{"start":1766652385603,"stop":1766652385603,"duration":0},"status":"passed","steps":[],"attachments":[],"parameters":[],"shouldDisplayMessage":false,"stepsCount":0,"attachmentsCount":0,"hasContent":false,"attachmentStep":false},{"name":"bind_test_context","time":{"start":1766652385603,"stop":1766652385603,"duration":0},"status":"passed","steps":[],"attachments":[],"parameters":[],"shouldDisplayMessage":false,"stepsCount":0,"attachmentsCount":0,"hasContent":false,"attachmentStep":false}],"testStage":{"status":"broken","statusMessage":"selenium.common.exceptions.SessionNotCreatedException: Message: session not created: Chrome instance exited. Examine ChromeDriver verbose log to determine the cause.; For documentation on this error, please visit: https://www.selenium.dev/documentation/webdriver/troubleshooting/errors#sessionnotcreatedexception\nStacktrace:\n#0 0x555f145c361a <unknown>\n#1 0x555f1404020b <unknown>\n#2 0x555f1407a30d <unknown>\n#3 0x555f14075cc3 <unknown>\n#4 0x555f140c585c <unknown>\n#5 0x555f140c4f7c <unknown>\n#6 0x555f14084232 <unknown>\n#7 0x555f14084ee1 <unknown>\n#8 0x555f1458c3f9 <unknown>\n#9 0x555f1458f34d <unknown>\n#10 0x555f14575122 <unknown>\n#11 0x555f1458ff2b <unknown>\n#12 0x555f1455bc30 <unknown>\n#13 0x555f145b0d78 <unknown>\n#14 0x555f145b0f4c <unknown>\n#15 0x555f145c2973 <unknown>\n#16 0x7f6e8649caa4 <unknown>\n#17 0x7f6e86529c6c <unknown>","statusTrace":"/opt/hostedtoolcache/Python/3.10.19/x64/lib/python3.10/site-packages/seleniumbase/core/browser_launcher.py:6052: in get_local_driver\n    driver = webdriver.Chrome(options=chrome_options)\n/opt/hostedtoolcache/Python/3.10.19/x64/lib/python3.10/site-packages/selenium/webdriver/chrome/webdriver.py:46: in __init__\n    super().__init__(\n/opt/hostedtoolcache/Python/3.10.19/x64/lib/python3.10/site-packages/selenium/webdriver/chromium/webdriver.py:67: in __init__\n    super().__init__(command_executor=executor, options=options)\n/opt/hostedtoolcache/Python/3.10.19/x64/lib/python3.10/site-packages/selenium/webdriver/remote/webdriver.py:257: in __init__\n    self.start_session(capabilities)\n/opt/hostedtoolcache/Python/3.10.19/x64/lib/python3.10/site-packages/selenium/webdriver/remote/webdriver.py:352: in start_session\n    response = self.execute(Command.NEW_SESSION, caps)[\"value\"]\n/opt/hostedtoolcache/Python/3.10.19/x64/lib/python3.10/site-packages/selenium/webdriver/remote/webdriver.py:432: in execute\n    self.error_handler.check_response(response)\n/opt/hostedtoolcache/Python/3.10.19/x64/lib/python3.10/site-packages/selenium/webdriver/remote/errorhandler.py:232: in check_response\n    raise exception_class(message, screen, stacktrace)\nE   selenium.common.exceptions.SessionNotCreatedException: Message: session not created: Chrome instance exited. Examine ChromeDriver verbose log to determine the cause.; For documentation on this error, please visit: https://www.selenium.dev/documentation/webdriver/troubleshooting/errors#sessionnotcreatedexception\nE   Stacktrace:\nE   #0 0x55a905b7f61a <unknown>\nE   #1 0x55a9055fc20b <unknown>\nE   #2 0x55a90563630d <unknown>\nE   #3 0x55a905631cc3 <unknown>\nE   #4 0x55a90568185c <unknown>\nE   #5 0x55a905680f7c <unknown>\nE   #6 0x55a905640232 <unknown>\nE   #7 0x55a905640ee1 <unknown>\nE   #8 0x55a905b483f9 <unknown>\nE   #9 0x55a905b4b34d <unknown>\nE   #10 0x55a905b31122 <unknown>\nE   #11 0x55a905b4bf2b <unknown>\nE   #12 0x55a905b17c30 <unknown>\nE   #13 0x55a905b6cd78 <unknown>\nE   #14 0x55a905b6cf4c <unknown>\nE   #15 0x55a905b7e973 <unknown>\nE   #16 0x7f91a369caa4 <unknown>\nE   #17 0x7f91a3729c6c <unknown>\n\nDuring handling of the above exception, another exception occurred:\nsrc/pages/base/ui_base_case.py:59: in setUp\n    super().setUp()\n/opt/hostedtoolcache/Python/3.10.19/x64/lib/python3.10/site-packages/seleniumbase/fixtures/base_case.py:15720: in setUp\n    self.driver = self.get_new_driver(\nsrc/pages/base/ui_base_case.py:32: in get_new_driver\n    driver = super().get_new_driver(*args, **kwargs)\n/opt/hostedtoolcache/Python/3.10.19/x64/lib/python3.10/site-packages/seleniumbase/fixtures/base_case.py:4308: in get_new_driver\n    new_driver = browser_launcher.get_driver(\n/opt/hostedtoolcache/Python/3.10.19/x64/lib/python3.10/site-packages/seleniumbase/core/browser_launcher.py:3543: in get_driver\n    return get_local_driver(\n/opt/hostedtoolcache/Python/3.10.19/x64/lib/python3.10/site-packages/seleniumbase/core/browser_launcher.py:6139: in get_local_driver\n    driver = webdriver.Chrome(\n/opt/hostedtoolcache/Python/3.10.19/x64/lib/python3.10/site-packages/selenium/webdriver/chrome/webdriver.py:46: in __init__\n    super().__init__(\n/opt/hostedtoolcache/Python/3.10.19/x64/lib/python3.10/site-packages/selenium/webdriver/chromium/webdriver.py:67: in __init__\n    super().__init__(command_executor=executor, options=options)\n/opt/hostedtoolcache/Python/3.10.19/x64/lib/python3.10/site-packages/selenium/webdriver/remote/webdriver.py:257: in __init__\n    self.start_session(capabilities)\n/opt/hostedtoolcache/Python/3.10.19/x64/lib/python3.10/site-packages/selenium/webdriver/remote/webdriver.py:352: in start_session\n    response = self.execute(Command.NEW_SESSION, caps)[\"value\"]\n/opt/hostedtoolcache/Python/3.10.19/x64/lib/python3.10/site-packages/selenium/webdriver/remote/webdriver.py:432: in execute\n    self.error_handler.check_response(response)\n/opt/hostedtoolcache/Python/3.10.19/x64/lib/python3.10/site-packages/selenium/webdriver/remote/errorhandler.py:232: in check_response\n    raise exception_class(message, screen, stacktrace)\nE   selenium.common.exceptions.SessionNotCreatedException: Message: session not created: Chrome instance exited. Examine ChromeDriver verbose log to determine the cause.; For documentation on this error, please visit: https://www.selenium.dev/documentation/webdriver/troubleshooting/errors#sessionnotcreatedexception\nE   Stacktrace:\nE   #0 0x555f145c361a <unknown>\nE   #1 0x555f1404020b <unknown>\nE   #2 0x555f1407a30d <unknown>\nE   #3 0x555f14075cc3 <unknown>\nE   #4 0x555f140c585c <unknown>\nE   #5 0x555f140c4f7c <unknown>\nE   #6 0x555f14084232 <unknown>\nE   #7 0x555f14084ee1 <unknown>\nE   #8 0x555f1458c3f9 <unknown>\nE   #9 0x555f1458f34d <unknown>\nE   #10 0x555f14575122 <unknown>\nE   #11 0x555f1458ff2b <unknown>\nE   #12 0x555f1455bc30 <unknown>\nE   #13 0x555f145b0d78 <unknown>\nE   #14 0x555f145b0f4c <unknown>\nE   #15 0x555f145c2973 <unknown>\nE   #16 0x7f6e8649caa4 <unknown>\nE   #17 0x7f6e86529c6c <unknown>","steps":[],"attachments":[{"uid":"be02af0bb80897e","name":"log","source":"be02af0bb80897e.txt","type":"text/plain","size":2584},{"uid":"9c6d8c82ff711fc4","name":"stdout","source":"9c6d8c82ff711fc4.txt","type":"text/plain","size":2649}],"parameters":[],"shouldDisplayMessage":true,"stepsCount":0,"attachmentsCount":2,"hasContent":true,"attachmentStep":false},"afterStages":[{"name":"_unittest_setUpClass_fixture_TestChallengingDom::0","time":{"start":1766652556782,"stop":1766652556782,"duration":0},"status":"passed","steps":[],"attachments":[],"parameters":[],"shouldDisplayMessage":false,"stepsCount":0,"attachmentsCount":0,"hasContent":false,"attachmentStep":false}],"labels":[{"name":"parentSuite","value":"UI Test Suite"},{"name":"suite","value":"Challenging DOM"},{"name":"severity","value":"normal"},{"name":"subSuite","value":"Verify Challenging DOM buttons interactions and table content"},{"name":"tag","value":"ui"},{"name":"tag","value":"smoke"},{"name":"tag","value":"regression"},{"name":"host","value":"runnervmh13bl"},{"name":"thread","value":"3077-MainThread"},{"name":"framework","value":"pytest"},{"name":"language","value":"cpython3"},{"name":"package","value":"tests.ui_test_suite.test_challenging_dom"},{"name":"resultFormat","value":"allure2"}],"parameters":[],"links":[],"hidden":true,"retry":true,"extra":{"categories":[],"tags":["ui","regression","smoke"]},"source":"8d160b0a39207c86.json","parameterValues":[]}