{"uid":"90b273052921d32b","name":"test_floating_menu_functionality_1_News","fullName":"tests.ui_test_suite.test_floating_menu.TestFloatingMenu#test_floating_menu_functionality_1_News","historyId":"6b5775ea1d8bd35aa64ed0597c818748","time":{"start":1766652391216,"stop":1766652391845,"duration":629},"status":"broken","statusMessage":"selenium.common.exceptions.SessionNotCreatedException: Message: session not created: Chrome instance exited. Examine ChromeDriver verbose log to determine the cause.; For documentation on this error, please visit: https://www.selenium.dev/documentation/webdriver/troubleshooting/errors#sessionnotcreatedexception\nStacktrace:\n#0 0x55b95011e61a <unknown>\n#1 0x55b94fb9b20b <unknown>\n#2 0x55b94fbd530d <unknown>\n#3 0x55b94fbd0cc3 <unknown>\n#4 0x55b94fc2085c <unknown>\n#5 0x55b94fc1ff7c <unknown>\n#6 0x55b94fbdf232 <unknown>\n#7 0x55b94fbdfee1 <unknown>\n#8 0x55b9500e73f9 <unknown>\n#9 0x55b9500ea34d <unknown>\n#10 0x55b9500d0122 <unknown>\n#11 0x55b9500eaf2b <unknown>\n#12 0x55b9500b6c30 <unknown>\n#13 0x55b95010bd78 <unknown>\n#14 0x55b95010bf4c <unknown>\n#15 0x55b95011d973 <unknown>\n#16 0x7fc0d629caa4 <unknown>\n#17 0x7fc0d6329c6c <unknown>","statusTrace":"/opt/hostedtoolcache/Python/3.10.19/x64/lib/python3.10/site-packages/seleniumbase/core/browser_launcher.py:6052: in get_local_driver\n    driver = webdriver.Chrome(options=chrome_options)\n/opt/hostedtoolcache/Python/3.10.19/x64/lib/python3.10/site-packages/selenium/webdriver/chrome/webdriver.py:46: in __init__\n    super().__init__(\n/opt/hostedtoolcache/Python/3.10.19/x64/lib/python3.10/site-packages/selenium/webdriver/chromium/webdriver.py:67: in __init__\n    super().__init__(command_executor=executor, options=options)\n/opt/hostedtoolcache/Python/3.10.19/x64/lib/python3.10/site-packages/selenium/webdriver/remote/webdriver.py:257: in __init__\n    self.start_session(capabilities)\n/opt/hostedtoolcache/Python/3.10.19/x64/lib/python3.10/site-packages/selenium/webdriver/remote/webdriver.py:352: in start_session\n    response = self.execute(Command.NEW_SESSION, caps)[\"value\"]\n/opt/hostedtoolcache/Python/3.10.19/x64/lib/python3.10/site-packages/selenium/webdriver/remote/webdriver.py:432: in execute\n    self.error_handler.check_response(response)\n/opt/hostedtoolcache/Python/3.10.19/x64/lib/python3.10/site-packages/selenium/webdriver/remote/errorhandler.py:232: in check_response\n    raise exception_class(message, screen, stacktrace)\nE   selenium.common.exceptions.SessionNotCreatedException: Message: session not created: Chrome instance exited. Examine ChromeDriver verbose log to determine the cause.; For documentation on this error, please visit: https://www.selenium.dev/documentation/webdriver/troubleshooting/errors#sessionnotcreatedexception\nE   Stacktrace:\nE   #0 0x56534615f61a <unknown>\nE   #1 0x565345bdc20b <unknown>\nE   #2 0x565345c1630d <unknown>\nE   #3 0x565345c11cc3 <unknown>\nE   #4 0x565345c6185c <unknown>\nE   #5 0x565345c60f7c <unknown>\nE   #6 0x565345c20232 <unknown>\nE   #7 0x565345c20ee1 <unknown>\nE   #8 0x5653461283f9 <unknown>\nE   #9 0x56534612b34d <unknown>\nE   #10 0x565346111122 <unknown>\nE   #11 0x56534612bf2b <unknown>\nE   #12 0x5653460f7c30 <unknown>\nE   #13 0x56534614cd78 <unknown>\nE   #14 0x56534614cf4c <unknown>\nE   #15 0x56534615e973 <unknown>\nE   #16 0x7f681aa9caa4 <unknown>\nE   #17 0x7f681ab29c6c <unknown>\n\nDuring handling of the above exception, another exception occurred:\nsrc/pages/base/ui_base_case.py:59: in setUp\n    super().setUp()\n/opt/hostedtoolcache/Python/3.10.19/x64/lib/python3.10/site-packages/seleniumbase/fixtures/base_case.py:15720: in setUp\n    self.driver = self.get_new_driver(\nsrc/pages/base/ui_base_case.py:32: in get_new_driver\n    driver = super().get_new_driver(*args, **kwargs)\n/opt/hostedtoolcache/Python/3.10.19/x64/lib/python3.10/site-packages/seleniumbase/fixtures/base_case.py:4308: in get_new_driver\n    new_driver = browser_launcher.get_driver(\n/opt/hostedtoolcache/Python/3.10.19/x64/lib/python3.10/site-packages/seleniumbase/core/browser_launcher.py:3543: in get_driver\n    return get_local_driver(\n/opt/hostedtoolcache/Python/3.10.19/x64/lib/python3.10/site-packages/seleniumbase/core/browser_launcher.py:6139: in get_local_driver\n    driver = webdriver.Chrome(\n/opt/hostedtoolcache/Python/3.10.19/x64/lib/python3.10/site-packages/selenium/webdriver/chrome/webdriver.py:46: in __init__\n    super().__init__(\n/opt/hostedtoolcache/Python/3.10.19/x64/lib/python3.10/site-packages/selenium/webdriver/chromium/webdriver.py:67: in __init__\n    super().__init__(command_executor=executor, options=options)\n/opt/hostedtoolcache/Python/3.10.19/x64/lib/python3.10/site-packages/selenium/webdriver/remote/webdriver.py:257: in __init__\n    self.start_session(capabilities)\n/opt/hostedtoolcache/Python/3.10.19/x64/lib/python3.10/site-packages/selenium/webdriver/remote/webdriver.py:352: in start_session\n    response = self.execute(Command.NEW_SESSION, caps)[\"value\"]\n/opt/hostedtoolcache/Python/3.10.19/x64/lib/python3.10/site-packages/selenium/webdriver/remote/webdriver.py:432: in execute\n    self.error_handler.check_response(response)\n/opt/hostedtoolcache/Python/3.10.19/x64/lib/python3.10/site-packages/selenium/webdriver/remote/errorhandler.py:232: in check_response\n    raise exception_class(message, screen, stacktrace)\nE   selenium.common.exceptions.SessionNotCreatedException: Message: session not created: Chrome instance exited. Examine ChromeDriver verbose log to determine the cause.; For documentation on this error, please visit: https://www.selenium.dev/documentation/webdriver/troubleshooting/errors#sessionnotcreatedexception\nE   Stacktrace:\nE   #0 0x55b95011e61a <unknown>\nE   #1 0x55b94fb9b20b <unknown>\nE   #2 0x55b94fbd530d <unknown>\nE   #3 0x55b94fbd0cc3 <unknown>\nE   #4 0x55b94fc2085c <unknown>\nE   #5 0x55b94fc1ff7c <unknown>\nE   #6 0x55b94fbdf232 <unknown>\nE   #7 0x55b94fbdfee1 <unknown>\nE   #8 0x55b9500e73f9 <unknown>\nE   #9 0x55b9500ea34d <unknown>\nE   #10 0x55b9500d0122 <unknown>\nE   #11 0x55b9500eaf2b <unknown>\nE   #12 0x55b9500b6c30 <unknown>\nE   #13 0x55b95010bd78 <unknown>\nE   #14 0x55b95010bf4c <unknown>\nE   #15 0x55b95011d973 <unknown>\nE   #16 0x7fc0d629caa4 <unknown>\nE   #17 0x7fc0d6329c6c <unknown>","flaky":false,"newFailed":false,"newBroken":false,"newPassed":false,"retriesCount":0,"retriesStatusChange":false,"beforeStages":[{"name":"clean_directories_at_start","time":{"start":1766652346285,"stop":1766652346286,"duration":1},"status":"passed","steps":[],"attachments":[],"parameters":[],"shouldDisplayMessage":false,"stepsCount":0,"attachmentsCount":0,"hasContent":false,"attachmentStep":false},{"name":"_unittest_setUpClass_fixture_TestFloatingMenu","time":{"start":1766652346286,"stop":1766652346286,"duration":0},"status":"passed","steps":[],"attachments":[],"parameters":[],"shouldDisplayMessage":false,"stepsCount":0,"attachmentsCount":0,"hasContent":false,"attachmentStep":false},{"name":"bind_test_context","time":{"start":1766652391215,"stop":1766652391215,"duration":0},"status":"passed","steps":[],"attachments":[],"parameters":[],"shouldDisplayMessage":false,"stepsCount":0,"attachmentsCount":0,"hasContent":false,"attachmentStep":false},{"name":"_inject_request","time":{"start":1766652391215,"stop":1766652391215,"duration":0},"status":"passed","steps":[],"attachments":[],"parameters":[],"shouldDisplayMessage":false,"stepsCount":0,"attachmentsCount":0,"hasContent":false,"attachmentStep":false}],"afterStages":[{"name":"_unittest_setUpClass_fixture_TestFloatingMenu::0","time":{"start":1766652422703,"stop":1766652422703,"duration":0},"status":"passed","steps":[],"attachments":[],"parameters":[],"shouldDisplayMessage":false,"stepsCount":0,"attachmentsCount":0,"hasContent":false,"attachmentStep":false}],"labels":[{"name":"severity","value":"normal"},{"name":"subSuite","value":"Tests Floating Menu functionality"},{"name":"suite","value":"Floating Menu"},{"name":"parentSuite","value":"UI Test Suite"},{"name":"tag","value":"ui"},{"name":"tag","value":"regression"},{"name":"host","value":"runnervmh13bl"},{"name":"thread","value":"3083-MainThread"},{"name":"framework","value":"pytest"},{"name":"language","value":"cpython3"},{"name":"package","value":"tests.ui_test_suite.test_floating_menu"},{"name":"resultFormat","value":"allure2"}],"parameters":[],"links":[],"hidden":true,"retry":true,"extra":{"categories":[],"tags":["ui","regression"]},"source":"90b273052921d32b.json","parameterValues":[]}