{"uid":"9210a7b020030904","name":"test_js_alert_functionality","fullName":"tests.ui_test_suite.test_javascript_alerts.TestJavaScriptAlerts#test_js_alert_functionality","historyId":"2930b49cecfa20f243467b8286aa5e29","time":{"start":1766652432305,"stop":1766652433021,"duration":716},"status":"broken","statusMessage":"selenium.common.exceptions.SessionNotCreatedException: Message: session not created: Chrome instance exited. Examine ChromeDriver verbose log to determine the cause.; For documentation on this error, please visit: https://www.selenium.dev/documentation/webdriver/troubleshooting/errors#sessionnotcreatedexception\nStacktrace:\n#0 0x562561a8d61a <unknown>\n#1 0x56256150a20b <unknown>\n#2 0x56256154430d <unknown>\n#3 0x56256153fcc3 <unknown>\n#4 0x56256158f85c <unknown>\n#5 0x56256158ef7c <unknown>\n#6 0x56256154e232 <unknown>\n#7 0x56256154eee1 <unknown>\n#8 0x562561a563f9 <unknown>\n#9 0x562561a5934d <unknown>\n#10 0x562561a3f122 <unknown>\n#11 0x562561a59f2b <unknown>\n#12 0x562561a25c30 <unknown>\n#13 0x562561a7ad78 <unknown>\n#14 0x562561a7af4c <unknown>\n#15 0x562561a8c973 <unknown>\n#16 0x7f33f709caa4 <unknown>\n#17 0x7f33f7129c6c <unknown>","statusTrace":"/opt/hostedtoolcache/Python/3.10.19/x64/lib/python3.10/site-packages/seleniumbase/core/browser_launcher.py:6052: in get_local_driver\n    driver = webdriver.Chrome(options=chrome_options)\n/opt/hostedtoolcache/Python/3.10.19/x64/lib/python3.10/site-packages/selenium/webdriver/chrome/webdriver.py:46: in __init__\n    super().__init__(\n/opt/hostedtoolcache/Python/3.10.19/x64/lib/python3.10/site-packages/selenium/webdriver/chromium/webdriver.py:67: in __init__\n    super().__init__(command_executor=executor, options=options)\n/opt/hostedtoolcache/Python/3.10.19/x64/lib/python3.10/site-packages/selenium/webdriver/remote/webdriver.py:257: in __init__\n    self.start_session(capabilities)\n/opt/hostedtoolcache/Python/3.10.19/x64/lib/python3.10/site-packages/selenium/webdriver/remote/webdriver.py:352: in start_session\n    response = self.execute(Command.NEW_SESSION, caps)[\"value\"]\n/opt/hostedtoolcache/Python/3.10.19/x64/lib/python3.10/site-packages/selenium/webdriver/remote/webdriver.py:432: in execute\n    self.error_handler.check_response(response)\n/opt/hostedtoolcache/Python/3.10.19/x64/lib/python3.10/site-packages/selenium/webdriver/remote/errorhandler.py:232: in check_response\n    raise exception_class(message, screen, stacktrace)\nE   selenium.common.exceptions.SessionNotCreatedException: Message: session not created: Chrome instance exited. Examine ChromeDriver verbose log to determine the cause.; For documentation on this error, please visit: https://www.selenium.dev/documentation/webdriver/troubleshooting/errors#sessionnotcreatedexception\nE   Stacktrace:\nE   #0 0x55a682a7561a <unknown>\nE   #1 0x55a6824f220b <unknown>\nE   #2 0x55a68252c30d <unknown>\nE   #3 0x55a682527cc3 <unknown>\nE   #4 0x55a68257785c <unknown>\nE   #5 0x55a682576f7c <unknown>\nE   #6 0x55a682536232 <unknown>\nE   #7 0x55a682536ee1 <unknown>\nE   #8 0x55a682a3e3f9 <unknown>\nE   #9 0x55a682a4134d <unknown>\nE   #10 0x55a682a27122 <unknown>\nE   #11 0x55a682a41f2b <unknown>\nE   #12 0x55a682a0dc30 <unknown>\nE   #13 0x55a682a62d78 <unknown>\nE   #14 0x55a682a62f4c <unknown>\nE   #15 0x55a682a74973 <unknown>\nE   #16 0x7fdf81a9caa4 <unknown>\nE   #17 0x7fdf81b29c6c <unknown>\n\nDuring handling of the above exception, another exception occurred:\nsrc/pages/base/ui_base_case.py:59: in setUp\n    super().setUp()\n/opt/hostedtoolcache/Python/3.10.19/x64/lib/python3.10/site-packages/seleniumbase/fixtures/base_case.py:15720: in setUp\n    self.driver = self.get_new_driver(\nsrc/pages/base/ui_base_case.py:32: in get_new_driver\n    driver = super().get_new_driver(*args, **kwargs)\n/opt/hostedtoolcache/Python/3.10.19/x64/lib/python3.10/site-packages/seleniumbase/fixtures/base_case.py:4308: in get_new_driver\n    new_driver = browser_launcher.get_driver(\n/opt/hostedtoolcache/Python/3.10.19/x64/lib/python3.10/site-packages/seleniumbase/core/browser_launcher.py:3543: in get_driver\n    return get_local_driver(\n/opt/hostedtoolcache/Python/3.10.19/x64/lib/python3.10/site-packages/seleniumbase/core/browser_launcher.py:6139: in get_local_driver\n    driver = webdriver.Chrome(\n/opt/hostedtoolcache/Python/3.10.19/x64/lib/python3.10/site-packages/selenium/webdriver/chrome/webdriver.py:46: in __init__\n    super().__init__(\n/opt/hostedtoolcache/Python/3.10.19/x64/lib/python3.10/site-packages/selenium/webdriver/chromium/webdriver.py:67: in __init__\n    super().__init__(command_executor=executor, options=options)\n/opt/hostedtoolcache/Python/3.10.19/x64/lib/python3.10/site-packages/selenium/webdriver/remote/webdriver.py:257: in __init__\n    self.start_session(capabilities)\n/opt/hostedtoolcache/Python/3.10.19/x64/lib/python3.10/site-packages/selenium/webdriver/remote/webdriver.py:352: in start_session\n    response = self.execute(Command.NEW_SESSION, caps)[\"value\"]\n/opt/hostedtoolcache/Python/3.10.19/x64/lib/python3.10/site-packages/selenium/webdriver/remote/webdriver.py:432: in execute\n    self.error_handler.check_response(response)\n/opt/hostedtoolcache/Python/3.10.19/x64/lib/python3.10/site-packages/selenium/webdriver/remote/errorhandler.py:232: in check_response\n    raise exception_class(message, screen, stacktrace)\nE   selenium.common.exceptions.SessionNotCreatedException: Message: session not created: Chrome instance exited. Examine ChromeDriver verbose log to determine the cause.; For documentation on this error, please visit: https://www.selenium.dev/documentation/webdriver/troubleshooting/errors#sessionnotcreatedexception\nE   Stacktrace:\nE   #0 0x562561a8d61a <unknown>\nE   #1 0x56256150a20b <unknown>\nE   #2 0x56256154430d <unknown>\nE   #3 0x56256153fcc3 <unknown>\nE   #4 0x56256158f85c <unknown>\nE   #5 0x56256158ef7c <unknown>\nE   #6 0x56256154e232 <unknown>\nE   #7 0x56256154eee1 <unknown>\nE   #8 0x562561a563f9 <unknown>\nE   #9 0x562561a5934d <unknown>\nE   #10 0x562561a3f122 <unknown>\nE   #11 0x562561a59f2b <unknown>\nE   #12 0x562561a25c30 <unknown>\nE   #13 0x562561a7ad78 <unknown>\nE   #14 0x562561a7af4c <unknown>\nE   #15 0x562561a8c973 <unknown>\nE   #16 0x7f33f709caa4 <unknown>\nE   #17 0x7f33f7129c6c <unknown>","flaky":false,"newFailed":false,"newBroken":false,"newPassed":false,"retriesCount":3,"retriesStatusChange":false,"beforeStages":[{"name":"clean_directories_at_start","time":{"start":1766652346285,"stop":1766652346286,"duration":1},"status":"passed","steps":[],"attachments":[],"parameters":[],"shouldDisplayMessage":false,"stepsCount":0,"attachmentsCount":0,"hasContent":false,"attachmentStep":false},{"name":"_unittest_setUpClass_fixture_TestJavaScriptAlerts","time":{"start":1766652422708,"stop":1766652422708,"duration":0},"status":"passed","steps":[],"attachments":[],"parameters":[],"shouldDisplayMessage":false,"stepsCount":0,"attachmentsCount":0,"hasContent":false,"attachmentStep":false},{"name":"bind_test_context","time":{"start":1766652432304,"stop":1766652432305,"duration":1},"status":"passed","steps":[],"attachments":[],"parameters":[],"shouldDisplayMessage":false,"stepsCount":0,"attachmentsCount":0,"hasContent":false,"attachmentStep":false},{"name":"_inject_request","time":{"start":1766652432305,"stop":1766652432305,"duration":0},"status":"passed","steps":[],"attachments":[],"parameters":[],"shouldDisplayMessage":false,"stepsCount":0,"attachmentsCount":0,"hasContent":false,"attachmentStep":false}],"afterStages":[{"name":"_unittest_setUpClass_fixture_TestJavaScriptAlerts::0","time":{"start":1766652457793,"stop":1766652457793,"duration":0},"status":"passed","steps":[],"attachments":[],"parameters":[],"shouldDisplayMessage":false,"stepsCount":0,"attachmentsCount":0,"hasContent":false,"attachmentStep":false}],"labels":[{"name":"severity","value":"normal"},{"name":"parentSuite","value":"UI Test Suite"},{"name":"subSuite","value":"Tests JavaScript Alerts functionality"},{"name":"suite","value":"JavaScript Alerts"},{"name":"tag","value":"ui"},{"name":"tag","value":"regression"},{"name":"host","value":"runnervmh13bl"},{"name":"thread","value":"3083-MainThread"},{"name":"framework","value":"pytest"},{"name":"language","value":"cpython3"},{"name":"package","value":"tests.ui_test_suite.test_javascript_alerts"},{"name":"resultFormat","value":"allure2"}],"parameters":[],"links":[],"hidden":false,"retry":false,"extra":{"severity":"normal","retries":[{"uid":"4227cacd9c266ef3","status":"broken","statusDetails":"selenium.common.exceptions.SessionNotCreatedException: Message: session not created: Chrome instance exited. Examine ChromeDriver verbose log to determine the cause.; For documentation on this error, please visit: https://www.selenium.dev/documentation/webdriver/troubleshooting/errors#sessionnotcreatedexception\nStacktrace:\n#0 0x563029d1161a <unknown>\n#1 0x56302978e20b <unknown>\n#2 0x5630297c830d <unknown>\n#3 0x5630297c3cc3 <unknown>\n#4 0x56302981385c <unknown>\n#5 0x563029812f7c <unknown>\n#6 0x5630297d2232 <unknown>\n#7 0x5630297d2ee1 <unknown>\n#8 0x563029cda3f9 <unknown>\n#9 0x563029cdd34d <unknown>\n#10 0x563029cc3122 <unknown>\n#11 0x563029cddf2b <unknown>\n#12 0x563029ca9c30 <unknown>\n#13 0x563029cfed78 <unknown>\n#14 0x563029cfef4c <unknown>\n#15 0x563029d10973 <unknown>\n#16 0x7f9dcf49caa4 <unknown>\n#17 0x7f9dcf529c6c <unknown>","time":{"start":1766652429130,"stop":1766652429640,"duration":510}},{"uid":"646f52d65f41a695","status":"broken","statusDetails":"selenium.common.exceptions.SessionNotCreatedException: Message: session not created: Chrome instance exited. Examine ChromeDriver verbose log to determine the cause.; For documentation on this error, please visit: https://www.selenium.dev/documentation/webdriver/troubleshooting/errors#sessionnotcreatedexception\nStacktrace:\n#0 0x55803f40361a <unknown>\n#1 0x55803ee8020b <unknown>\n#2 0x55803eeba30d <unknown>\n#3 0x55803eeb5cc3 <unknown>\n#4 0x55803ef0585c <unknown>\n#5 0x55803ef04f7c <unknown>\n#6 0x55803eec4232 <unknown>\n#7 0x55803eec4ee1 <unknown>\n#8 0x55803f3cc3f9 <unknown>\n#9 0x55803f3cf34d <unknown>\n#10 0x55803f3b5122 <unknown>\n#11 0x55803f3cff2b <unknown>\n#12 0x55803f39bc30 <unknown>\n#13 0x55803f3f0d78 <unknown>\n#14 0x55803f3f0f4c <unknown>\n#15 0x55803f402973 <unknown>\n#16 0x7f9f88c9caa4 <unknown>\n#17 0x7f9f88d29c6c <unknown>","time":{"start":1766652425947,"stop":1766652426508,"duration":561}},{"uid":"1cb71e93d8af67ac","status":"broken","statusDetails":"selenium.common.exceptions.SessionNotCreatedException: Message: session not created: Chrome instance exited. Examine ChromeDriver verbose log to determine the cause.; For documentation on this error, please visit: https://www.selenium.dev/documentation/webdriver/troubleshooting/errors#sessionnotcreatedexception\nStacktrace:\n#0 0x55f084c0761a <unknown>\n#1 0x55f08468420b <unknown>\n#2 0x55f0846be30d <unknown>\n#3 0x55f0846b9cc3 <unknown>\n#4 0x55f08470985c <unknown>\n#5 0x55f084708f7c <unknown>\n#6 0x55f0846c8232 <unknown>\n#7 0x55f0846c8ee1 <unknown>\n#8 0x55f084bd03f9 <unknown>\n#9 0x55f084bd334d <unknown>\n#10 0x55f084bb9122 <unknown>\n#11 0x55f084bd3f2b <unknown>\n#12 0x55f084b9fc30 <unknown>\n#13 0x55f084bf4d78 <unknown>\n#14 0x55f084bf4f4c <unknown>\n#15 0x55f084c06973 <unknown>\n#16 0x7fe89649caa4 <unknown>\n#17 0x7fe896529c6c <unknown>","time":{"start":1766652422709,"stop":1766652423324,"duration":615}}],"categories":[{"name":"Test defects","matchedStatuses":[]}],"tags":["ui","regression"]},"source":"9210a7b020030904.json","parameterValues":[]}