{"uid":"92f114f1811838d2","name":"test_horizontal_slider_functionality_using_mouse","fullName":"tests.ui_test_suite.test_horizontal_slider.TestHorizontalSlider#test_horizontal_slider_functionality_using_mouse","historyId":"aec5ea5afcf20512e544c89946c871ec","time":{"start":1766652500491,"stop":1766652501266,"duration":775},"status":"broken","statusMessage":"selenium.common.exceptions.SessionNotCreatedException: Message: session not created: Chrome instance exited. Examine ChromeDriver verbose log to determine the cause.; For documentation on this error, please visit: https://www.selenium.dev/documentation/webdriver/troubleshooting/errors#sessionnotcreatedexception\nStacktrace:\n#0 0x55a91511a61a <unknown>\n#1 0x55a914b9720b <unknown>\n#2 0x55a914bd130d <unknown>\n#3 0x55a914bcccc3 <unknown>\n#4 0x55a914c1c85c <unknown>\n#5 0x55a914c1bf7c <unknown>\n#6 0x55a914bdb232 <unknown>\n#7 0x55a914bdbee1 <unknown>\n#8 0x55a9150e33f9 <unknown>\n#9 0x55a9150e634d <unknown>\n#10 0x55a9150cc122 <unknown>\n#11 0x55a9150e6f2b <unknown>\n#12 0x55a9150b2c30 <unknown>\n#13 0x55a915107d78 <unknown>\n#14 0x55a915107f4c <unknown>\n#15 0x55a915119973 <unknown>\n#16 0x7f24c609caa4 <unknown>\n#17 0x7f24c6129c6c <unknown>","statusTrace":"/opt/hostedtoolcache/Python/3.10.19/x64/lib/python3.10/site-packages/seleniumbase/core/browser_launcher.py:6052: in get_local_driver\n    driver = webdriver.Chrome(options=chrome_options)\n/opt/hostedtoolcache/Python/3.10.19/x64/lib/python3.10/site-packages/selenium/webdriver/chrome/webdriver.py:46: in __init__\n    super().__init__(\n/opt/hostedtoolcache/Python/3.10.19/x64/lib/python3.10/site-packages/selenium/webdriver/chromium/webdriver.py:67: in __init__\n    super().__init__(command_executor=executor, options=options)\n/opt/hostedtoolcache/Python/3.10.19/x64/lib/python3.10/site-packages/selenium/webdriver/remote/webdriver.py:257: in __init__\n    self.start_session(capabilities)\n/opt/hostedtoolcache/Python/3.10.19/x64/lib/python3.10/site-packages/selenium/webdriver/remote/webdriver.py:352: in start_session\n    response = self.execute(Command.NEW_SESSION, caps)[\"value\"]\n/opt/hostedtoolcache/Python/3.10.19/x64/lib/python3.10/site-packages/selenium/webdriver/remote/webdriver.py:432: in execute\n    self.error_handler.check_response(response)\n/opt/hostedtoolcache/Python/3.10.19/x64/lib/python3.10/site-packages/selenium/webdriver/remote/errorhandler.py:232: in check_response\n    raise exception_class(message, screen, stacktrace)\nE   selenium.common.exceptions.SessionNotCreatedException: Message: session not created: Chrome instance exited. Examine ChromeDriver verbose log to determine the cause.; For documentation on this error, please visit: https://www.selenium.dev/documentation/webdriver/troubleshooting/errors#sessionnotcreatedexception\nE   Stacktrace:\nE   #0 0x55e6275a161a <unknown>\nE   #1 0x55e62701e20b <unknown>\nE   #2 0x55e62705830d <unknown>\nE   #3 0x55e627053cc3 <unknown>\nE   #4 0x55e6270a385c <unknown>\nE   #5 0x55e6270a2f7c <unknown>\nE   #6 0x55e627062232 <unknown>\nE   #7 0x55e627062ee1 <unknown>\nE   #8 0x55e62756a3f9 <unknown>\nE   #9 0x55e62756d34d <unknown>\nE   #10 0x55e627553122 <unknown>\nE   #11 0x55e62756df2b <unknown>\nE   #12 0x55e627539c30 <unknown>\nE   #13 0x55e62758ed78 <unknown>\nE   #14 0x55e62758ef4c <unknown>\nE   #15 0x55e6275a0973 <unknown>\nE   #16 0x7fe57d29caa4 <unknown>\nE   #17 0x7fe57d329c6c <unknown>\n\nDuring handling of the above exception, another exception occurred:\nsrc/pages/base/ui_base_case.py:59: in setUp\n    super().setUp()\n/opt/hostedtoolcache/Python/3.10.19/x64/lib/python3.10/site-packages/seleniumbase/fixtures/base_case.py:15720: in setUp\n    self.driver = self.get_new_driver(\nsrc/pages/base/ui_base_case.py:32: in get_new_driver\n    driver = super().get_new_driver(*args, **kwargs)\n/opt/hostedtoolcache/Python/3.10.19/x64/lib/python3.10/site-packages/seleniumbase/fixtures/base_case.py:4308: in get_new_driver\n    new_driver = browser_launcher.get_driver(\n/opt/hostedtoolcache/Python/3.10.19/x64/lib/python3.10/site-packages/seleniumbase/core/browser_launcher.py:3543: in get_driver\n    return get_local_driver(\n/opt/hostedtoolcache/Python/3.10.19/x64/lib/python3.10/site-packages/seleniumbase/core/browser_launcher.py:6139: in get_local_driver\n    driver = webdriver.Chrome(\n/opt/hostedtoolcache/Python/3.10.19/x64/lib/python3.10/site-packages/selenium/webdriver/chrome/webdriver.py:46: in __init__\n    super().__init__(\n/opt/hostedtoolcache/Python/3.10.19/x64/lib/python3.10/site-packages/selenium/webdriver/chromium/webdriver.py:67: in __init__\n    super().__init__(command_executor=executor, options=options)\n/opt/hostedtoolcache/Python/3.10.19/x64/lib/python3.10/site-packages/selenium/webdriver/remote/webdriver.py:257: in __init__\n    self.start_session(capabilities)\n/opt/hostedtoolcache/Python/3.10.19/x64/lib/python3.10/site-packages/selenium/webdriver/remote/webdriver.py:352: in start_session\n    response = self.execute(Command.NEW_SESSION, caps)[\"value\"]\n/opt/hostedtoolcache/Python/3.10.19/x64/lib/python3.10/site-packages/selenium/webdriver/remote/webdriver.py:432: in execute\n    self.error_handler.check_response(response)\n/opt/hostedtoolcache/Python/3.10.19/x64/lib/python3.10/site-packages/selenium/webdriver/remote/errorhandler.py:232: in check_response\n    raise exception_class(message, screen, stacktrace)\nE   selenium.common.exceptions.SessionNotCreatedException: Message: session not created: Chrome instance exited. Examine ChromeDriver verbose log to determine the cause.; For documentation on this error, please visit: https://www.selenium.dev/documentation/webdriver/troubleshooting/errors#sessionnotcreatedexception\nE   Stacktrace:\nE   #0 0x55a91511a61a <unknown>\nE   #1 0x55a914b9720b <unknown>\nE   #2 0x55a914bd130d <unknown>\nE   #3 0x55a914bcccc3 <unknown>\nE   #4 0x55a914c1c85c <unknown>\nE   #5 0x55a914c1bf7c <unknown>\nE   #6 0x55a914bdb232 <unknown>\nE   #7 0x55a914bdbee1 <unknown>\nE   #8 0x55a9150e33f9 <unknown>\nE   #9 0x55a9150e634d <unknown>\nE   #10 0x55a9150cc122 <unknown>\nE   #11 0x55a9150e6f2b <unknown>\nE   #12 0x55a9150b2c30 <unknown>\nE   #13 0x55a915107d78 <unknown>\nE   #14 0x55a915107f4c <unknown>\nE   #15 0x55a915119973 <unknown>\nE   #16 0x7f24c609caa4 <unknown>\nE   #17 0x7f24c6129c6c <unknown>","flaky":false,"newFailed":false,"newBroken":false,"newPassed":false,"retriesCount":0,"retriesStatusChange":false,"beforeStages":[{"name":"clean_directories_at_start","time":{"start":1766652346285,"stop":1766652346286,"duration":1},"status":"passed","steps":[],"attachments":[],"parameters":[],"shouldDisplayMessage":false,"stepsCount":0,"attachmentsCount":0,"hasContent":false,"attachmentStep":false},{"name":"_unittest_setUpClass_fixture_TestHorizontalSlider","time":{"start":1766652491724,"stop":1766652491724,"duration":0},"status":"passed","steps":[],"attachments":[],"parameters":[],"shouldDisplayMessage":false,"stepsCount":0,"attachmentsCount":0,"hasContent":false,"attachmentStep":false},{"name":"bind_test_context","time":{"start":1766652500490,"stop":1766652500491,"duration":1},"status":"passed","steps":[],"attachments":[],"parameters":[],"shouldDisplayMessage":false,"stepsCount":0,"attachmentsCount":0,"hasContent":false,"attachmentStep":false},{"name":"_inject_request","time":{"start":1766652500491,"stop":1766652500491,"duration":0},"status":"passed","steps":[],"attachments":[],"parameters":[],"shouldDisplayMessage":false,"stepsCount":0,"attachmentsCount":0,"hasContent":false,"attachmentStep":false}],"afterStages":[{"name":"_unittest_setUpClass_fixture_TestHorizontalSlider::0","time":{"start":1766652509413,"stop":1766652509413,"duration":0},"status":"passed","steps":[],"attachments":[],"parameters":[],"shouldDisplayMessage":false,"stepsCount":0,"attachmentsCount":0,"hasContent":false,"attachmentStep":false}],"labels":[{"name":"severity","value":"normal"},{"name":"parentSuite","value":"UI Test Suite"},{"name":"subSuite","value":"Tests Horizontal Slider functionality"},{"name":"suite","value":"Horizontal Slider"},{"name":"tag","value":"ui"},{"name":"tag","value":"regression"},{"name":"host","value":"runnervmh13bl"},{"name":"thread","value":"3083-MainThread"},{"name":"framework","value":"pytest"},{"name":"language","value":"cpython3"},{"name":"package","value":"tests.ui_test_suite.test_horizontal_slider"},{"name":"resultFormat","value":"allure2"}],"parameters":[],"links":[],"hidden":true,"retry":true,"extra":{"categories":[],"tags":["ui","regression"]},"source":"92f114f1811838d2.json","parameterValues":[]}