{"uid":"94ba2f52b6836311","name":"test_example_1","fullName":"tests.ui_test_suite.test_dynamic_loading.TestDynamicLoading#test_example_1","historyId":"190152de25c7b80ac24ddd31979e981b","time":{"start":1766652477469,"stop":1766652478243,"duration":774},"status":"broken","statusMessage":"selenium.common.exceptions.SessionNotCreatedException: Message: session not created: Chrome instance exited. Examine ChromeDriver verbose log to determine the cause.; For documentation on this error, please visit: https://www.selenium.dev/documentation/webdriver/troubleshooting/errors#sessionnotcreatedexception\nStacktrace:\n#0 0x5577b408161a <unknown>\n#1 0x5577b3afe20b <unknown>\n#2 0x5577b3b3830d <unknown>\n#3 0x5577b3b33cc3 <unknown>\n#4 0x5577b3b8385c <unknown>\n#5 0x5577b3b82f7c <unknown>\n#6 0x5577b3b42232 <unknown>\n#7 0x5577b3b42ee1 <unknown>\n#8 0x5577b404a3f9 <unknown>\n#9 0x5577b404d34d <unknown>\n#10 0x5577b4033122 <unknown>\n#11 0x5577b404df2b <unknown>\n#12 0x5577b4019c30 <unknown>\n#13 0x5577b406ed78 <unknown>\n#14 0x5577b406ef4c <unknown>\n#15 0x5577b4080973 <unknown>\n#16 0x7f10d609caa4 <unknown>\n#17 0x7f10d6129c6c <unknown>","statusTrace":"/opt/hostedtoolcache/Python/3.10.19/x64/lib/python3.10/site-packages/seleniumbase/core/browser_launcher.py:6052: in get_local_driver\n    driver = webdriver.Chrome(options=chrome_options)\n/opt/hostedtoolcache/Python/3.10.19/x64/lib/python3.10/site-packages/selenium/webdriver/chrome/webdriver.py:46: in __init__\n    super().__init__(\n/opt/hostedtoolcache/Python/3.10.19/x64/lib/python3.10/site-packages/selenium/webdriver/chromium/webdriver.py:67: in __init__\n    super().__init__(command_executor=executor, options=options)\n/opt/hostedtoolcache/Python/3.10.19/x64/lib/python3.10/site-packages/selenium/webdriver/remote/webdriver.py:257: in __init__\n    self.start_session(capabilities)\n/opt/hostedtoolcache/Python/3.10.19/x64/lib/python3.10/site-packages/selenium/webdriver/remote/webdriver.py:352: in start_session\n    response = self.execute(Command.NEW_SESSION, caps)[\"value\"]\n/opt/hostedtoolcache/Python/3.10.19/x64/lib/python3.10/site-packages/selenium/webdriver/remote/webdriver.py:432: in execute\n    self.error_handler.check_response(response)\n/opt/hostedtoolcache/Python/3.10.19/x64/lib/python3.10/site-packages/selenium/webdriver/remote/errorhandler.py:232: in check_response\n    raise exception_class(message, screen, stacktrace)\nE   selenium.common.exceptions.SessionNotCreatedException: Message: session not created: Chrome instance exited. Examine ChromeDriver verbose log to determine the cause.; For documentation on this error, please visit: https://www.selenium.dev/documentation/webdriver/troubleshooting/errors#sessionnotcreatedexception\nE   Stacktrace:\nE   #0 0x560d4a5a561a <unknown>\nE   #1 0x560d4a02220b <unknown>\nE   #2 0x560d4a05c30d <unknown>\nE   #3 0x560d4a057cc3 <unknown>\nE   #4 0x560d4a0a785c <unknown>\nE   #5 0x560d4a0a6f7c <unknown>\nE   #6 0x560d4a066232 <unknown>\nE   #7 0x560d4a066ee1 <unknown>\nE   #8 0x560d4a56e3f9 <unknown>\nE   #9 0x560d4a57134d <unknown>\nE   #10 0x560d4a557122 <unknown>\nE   #11 0x560d4a571f2b <unknown>\nE   #12 0x560d4a53dc30 <unknown>\nE   #13 0x560d4a592d78 <unknown>\nE   #14 0x560d4a592f4c <unknown>\nE   #15 0x560d4a5a4973 <unknown>\nE   #16 0x7f2cda29caa4 <unknown>\nE   #17 0x7f2cda329c6c <unknown>\n\nDuring handling of the above exception, another exception occurred:\nsrc/pages/base/ui_base_case.py:59: in setUp\n    super().setUp()\n/opt/hostedtoolcache/Python/3.10.19/x64/lib/python3.10/site-packages/seleniumbase/fixtures/base_case.py:15720: in setUp\n    self.driver = self.get_new_driver(\nsrc/pages/base/ui_base_case.py:32: in get_new_driver\n    driver = super().get_new_driver(*args, **kwargs)\n/opt/hostedtoolcache/Python/3.10.19/x64/lib/python3.10/site-packages/seleniumbase/fixtures/base_case.py:4308: in get_new_driver\n    new_driver = browser_launcher.get_driver(\n/opt/hostedtoolcache/Python/3.10.19/x64/lib/python3.10/site-packages/seleniumbase/core/browser_launcher.py:3543: in get_driver\n    return get_local_driver(\n/opt/hostedtoolcache/Python/3.10.19/x64/lib/python3.10/site-packages/seleniumbase/core/browser_launcher.py:6139: in get_local_driver\n    driver = webdriver.Chrome(\n/opt/hostedtoolcache/Python/3.10.19/x64/lib/python3.10/site-packages/selenium/webdriver/chrome/webdriver.py:46: in __init__\n    super().__init__(\n/opt/hostedtoolcache/Python/3.10.19/x64/lib/python3.10/site-packages/selenium/webdriver/chromium/webdriver.py:67: in __init__\n    super().__init__(command_executor=executor, options=options)\n/opt/hostedtoolcache/Python/3.10.19/x64/lib/python3.10/site-packages/selenium/webdriver/remote/webdriver.py:257: in __init__\n    self.start_session(capabilities)\n/opt/hostedtoolcache/Python/3.10.19/x64/lib/python3.10/site-packages/selenium/webdriver/remote/webdriver.py:352: in start_session\n    response = self.execute(Command.NEW_SESSION, caps)[\"value\"]\n/opt/hostedtoolcache/Python/3.10.19/x64/lib/python3.10/site-packages/selenium/webdriver/remote/webdriver.py:432: in execute\n    self.error_handler.check_response(response)\n/opt/hostedtoolcache/Python/3.10.19/x64/lib/python3.10/site-packages/selenium/webdriver/remote/errorhandler.py:232: in check_response\n    raise exception_class(message, screen, stacktrace)\nE   selenium.common.exceptions.SessionNotCreatedException: Message: session not created: Chrome instance exited. Examine ChromeDriver verbose log to determine the cause.; For documentation on this error, please visit: https://www.selenium.dev/documentation/webdriver/troubleshooting/errors#sessionnotcreatedexception\nE   Stacktrace:\nE   #0 0x5577b408161a <unknown>\nE   #1 0x5577b3afe20b <unknown>\nE   #2 0x5577b3b3830d <unknown>\nE   #3 0x5577b3b33cc3 <unknown>\nE   #4 0x5577b3b8385c <unknown>\nE   #5 0x5577b3b82f7c <unknown>\nE   #6 0x5577b3b42232 <unknown>\nE   #7 0x5577b3b42ee1 <unknown>\nE   #8 0x5577b404a3f9 <unknown>\nE   #9 0x5577b404d34d <unknown>\nE   #10 0x5577b4033122 <unknown>\nE   #11 0x5577b404df2b <unknown>\nE   #12 0x5577b4019c30 <unknown>\nE   #13 0x5577b406ed78 <unknown>\nE   #14 0x5577b406ef4c <unknown>\nE   #15 0x5577b4080973 <unknown>\nE   #16 0x7f10d609caa4 <unknown>\nE   #17 0x7f10d6129c6c <unknown>","flaky":false,"newFailed":false,"newBroken":false,"newPassed":false,"retriesCount":0,"retriesStatusChange":false,"beforeStages":[{"name":"clean_directories_at_start","time":{"start":1766652346285,"stop":1766652346286,"duration":1},"status":"passed","steps":[],"attachments":[],"parameters":[],"shouldDisplayMessage":false,"stepsCount":0,"attachmentsCount":0,"hasContent":false,"attachmentStep":false},{"name":"_unittest_setUpClass_fixture_TestDynamicLoading","time":{"start":1766652470165,"stop":1766652470165,"duration":0},"status":"passed","steps":[],"attachments":[],"parameters":[],"shouldDisplayMessage":false,"stepsCount":0,"attachmentsCount":0,"hasContent":false,"attachmentStep":false},{"name":"bind_test_context","time":{"start":1766652477468,"stop":1766652477469,"duration":1},"status":"passed","steps":[],"attachments":[],"parameters":[],"shouldDisplayMessage":false,"stepsCount":0,"attachmentsCount":0,"hasContent":false,"attachmentStep":false},{"name":"_inject_request","time":{"start":1766652477469,"stop":1766652477469,"duration":0},"status":"passed","steps":[],"attachments":[],"parameters":[],"shouldDisplayMessage":false,"stepsCount":0,"attachmentsCount":0,"hasContent":false,"attachmentStep":false}],"afterStages":[{"name":"_unittest_setUpClass_fixture_TestDynamicLoading::0","time":{"start":1766652526722,"stop":1766652526723,"duration":1},"status":"passed","steps":[],"attachments":[],"parameters":[],"shouldDisplayMessage":false,"stepsCount":0,"attachmentsCount":0,"hasContent":false,"attachmentStep":false}],"labels":[{"name":"suite","value":"Dynamic Loading"},{"name":"parentSuite","value":"UI Test Suite"},{"name":"severity","value":"normal"},{"name":"subSuite","value":"Tests Dynamic Loading functionality"},{"name":"tag","value":"ui"},{"name":"tag","value":"regression"},{"name":"host","value":"runnervmh13bl"},{"name":"thread","value":"3080-MainThread"},{"name":"framework","value":"pytest"},{"name":"language","value":"cpython3"},{"name":"package","value":"tests.ui_test_suite.test_dynamic_loading"},{"name":"resultFormat","value":"allure2"}],"parameters":[],"links":[],"hidden":true,"retry":true,"extra":{"categories":[],"tags":["ui","regression"]},"source":"94ba2f52b6836311.json","parameterValues":[]}