{"uid":"9e45e6dce3cebe6","name":"test_floating_menu_functionality_0_Home","fullName":"tests.ui_test_suite.test_floating_menu.TestFloatingMenu#test_floating_menu_functionality_0_Home","historyId":"dab32d3ccb89467b33854fad8d93e002","time":{"start":1766652389777,"stop":1766652390462,"duration":685},"status":"broken","statusMessage":"selenium.common.exceptions.SessionNotCreatedException: Message: session not created: Chrome instance exited. Examine ChromeDriver verbose log to determine the cause.; For documentation on this error, please visit: https://www.selenium.dev/documentation/webdriver/troubleshooting/errors#sessionnotcreatedexception\nStacktrace:\n#0 0x55959fd3361a <unknown>\n#1 0x55959f7b020b <unknown>\n#2 0x55959f7ea30d <unknown>\n#3 0x55959f7e5cc3 <unknown>\n#4 0x55959f83585c <unknown>\n#5 0x55959f834f7c <unknown>\n#6 0x55959f7f4232 <unknown>\n#7 0x55959f7f4ee1 <unknown>\n#8 0x55959fcfc3f9 <unknown>\n#9 0x55959fcff34d <unknown>\n#10 0x55959fce5122 <unknown>\n#11 0x55959fcfff2b <unknown>\n#12 0x55959fccbc30 <unknown>\n#13 0x55959fd20d78 <unknown>\n#14 0x55959fd20f4c <unknown>\n#15 0x55959fd32973 <unknown>\n#16 0x7f655f89caa4 <unknown>\n#17 0x7f655f929c6c <unknown>","statusTrace":"/opt/hostedtoolcache/Python/3.10.19/x64/lib/python3.10/site-packages/seleniumbase/core/browser_launcher.py:6052: in get_local_driver\n    driver = webdriver.Chrome(options=chrome_options)\n/opt/hostedtoolcache/Python/3.10.19/x64/lib/python3.10/site-packages/selenium/webdriver/chrome/webdriver.py:46: in __init__\n    super().__init__(\n/opt/hostedtoolcache/Python/3.10.19/x64/lib/python3.10/site-packages/selenium/webdriver/chromium/webdriver.py:67: in __init__\n    super().__init__(command_executor=executor, options=options)\n/opt/hostedtoolcache/Python/3.10.19/x64/lib/python3.10/site-packages/selenium/webdriver/remote/webdriver.py:257: in __init__\n    self.start_session(capabilities)\n/opt/hostedtoolcache/Python/3.10.19/x64/lib/python3.10/site-packages/selenium/webdriver/remote/webdriver.py:352: in start_session\n    response = self.execute(Command.NEW_SESSION, caps)[\"value\"]\n/opt/hostedtoolcache/Python/3.10.19/x64/lib/python3.10/site-packages/selenium/webdriver/remote/webdriver.py:432: in execute\n    self.error_handler.check_response(response)\n/opt/hostedtoolcache/Python/3.10.19/x64/lib/python3.10/site-packages/selenium/webdriver/remote/errorhandler.py:232: in check_response\n    raise exception_class(message, screen, stacktrace)\nE   selenium.common.exceptions.SessionNotCreatedException: Message: session not created: Chrome instance exited. Examine ChromeDriver verbose log to determine the cause.; For documentation on this error, please visit: https://www.selenium.dev/documentation/webdriver/troubleshooting/errors#sessionnotcreatedexception\nE   Stacktrace:\nE   #0 0x55e94e2d461a <unknown>\nE   #1 0x55e94dd5120b <unknown>\nE   #2 0x55e94dd8b30d <unknown>\nE   #3 0x55e94dd86cc3 <unknown>\nE   #4 0x55e94ddd685c <unknown>\nE   #5 0x55e94ddd5f7c <unknown>\nE   #6 0x55e94dd95232 <unknown>\nE   #7 0x55e94dd95ee1 <unknown>\nE   #8 0x55e94e29d3f9 <unknown>\nE   #9 0x55e94e2a034d <unknown>\nE   #10 0x55e94e286122 <unknown>\nE   #11 0x55e94e2a0f2b <unknown>\nE   #12 0x55e94e26cc30 <unknown>\nE   #13 0x55e94e2c1d78 <unknown>\nE   #14 0x55e94e2c1f4c <unknown>\nE   #15 0x55e94e2d3973 <unknown>\nE   #16 0x7fd1dfa9caa4 <unknown>\nE   #17 0x7fd1dfb29c6c <unknown>\n\nDuring handling of the above exception, another exception occurred:\nsrc/pages/base/ui_base_case.py:59: in setUp\n    super().setUp()\n/opt/hostedtoolcache/Python/3.10.19/x64/lib/python3.10/site-packages/seleniumbase/fixtures/base_case.py:15720: in setUp\n    self.driver = self.get_new_driver(\nsrc/pages/base/ui_base_case.py:32: in get_new_driver\n    driver = super().get_new_driver(*args, **kwargs)\n/opt/hostedtoolcache/Python/3.10.19/x64/lib/python3.10/site-packages/seleniumbase/fixtures/base_case.py:4308: in get_new_driver\n    new_driver = browser_launcher.get_driver(\n/opt/hostedtoolcache/Python/3.10.19/x64/lib/python3.10/site-packages/seleniumbase/core/browser_launcher.py:3543: in get_driver\n    return get_local_driver(\n/opt/hostedtoolcache/Python/3.10.19/x64/lib/python3.10/site-packages/seleniumbase/core/browser_launcher.py:6139: in get_local_driver\n    driver = webdriver.Chrome(\n/opt/hostedtoolcache/Python/3.10.19/x64/lib/python3.10/site-packages/selenium/webdriver/chrome/webdriver.py:46: in __init__\n    super().__init__(\n/opt/hostedtoolcache/Python/3.10.19/x64/lib/python3.10/site-packages/selenium/webdriver/chromium/webdriver.py:67: in __init__\n    super().__init__(command_executor=executor, options=options)\n/opt/hostedtoolcache/Python/3.10.19/x64/lib/python3.10/site-packages/selenium/webdriver/remote/webdriver.py:257: in __init__\n    self.start_session(capabilities)\n/opt/hostedtoolcache/Python/3.10.19/x64/lib/python3.10/site-packages/selenium/webdriver/remote/webdriver.py:352: in start_session\n    response = self.execute(Command.NEW_SESSION, caps)[\"value\"]\n/opt/hostedtoolcache/Python/3.10.19/x64/lib/python3.10/site-packages/selenium/webdriver/remote/webdriver.py:432: in execute\n    self.error_handler.check_response(response)\n/opt/hostedtoolcache/Python/3.10.19/x64/lib/python3.10/site-packages/selenium/webdriver/remote/errorhandler.py:232: in check_response\n    raise exception_class(message, screen, stacktrace)\nE   selenium.common.exceptions.SessionNotCreatedException: Message: session not created: Chrome instance exited. Examine ChromeDriver verbose log to determine the cause.; For documentation on this error, please visit: https://www.selenium.dev/documentation/webdriver/troubleshooting/errors#sessionnotcreatedexception\nE   Stacktrace:\nE   #0 0x55959fd3361a <unknown>\nE   #1 0x55959f7b020b <unknown>\nE   #2 0x55959f7ea30d <unknown>\nE   #3 0x55959f7e5cc3 <unknown>\nE   #4 0x55959f83585c <unknown>\nE   #5 0x55959f834f7c <unknown>\nE   #6 0x55959f7f4232 <unknown>\nE   #7 0x55959f7f4ee1 <unknown>\nE   #8 0x55959fcfc3f9 <unknown>\nE   #9 0x55959fcff34d <unknown>\nE   #10 0x55959fce5122 <unknown>\nE   #11 0x55959fcfff2b <unknown>\nE   #12 0x55959fccbc30 <unknown>\nE   #13 0x55959fd20d78 <unknown>\nE   #14 0x55959fd20f4c <unknown>\nE   #15 0x55959fd32973 <unknown>\nE   #16 0x7f655f89caa4 <unknown>\nE   #17 0x7f655f929c6c <unknown>","flaky":false,"newFailed":false,"newBroken":false,"newPassed":false,"retriesCount":3,"retriesStatusChange":false,"beforeStages":[{"name":"clean_directories_at_start","time":{"start":1766652346285,"stop":1766652346286,"duration":1},"status":"passed","steps":[],"attachments":[],"parameters":[],"shouldDisplayMessage":false,"stepsCount":0,"attachmentsCount":0,"hasContent":false,"attachmentStep":false},{"name":"_unittest_setUpClass_fixture_TestFloatingMenu","time":{"start":1766652346286,"stop":1766652346286,"duration":0},"status":"passed","steps":[],"attachments":[],"parameters":[],"shouldDisplayMessage":false,"stepsCount":0,"attachmentsCount":0,"hasContent":false,"attachmentStep":false},{"name":"bind_test_context","time":{"start":1766652389776,"stop":1766652389776,"duration":0},"status":"passed","steps":[],"attachments":[],"parameters":[],"shouldDisplayMessage":false,"stepsCount":0,"attachmentsCount":0,"hasContent":false,"attachmentStep":false},{"name":"_inject_request","time":{"start":1766652389777,"stop":1766652389777,"duration":0},"status":"passed","steps":[],"attachments":[],"parameters":[],"shouldDisplayMessage":false,"stepsCount":0,"attachmentsCount":0,"hasContent":false,"attachmentStep":false}],"testStage":{"status":"broken","statusMessage":"selenium.common.exceptions.SessionNotCreatedException: Message: session not created: Chrome instance exited. Examine ChromeDriver verbose log to determine the cause.; For documentation on this error, please visit: https://www.selenium.dev/documentation/webdriver/troubleshooting/errors#sessionnotcreatedexception\nStacktrace:\n#0 0x55959fd3361a <unknown>\n#1 0x55959f7b020b <unknown>\n#2 0x55959f7ea30d <unknown>\n#3 0x55959f7e5cc3 <unknown>\n#4 0x55959f83585c <unknown>\n#5 0x55959f834f7c <unknown>\n#6 0x55959f7f4232 <unknown>\n#7 0x55959f7f4ee1 <unknown>\n#8 0x55959fcfc3f9 <unknown>\n#9 0x55959fcff34d <unknown>\n#10 0x55959fce5122 <unknown>\n#11 0x55959fcfff2b <unknown>\n#12 0x55959fccbc30 <unknown>\n#13 0x55959fd20d78 <unknown>\n#14 0x55959fd20f4c <unknown>\n#15 0x55959fd32973 <unknown>\n#16 0x7f655f89caa4 <unknown>\n#17 0x7f655f929c6c <unknown>","statusTrace":"/opt/hostedtoolcache/Python/3.10.19/x64/lib/python3.10/site-packages/seleniumbase/core/browser_launcher.py:6052: in get_local_driver\n    driver = webdriver.Chrome(options=chrome_options)\n/opt/hostedtoolcache/Python/3.10.19/x64/lib/python3.10/site-packages/selenium/webdriver/chrome/webdriver.py:46: in __init__\n    super().__init__(\n/opt/hostedtoolcache/Python/3.10.19/x64/lib/python3.10/site-packages/selenium/webdriver/chromium/webdriver.py:67: in __init__\n    super().__init__(command_executor=executor, options=options)\n/opt/hostedtoolcache/Python/3.10.19/x64/lib/python3.10/site-packages/selenium/webdriver/remote/webdriver.py:257: in __init__\n    self.start_session(capabilities)\n/opt/hostedtoolcache/Python/3.10.19/x64/lib/python3.10/site-packages/selenium/webdriver/remote/webdriver.py:352: in start_session\n    response = self.execute(Command.NEW_SESSION, caps)[\"value\"]\n/opt/hostedtoolcache/Python/3.10.19/x64/lib/python3.10/site-packages/selenium/webdriver/remote/webdriver.py:432: in execute\n    self.error_handler.check_response(response)\n/opt/hostedtoolcache/Python/3.10.19/x64/lib/python3.10/site-packages/selenium/webdriver/remote/errorhandler.py:232: in check_response\n    raise exception_class(message, screen, stacktrace)\nE   selenium.common.exceptions.SessionNotCreatedException: Message: session not created: Chrome instance exited. Examine ChromeDriver verbose log to determine the cause.; For documentation on this error, please visit: https://www.selenium.dev/documentation/webdriver/troubleshooting/errors#sessionnotcreatedexception\nE   Stacktrace:\nE   #0 0x55e94e2d461a <unknown>\nE   #1 0x55e94dd5120b <unknown>\nE   #2 0x55e94dd8b30d <unknown>\nE   #3 0x55e94dd86cc3 <unknown>\nE   #4 0x55e94ddd685c <unknown>\nE   #5 0x55e94ddd5f7c <unknown>\nE   #6 0x55e94dd95232 <unknown>\nE   #7 0x55e94dd95ee1 <unknown>\nE   #8 0x55e94e29d3f9 <unknown>\nE   #9 0x55e94e2a034d <unknown>\nE   #10 0x55e94e286122 <unknown>\nE   #11 0x55e94e2a0f2b <unknown>\nE   #12 0x55e94e26cc30 <unknown>\nE   #13 0x55e94e2c1d78 <unknown>\nE   #14 0x55e94e2c1f4c <unknown>\nE   #15 0x55e94e2d3973 <unknown>\nE   #16 0x7fd1dfa9caa4 <unknown>\nE   #17 0x7fd1dfb29c6c <unknown>\n\nDuring handling of the above exception, another exception occurred:\nsrc/pages/base/ui_base_case.py:59: in setUp\n    super().setUp()\n/opt/hostedtoolcache/Python/3.10.19/x64/lib/python3.10/site-packages/seleniumbase/fixtures/base_case.py:15720: in setUp\n    self.driver = self.get_new_driver(\nsrc/pages/base/ui_base_case.py:32: in get_new_driver\n    driver = super().get_new_driver(*args, **kwargs)\n/opt/hostedtoolcache/Python/3.10.19/x64/lib/python3.10/site-packages/seleniumbase/fixtures/base_case.py:4308: in get_new_driver\n    new_driver = browser_launcher.get_driver(\n/opt/hostedtoolcache/Python/3.10.19/x64/lib/python3.10/site-packages/seleniumbase/core/browser_launcher.py:3543: in get_driver\n    return get_local_driver(\n/opt/hostedtoolcache/Python/3.10.19/x64/lib/python3.10/site-packages/seleniumbase/core/browser_launcher.py:6139: in get_local_driver\n    driver = webdriver.Chrome(\n/opt/hostedtoolcache/Python/3.10.19/x64/lib/python3.10/site-packages/selenium/webdriver/chrome/webdriver.py:46: in __init__\n    super().__init__(\n/opt/hostedtoolcache/Python/3.10.19/x64/lib/python3.10/site-packages/selenium/webdriver/chromium/webdriver.py:67: in __init__\n    super().__init__(command_executor=executor, options=options)\n/opt/hostedtoolcache/Python/3.10.19/x64/lib/python3.10/site-packages/selenium/webdriver/remote/webdriver.py:257: in __init__\n    self.start_session(capabilities)\n/opt/hostedtoolcache/Python/3.10.19/x64/lib/python3.10/site-packages/selenium/webdriver/remote/webdriver.py:352: in start_session\n    response = self.execute(Command.NEW_SESSION, caps)[\"value\"]\n/opt/hostedtoolcache/Python/3.10.19/x64/lib/python3.10/site-packages/selenium/webdriver/remote/webdriver.py:432: in execute\n    self.error_handler.check_response(response)\n/opt/hostedtoolcache/Python/3.10.19/x64/lib/python3.10/site-packages/selenium/webdriver/remote/errorhandler.py:232: in check_response\n    raise exception_class(message, screen, stacktrace)\nE   selenium.common.exceptions.SessionNotCreatedException: Message: session not created: Chrome instance exited. Examine ChromeDriver verbose log to determine the cause.; For documentation on this error, please visit: https://www.selenium.dev/documentation/webdriver/troubleshooting/errors#sessionnotcreatedexception\nE   Stacktrace:\nE   #0 0x55959fd3361a <unknown>\nE   #1 0x55959f7b020b <unknown>\nE   #2 0x55959f7ea30d <unknown>\nE   #3 0x55959f7e5cc3 <unknown>\nE   #4 0x55959f83585c <unknown>\nE   #5 0x55959f834f7c <unknown>\nE   #6 0x55959f7f4232 <unknown>\nE   #7 0x55959f7f4ee1 <unknown>\nE   #8 0x55959fcfc3f9 <unknown>\nE   #9 0x55959fcff34d <unknown>\nE   #10 0x55959fce5122 <unknown>\nE   #11 0x55959fcfff2b <unknown>\nE   #12 0x55959fccbc30 <unknown>\nE   #13 0x55959fd20d78 <unknown>\nE   #14 0x55959fd20f4c <unknown>\nE   #15 0x55959fd32973 <unknown>\nE   #16 0x7f655f89caa4 <unknown>\nE   #17 0x7f655f929c6c <unknown>","steps":[],"attachments":[{"uid":"f97294ca26c14c56","name":"log","source":"f97294ca26c14c56.txt","type":"text/plain","size":2599},{"uid":"14eafbb4480de937","name":"stdout","source":"14eafbb4480de937.txt","type":"text/plain","size":3291}],"parameters":[],"shouldDisplayMessage":true,"stepsCount":0,"attachmentsCount":2,"hasContent":true,"attachmentStep":false},"afterStages":[{"name":"_unittest_setUpClass_fixture_TestFloatingMenu::0","time":{"start":1766652422703,"stop":1766652422703,"duration":0},"status":"passed","steps":[],"attachments":[],"parameters":[],"shouldDisplayMessage":false,"stepsCount":0,"attachmentsCount":0,"hasContent":false,"attachmentStep":false}],"labels":[{"name":"severity","value":"normal"},{"name":"subSuite","value":"Tests Floating Menu functionality"},{"name":"suite","value":"Floating Menu"},{"name":"parentSuite","value":"UI Test Suite"},{"name":"tag","value":"ui"},{"name":"tag","value":"regression"},{"name":"host","value":"runnervmh13bl"},{"name":"thread","value":"3083-MainThread"},{"name":"framework","value":"pytest"},{"name":"language","value":"cpython3"},{"name":"package","value":"tests.ui_test_suite.test_floating_menu"},{"name":"resultFormat","value":"allure2"}],"parameters":[],"links":[],"hidden":false,"retry":false,"extra":{"severity":"normal","retries":[{"uid":"f3100021f47649e7","status":"broken","statusDetails":"selenium.common.exceptions.SessionNotCreatedException: Message: session not created: Chrome instance exited. Examine ChromeDriver verbose log to determine the cause.; For documentation on this error, please visit: https://www.selenium.dev/documentation/webdriver/troubleshooting/errors#sessionnotcreatedexception\nStacktrace:\n#0 0x55e35362d61a <unknown>\n#1 0x55e3530aa20b <unknown>\n#2 0x55e3530e430d <unknown>\n#3 0x55e3530dfcc3 <unknown>\n#4 0x55e35312f85c <unknown>\n#5 0x55e35312ef7c <unknown>\n#6 0x55e3530ee232 <unknown>\n#7 0x55e3530eeee1 <unknown>\n#8 0x55e3535f63f9 <unknown>\n#9 0x55e3535f934d <unknown>\n#10 0x55e3535df122 <unknown>\n#11 0x55e3535f9f2b <unknown>\n#12 0x55e3535c5c30 <unknown>\n#13 0x55e35361ad78 <unknown>\n#14 0x55e35361af4c <unknown>\n#15 0x55e35362c973 <unknown>\n#16 0x7f4dede9caa4 <unknown>\n#17 0x7f4dedf29c6c <unknown>","time":{"start":1766652386393,"stop":1766652387154,"duration":761}},{"uid":"3019d329396d4d51","status":"broken","statusDetails":"selenium.common.exceptions.SessionNotCreatedException: Message: session not created: Chrome instance exited. Examine ChromeDriver verbose log to determine the cause.; For documentation on this error, please visit: https://www.selenium.dev/documentation/webdriver/troubleshooting/errors#sessionnotcreatedexception\nStacktrace:\n#0 0x559dcfb7861a <unknown>\n#1 0x559dcf5f520b <unknown>\n#2 0x559dcf62f30d <unknown>\n#3 0x559dcf62acc3 <unknown>\n#4 0x559dcf67a85c <unknown>\n#5 0x559dcf679f7c <unknown>\n#6 0x559dcf639232 <unknown>\n#7 0x559dcf639ee1 <unknown>\n#8 0x559dcfb413f9 <unknown>\n#9 0x559dcfb4434d <unknown>\n#10 0x559dcfb2a122 <unknown>\n#11 0x559dcfb44f2b <unknown>\n#12 0x559dcfb10c30 <unknown>\n#13 0x559dcfb65d78 <unknown>\n#14 0x559dcfb65f4c <unknown>\n#15 0x559dcfb77973 <unknown>\n#16 0x7f02db69caa4 <unknown>\n#17 0x7f02db729c6c <unknown>","time":{"start":1766652382766,"stop":1766652383752,"duration":986}},{"uid":"f89404043ce71c6","status":"broken","statusDetails":"seleniumbase.common.exceptions.LinkTextNotFoundException: \n Link text {Home} was not found after 7 seconds!","time":{"start":1766652346287,"stop":1766652379915,"duration":33628}}],"categories":[{"name":"Test defects","matchedStatuses":[]}],"tags":["ui","regression"]},"source":"9e45e6dce3cebe6.json","parameterValues":[]}