{"uid":"9e4aa447015b905e","name":"test_dropdown_list_functionality_0_Option_1","fullName":"tests.ui_test_suite.test_dropdown_list.TestDropdownList#test_dropdown_list_functionality_0_Option_1","historyId":"a8318fbda15858e19dca14c744f0bf25","time":{"start":1766652452776,"stop":1766652453501,"duration":725},"status":"broken","statusMessage":"selenium.common.exceptions.SessionNotCreatedException: Message: session not created: Chrome instance exited. Examine ChromeDriver verbose log to determine the cause.; For documentation on this error, please visit: https://www.selenium.dev/documentation/webdriver/troubleshooting/errors#sessionnotcreatedexception\nStacktrace:\n#0 0x55e2bd22d61a <unknown>\n#1 0x55e2bccaa20b <unknown>\n#2 0x55e2bcce430d <unknown>\n#3 0x55e2bccdfcc3 <unknown>\n#4 0x55e2bcd2f85c <unknown>\n#5 0x55e2bcd2ef7c <unknown>\n#6 0x55e2bccee232 <unknown>\n#7 0x55e2bcceeee1 <unknown>\n#8 0x55e2bd1f63f9 <unknown>\n#9 0x55e2bd1f934d <unknown>\n#10 0x55e2bd1df122 <unknown>\n#11 0x55e2bd1f9f2b <unknown>\n#12 0x55e2bd1c5c30 <unknown>\n#13 0x55e2bd21ad78 <unknown>\n#14 0x55e2bd21af4c <unknown>\n#15 0x55e2bd22c973 <unknown>\n#16 0x7f985069caa4 <unknown>\n#17 0x7f9850729c6c <unknown>","statusTrace":"/opt/hostedtoolcache/Python/3.10.19/x64/lib/python3.10/site-packages/seleniumbase/core/browser_launcher.py:6052: in get_local_driver\n    driver = webdriver.Chrome(options=chrome_options)\n/opt/hostedtoolcache/Python/3.10.19/x64/lib/python3.10/site-packages/selenium/webdriver/chrome/webdriver.py:46: in __init__\n    super().__init__(\n/opt/hostedtoolcache/Python/3.10.19/x64/lib/python3.10/site-packages/selenium/webdriver/chromium/webdriver.py:67: in __init__\n    super().__init__(command_executor=executor, options=options)\n/opt/hostedtoolcache/Python/3.10.19/x64/lib/python3.10/site-packages/selenium/webdriver/remote/webdriver.py:257: in __init__\n    self.start_session(capabilities)\n/opt/hostedtoolcache/Python/3.10.19/x64/lib/python3.10/site-packages/selenium/webdriver/remote/webdriver.py:352: in start_session\n    response = self.execute(Command.NEW_SESSION, caps)[\"value\"]\n/opt/hostedtoolcache/Python/3.10.19/x64/lib/python3.10/site-packages/selenium/webdriver/remote/webdriver.py:432: in execute\n    self.error_handler.check_response(response)\n/opt/hostedtoolcache/Python/3.10.19/x64/lib/python3.10/site-packages/selenium/webdriver/remote/errorhandler.py:232: in check_response\n    raise exception_class(message, screen, stacktrace)\nE   selenium.common.exceptions.SessionNotCreatedException: Message: session not created: Chrome instance exited. Examine ChromeDriver verbose log to determine the cause.; For documentation on this error, please visit: https://www.selenium.dev/documentation/webdriver/troubleshooting/errors#sessionnotcreatedexception\nE   Stacktrace:\nE   #0 0x55b256d2c61a <unknown>\nE   #1 0x55b2567a920b <unknown>\nE   #2 0x55b2567e330d <unknown>\nE   #3 0x55b2567decc3 <unknown>\nE   #4 0x55b25682e85c <unknown>\nE   #5 0x55b25682df7c <unknown>\nE   #6 0x55b2567ed232 <unknown>\nE   #7 0x55b2567edee1 <unknown>\nE   #8 0x55b256cf53f9 <unknown>\nE   #9 0x55b256cf834d <unknown>\nE   #10 0x55b256cde122 <unknown>\nE   #11 0x55b256cf8f2b <unknown>\nE   #12 0x55b256cc4c30 <unknown>\nE   #13 0x55b256d19d78 <unknown>\nE   #14 0x55b256d19f4c <unknown>\nE   #15 0x55b256d2b973 <unknown>\nE   #16 0x7f60ecc9caa4 <unknown>\nE   #17 0x7f60ecd29c6c <unknown>\n\nDuring handling of the above exception, another exception occurred:\nsrc/pages/base/ui_base_case.py:59: in setUp\n    super().setUp()\n/opt/hostedtoolcache/Python/3.10.19/x64/lib/python3.10/site-packages/seleniumbase/fixtures/base_case.py:15720: in setUp\n    self.driver = self.get_new_driver(\nsrc/pages/base/ui_base_case.py:32: in get_new_driver\n    driver = super().get_new_driver(*args, **kwargs)\n/opt/hostedtoolcache/Python/3.10.19/x64/lib/python3.10/site-packages/seleniumbase/fixtures/base_case.py:4308: in get_new_driver\n    new_driver = browser_launcher.get_driver(\n/opt/hostedtoolcache/Python/3.10.19/x64/lib/python3.10/site-packages/seleniumbase/core/browser_launcher.py:3543: in get_driver\n    return get_local_driver(\n/opt/hostedtoolcache/Python/3.10.19/x64/lib/python3.10/site-packages/seleniumbase/core/browser_launcher.py:6139: in get_local_driver\n    driver = webdriver.Chrome(\n/opt/hostedtoolcache/Python/3.10.19/x64/lib/python3.10/site-packages/selenium/webdriver/chrome/webdriver.py:46: in __init__\n    super().__init__(\n/opt/hostedtoolcache/Python/3.10.19/x64/lib/python3.10/site-packages/selenium/webdriver/chromium/webdriver.py:67: in __init__\n    super().__init__(command_executor=executor, options=options)\n/opt/hostedtoolcache/Python/3.10.19/x64/lib/python3.10/site-packages/selenium/webdriver/remote/webdriver.py:257: in __init__\n    self.start_session(capabilities)\n/opt/hostedtoolcache/Python/3.10.19/x64/lib/python3.10/site-packages/selenium/webdriver/remote/webdriver.py:352: in start_session\n    response = self.execute(Command.NEW_SESSION, caps)[\"value\"]\n/opt/hostedtoolcache/Python/3.10.19/x64/lib/python3.10/site-packages/selenium/webdriver/remote/webdriver.py:432: in execute\n    self.error_handler.check_response(response)\n/opt/hostedtoolcache/Python/3.10.19/x64/lib/python3.10/site-packages/selenium/webdriver/remote/errorhandler.py:232: in check_response\n    raise exception_class(message, screen, stacktrace)\nE   selenium.common.exceptions.SessionNotCreatedException: Message: session not created: Chrome instance exited. Examine ChromeDriver verbose log to determine the cause.; For documentation on this error, please visit: https://www.selenium.dev/documentation/webdriver/troubleshooting/errors#sessionnotcreatedexception\nE   Stacktrace:\nE   #0 0x55e2bd22d61a <unknown>\nE   #1 0x55e2bccaa20b <unknown>\nE   #2 0x55e2bcce430d <unknown>\nE   #3 0x55e2bccdfcc3 <unknown>\nE   #4 0x55e2bcd2f85c <unknown>\nE   #5 0x55e2bcd2ef7c <unknown>\nE   #6 0x55e2bccee232 <unknown>\nE   #7 0x55e2bcceeee1 <unknown>\nE   #8 0x55e2bd1f63f9 <unknown>\nE   #9 0x55e2bd1f934d <unknown>\nE   #10 0x55e2bd1df122 <unknown>\nE   #11 0x55e2bd1f9f2b <unknown>\nE   #12 0x55e2bd1c5c30 <unknown>\nE   #13 0x55e2bd21ad78 <unknown>\nE   #14 0x55e2bd21af4c <unknown>\nE   #15 0x55e2bd22c973 <unknown>\nE   #16 0x7f985069caa4 <unknown>\nE   #17 0x7f9850729c6c <unknown>","flaky":false,"newFailed":false,"newBroken":false,"newPassed":false,"retriesCount":0,"retriesStatusChange":false,"beforeStages":[{"name":"clean_directories_at_start","time":{"start":1766652346285,"stop":1766652346286,"duration":1},"status":"passed","steps":[],"attachments":[],"parameters":[],"shouldDisplayMessage":false,"stepsCount":0,"attachmentsCount":0,"hasContent":false,"attachmentStep":false},{"name":"_unittest_setUpClass_fixture_TestDropdownList","time":{"start":1766652444692,"stop":1766652444692,"duration":0},"status":"passed","steps":[],"attachments":[],"parameters":[],"shouldDisplayMessage":false,"stepsCount":0,"attachmentsCount":0,"hasContent":false,"attachmentStep":false},{"name":"bind_test_context","time":{"start":1766652452775,"stop":1766652452776,"duration":1},"status":"passed","steps":[],"attachments":[],"parameters":[],"shouldDisplayMessage":false,"stepsCount":0,"attachmentsCount":0,"hasContent":false,"attachmentStep":false},{"name":"_inject_request","time":{"start":1766652452776,"stop":1766652452776,"duration":0},"status":"passed","steps":[],"attachments":[],"parameters":[],"shouldDisplayMessage":false,"stepsCount":0,"attachmentsCount":0,"hasContent":false,"attachmentStep":false}],"afterStages":[{"name":"_unittest_setUpClass_fixture_TestDropdownList::0","time":{"start":1766652470157,"stop":1766652470157,"duration":0},"status":"passed","steps":[],"attachments":[],"parameters":[],"shouldDisplayMessage":false,"stepsCount":0,"attachmentsCount":0,"hasContent":false,"attachmentStep":false}],"labels":[{"name":"subSuite","value":"Tests Dropdown List functionality"},{"name":"parentSuite","value":"UI Test Suite"},{"name":"severity","value":"normal"},{"name":"suite","value":"Dropdown List"},{"name":"tag","value":"ui"},{"name":"tag","value":"regression"},{"name":"host","value":"runnervmh13bl"},{"name":"thread","value":"3080-MainThread"},{"name":"framework","value":"pytest"},{"name":"language","value":"cpython3"},{"name":"package","value":"tests.ui_test_suite.test_dropdown_list"},{"name":"resultFormat","value":"allure2"}],"parameters":[],"links":[],"hidden":true,"retry":true,"extra":{"categories":[],"tags":["ui","regression"]},"source":"9e4aa447015b905e.json","parameterValues":[]}