{"uid":"a48b51b99b0e0e16","name":"test_infinite_scroll_functionality","fullName":"tests.ui_test_suite.test_infinite_scroll.TestInfiniteScroll#test_infinite_scroll_functionality","historyId":"cdfe5ec13e2763ef000bd4f05bdd0f51","time":{"start":1766652537174,"stop":1766652537917,"duration":743},"status":"broken","statusMessage":"selenium.common.exceptions.SessionNotCreatedException: Message: session not created: Chrome instance exited. Examine ChromeDriver verbose log to determine the cause.; For documentation on this error, please visit: https://www.selenium.dev/documentation/webdriver/troubleshooting/errors#sessionnotcreatedexception\nStacktrace:\n#0 0x55c808f8461a <unknown>\n#1 0x55c808a0120b <unknown>\n#2 0x55c808a3b30d <unknown>\n#3 0x55c808a36cc3 <unknown>\n#4 0x55c808a8685c <unknown>\n#5 0x55c808a85f7c <unknown>\n#6 0x55c808a45232 <unknown>\n#7 0x55c808a45ee1 <unknown>\n#8 0x55c808f4d3f9 <unknown>\n#9 0x55c808f5034d <unknown>\n#10 0x55c808f36122 <unknown>\n#11 0x55c808f50f2b <unknown>\n#12 0x55c808f1cc30 <unknown>\n#13 0x55c808f71d78 <unknown>\n#14 0x55c808f71f4c <unknown>\n#15 0x55c808f83973 <unknown>\n#16 0x7f227029caa4 <unknown>\n#17 0x7f2270329c6c <unknown>","statusTrace":"/opt/hostedtoolcache/Python/3.10.19/x64/lib/python3.10/site-packages/seleniumbase/core/browser_launcher.py:6052: in get_local_driver\n    driver = webdriver.Chrome(options=chrome_options)\n/opt/hostedtoolcache/Python/3.10.19/x64/lib/python3.10/site-packages/selenium/webdriver/chrome/webdriver.py:46: in __init__\n    super().__init__(\n/opt/hostedtoolcache/Python/3.10.19/x64/lib/python3.10/site-packages/selenium/webdriver/chromium/webdriver.py:67: in __init__\n    super().__init__(command_executor=executor, options=options)\n/opt/hostedtoolcache/Python/3.10.19/x64/lib/python3.10/site-packages/selenium/webdriver/remote/webdriver.py:257: in __init__\n    self.start_session(capabilities)\n/opt/hostedtoolcache/Python/3.10.19/x64/lib/python3.10/site-packages/selenium/webdriver/remote/webdriver.py:352: in start_session\n    response = self.execute(Command.NEW_SESSION, caps)[\"value\"]\n/opt/hostedtoolcache/Python/3.10.19/x64/lib/python3.10/site-packages/selenium/webdriver/remote/webdriver.py:432: in execute\n    self.error_handler.check_response(response)\n/opt/hostedtoolcache/Python/3.10.19/x64/lib/python3.10/site-packages/selenium/webdriver/remote/errorhandler.py:232: in check_response\n    raise exception_class(message, screen, stacktrace)\nE   selenium.common.exceptions.SessionNotCreatedException: Message: session not created: Chrome instance exited. Examine ChromeDriver verbose log to determine the cause.; For documentation on this error, please visit: https://www.selenium.dev/documentation/webdriver/troubleshooting/errors#sessionnotcreatedexception\nE   Stacktrace:\nE   #0 0x55583068c61a <unknown>\nE   #1 0x55583010920b <unknown>\nE   #2 0x55583014330d <unknown>\nE   #3 0x55583013ecc3 <unknown>\nE   #4 0x55583018e85c <unknown>\nE   #5 0x55583018df7c <unknown>\nE   #6 0x55583014d232 <unknown>\nE   #7 0x55583014dee1 <unknown>\nE   #8 0x5558306553f9 <unknown>\nE   #9 0x55583065834d <unknown>\nE   #10 0x55583063e122 <unknown>\nE   #11 0x555830658f2b <unknown>\nE   #12 0x555830624c30 <unknown>\nE   #13 0x555830679d78 <unknown>\nE   #14 0x555830679f4c <unknown>\nE   #15 0x55583068b973 <unknown>\nE   #16 0x7fc66169caa4 <unknown>\nE   #17 0x7fc661729c6c <unknown>\n\nDuring handling of the above exception, another exception occurred:\nsrc/pages/base/ui_base_case.py:59: in setUp\n    super().setUp()\n/opt/hostedtoolcache/Python/3.10.19/x64/lib/python3.10/site-packages/seleniumbase/fixtures/base_case.py:15720: in setUp\n    self.driver = self.get_new_driver(\nsrc/pages/base/ui_base_case.py:32: in get_new_driver\n    driver = super().get_new_driver(*args, **kwargs)\n/opt/hostedtoolcache/Python/3.10.19/x64/lib/python3.10/site-packages/seleniumbase/fixtures/base_case.py:4308: in get_new_driver\n    new_driver = browser_launcher.get_driver(\n/opt/hostedtoolcache/Python/3.10.19/x64/lib/python3.10/site-packages/seleniumbase/core/browser_launcher.py:3543: in get_driver\n    return get_local_driver(\n/opt/hostedtoolcache/Python/3.10.19/x64/lib/python3.10/site-packages/seleniumbase/core/browser_launcher.py:6139: in get_local_driver\n    driver = webdriver.Chrome(\n/opt/hostedtoolcache/Python/3.10.19/x64/lib/python3.10/site-packages/selenium/webdriver/chrome/webdriver.py:46: in __init__\n    super().__init__(\n/opt/hostedtoolcache/Python/3.10.19/x64/lib/python3.10/site-packages/selenium/webdriver/chromium/webdriver.py:67: in __init__\n    super().__init__(command_executor=executor, options=options)\n/opt/hostedtoolcache/Python/3.10.19/x64/lib/python3.10/site-packages/selenium/webdriver/remote/webdriver.py:257: in __init__\n    self.start_session(capabilities)\n/opt/hostedtoolcache/Python/3.10.19/x64/lib/python3.10/site-packages/selenium/webdriver/remote/webdriver.py:352: in start_session\n    response = self.execute(Command.NEW_SESSION, caps)[\"value\"]\n/opt/hostedtoolcache/Python/3.10.19/x64/lib/python3.10/site-packages/selenium/webdriver/remote/webdriver.py:432: in execute\n    self.error_handler.check_response(response)\n/opt/hostedtoolcache/Python/3.10.19/x64/lib/python3.10/site-packages/selenium/webdriver/remote/errorhandler.py:232: in check_response\n    raise exception_class(message, screen, stacktrace)\nE   selenium.common.exceptions.SessionNotCreatedException: Message: session not created: Chrome instance exited. Examine ChromeDriver verbose log to determine the cause.; For documentation on this error, please visit: https://www.selenium.dev/documentation/webdriver/troubleshooting/errors#sessionnotcreatedexception\nE   Stacktrace:\nE   #0 0x55c808f8461a <unknown>\nE   #1 0x55c808a0120b <unknown>\nE   #2 0x55c808a3b30d <unknown>\nE   #3 0x55c808a36cc3 <unknown>\nE   #4 0x55c808a8685c <unknown>\nE   #5 0x55c808a85f7c <unknown>\nE   #6 0x55c808a45232 <unknown>\nE   #7 0x55c808a45ee1 <unknown>\nE   #8 0x55c808f4d3f9 <unknown>\nE   #9 0x55c808f5034d <unknown>\nE   #10 0x55c808f36122 <unknown>\nE   #11 0x55c808f50f2b <unknown>\nE   #12 0x55c808f1cc30 <unknown>\nE   #13 0x55c808f71d78 <unknown>\nE   #14 0x55c808f71f4c <unknown>\nE   #15 0x55c808f83973 <unknown>\nE   #16 0x7f227029caa4 <unknown>\nE   #17 0x7f2270329c6c <unknown>","flaky":false,"newFailed":false,"newBroken":false,"newPassed":false,"retriesCount":0,"retriesStatusChange":false,"beforeStages":[{"name":"clean_directories_at_start","time":{"start":1766652346285,"stop":1766652346286,"duration":1},"status":"passed","steps":[],"attachments":[],"parameters":[],"shouldDisplayMessage":false,"stepsCount":0,"attachmentsCount":0,"hasContent":false,"attachmentStep":false},{"name":"_unittest_setUpClass_fixture_TestInfiniteScroll","time":{"start":1766652537173,"stop":1766652537173,"duration":0},"status":"passed","steps":[],"attachments":[],"parameters":[],"shouldDisplayMessage":false,"stepsCount":0,"attachmentsCount":0,"hasContent":false,"attachmentStep":false},{"name":"bind_test_context","time":{"start":1766652537173,"stop":1766652537173,"duration":0},"status":"passed","steps":[],"attachments":[],"parameters":[],"shouldDisplayMessage":false,"stepsCount":0,"attachmentsCount":0,"hasContent":false,"attachmentStep":false},{"name":"_inject_request","time":{"start":1766652537174,"stop":1766652537174,"duration":0},"status":"passed","steps":[],"attachments":[],"parameters":[],"shouldDisplayMessage":false,"stepsCount":0,"attachmentsCount":0,"hasContent":false,"attachmentStep":false}],"afterStages":[{"name":"_unittest_setUpClass_fixture_TestInfiniteScroll::0","time":{"start":1766652548690,"stop":1766652548690,"duration":0},"status":"passed","steps":[],"attachments":[],"parameters":[],"shouldDisplayMessage":false,"stepsCount":0,"attachmentsCount":0,"hasContent":false,"attachmentStep":false}],"labels":[{"name":"severity","value":"normal"},{"name":"suite","value":"Infinite Scroll"},{"name":"subSuite","value":"Tests Infinite Scroll functionality"},{"name":"parentSuite","value":"UI Test Suite"},{"name":"tag","value":"ui"},{"name":"tag","value":"regression"},{"name":"host","value":"runnervmh13bl"},{"name":"thread","value":"3083-MainThread"},{"name":"framework","value":"pytest"},{"name":"language","value":"cpython3"},{"name":"package","value":"tests.ui_test_suite.test_infinite_scroll"},{"name":"resultFormat","value":"allure2"}],"parameters":[],"links":[],"hidden":true,"retry":true,"extra":{"categories":[],"tags":["ui","regression"]},"source":"a48b51b99b0e0e16.json","parameterValues":[]}