{"uid":"a4fb770cb26b02f5","name":"test_geolocation_functionality","fullName":"tests.ui_test_suite.test_geolocation.TestGeolocation#test_geolocation_functionality","historyId":"e810c0f5885b960ce8847a45f5683eb2","time":{"start":1766652520080,"stop":1766652520905,"duration":825},"status":"broken","statusMessage":"selenium.common.exceptions.SessionNotCreatedException: Message: session not created: Chrome instance exited. Examine ChromeDriver verbose log to determine the cause.; For documentation on this error, please visit: https://www.selenium.dev/documentation/webdriver/troubleshooting/errors#sessionnotcreatedexception\nStacktrace:\n#0 0x561316bf861a <unknown>\n#1 0x56131667520b <unknown>\n#2 0x5613166af30d <unknown>\n#3 0x5613166aacc3 <unknown>\n#4 0x5613166fa85c <unknown>\n#5 0x5613166f9f7c <unknown>\n#6 0x5613166b9232 <unknown>\n#7 0x5613166b9ee1 <unknown>\n#8 0x561316bc13f9 <unknown>\n#9 0x561316bc434d <unknown>\n#10 0x561316baa122 <unknown>\n#11 0x561316bc4f2b <unknown>\n#12 0x561316b90c30 <unknown>\n#13 0x561316be5d78 <unknown>\n#14 0x561316be5f4c <unknown>\n#15 0x561316bf7973 <unknown>\n#16 0x7f544a89caa4 <unknown>\n#17 0x7f544a929c6c <unknown>","statusTrace":"/opt/hostedtoolcache/Python/3.10.19/x64/lib/python3.10/site-packages/seleniumbase/core/browser_launcher.py:6052: in get_local_driver\n    driver = webdriver.Chrome(options=chrome_options)\n/opt/hostedtoolcache/Python/3.10.19/x64/lib/python3.10/site-packages/selenium/webdriver/chrome/webdriver.py:46: in __init__\n    super().__init__(\n/opt/hostedtoolcache/Python/3.10.19/x64/lib/python3.10/site-packages/selenium/webdriver/chromium/webdriver.py:67: in __init__\n    super().__init__(command_executor=executor, options=options)\n/opt/hostedtoolcache/Python/3.10.19/x64/lib/python3.10/site-packages/selenium/webdriver/remote/webdriver.py:257: in __init__\n    self.start_session(capabilities)\n/opt/hostedtoolcache/Python/3.10.19/x64/lib/python3.10/site-packages/selenium/webdriver/remote/webdriver.py:352: in start_session\n    response = self.execute(Command.NEW_SESSION, caps)[\"value\"]\n/opt/hostedtoolcache/Python/3.10.19/x64/lib/python3.10/site-packages/selenium/webdriver/remote/webdriver.py:432: in execute\n    self.error_handler.check_response(response)\n/opt/hostedtoolcache/Python/3.10.19/x64/lib/python3.10/site-packages/selenium/webdriver/remote/errorhandler.py:232: in check_response\n    raise exception_class(message, screen, stacktrace)\nE   selenium.common.exceptions.SessionNotCreatedException: Message: session not created: Chrome instance exited. Examine ChromeDriver verbose log to determine the cause.; For documentation on this error, please visit: https://www.selenium.dev/documentation/webdriver/troubleshooting/errors#sessionnotcreatedexception\nE   Stacktrace:\nE   #0 0x55a5b671961a <unknown>\nE   #1 0x55a5b619620b <unknown>\nE   #2 0x55a5b61d030d <unknown>\nE   #3 0x55a5b61cbcc3 <unknown>\nE   #4 0x55a5b621b85c <unknown>\nE   #5 0x55a5b621af7c <unknown>\nE   #6 0x55a5b61da232 <unknown>\nE   #7 0x55a5b61daee1 <unknown>\nE   #8 0x55a5b66e23f9 <unknown>\nE   #9 0x55a5b66e534d <unknown>\nE   #10 0x55a5b66cb122 <unknown>\nE   #11 0x55a5b66e5f2b <unknown>\nE   #12 0x55a5b66b1c30 <unknown>\nE   #13 0x55a5b6706d78 <unknown>\nE   #14 0x55a5b6706f4c <unknown>\nE   #15 0x55a5b6718973 <unknown>\nE   #16 0x7f7ed669caa4 <unknown>\nE   #17 0x7f7ed6729c6c <unknown>\n\nDuring handling of the above exception, another exception occurred:\nsrc/pages/base/ui_base_case.py:59: in setUp\n    super().setUp()\n/opt/hostedtoolcache/Python/3.10.19/x64/lib/python3.10/site-packages/seleniumbase/fixtures/base_case.py:15720: in setUp\n    self.driver = self.get_new_driver(\nsrc/pages/base/ui_base_case.py:32: in get_new_driver\n    driver = super().get_new_driver(*args, **kwargs)\n/opt/hostedtoolcache/Python/3.10.19/x64/lib/python3.10/site-packages/seleniumbase/fixtures/base_case.py:4308: in get_new_driver\n    new_driver = browser_launcher.get_driver(\n/opt/hostedtoolcache/Python/3.10.19/x64/lib/python3.10/site-packages/seleniumbase/core/browser_launcher.py:3543: in get_driver\n    return get_local_driver(\n/opt/hostedtoolcache/Python/3.10.19/x64/lib/python3.10/site-packages/seleniumbase/core/browser_launcher.py:6139: in get_local_driver\n    driver = webdriver.Chrome(\n/opt/hostedtoolcache/Python/3.10.19/x64/lib/python3.10/site-packages/selenium/webdriver/chrome/webdriver.py:46: in __init__\n    super().__init__(\n/opt/hostedtoolcache/Python/3.10.19/x64/lib/python3.10/site-packages/selenium/webdriver/chromium/webdriver.py:67: in __init__\n    super().__init__(command_executor=executor, options=options)\n/opt/hostedtoolcache/Python/3.10.19/x64/lib/python3.10/site-packages/selenium/webdriver/remote/webdriver.py:257: in __init__\n    self.start_session(capabilities)\n/opt/hostedtoolcache/Python/3.10.19/x64/lib/python3.10/site-packages/selenium/webdriver/remote/webdriver.py:352: in start_session\n    response = self.execute(Command.NEW_SESSION, caps)[\"value\"]\n/opt/hostedtoolcache/Python/3.10.19/x64/lib/python3.10/site-packages/selenium/webdriver/remote/webdriver.py:432: in execute\n    self.error_handler.check_response(response)\n/opt/hostedtoolcache/Python/3.10.19/x64/lib/python3.10/site-packages/selenium/webdriver/remote/errorhandler.py:232: in check_response\n    raise exception_class(message, screen, stacktrace)\nE   selenium.common.exceptions.SessionNotCreatedException: Message: session not created: Chrome instance exited. Examine ChromeDriver verbose log to determine the cause.; For documentation on this error, please visit: https://www.selenium.dev/documentation/webdriver/troubleshooting/errors#sessionnotcreatedexception\nE   Stacktrace:\nE   #0 0x561316bf861a <unknown>\nE   #1 0x56131667520b <unknown>\nE   #2 0x5613166af30d <unknown>\nE   #3 0x5613166aacc3 <unknown>\nE   #4 0x5613166fa85c <unknown>\nE   #5 0x5613166f9f7c <unknown>\nE   #6 0x5613166b9232 <unknown>\nE   #7 0x5613166b9ee1 <unknown>\nE   #8 0x561316bc13f9 <unknown>\nE   #9 0x561316bc434d <unknown>\nE   #10 0x561316baa122 <unknown>\nE   #11 0x561316bc4f2b <unknown>\nE   #12 0x561316b90c30 <unknown>\nE   #13 0x561316be5d78 <unknown>\nE   #14 0x561316be5f4c <unknown>\nE   #15 0x561316bf7973 <unknown>\nE   #16 0x7f544a89caa4 <unknown>\nE   #17 0x7f544a929c6c <unknown>","flaky":false,"newFailed":false,"newBroken":false,"newPassed":false,"retriesCount":0,"retriesStatusChange":false,"beforeStages":[{"name":"clean_directories_at_start","time":{"start":1766652346285,"stop":1766652346286,"duration":1},"status":"passed","steps":[],"attachments":[],"parameters":[],"shouldDisplayMessage":false,"stepsCount":0,"attachmentsCount":0,"hasContent":false,"attachmentStep":false},{"name":"_unittest_setUpClass_fixture_TestGeolocation","time":{"start":1766652513007,"stop":1766652513007,"duration":0},"status":"passed","steps":[],"attachments":[],"parameters":[],"shouldDisplayMessage":false,"stepsCount":0,"attachmentsCount":0,"hasContent":false,"attachmentStep":false},{"name":"bind_test_context","time":{"start":1766652520079,"stop":1766652520080,"duration":1},"status":"passed","steps":[],"attachments":[],"parameters":[],"shouldDisplayMessage":false,"stepsCount":0,"attachmentsCount":0,"hasContent":false,"attachmentStep":false},{"name":"_inject_request","time":{"start":1766652520080,"stop":1766652520080,"duration":0},"status":"passed","steps":[],"attachments":[],"parameters":[],"shouldDisplayMessage":false,"stepsCount":0,"attachmentsCount":0,"hasContent":false,"attachmentStep":false}],"afterStages":[{"name":"_unittest_setUpClass_fixture_TestGeolocation::0","time":{"start":1766652525415,"stop":1766652525415,"duration":0},"status":"passed","steps":[],"attachments":[],"parameters":[],"shouldDisplayMessage":false,"stepsCount":0,"attachmentsCount":0,"hasContent":false,"attachmentStep":false}],"labels":[{"name":"severity","value":"normal"},{"name":"parentSuite","value":"UI Test Suite"},{"name":"suite","value":"Geolocation"},{"name":"subSuite","value":"Tests Geolocation functionality"},{"name":"tag","value":"ui"},{"name":"tag","value":"regression"},{"name":"host","value":"runnervmh13bl"},{"name":"thread","value":"3083-MainThread"},{"name":"framework","value":"pytest"},{"name":"language","value":"cpython3"},{"name":"package","value":"tests.ui_test_suite.test_geolocation"},{"name":"resultFormat","value":"allure2"}],"parameters":[],"links":[],"hidden":true,"retry":true,"extra":{"categories":[],"tags":["ui","regression"]},"source":"a4fb770cb26b02f5.json","parameterValues":[]}