{"uid":"ac259de99e99f9ba","name":"test_each_button_clicks_2_green","fullName":"tests.ui_test_suite.test_challenging_dom.TestChallengingDom#test_each_button_clicks_2_green","historyId":"5afa9cc942debf341cfc73d746632d1a","time":{"start":1766652443724,"stop":1766652444431,"duration":707},"status":"broken","statusMessage":"selenium.common.exceptions.SessionNotCreatedException: Message: session not created: Chrome instance exited. Examine ChromeDriver verbose log to determine the cause.; For documentation on this error, please visit: https://www.selenium.dev/documentation/webdriver/troubleshooting/errors#sessionnotcreatedexception\nStacktrace:\n#0 0x55703e02461a <unknown>\n#1 0x55703daa120b <unknown>\n#2 0x55703dadb30d <unknown>\n#3 0x55703dad6cc3 <unknown>\n#4 0x55703db2685c <unknown>\n#5 0x55703db25f7c <unknown>\n#6 0x55703dae5232 <unknown>\n#7 0x55703dae5ee1 <unknown>\n#8 0x55703dfed3f9 <unknown>\n#9 0x55703dff034d <unknown>\n#10 0x55703dfd6122 <unknown>\n#11 0x55703dff0f2b <unknown>\n#12 0x55703dfbcc30 <unknown>\n#13 0x55703e011d78 <unknown>\n#14 0x55703e011f4c <unknown>\n#15 0x55703e023973 <unknown>\n#16 0x7f62a4c9caa4 <unknown>\n#17 0x7f62a4d29c6c <unknown>","statusTrace":"/opt/hostedtoolcache/Python/3.10.19/x64/lib/python3.10/site-packages/seleniumbase/core/browser_launcher.py:6052: in get_local_driver\n    driver = webdriver.Chrome(options=chrome_options)\n/opt/hostedtoolcache/Python/3.10.19/x64/lib/python3.10/site-packages/selenium/webdriver/chrome/webdriver.py:46: in __init__\n    super().__init__(\n/opt/hostedtoolcache/Python/3.10.19/x64/lib/python3.10/site-packages/selenium/webdriver/chromium/webdriver.py:67: in __init__\n    super().__init__(command_executor=executor, options=options)\n/opt/hostedtoolcache/Python/3.10.19/x64/lib/python3.10/site-packages/selenium/webdriver/remote/webdriver.py:257: in __init__\n    self.start_session(capabilities)\n/opt/hostedtoolcache/Python/3.10.19/x64/lib/python3.10/site-packages/selenium/webdriver/remote/webdriver.py:352: in start_session\n    response = self.execute(Command.NEW_SESSION, caps)[\"value\"]\n/opt/hostedtoolcache/Python/3.10.19/x64/lib/python3.10/site-packages/selenium/webdriver/remote/webdriver.py:432: in execute\n    self.error_handler.check_response(response)\n/opt/hostedtoolcache/Python/3.10.19/x64/lib/python3.10/site-packages/selenium/webdriver/remote/errorhandler.py:232: in check_response\n    raise exception_class(message, screen, stacktrace)\nE   selenium.common.exceptions.SessionNotCreatedException: Message: session not created: Chrome instance exited. Examine ChromeDriver verbose log to determine the cause.; For documentation on this error, please visit: https://www.selenium.dev/documentation/webdriver/troubleshooting/errors#sessionnotcreatedexception\nE   Stacktrace:\nE   #0 0x55d0d6b8061a <unknown>\nE   #1 0x55d0d65fd20b <unknown>\nE   #2 0x55d0d663730d <unknown>\nE   #3 0x55d0d6632cc3 <unknown>\nE   #4 0x55d0d668285c <unknown>\nE   #5 0x55d0d6681f7c <unknown>\nE   #6 0x55d0d6641232 <unknown>\nE   #7 0x55d0d6641ee1 <unknown>\nE   #8 0x55d0d6b493f9 <unknown>\nE   #9 0x55d0d6b4c34d <unknown>\nE   #10 0x55d0d6b32122 <unknown>\nE   #11 0x55d0d6b4cf2b <unknown>\nE   #12 0x55d0d6b18c30 <unknown>\nE   #13 0x55d0d6b6dd78 <unknown>\nE   #14 0x55d0d6b6df4c <unknown>\nE   #15 0x55d0d6b7f973 <unknown>\nE   #16 0x7f8b8d29caa4 <unknown>\nE   #17 0x7f8b8d329c6c <unknown>\n\nDuring handling of the above exception, another exception occurred:\nsrc/pages/base/ui_base_case.py:59: in setUp\n    super().setUp()\n/opt/hostedtoolcache/Python/3.10.19/x64/lib/python3.10/site-packages/seleniumbase/fixtures/base_case.py:15720: in setUp\n    self.driver = self.get_new_driver(\nsrc/pages/base/ui_base_case.py:32: in get_new_driver\n    driver = super().get_new_driver(*args, **kwargs)\n/opt/hostedtoolcache/Python/3.10.19/x64/lib/python3.10/site-packages/seleniumbase/fixtures/base_case.py:4308: in get_new_driver\n    new_driver = browser_launcher.get_driver(\n/opt/hostedtoolcache/Python/3.10.19/x64/lib/python3.10/site-packages/seleniumbase/core/browser_launcher.py:3543: in get_driver\n    return get_local_driver(\n/opt/hostedtoolcache/Python/3.10.19/x64/lib/python3.10/site-packages/seleniumbase/core/browser_launcher.py:6139: in get_local_driver\n    driver = webdriver.Chrome(\n/opt/hostedtoolcache/Python/3.10.19/x64/lib/python3.10/site-packages/selenium/webdriver/chrome/webdriver.py:46: in __init__\n    super().__init__(\n/opt/hostedtoolcache/Python/3.10.19/x64/lib/python3.10/site-packages/selenium/webdriver/chromium/webdriver.py:67: in __init__\n    super().__init__(command_executor=executor, options=options)\n/opt/hostedtoolcache/Python/3.10.19/x64/lib/python3.10/site-packages/selenium/webdriver/remote/webdriver.py:257: in __init__\n    self.start_session(capabilities)\n/opt/hostedtoolcache/Python/3.10.19/x64/lib/python3.10/site-packages/selenium/webdriver/remote/webdriver.py:352: in start_session\n    response = self.execute(Command.NEW_SESSION, caps)[\"value\"]\n/opt/hostedtoolcache/Python/3.10.19/x64/lib/python3.10/site-packages/selenium/webdriver/remote/webdriver.py:432: in execute\n    self.error_handler.check_response(response)\n/opt/hostedtoolcache/Python/3.10.19/x64/lib/python3.10/site-packages/selenium/webdriver/remote/errorhandler.py:232: in check_response\n    raise exception_class(message, screen, stacktrace)\nE   selenium.common.exceptions.SessionNotCreatedException: Message: session not created: Chrome instance exited. Examine ChromeDriver verbose log to determine the cause.; For documentation on this error, please visit: https://www.selenium.dev/documentation/webdriver/troubleshooting/errors#sessionnotcreatedexception\nE   Stacktrace:\nE   #0 0x55703e02461a <unknown>\nE   #1 0x55703daa120b <unknown>\nE   #2 0x55703dadb30d <unknown>\nE   #3 0x55703dad6cc3 <unknown>\nE   #4 0x55703db2685c <unknown>\nE   #5 0x55703db25f7c <unknown>\nE   #6 0x55703dae5232 <unknown>\nE   #7 0x55703dae5ee1 <unknown>\nE   #8 0x55703dfed3f9 <unknown>\nE   #9 0x55703dff034d <unknown>\nE   #10 0x55703dfd6122 <unknown>\nE   #11 0x55703dff0f2b <unknown>\nE   #12 0x55703dfbcc30 <unknown>\nE   #13 0x55703e011d78 <unknown>\nE   #14 0x55703e011f4c <unknown>\nE   #15 0x55703e023973 <unknown>\nE   #16 0x7f62a4c9caa4 <unknown>\nE   #17 0x7f62a4d29c6c <unknown>","flaky":false,"newFailed":false,"newBroken":true,"newPassed":false,"retriesCount":3,"retriesStatusChange":false,"beforeStages":[{"name":"clean_directories_at_start","time":{"start":1766652346285,"stop":1766652346286,"duration":1},"status":"passed","steps":[],"attachments":[],"parameters":[],"shouldDisplayMessage":false,"stepsCount":0,"attachmentsCount":0,"hasContent":false,"attachmentStep":false},{"name":"_unittest_setUpClass_fixture_TestChallengingDom","time":{"start":1766652346286,"stop":1766652346286,"duration":0},"status":"passed","steps":[],"attachments":[],"parameters":[],"shouldDisplayMessage":false,"stepsCount":0,"attachmentsCount":0,"hasContent":false,"attachmentStep":false},{"name":"_inject_request","time":{"start":1766652443724,"stop":1766652443724,"duration":0},"status":"passed","steps":[],"attachments":[],"parameters":[],"shouldDisplayMessage":false,"stepsCount":0,"attachmentsCount":0,"hasContent":false,"attachmentStep":false},{"name":"bind_test_context","time":{"start":1766652443724,"stop":1766652443724,"duration":0},"status":"passed","steps":[],"attachments":[],"parameters":[],"shouldDisplayMessage":false,"stepsCount":0,"attachmentsCount":0,"hasContent":false,"attachmentStep":false}],"afterStages":[{"name":"_unittest_setUpClass_fixture_TestChallengingDom::0","time":{"start":1766652556782,"stop":1766652556782,"duration":0},"status":"passed","steps":[],"attachments":[],"parameters":[],"shouldDisplayMessage":false,"stepsCount":0,"attachmentsCount":0,"hasContent":false,"attachmentStep":false}],"labels":[{"name":"parentSuite","value":"UI Test Suite"},{"name":"suite","value":"Challenging DOM"},{"name":"severity","value":"normal"},{"name":"subSuite","value":"Verify Challenging DOM buttons interactions and table content"},{"name":"tag","value":"ui"},{"name":"tag","value":"smoke"},{"name":"tag","value":"regression"},{"name":"host","value":"runnervmh13bl"},{"name":"thread","value":"3077-MainThread"},{"name":"framework","value":"pytest"},{"name":"language","value":"cpython3"},{"name":"package","value":"tests.ui_test_suite.test_challenging_dom"},{"name":"resultFormat","value":"allure2"}],"parameters":[],"links":[],"hidden":false,"retry":false,"extra":{"severity":"normal","retries":[{"uid":"e3f59cb81387eb25","status":"broken","statusDetails":"selenium.common.exceptions.SessionNotCreatedException: Message: session not created: Chrome instance exited. Examine ChromeDriver verbose log to determine the cause.; For documentation on this error, please visit: https://www.selenium.dev/documentation/webdriver/troubleshooting/errors#sessionnotcreatedexception\nStacktrace:\n#0 0x5591e3b9361a <unknown>\n#1 0x5591e361020b <unknown>\n#2 0x5591e364a30d <unknown>\n#3 0x5591e3645cc3 <unknown>\n#4 0x5591e369585c <unknown>\n#5 0x5591e3694f7c <unknown>\n#6 0x5591e3654232 <unknown>\n#7 0x5591e3654ee1 <unknown>\n#8 0x5591e3b5c3f9 <unknown>\n#9 0x5591e3b5f34d <unknown>\n#10 0x5591e3b45122 <unknown>\n#11 0x5591e3b5ff2b <unknown>\n#12 0x5591e3b2bc30 <unknown>\n#13 0x5591e3b80d78 <unknown>\n#14 0x5591e3b80f4c <unknown>\n#15 0x5591e3b92973 <unknown>\n#16 0x7f3bca89caa4 <unknown>\n#17 0x7f3bca929c6c <unknown>","time":{"start":1766652440239,"stop":1766652440963,"duration":724}},{"uid":"7ed0f10883b4081a","status":"broken","statusDetails":"selenium.common.exceptions.SessionNotCreatedException: Message: session not created: Chrome instance exited. Examine ChromeDriver verbose log to determine the cause.; For documentation on this error, please visit: https://www.selenium.dev/documentation/webdriver/troubleshooting/errors#sessionnotcreatedexception\nStacktrace:\n#0 0x556b9951761a <unknown>\n#1 0x556b98f9420b <unknown>\n#2 0x556b98fce30d <unknown>\n#3 0x556b98fc9cc3 <unknown>\n#4 0x556b9901985c <unknown>\n#5 0x556b99018f7c <unknown>\n#6 0x556b98fd8232 <unknown>\n#7 0x556b98fd8ee1 <unknown>\n#8 0x556b994e03f9 <unknown>\n#9 0x556b994e334d <unknown>\n#10 0x556b994c9122 <unknown>\n#11 0x556b994e3f2b <unknown>\n#12 0x556b994afc30 <unknown>\n#13 0x556b99504d78 <unknown>\n#14 0x556b99504f4c <unknown>\n#15 0x556b99516973 <unknown>\n#16 0x7fc67169caa4 <unknown>\n#17 0x7fc671729c6c <unknown>","time":{"start":1766652436873,"stop":1766652437588,"duration":715}},{"uid":"cadb5af9ee67a03c","status":"broken","statusDetails":"selenium.common.exceptions.SessionNotCreatedException: Message: session not created: Chrome instance exited. Examine ChromeDriver verbose log to determine the cause.; For documentation on this error, please visit: https://www.selenium.dev/documentation/webdriver/troubleshooting/errors#sessionnotcreatedexception\nStacktrace:\n#0 0x559bb095f61a <unknown>\n#1 0x559bb03dc20b <unknown>\n#2 0x559bb041630d <unknown>\n#3 0x559bb0411cc3 <unknown>\n#4 0x559bb046185c <unknown>\n#5 0x559bb0460f7c <unknown>\n#6 0x559bb0420232 <unknown>\n#7 0x559bb0420ee1 <unknown>\n#8 0x559bb09283f9 <unknown>\n#9 0x559bb092b34d <unknown>\n#10 0x559bb0911122 <unknown>\n#11 0x559bb092bf2b <unknown>\n#12 0x559bb08f7c30 <unknown>\n#13 0x559bb094cd78 <unknown>\n#14 0x559bb094cf4c <unknown>\n#15 0x559bb095e973 <unknown>\n#16 0x7f401d09caa4 <unknown>\n#17 0x7f401d129c6c <unknown>","time":{"start":1766652432439,"stop":1766652434187,"duration":1748}}],"categories":[{"name":"Test defects","matchedStatuses":[]}],"history":{"statistic":{"failed":0,"broken":1,"skipped":0,"passed":5,"unknown":0,"total":6},"items":[{"uid":"5942b6de1afae145","status":"passed","time":{"start":1766579144420,"stop":1766579146283,"duration":1863}},{"uid":"bc0c26a36796c17c","status":"passed","time":{"start":1766578781074,"stop":1766578783074,"duration":2000}},{"uid":"da3811814b37c45c","status":"passed","time":{"start":1766560070204,"stop":1766560072421,"duration":2217}},{"uid":"8bcdbe955e464977","status":"passed","time":{"start":1766497527386,"stop":1766497529369,"duration":1983}},{"uid":"8459d015e1347b9d","status":"passed","time":{"start":1766497278319,"stop":1766497279649,"duration":1330}}]},"tags":["ui","regression","smoke"]},"source":"ac259de99e99f9ba.json","parameterValues":[]}