{"uid":"ad91a841ec1a15e3","name":"test_modal_window_functionality","fullName":"tests.ui_test_suite.test_exit_intent.TestExitIntent#test_modal_window_functionality","historyId":"b93a03ef94bc7df6cf5a23481a95ece7","time":{"start":1766652508700,"stop":1766652509378,"duration":678},"status":"broken","statusMessage":"selenium.common.exceptions.SessionNotCreatedException: Message: session not created: Chrome instance exited. Examine ChromeDriver verbose log to determine the cause.; For documentation on this error, please visit: https://www.selenium.dev/documentation/webdriver/troubleshooting/errors#sessionnotcreatedexception\nStacktrace:\n#0 0x55f02a0f761a <unknown>\n#1 0x55f029b7420b <unknown>\n#2 0x55f029bae30d <unknown>\n#3 0x55f029ba9cc3 <unknown>\n#4 0x55f029bf985c <unknown>\n#5 0x55f029bf8f7c <unknown>\n#6 0x55f029bb8232 <unknown>\n#7 0x55f029bb8ee1 <unknown>\n#8 0x55f02a0c03f9 <unknown>\n#9 0x55f02a0c334d <unknown>\n#10 0x55f02a0a9122 <unknown>\n#11 0x55f02a0c3f2b <unknown>\n#12 0x55f02a08fc30 <unknown>\n#13 0x55f02a0e4d78 <unknown>\n#14 0x55f02a0e4f4c <unknown>\n#15 0x55f02a0f6973 <unknown>\n#16 0x7f524629caa4 <unknown>\n#17 0x7f5246329c6c <unknown>","statusTrace":"/opt/hostedtoolcache/Python/3.10.19/x64/lib/python3.10/site-packages/seleniumbase/core/browser_launcher.py:6052: in get_local_driver\n    driver = webdriver.Chrome(options=chrome_options)\n/opt/hostedtoolcache/Python/3.10.19/x64/lib/python3.10/site-packages/selenium/webdriver/chrome/webdriver.py:46: in __init__\n    super().__init__(\n/opt/hostedtoolcache/Python/3.10.19/x64/lib/python3.10/site-packages/selenium/webdriver/chromium/webdriver.py:67: in __init__\n    super().__init__(command_executor=executor, options=options)\n/opt/hostedtoolcache/Python/3.10.19/x64/lib/python3.10/site-packages/selenium/webdriver/remote/webdriver.py:257: in __init__\n    self.start_session(capabilities)\n/opt/hostedtoolcache/Python/3.10.19/x64/lib/python3.10/site-packages/selenium/webdriver/remote/webdriver.py:352: in start_session\n    response = self.execute(Command.NEW_SESSION, caps)[\"value\"]\n/opt/hostedtoolcache/Python/3.10.19/x64/lib/python3.10/site-packages/selenium/webdriver/remote/webdriver.py:432: in execute\n    self.error_handler.check_response(response)\n/opt/hostedtoolcache/Python/3.10.19/x64/lib/python3.10/site-packages/selenium/webdriver/remote/errorhandler.py:232: in check_response\n    raise exception_class(message, screen, stacktrace)\nE   selenium.common.exceptions.SessionNotCreatedException: Message: session not created: Chrome instance exited. Examine ChromeDriver verbose log to determine the cause.; For documentation on this error, please visit: https://www.selenium.dev/documentation/webdriver/troubleshooting/errors#sessionnotcreatedexception\nE   Stacktrace:\nE   #0 0x5561c56a761a <unknown>\nE   #1 0x5561c512420b <unknown>\nE   #2 0x5561c515e30d <unknown>\nE   #3 0x5561c5159cc3 <unknown>\nE   #4 0x5561c51a985c <unknown>\nE   #5 0x5561c51a8f7c <unknown>\nE   #6 0x5561c5168232 <unknown>\nE   #7 0x5561c5168ee1 <unknown>\nE   #8 0x5561c56703f9 <unknown>\nE   #9 0x5561c567334d <unknown>\nE   #10 0x5561c5659122 <unknown>\nE   #11 0x5561c5673f2b <unknown>\nE   #12 0x5561c563fc30 <unknown>\nE   #13 0x5561c5694d78 <unknown>\nE   #14 0x5561c5694f4c <unknown>\nE   #15 0x5561c56a6973 <unknown>\nE   #16 0x7f563809caa4 <unknown>\nE   #17 0x7f5638129c6c <unknown>\n\nDuring handling of the above exception, another exception occurred:\nsrc/pages/base/ui_base_case.py:59: in setUp\n    super().setUp()\n/opt/hostedtoolcache/Python/3.10.19/x64/lib/python3.10/site-packages/seleniumbase/fixtures/base_case.py:15720: in setUp\n    self.driver = self.get_new_driver(\nsrc/pages/base/ui_base_case.py:32: in get_new_driver\n    driver = super().get_new_driver(*args, **kwargs)\n/opt/hostedtoolcache/Python/3.10.19/x64/lib/python3.10/site-packages/seleniumbase/fixtures/base_case.py:4308: in get_new_driver\n    new_driver = browser_launcher.get_driver(\n/opt/hostedtoolcache/Python/3.10.19/x64/lib/python3.10/site-packages/seleniumbase/core/browser_launcher.py:3543: in get_driver\n    return get_local_driver(\n/opt/hostedtoolcache/Python/3.10.19/x64/lib/python3.10/site-packages/seleniumbase/core/browser_launcher.py:6139: in get_local_driver\n    driver = webdriver.Chrome(\n/opt/hostedtoolcache/Python/3.10.19/x64/lib/python3.10/site-packages/selenium/webdriver/chrome/webdriver.py:46: in __init__\n    super().__init__(\n/opt/hostedtoolcache/Python/3.10.19/x64/lib/python3.10/site-packages/selenium/webdriver/chromium/webdriver.py:67: in __init__\n    super().__init__(command_executor=executor, options=options)\n/opt/hostedtoolcache/Python/3.10.19/x64/lib/python3.10/site-packages/selenium/webdriver/remote/webdriver.py:257: in __init__\n    self.start_session(capabilities)\n/opt/hostedtoolcache/Python/3.10.19/x64/lib/python3.10/site-packages/selenium/webdriver/remote/webdriver.py:352: in start_session\n    response = self.execute(Command.NEW_SESSION, caps)[\"value\"]\n/opt/hostedtoolcache/Python/3.10.19/x64/lib/python3.10/site-packages/selenium/webdriver/remote/webdriver.py:432: in execute\n    self.error_handler.check_response(response)\n/opt/hostedtoolcache/Python/3.10.19/x64/lib/python3.10/site-packages/selenium/webdriver/remote/errorhandler.py:232: in check_response\n    raise exception_class(message, screen, stacktrace)\nE   selenium.common.exceptions.SessionNotCreatedException: Message: session not created: Chrome instance exited. Examine ChromeDriver verbose log to determine the cause.; For documentation on this error, please visit: https://www.selenium.dev/documentation/webdriver/troubleshooting/errors#sessionnotcreatedexception\nE   Stacktrace:\nE   #0 0x55f02a0f761a <unknown>\nE   #1 0x55f029b7420b <unknown>\nE   #2 0x55f029bae30d <unknown>\nE   #3 0x55f029ba9cc3 <unknown>\nE   #4 0x55f029bf985c <unknown>\nE   #5 0x55f029bf8f7c <unknown>\nE   #6 0x55f029bb8232 <unknown>\nE   #7 0x55f029bb8ee1 <unknown>\nE   #8 0x55f02a0c03f9 <unknown>\nE   #9 0x55f02a0c334d <unknown>\nE   #10 0x55f02a0a9122 <unknown>\nE   #11 0x55f02a0c3f2b <unknown>\nE   #12 0x55f02a08fc30 <unknown>\nE   #13 0x55f02a0e4d78 <unknown>\nE   #14 0x55f02a0e4f4c <unknown>\nE   #15 0x55f02a0f6973 <unknown>\nE   #16 0x7f524629caa4 <unknown>\nE   #17 0x7f5246329c6c <unknown>","flaky":false,"newFailed":false,"newBroken":false,"newPassed":false,"retriesCount":0,"retriesStatusChange":false,"beforeStages":[{"name":"clean_directories_at_start","time":{"start":1766652346286,"stop":1766652346287,"duration":1},"status":"passed","steps":[],"attachments":[],"parameters":[],"shouldDisplayMessage":false,"stepsCount":0,"attachmentsCount":0,"hasContent":false,"attachmentStep":false},{"name":"_unittest_setUpClass_fixture_TestExitIntent","time":{"start":1766652505205,"stop":1766652505205,"duration":0},"status":"passed","steps":[],"attachments":[],"parameters":[],"shouldDisplayMessage":false,"stepsCount":0,"attachmentsCount":0,"hasContent":false,"attachmentStep":false},{"name":"bind_test_context","time":{"start":1766652508699,"stop":1766652508699,"duration":0},"status":"passed","steps":[],"attachments":[],"parameters":[],"shouldDisplayMessage":false,"stepsCount":0,"attachmentsCount":0,"hasContent":false,"attachmentStep":false},{"name":"_inject_request","time":{"start":1766652508699,"stop":1766652508699,"duration":0},"status":"passed","steps":[],"attachments":[],"parameters":[],"shouldDisplayMessage":false,"stepsCount":0,"attachmentsCount":0,"hasContent":false,"attachmentStep":false}],"afterStages":[{"name":"_unittest_setUpClass_fixture_TestExitIntent::0","time":{"start":1766652521658,"stop":1766652521658,"duration":0},"status":"passed","steps":[],"attachments":[],"parameters":[],"shouldDisplayMessage":false,"stepsCount":0,"attachmentsCount":0,"hasContent":false,"attachmentStep":false}],"labels":[{"name":"subSuite","value":"Tests Exit Intent functionality"},{"name":"parentSuite","value":"UI Test Suite"},{"name":"suite","value":"Exit Intent"},{"name":"severity","value":"normal"},{"name":"tag","value":"ui"},{"name":"tag","value":"regression"},{"name":"host","value":"runnervmh13bl"},{"name":"thread","value":"3086-MainThread"},{"name":"framework","value":"pytest"},{"name":"language","value":"cpython3"},{"name":"package","value":"tests.ui_test_suite.test_exit_intent"},{"name":"resultFormat","value":"allure2"}],"parameters":[],"links":[],"hidden":true,"retry":true,"extra":{"categories":[],"tags":["ui","regression"]},"source":"ad91a841ec1a15e3.json","parameterValues":[]}