{"uid":"af5b273e791f97a3","name":"test_infinite_scroll_functionality","fullName":"tests.ui_test_suite.test_infinite_scroll.TestInfiniteScroll#test_infinite_scroll_functionality","historyId":"cdfe5ec13e2763ef000bd4f05bdd0f51","time":{"start":1766652547431,"stop":1766652548045,"duration":614},"status":"broken","statusMessage":"selenium.common.exceptions.SessionNotCreatedException: Message: session not created: Chrome instance exited. Examine ChromeDriver verbose log to determine the cause.; For documentation on this error, please visit: https://www.selenium.dev/documentation/webdriver/troubleshooting/errors#sessionnotcreatedexception\nStacktrace:\n#0 0x56277557661a <unknown>\n#1 0x562774ff320b <unknown>\n#2 0x56277502d30d <unknown>\n#3 0x562775028cc3 <unknown>\n#4 0x56277507885c <unknown>\n#5 0x562775077f7c <unknown>\n#6 0x562775037232 <unknown>\n#7 0x562775037ee1 <unknown>\n#8 0x56277553f3f9 <unknown>\n#9 0x56277554234d <unknown>\n#10 0x562775528122 <unknown>\n#11 0x562775542f2b <unknown>\n#12 0x56277550ec30 <unknown>\n#13 0x562775563d78 <unknown>\n#14 0x562775563f4c <unknown>\n#15 0x562775575973 <unknown>\n#16 0x7f935ae9caa4 <unknown>\n#17 0x7f935af29c6c <unknown>","statusTrace":"/opt/hostedtoolcache/Python/3.10.19/x64/lib/python3.10/site-packages/seleniumbase/core/browser_launcher.py:6052: in get_local_driver\n    driver = webdriver.Chrome(options=chrome_options)\n/opt/hostedtoolcache/Python/3.10.19/x64/lib/python3.10/site-packages/selenium/webdriver/chrome/webdriver.py:46: in __init__\n    super().__init__(\n/opt/hostedtoolcache/Python/3.10.19/x64/lib/python3.10/site-packages/selenium/webdriver/chromium/webdriver.py:67: in __init__\n    super().__init__(command_executor=executor, options=options)\n/opt/hostedtoolcache/Python/3.10.19/x64/lib/python3.10/site-packages/selenium/webdriver/remote/webdriver.py:257: in __init__\n    self.start_session(capabilities)\n/opt/hostedtoolcache/Python/3.10.19/x64/lib/python3.10/site-packages/selenium/webdriver/remote/webdriver.py:352: in start_session\n    response = self.execute(Command.NEW_SESSION, caps)[\"value\"]\n/opt/hostedtoolcache/Python/3.10.19/x64/lib/python3.10/site-packages/selenium/webdriver/remote/webdriver.py:432: in execute\n    self.error_handler.check_response(response)\n/opt/hostedtoolcache/Python/3.10.19/x64/lib/python3.10/site-packages/selenium/webdriver/remote/errorhandler.py:232: in check_response\n    raise exception_class(message, screen, stacktrace)\nE   selenium.common.exceptions.SessionNotCreatedException: Message: session not created: Chrome instance exited. Examine ChromeDriver verbose log to determine the cause.; For documentation on this error, please visit: https://www.selenium.dev/documentation/webdriver/troubleshooting/errors#sessionnotcreatedexception\nE   Stacktrace:\nE   #0 0x562300a7161a <unknown>\nE   #1 0x5623004ee20b <unknown>\nE   #2 0x56230052830d <unknown>\nE   #3 0x562300523cc3 <unknown>\nE   #4 0x56230057385c <unknown>\nE   #5 0x562300572f7c <unknown>\nE   #6 0x562300532232 <unknown>\nE   #7 0x562300532ee1 <unknown>\nE   #8 0x562300a3a3f9 <unknown>\nE   #9 0x562300a3d34d <unknown>\nE   #10 0x562300a23122 <unknown>\nE   #11 0x562300a3df2b <unknown>\nE   #12 0x562300a09c30 <unknown>\nE   #13 0x562300a5ed78 <unknown>\nE   #14 0x562300a5ef4c <unknown>\nE   #15 0x562300a70973 <unknown>\nE   #16 0x7f0b8949caa4 <unknown>\nE   #17 0x7f0b89529c6c <unknown>\n\nDuring handling of the above exception, another exception occurred:\nsrc/pages/base/ui_base_case.py:59: in setUp\n    super().setUp()\n/opt/hostedtoolcache/Python/3.10.19/x64/lib/python3.10/site-packages/seleniumbase/fixtures/base_case.py:15720: in setUp\n    self.driver = self.get_new_driver(\nsrc/pages/base/ui_base_case.py:32: in get_new_driver\n    driver = super().get_new_driver(*args, **kwargs)\n/opt/hostedtoolcache/Python/3.10.19/x64/lib/python3.10/site-packages/seleniumbase/fixtures/base_case.py:4308: in get_new_driver\n    new_driver = browser_launcher.get_driver(\n/opt/hostedtoolcache/Python/3.10.19/x64/lib/python3.10/site-packages/seleniumbase/core/browser_launcher.py:3543: in get_driver\n    return get_local_driver(\n/opt/hostedtoolcache/Python/3.10.19/x64/lib/python3.10/site-packages/seleniumbase/core/browser_launcher.py:6139: in get_local_driver\n    driver = webdriver.Chrome(\n/opt/hostedtoolcache/Python/3.10.19/x64/lib/python3.10/site-packages/selenium/webdriver/chrome/webdriver.py:46: in __init__\n    super().__init__(\n/opt/hostedtoolcache/Python/3.10.19/x64/lib/python3.10/site-packages/selenium/webdriver/chromium/webdriver.py:67: in __init__\n    super().__init__(command_executor=executor, options=options)\n/opt/hostedtoolcache/Python/3.10.19/x64/lib/python3.10/site-packages/selenium/webdriver/remote/webdriver.py:257: in __init__\n    self.start_session(capabilities)\n/opt/hostedtoolcache/Python/3.10.19/x64/lib/python3.10/site-packages/selenium/webdriver/remote/webdriver.py:352: in start_session\n    response = self.execute(Command.NEW_SESSION, caps)[\"value\"]\n/opt/hostedtoolcache/Python/3.10.19/x64/lib/python3.10/site-packages/selenium/webdriver/remote/webdriver.py:432: in execute\n    self.error_handler.check_response(response)\n/opt/hostedtoolcache/Python/3.10.19/x64/lib/python3.10/site-packages/selenium/webdriver/remote/errorhandler.py:232: in check_response\n    raise exception_class(message, screen, stacktrace)\nE   selenium.common.exceptions.SessionNotCreatedException: Message: session not created: Chrome instance exited. Examine ChromeDriver verbose log to determine the cause.; For documentation on this error, please visit: https://www.selenium.dev/documentation/webdriver/troubleshooting/errors#sessionnotcreatedexception\nE   Stacktrace:\nE   #0 0x56277557661a <unknown>\nE   #1 0x562774ff320b <unknown>\nE   #2 0x56277502d30d <unknown>\nE   #3 0x562775028cc3 <unknown>\nE   #4 0x56277507885c <unknown>\nE   #5 0x562775077f7c <unknown>\nE   #6 0x562775037232 <unknown>\nE   #7 0x562775037ee1 <unknown>\nE   #8 0x56277553f3f9 <unknown>\nE   #9 0x56277554234d <unknown>\nE   #10 0x562775528122 <unknown>\nE   #11 0x562775542f2b <unknown>\nE   #12 0x56277550ec30 <unknown>\nE   #13 0x562775563d78 <unknown>\nE   #14 0x562775563f4c <unknown>\nE   #15 0x562775575973 <unknown>\nE   #16 0x7f935ae9caa4 <unknown>\nE   #17 0x7f935af29c6c <unknown>","flaky":false,"newFailed":false,"newBroken":false,"newPassed":false,"retriesCount":3,"retriesStatusChange":false,"beforeStages":[{"name":"clean_directories_at_start","time":{"start":1766652346285,"stop":1766652346286,"duration":1},"status":"passed","steps":[],"attachments":[],"parameters":[],"shouldDisplayMessage":false,"stepsCount":0,"attachmentsCount":0,"hasContent":false,"attachmentStep":false},{"name":"_unittest_setUpClass_fixture_TestInfiniteScroll","time":{"start":1766652537173,"stop":1766652537173,"duration":0},"status":"passed","steps":[],"attachments":[],"parameters":[],"shouldDisplayMessage":false,"stepsCount":0,"attachmentsCount":0,"hasContent":false,"attachmentStep":false},{"name":"bind_test_context","time":{"start":1766652547431,"stop":1766652547431,"duration":0},"status":"passed","steps":[],"attachments":[],"parameters":[],"shouldDisplayMessage":false,"stepsCount":0,"attachmentsCount":0,"hasContent":false,"attachmentStep":false},{"name":"_inject_request","time":{"start":1766652547431,"stop":1766652547431,"duration":0},"status":"passed","steps":[],"attachments":[],"parameters":[],"shouldDisplayMessage":false,"stepsCount":0,"attachmentsCount":0,"hasContent":false,"attachmentStep":false}],"afterStages":[{"name":"_unittest_setUpClass_fixture_TestInfiniteScroll::0","time":{"start":1766652548690,"stop":1766652548690,"duration":0},"status":"passed","steps":[],"attachments":[],"parameters":[],"shouldDisplayMessage":false,"stepsCount":0,"attachmentsCount":0,"hasContent":false,"attachmentStep":false}],"labels":[{"name":"severity","value":"normal"},{"name":"suite","value":"Infinite Scroll"},{"name":"subSuite","value":"Tests Infinite Scroll functionality"},{"name":"parentSuite","value":"UI Test Suite"},{"name":"tag","value":"ui"},{"name":"tag","value":"regression"},{"name":"host","value":"runnervmh13bl"},{"name":"thread","value":"3083-MainThread"},{"name":"framework","value":"pytest"},{"name":"language","value":"cpython3"},{"name":"package","value":"tests.ui_test_suite.test_infinite_scroll"},{"name":"resultFormat","value":"allure2"}],"parameters":[],"links":[],"hidden":false,"retry":false,"extra":{"severity":"normal","retries":[{"uid":"6565f0ba618b8e79","status":"broken","statusDetails":"selenium.common.exceptions.SessionNotCreatedException: Message: session not created: Chrome instance exited. Examine ChromeDriver verbose log to determine the cause.; For documentation on this error, please visit: https://www.selenium.dev/documentation/webdriver/troubleshooting/errors#sessionnotcreatedexception\nStacktrace:\n#0 0x5580c206461a <unknown>\n#1 0x5580c1ae120b <unknown>\n#2 0x5580c1b1b30d <unknown>\n#3 0x5580c1b16cc3 <unknown>\n#4 0x5580c1b6685c <unknown>\n#5 0x5580c1b65f7c <unknown>\n#6 0x5580c1b25232 <unknown>\n#7 0x5580c1b25ee1 <unknown>\n#8 0x5580c202d3f9 <unknown>\n#9 0x5580c203034d <unknown>\n#10 0x5580c2016122 <unknown>\n#11 0x5580c2030f2b <unknown>\n#12 0x5580c1ffcc30 <unknown>\n#13 0x5580c2051d78 <unknown>\n#14 0x5580c2051f4c <unknown>\n#15 0x5580c2063973 <unknown>\n#16 0x7f6bfc89caa4 <unknown>\n#17 0x7f6bfc929c6c <unknown>","time":{"start":1766652544200,"stop":1766652544762,"duration":562}},{"uid":"ce9430de211cfa0f","status":"broken","statusDetails":"selenium.common.exceptions.SessionNotCreatedException: Message: session not created: Chrome instance exited. Examine ChromeDriver verbose log to determine the cause.; For documentation on this error, please visit: https://www.selenium.dev/documentation/webdriver/troubleshooting/errors#sessionnotcreatedexception\nStacktrace:\n#0 0x55f387f6b61a <unknown>\n#1 0x55f3879e820b <unknown>\n#2 0x55f387a2230d <unknown>\n#3 0x55f387a1dcc3 <unknown>\n#4 0x55f387a6d85c <unknown>\n#5 0x55f387a6cf7c <unknown>\n#6 0x55f387a2c232 <unknown>\n#7 0x55f387a2cee1 <unknown>\n#8 0x55f387f343f9 <unknown>\n#9 0x55f387f3734d <unknown>\n#10 0x55f387f1d122 <unknown>\n#11 0x55f387f37f2b <unknown>\n#12 0x55f387f03c30 <unknown>\n#13 0x55f387f58d78 <unknown>\n#14 0x55f387f58f4c <unknown>\n#15 0x55f387f6a973 <unknown>\n#16 0x7f3c68a9caa4 <unknown>\n#17 0x7f3c68b29c6c <unknown>","time":{"start":1766652540904,"stop":1766652541516,"duration":612}},{"uid":"a48b51b99b0e0e16","status":"broken","statusDetails":"selenium.common.exceptions.SessionNotCreatedException: Message: session not created: Chrome instance exited. Examine ChromeDriver verbose log to determine the cause.; For documentation on this error, please visit: https://www.selenium.dev/documentation/webdriver/troubleshooting/errors#sessionnotcreatedexception\nStacktrace:\n#0 0x55c808f8461a <unknown>\n#1 0x55c808a0120b <unknown>\n#2 0x55c808a3b30d <unknown>\n#3 0x55c808a36cc3 <unknown>\n#4 0x55c808a8685c <unknown>\n#5 0x55c808a85f7c <unknown>\n#6 0x55c808a45232 <unknown>\n#7 0x55c808a45ee1 <unknown>\n#8 0x55c808f4d3f9 <unknown>\n#9 0x55c808f5034d <unknown>\n#10 0x55c808f36122 <unknown>\n#11 0x55c808f50f2b <unknown>\n#12 0x55c808f1cc30 <unknown>\n#13 0x55c808f71d78 <unknown>\n#14 0x55c808f71f4c <unknown>\n#15 0x55c808f83973 <unknown>\n#16 0x7f227029caa4 <unknown>\n#17 0x7f2270329c6c <unknown>","time":{"start":1766652537174,"stop":1766652537917,"duration":743}}],"categories":[{"name":"Test defects","matchedStatuses":[]}],"tags":["ui","regression"]},"source":"af5b273e791f97a3.json","parameterValues":[]}