{"uid":"b65e5e7c610b4b41","name":"test_hovers_functionality","fullName":"tests.ui_test_suite.test_hovers.TestHovers#test_hovers_functionality","historyId":"56b04eeaf6118f0189622de1fc995ceb","time":{"start":1766652525422,"stop":1766652526237,"duration":815},"status":"broken","statusMessage":"selenium.common.exceptions.SessionNotCreatedException: Message: session not created: Chrome instance exited. Examine ChromeDriver verbose log to determine the cause.; For documentation on this error, please visit: https://www.selenium.dev/documentation/webdriver/troubleshooting/errors#sessionnotcreatedexception\nStacktrace:\n#0 0x5565e2b4861a <unknown>\n#1 0x5565e25c520b <unknown>\n#2 0x5565e25ff30d <unknown>\n#3 0x5565e25facc3 <unknown>\n#4 0x5565e264a85c <unknown>\n#5 0x5565e2649f7c <unknown>\n#6 0x5565e2609232 <unknown>\n#7 0x5565e2609ee1 <unknown>\n#8 0x5565e2b113f9 <unknown>\n#9 0x5565e2b1434d <unknown>\n#10 0x5565e2afa122 <unknown>\n#11 0x5565e2b14f2b <unknown>\n#12 0x5565e2ae0c30 <unknown>\n#13 0x5565e2b35d78 <unknown>\n#14 0x5565e2b35f4c <unknown>\n#15 0x5565e2b47973 <unknown>\n#16 0x7f83de49caa4 <unknown>\n#17 0x7f83de529c6c <unknown>","statusTrace":"/opt/hostedtoolcache/Python/3.10.19/x64/lib/python3.10/site-packages/seleniumbase/core/browser_launcher.py:6052: in get_local_driver\n    driver = webdriver.Chrome(options=chrome_options)\n/opt/hostedtoolcache/Python/3.10.19/x64/lib/python3.10/site-packages/selenium/webdriver/chrome/webdriver.py:46: in __init__\n    super().__init__(\n/opt/hostedtoolcache/Python/3.10.19/x64/lib/python3.10/site-packages/selenium/webdriver/chromium/webdriver.py:67: in __init__\n    super().__init__(command_executor=executor, options=options)\n/opt/hostedtoolcache/Python/3.10.19/x64/lib/python3.10/site-packages/selenium/webdriver/remote/webdriver.py:257: in __init__\n    self.start_session(capabilities)\n/opt/hostedtoolcache/Python/3.10.19/x64/lib/python3.10/site-packages/selenium/webdriver/remote/webdriver.py:352: in start_session\n    response = self.execute(Command.NEW_SESSION, caps)[\"value\"]\n/opt/hostedtoolcache/Python/3.10.19/x64/lib/python3.10/site-packages/selenium/webdriver/remote/webdriver.py:432: in execute\n    self.error_handler.check_response(response)\n/opt/hostedtoolcache/Python/3.10.19/x64/lib/python3.10/site-packages/selenium/webdriver/remote/errorhandler.py:232: in check_response\n    raise exception_class(message, screen, stacktrace)\nE   selenium.common.exceptions.SessionNotCreatedException: Message: session not created: Chrome instance exited. Examine ChromeDriver verbose log to determine the cause.; For documentation on this error, please visit: https://www.selenium.dev/documentation/webdriver/troubleshooting/errors#sessionnotcreatedexception\nE   Stacktrace:\nE   #0 0x564e7b71b61a <unknown>\nE   #1 0x564e7b19820b <unknown>\nE   #2 0x564e7b1d230d <unknown>\nE   #3 0x564e7b1cdcc3 <unknown>\nE   #4 0x564e7b21d85c <unknown>\nE   #5 0x564e7b21cf7c <unknown>\nE   #6 0x564e7b1dc232 <unknown>\nE   #7 0x564e7b1dcee1 <unknown>\nE   #8 0x564e7b6e43f9 <unknown>\nE   #9 0x564e7b6e734d <unknown>\nE   #10 0x564e7b6cd122 <unknown>\nE   #11 0x564e7b6e7f2b <unknown>\nE   #12 0x564e7b6b3c30 <unknown>\nE   #13 0x564e7b708d78 <unknown>\nE   #14 0x564e7b708f4c <unknown>\nE   #15 0x564e7b71a973 <unknown>\nE   #16 0x7f8e3669caa4 <unknown>\nE   #17 0x7f8e36729c6c <unknown>\n\nDuring handling of the above exception, another exception occurred:\nsrc/pages/base/ui_base_case.py:59: in setUp\n    super().setUp()\n/opt/hostedtoolcache/Python/3.10.19/x64/lib/python3.10/site-packages/seleniumbase/fixtures/base_case.py:15720: in setUp\n    self.driver = self.get_new_driver(\nsrc/pages/base/ui_base_case.py:32: in get_new_driver\n    driver = super().get_new_driver(*args, **kwargs)\n/opt/hostedtoolcache/Python/3.10.19/x64/lib/python3.10/site-packages/seleniumbase/fixtures/base_case.py:4308: in get_new_driver\n    new_driver = browser_launcher.get_driver(\n/opt/hostedtoolcache/Python/3.10.19/x64/lib/python3.10/site-packages/seleniumbase/core/browser_launcher.py:3543: in get_driver\n    return get_local_driver(\n/opt/hostedtoolcache/Python/3.10.19/x64/lib/python3.10/site-packages/seleniumbase/core/browser_launcher.py:6139: in get_local_driver\n    driver = webdriver.Chrome(\n/opt/hostedtoolcache/Python/3.10.19/x64/lib/python3.10/site-packages/selenium/webdriver/chrome/webdriver.py:46: in __init__\n    super().__init__(\n/opt/hostedtoolcache/Python/3.10.19/x64/lib/python3.10/site-packages/selenium/webdriver/chromium/webdriver.py:67: in __init__\n    super().__init__(command_executor=executor, options=options)\n/opt/hostedtoolcache/Python/3.10.19/x64/lib/python3.10/site-packages/selenium/webdriver/remote/webdriver.py:257: in __init__\n    self.start_session(capabilities)\n/opt/hostedtoolcache/Python/3.10.19/x64/lib/python3.10/site-packages/selenium/webdriver/remote/webdriver.py:352: in start_session\n    response = self.execute(Command.NEW_SESSION, caps)[\"value\"]\n/opt/hostedtoolcache/Python/3.10.19/x64/lib/python3.10/site-packages/selenium/webdriver/remote/webdriver.py:432: in execute\n    self.error_handler.check_response(response)\n/opt/hostedtoolcache/Python/3.10.19/x64/lib/python3.10/site-packages/selenium/webdriver/remote/errorhandler.py:232: in check_response\n    raise exception_class(message, screen, stacktrace)\nE   selenium.common.exceptions.SessionNotCreatedException: Message: session not created: Chrome instance exited. Examine ChromeDriver verbose log to determine the cause.; For documentation on this error, please visit: https://www.selenium.dev/documentation/webdriver/troubleshooting/errors#sessionnotcreatedexception\nE   Stacktrace:\nE   #0 0x5565e2b4861a <unknown>\nE   #1 0x5565e25c520b <unknown>\nE   #2 0x5565e25ff30d <unknown>\nE   #3 0x5565e25facc3 <unknown>\nE   #4 0x5565e264a85c <unknown>\nE   #5 0x5565e2649f7c <unknown>\nE   #6 0x5565e2609232 <unknown>\nE   #7 0x5565e2609ee1 <unknown>\nE   #8 0x5565e2b113f9 <unknown>\nE   #9 0x5565e2b1434d <unknown>\nE   #10 0x5565e2afa122 <unknown>\nE   #11 0x5565e2b14f2b <unknown>\nE   #12 0x5565e2ae0c30 <unknown>\nE   #13 0x5565e2b35d78 <unknown>\nE   #14 0x5565e2b35f4c <unknown>\nE   #15 0x5565e2b47973 <unknown>\nE   #16 0x7f83de49caa4 <unknown>\nE   #17 0x7f83de529c6c <unknown>","flaky":false,"newFailed":false,"newBroken":false,"newPassed":false,"retriesCount":0,"retriesStatusChange":false,"beforeStages":[{"name":"clean_directories_at_start","time":{"start":1766652346285,"stop":1766652346286,"duration":1},"status":"passed","steps":[],"attachments":[],"parameters":[],"shouldDisplayMessage":false,"stepsCount":0,"attachmentsCount":0,"hasContent":false,"attachmentStep":false},{"name":"_unittest_setUpClass_fixture_TestHovers","time":{"start":1766652525421,"stop":1766652525421,"duration":0},"status":"passed","steps":[],"attachments":[],"parameters":[],"shouldDisplayMessage":false,"stepsCount":0,"attachmentsCount":0,"hasContent":false,"attachmentStep":false},{"name":"bind_test_context","time":{"start":1766652525421,"stop":1766652525421,"duration":0},"status":"passed","steps":[],"attachments":[],"parameters":[],"shouldDisplayMessage":false,"stepsCount":0,"attachmentsCount":0,"hasContent":false,"attachmentStep":false},{"name":"_inject_request","time":{"start":1766652525422,"stop":1766652525422,"duration":0},"status":"passed","steps":[],"attachments":[],"parameters":[],"shouldDisplayMessage":false,"stepsCount":0,"attachmentsCount":0,"hasContent":false,"attachmentStep":false}],"afterStages":[{"name":"_unittest_setUpClass_fixture_TestHovers::0","time":{"start":1766652537168,"stop":1766652537168,"duration":0},"status":"passed","steps":[],"attachments":[],"parameters":[],"shouldDisplayMessage":false,"stepsCount":0,"attachmentsCount":0,"hasContent":false,"attachmentStep":false}],"labels":[{"name":"severity","value":"normal"},{"name":"suite","value":"Hovers"},{"name":"subSuite","value":"Tests Hovers functionality"},{"name":"parentSuite","value":"UI Test Suite"},{"name":"tag","value":"ui"},{"name":"tag","value":"regression"},{"name":"host","value":"runnervmh13bl"},{"name":"thread","value":"3083-MainThread"},{"name":"framework","value":"pytest"},{"name":"language","value":"cpython3"},{"name":"package","value":"tests.ui_test_suite.test_hovers"},{"name":"resultFormat","value":"allure2"}],"parameters":[],"links":[],"hidden":true,"retry":true,"extra":{"categories":[],"tags":["ui","regression"]},"source":"b65e5e7c610b4b41.json","parameterValues":[]}