{"uid":"b83b85a6a593c9a6","name":"test_dropdown_list_functionality_0_Option_1","fullName":"tests.ui_test_suite.test_dropdown_list.TestDropdownList#test_dropdown_list_functionality_0_Option_1","historyId":"a8318fbda15858e19dca14c744f0bf25","time":{"start":1766652456314,"stop":1766652457062,"duration":748},"status":"broken","statusMessage":"selenium.common.exceptions.SessionNotCreatedException: Message: session not created: Chrome instance exited. Examine ChromeDriver verbose log to determine the cause.; For documentation on this error, please visit: https://www.selenium.dev/documentation/webdriver/troubleshooting/errors#sessionnotcreatedexception\nStacktrace:\n#0 0x5558b512f61a <unknown>\n#1 0x5558b4bac20b <unknown>\n#2 0x5558b4be630d <unknown>\n#3 0x5558b4be1cc3 <unknown>\n#4 0x5558b4c3185c <unknown>\n#5 0x5558b4c30f7c <unknown>\n#6 0x5558b4bf0232 <unknown>\n#7 0x5558b4bf0ee1 <unknown>\n#8 0x5558b50f83f9 <unknown>\n#9 0x5558b50fb34d <unknown>\n#10 0x5558b50e1122 <unknown>\n#11 0x5558b50fbf2b <unknown>\n#12 0x5558b50c7c30 <unknown>\n#13 0x5558b511cd78 <unknown>\n#14 0x5558b511cf4c <unknown>\n#15 0x5558b512e973 <unknown>\n#16 0x7fb2bc29caa4 <unknown>\n#17 0x7fb2bc329c6c <unknown>","statusTrace":"/opt/hostedtoolcache/Python/3.10.19/x64/lib/python3.10/site-packages/seleniumbase/core/browser_launcher.py:6052: in get_local_driver\n    driver = webdriver.Chrome(options=chrome_options)\n/opt/hostedtoolcache/Python/3.10.19/x64/lib/python3.10/site-packages/selenium/webdriver/chrome/webdriver.py:46: in __init__\n    super().__init__(\n/opt/hostedtoolcache/Python/3.10.19/x64/lib/python3.10/site-packages/selenium/webdriver/chromium/webdriver.py:67: in __init__\n    super().__init__(command_executor=executor, options=options)\n/opt/hostedtoolcache/Python/3.10.19/x64/lib/python3.10/site-packages/selenium/webdriver/remote/webdriver.py:257: in __init__\n    self.start_session(capabilities)\n/opt/hostedtoolcache/Python/3.10.19/x64/lib/python3.10/site-packages/selenium/webdriver/remote/webdriver.py:352: in start_session\n    response = self.execute(Command.NEW_SESSION, caps)[\"value\"]\n/opt/hostedtoolcache/Python/3.10.19/x64/lib/python3.10/site-packages/selenium/webdriver/remote/webdriver.py:432: in execute\n    self.error_handler.check_response(response)\n/opt/hostedtoolcache/Python/3.10.19/x64/lib/python3.10/site-packages/selenium/webdriver/remote/errorhandler.py:232: in check_response\n    raise exception_class(message, screen, stacktrace)\nE   selenium.common.exceptions.SessionNotCreatedException: Message: session not created: Chrome instance exited. Examine ChromeDriver verbose log to determine the cause.; For documentation on this error, please visit: https://www.selenium.dev/documentation/webdriver/troubleshooting/errors#sessionnotcreatedexception\nE   Stacktrace:\nE   #0 0x5583b447a61a <unknown>\nE   #1 0x5583b3ef720b <unknown>\nE   #2 0x5583b3f3130d <unknown>\nE   #3 0x5583b3f2ccc3 <unknown>\nE   #4 0x5583b3f7c85c <unknown>\nE   #5 0x5583b3f7bf7c <unknown>\nE   #6 0x5583b3f3b232 <unknown>\nE   #7 0x5583b3f3bee1 <unknown>\nE   #8 0x5583b44433f9 <unknown>\nE   #9 0x5583b444634d <unknown>\nE   #10 0x5583b442c122 <unknown>\nE   #11 0x5583b4446f2b <unknown>\nE   #12 0x5583b4412c30 <unknown>\nE   #13 0x5583b4467d78 <unknown>\nE   #14 0x5583b4467f4c <unknown>\nE   #15 0x5583b4479973 <unknown>\nE   #16 0x7f52a809caa4 <unknown>\nE   #17 0x7f52a8129c6c <unknown>\n\nDuring handling of the above exception, another exception occurred:\nsrc/pages/base/ui_base_case.py:59: in setUp\n    super().setUp()\n/opt/hostedtoolcache/Python/3.10.19/x64/lib/python3.10/site-packages/seleniumbase/fixtures/base_case.py:15720: in setUp\n    self.driver = self.get_new_driver(\nsrc/pages/base/ui_base_case.py:32: in get_new_driver\n    driver = super().get_new_driver(*args, **kwargs)\n/opt/hostedtoolcache/Python/3.10.19/x64/lib/python3.10/site-packages/seleniumbase/fixtures/base_case.py:4308: in get_new_driver\n    new_driver = browser_launcher.get_driver(\n/opt/hostedtoolcache/Python/3.10.19/x64/lib/python3.10/site-packages/seleniumbase/core/browser_launcher.py:3543: in get_driver\n    return get_local_driver(\n/opt/hostedtoolcache/Python/3.10.19/x64/lib/python3.10/site-packages/seleniumbase/core/browser_launcher.py:6139: in get_local_driver\n    driver = webdriver.Chrome(\n/opt/hostedtoolcache/Python/3.10.19/x64/lib/python3.10/site-packages/selenium/webdriver/chrome/webdriver.py:46: in __init__\n    super().__init__(\n/opt/hostedtoolcache/Python/3.10.19/x64/lib/python3.10/site-packages/selenium/webdriver/chromium/webdriver.py:67: in __init__\n    super().__init__(command_executor=executor, options=options)\n/opt/hostedtoolcache/Python/3.10.19/x64/lib/python3.10/site-packages/selenium/webdriver/remote/webdriver.py:257: in __init__\n    self.start_session(capabilities)\n/opt/hostedtoolcache/Python/3.10.19/x64/lib/python3.10/site-packages/selenium/webdriver/remote/webdriver.py:352: in start_session\n    response = self.execute(Command.NEW_SESSION, caps)[\"value\"]\n/opt/hostedtoolcache/Python/3.10.19/x64/lib/python3.10/site-packages/selenium/webdriver/remote/webdriver.py:432: in execute\n    self.error_handler.check_response(response)\n/opt/hostedtoolcache/Python/3.10.19/x64/lib/python3.10/site-packages/selenium/webdriver/remote/errorhandler.py:232: in check_response\n    raise exception_class(message, screen, stacktrace)\nE   selenium.common.exceptions.SessionNotCreatedException: Message: session not created: Chrome instance exited. Examine ChromeDriver verbose log to determine the cause.; For documentation on this error, please visit: https://www.selenium.dev/documentation/webdriver/troubleshooting/errors#sessionnotcreatedexception\nE   Stacktrace:\nE   #0 0x5558b512f61a <unknown>\nE   #1 0x5558b4bac20b <unknown>\nE   #2 0x5558b4be630d <unknown>\nE   #3 0x5558b4be1cc3 <unknown>\nE   #4 0x5558b4c3185c <unknown>\nE   #5 0x5558b4c30f7c <unknown>\nE   #6 0x5558b4bf0232 <unknown>\nE   #7 0x5558b4bf0ee1 <unknown>\nE   #8 0x5558b50f83f9 <unknown>\nE   #9 0x5558b50fb34d <unknown>\nE   #10 0x5558b50e1122 <unknown>\nE   #11 0x5558b50fbf2b <unknown>\nE   #12 0x5558b50c7c30 <unknown>\nE   #13 0x5558b511cd78 <unknown>\nE   #14 0x5558b511cf4c <unknown>\nE   #15 0x5558b512e973 <unknown>\nE   #16 0x7fb2bc29caa4 <unknown>\nE   #17 0x7fb2bc329c6c <unknown>","flaky":false,"newFailed":false,"newBroken":false,"newPassed":false,"retriesCount":3,"retriesStatusChange":false,"beforeStages":[{"name":"clean_directories_at_start","time":{"start":1766652346285,"stop":1766652346286,"duration":1},"status":"passed","steps":[],"attachments":[],"parameters":[],"shouldDisplayMessage":false,"stepsCount":0,"attachmentsCount":0,"hasContent":false,"attachmentStep":false},{"name":"_unittest_setUpClass_fixture_TestDropdownList","time":{"start":1766652444692,"stop":1766652444692,"duration":0},"status":"passed","steps":[],"attachments":[],"parameters":[],"shouldDisplayMessage":false,"stepsCount":0,"attachmentsCount":0,"hasContent":false,"attachmentStep":false},{"name":"_inject_request","time":{"start":1766652456313,"stop":1766652456313,"duration":0},"status":"passed","steps":[],"attachments":[],"parameters":[],"shouldDisplayMessage":false,"stepsCount":0,"attachmentsCount":0,"hasContent":false,"attachmentStep":false},{"name":"bind_test_context","time":{"start":1766652456313,"stop":1766652456313,"duration":0},"status":"passed","steps":[],"attachments":[],"parameters":[],"shouldDisplayMessage":false,"stepsCount":0,"attachmentsCount":0,"hasContent":false,"attachmentStep":false}],"afterStages":[{"name":"_unittest_setUpClass_fixture_TestDropdownList::0","time":{"start":1766652470157,"stop":1766652470157,"duration":0},"status":"passed","steps":[],"attachments":[],"parameters":[],"shouldDisplayMessage":false,"stepsCount":0,"attachmentsCount":0,"hasContent":false,"attachmentStep":false}],"labels":[{"name":"subSuite","value":"Tests Dropdown List functionality"},{"name":"parentSuite","value":"UI Test Suite"},{"name":"severity","value":"normal"},{"name":"suite","value":"Dropdown List"},{"name":"tag","value":"ui"},{"name":"tag","value":"regression"},{"name":"host","value":"runnervmh13bl"},{"name":"thread","value":"3080-MainThread"},{"name":"framework","value":"pytest"},{"name":"language","value":"cpython3"},{"name":"package","value":"tests.ui_test_suite.test_dropdown_list"},{"name":"resultFormat","value":"allure2"}],"parameters":[],"links":[],"hidden":false,"retry":false,"extra":{"severity":"normal","retries":[{"uid":"9e4aa447015b905e","status":"broken","statusDetails":"selenium.common.exceptions.SessionNotCreatedException: Message: session not created: Chrome instance exited. Examine ChromeDriver verbose log to determine the cause.; For documentation on this error, please visit: https://www.selenium.dev/documentation/webdriver/troubleshooting/errors#sessionnotcreatedexception\nStacktrace:\n#0 0x55e2bd22d61a <unknown>\n#1 0x55e2bccaa20b <unknown>\n#2 0x55e2bcce430d <unknown>\n#3 0x55e2bccdfcc3 <unknown>\n#4 0x55e2bcd2f85c <unknown>\n#5 0x55e2bcd2ef7c <unknown>\n#6 0x55e2bccee232 <unknown>\n#7 0x55e2bcceeee1 <unknown>\n#8 0x55e2bd1f63f9 <unknown>\n#9 0x55e2bd1f934d <unknown>\n#10 0x55e2bd1df122 <unknown>\n#11 0x55e2bd1f9f2b <unknown>\n#12 0x55e2bd1c5c30 <unknown>\n#13 0x55e2bd21ad78 <unknown>\n#14 0x55e2bd21af4c <unknown>\n#15 0x55e2bd22c973 <unknown>\n#16 0x7f985069caa4 <unknown>\n#17 0x7f9850729c6c <unknown>","time":{"start":1766652452776,"stop":1766652453501,"duration":725}},{"uid":"5db76ea92b6b3c07","status":"broken","statusDetails":"selenium.common.exceptions.SessionNotCreatedException: Message: session not created: Chrome instance exited. Examine ChromeDriver verbose log to determine the cause.; For documentation on this error, please visit: https://www.selenium.dev/documentation/webdriver/troubleshooting/errors#sessionnotcreatedexception\nStacktrace:\n#0 0x55aa4348f61a <unknown>\n#1 0x55aa42f0c20b <unknown>\n#2 0x55aa42f4630d <unknown>\n#3 0x55aa42f41cc3 <unknown>\n#4 0x55aa42f9185c <unknown>\n#5 0x55aa42f90f7c <unknown>\n#6 0x55aa42f50232 <unknown>\n#7 0x55aa42f50ee1 <unknown>\n#8 0x55aa434583f9 <unknown>\n#9 0x55aa4345b34d <unknown>\n#10 0x55aa43441122 <unknown>\n#11 0x55aa4345bf2b <unknown>\n#12 0x55aa43427c30 <unknown>\n#13 0x55aa4347cd78 <unknown>\n#14 0x55aa4347cf4c <unknown>\n#15 0x55aa4348e973 <unknown>\n#16 0x7f965649caa4 <unknown>\n#17 0x7f9656529c6c <unknown>","time":{"start":1766652449193,"stop":1766652449946,"duration":753}},{"uid":"ab6d3076d48c792a","status":"broken","statusDetails":"selenium.common.exceptions.SessionNotCreatedException: Message: session not created: Chrome instance exited. Examine ChromeDriver verbose log to determine the cause.; For documentation on this error, please visit: https://www.selenium.dev/documentation/webdriver/troubleshooting/errors#sessionnotcreatedexception\nStacktrace:\n#0 0x55c86bc5261a <unknown>\n#1 0x55c86b6cf20b <unknown>\n#2 0x55c86b70930d <unknown>\n#3 0x55c86b704cc3 <unknown>\n#4 0x55c86b75485c <unknown>\n#5 0x55c86b753f7c <unknown>\n#6 0x55c86b713232 <unknown>\n#7 0x55c86b713ee1 <unknown>\n#8 0x55c86bc1b3f9 <unknown>\n#9 0x55c86bc1e34d <unknown>\n#10 0x55c86bc04122 <unknown>\n#11 0x55c86bc1ef2b <unknown>\n#12 0x55c86bbeac30 <unknown>\n#13 0x55c86bc3fd78 <unknown>\n#14 0x55c86bc3ff4c <unknown>\n#15 0x55c86bc51973 <unknown>\n#16 0x7fb51309caa4 <unknown>\n#17 0x7fb513129c6c <unknown>","time":{"start":1766652444693,"stop":1766652446457,"duration":1764}}],"categories":[{"name":"Test defects","matchedStatuses":[]}],"tags":["ui","regression"]},"source":"b83b85a6a593c9a6.json","parameterValues":[]}