{"uid":"bb39edef67d027e1","name":"test_table_edit_and_delete_buttons_per_row","fullName":"tests.ui_test_suite.test_challenging_dom.TestChallengingDom#test_table_edit_and_delete_buttons_per_row","historyId":"03672fdec64dbd2c08e7231614681ed8","time":{"start":1766652452251,"stop":1766652452818,"duration":567},"status":"broken","statusMessage":"selenium.common.exceptions.SessionNotCreatedException: Message: session not created: Chrome instance exited. Examine ChromeDriver verbose log to determine the cause.; For documentation on this error, please visit: https://www.selenium.dev/documentation/webdriver/troubleshooting/errors#sessionnotcreatedexception\nStacktrace:\n#0 0x56018c48261a <unknown>\n#1 0x56018beff20b <unknown>\n#2 0x56018bf3930d <unknown>\n#3 0x56018bf34cc3 <unknown>\n#4 0x56018bf8485c <unknown>\n#5 0x56018bf83f7c <unknown>\n#6 0x56018bf43232 <unknown>\n#7 0x56018bf43ee1 <unknown>\n#8 0x56018c44b3f9 <unknown>\n#9 0x56018c44e34d <unknown>\n#10 0x56018c434122 <unknown>\n#11 0x56018c44ef2b <unknown>\n#12 0x56018c41ac30 <unknown>\n#13 0x56018c46fd78 <unknown>\n#14 0x56018c46ff4c <unknown>\n#15 0x56018c481973 <unknown>\n#16 0x7f0abe09caa4 <unknown>\n#17 0x7f0abe129c6c <unknown>","statusTrace":"/opt/hostedtoolcache/Python/3.10.19/x64/lib/python3.10/site-packages/seleniumbase/core/browser_launcher.py:6052: in get_local_driver\n    driver = webdriver.Chrome(options=chrome_options)\n/opt/hostedtoolcache/Python/3.10.19/x64/lib/python3.10/site-packages/selenium/webdriver/chrome/webdriver.py:46: in __init__\n    super().__init__(\n/opt/hostedtoolcache/Python/3.10.19/x64/lib/python3.10/site-packages/selenium/webdriver/chromium/webdriver.py:67: in __init__\n    super().__init__(command_executor=executor, options=options)\n/opt/hostedtoolcache/Python/3.10.19/x64/lib/python3.10/site-packages/selenium/webdriver/remote/webdriver.py:257: in __init__\n    self.start_session(capabilities)\n/opt/hostedtoolcache/Python/3.10.19/x64/lib/python3.10/site-packages/selenium/webdriver/remote/webdriver.py:352: in start_session\n    response = self.execute(Command.NEW_SESSION, caps)[\"value\"]\n/opt/hostedtoolcache/Python/3.10.19/x64/lib/python3.10/site-packages/selenium/webdriver/remote/webdriver.py:432: in execute\n    self.error_handler.check_response(response)\n/opt/hostedtoolcache/Python/3.10.19/x64/lib/python3.10/site-packages/selenium/webdriver/remote/errorhandler.py:232: in check_response\n    raise exception_class(message, screen, stacktrace)\nE   selenium.common.exceptions.SessionNotCreatedException: Message: session not created: Chrome instance exited. Examine ChromeDriver verbose log to determine the cause.; For documentation on this error, please visit: https://www.selenium.dev/documentation/webdriver/troubleshooting/errors#sessionnotcreatedexception\nE   Stacktrace:\nE   #0 0x5620c8da661a <unknown>\nE   #1 0x5620c882320b <unknown>\nE   #2 0x5620c885d30d <unknown>\nE   #3 0x5620c8858cc3 <unknown>\nE   #4 0x5620c88a885c <unknown>\nE   #5 0x5620c88a7f7c <unknown>\nE   #6 0x5620c8867232 <unknown>\nE   #7 0x5620c8867ee1 <unknown>\nE   #8 0x5620c8d6f3f9 <unknown>\nE   #9 0x5620c8d7234d <unknown>\nE   #10 0x5620c8d58122 <unknown>\nE   #11 0x5620c8d72f2b <unknown>\nE   #12 0x5620c8d3ec30 <unknown>\nE   #13 0x5620c8d93d78 <unknown>\nE   #14 0x5620c8d93f4c <unknown>\nE   #15 0x5620c8da5973 <unknown>\nE   #16 0x7fbd5689caa4 <unknown>\nE   #17 0x7fbd56929c6c <unknown>\n\nDuring handling of the above exception, another exception occurred:\nsrc/pages/base/ui_base_case.py:59: in setUp\n    super().setUp()\n/opt/hostedtoolcache/Python/3.10.19/x64/lib/python3.10/site-packages/seleniumbase/fixtures/base_case.py:15720: in setUp\n    self.driver = self.get_new_driver(\nsrc/pages/base/ui_base_case.py:32: in get_new_driver\n    driver = super().get_new_driver(*args, **kwargs)\n/opt/hostedtoolcache/Python/3.10.19/x64/lib/python3.10/site-packages/seleniumbase/fixtures/base_case.py:4308: in get_new_driver\n    new_driver = browser_launcher.get_driver(\n/opt/hostedtoolcache/Python/3.10.19/x64/lib/python3.10/site-packages/seleniumbase/core/browser_launcher.py:3543: in get_driver\n    return get_local_driver(\n/opt/hostedtoolcache/Python/3.10.19/x64/lib/python3.10/site-packages/seleniumbase/core/browser_launcher.py:6139: in get_local_driver\n    driver = webdriver.Chrome(\n/opt/hostedtoolcache/Python/3.10.19/x64/lib/python3.10/site-packages/selenium/webdriver/chrome/webdriver.py:46: in __init__\n    super().__init__(\n/opt/hostedtoolcache/Python/3.10.19/x64/lib/python3.10/site-packages/selenium/webdriver/chromium/webdriver.py:67: in __init__\n    super().__init__(command_executor=executor, options=options)\n/opt/hostedtoolcache/Python/3.10.19/x64/lib/python3.10/site-packages/selenium/webdriver/remote/webdriver.py:257: in __init__\n    self.start_session(capabilities)\n/opt/hostedtoolcache/Python/3.10.19/x64/lib/python3.10/site-packages/selenium/webdriver/remote/webdriver.py:352: in start_session\n    response = self.execute(Command.NEW_SESSION, caps)[\"value\"]\n/opt/hostedtoolcache/Python/3.10.19/x64/lib/python3.10/site-packages/selenium/webdriver/remote/webdriver.py:432: in execute\n    self.error_handler.check_response(response)\n/opt/hostedtoolcache/Python/3.10.19/x64/lib/python3.10/site-packages/selenium/webdriver/remote/errorhandler.py:232: in check_response\n    raise exception_class(message, screen, stacktrace)\nE   selenium.common.exceptions.SessionNotCreatedException: Message: session not created: Chrome instance exited. Examine ChromeDriver verbose log to determine the cause.; For documentation on this error, please visit: https://www.selenium.dev/documentation/webdriver/troubleshooting/errors#sessionnotcreatedexception\nE   Stacktrace:\nE   #0 0x56018c48261a <unknown>\nE   #1 0x56018beff20b <unknown>\nE   #2 0x56018bf3930d <unknown>\nE   #3 0x56018bf34cc3 <unknown>\nE   #4 0x56018bf8485c <unknown>\nE   #5 0x56018bf83f7c <unknown>\nE   #6 0x56018bf43232 <unknown>\nE   #7 0x56018bf43ee1 <unknown>\nE   #8 0x56018c44b3f9 <unknown>\nE   #9 0x56018c44e34d <unknown>\nE   #10 0x56018c434122 <unknown>\nE   #11 0x56018c44ef2b <unknown>\nE   #12 0x56018c41ac30 <unknown>\nE   #13 0x56018c46fd78 <unknown>\nE   #14 0x56018c46ff4c <unknown>\nE   #15 0x56018c481973 <unknown>\nE   #16 0x7f0abe09caa4 <unknown>\nE   #17 0x7f0abe129c6c <unknown>","flaky":false,"newFailed":false,"newBroken":false,"newPassed":false,"retriesCount":0,"retriesStatusChange":false,"beforeStages":[{"name":"clean_directories_at_start","time":{"start":1766652346285,"stop":1766652346286,"duration":1},"status":"passed","steps":[],"attachments":[],"parameters":[],"shouldDisplayMessage":false,"stepsCount":0,"attachmentsCount":0,"hasContent":false,"attachmentStep":false},{"name":"_unittest_setUpClass_fixture_TestChallengingDom","time":{"start":1766652346286,"stop":1766652346286,"duration":0},"status":"passed","steps":[],"attachments":[],"parameters":[],"shouldDisplayMessage":false,"stepsCount":0,"attachmentsCount":0,"hasContent":false,"attachmentStep":false},{"name":"bind_test_context","time":{"start":1766652452250,"stop":1766652452251,"duration":1},"status":"passed","steps":[],"attachments":[],"parameters":[],"shouldDisplayMessage":false,"stepsCount":0,"attachmentsCount":0,"hasContent":false,"attachmentStep":false},{"name":"_inject_request","time":{"start":1766652452251,"stop":1766652452251,"duration":0},"status":"passed","steps":[],"attachments":[],"parameters":[],"shouldDisplayMessage":false,"stepsCount":0,"attachmentsCount":0,"hasContent":false,"attachmentStep":false}],"afterStages":[{"name":"_unittest_setUpClass_fixture_TestChallengingDom::0","time":{"start":1766652556782,"stop":1766652556782,"duration":0},"status":"passed","steps":[],"attachments":[],"parameters":[],"shouldDisplayMessage":false,"stepsCount":0,"attachmentsCount":0,"hasContent":false,"attachmentStep":false}],"labels":[{"name":"parentSuite","value":"UI Test Suite"},{"name":"suite","value":"Challenging DOM"},{"name":"severity","value":"normal"},{"name":"subSuite","value":"Verify Challenging DOM buttons interactions and table content"},{"name":"tag","value":"ui"},{"name":"tag","value":"smoke"},{"name":"tag","value":"regression"},{"name":"host","value":"runnervmh13bl"},{"name":"thread","value":"3077-MainThread"},{"name":"framework","value":"pytest"},{"name":"language","value":"cpython3"},{"name":"package","value":"tests.ui_test_suite.test_challenging_dom"},{"name":"resultFormat","value":"allure2"}],"parameters":[],"links":[],"hidden":true,"retry":true,"extra":{"categories":[],"tags":["ui","regression","smoke"]},"source":"bb39edef67d027e1.json","parameterValues":[]}