{"uid":"bd6e8abf9eaeb977","name":"test_valid_images_count","fullName":"tests.ui_test_suite.test_broken_images.TestBrokenImages#test_valid_images_count","historyId":"1582001f95abec5a019fdd3a45d8eb72","time":{"start":1766652443265,"stop":1766652443827,"duration":562},"status":"broken","statusMessage":"selenium.common.exceptions.SessionNotCreatedException: Message: session not created: Chrome instance exited. Examine ChromeDriver verbose log to determine the cause.; For documentation on this error, please visit: https://www.selenium.dev/documentation/webdriver/troubleshooting/errors#sessionnotcreatedexception\nStacktrace:\n#0 0x5606e359a61a <unknown>\n#1 0x5606e301720b <unknown>\n#2 0x5606e305130d <unknown>\n#3 0x5606e304ccc3 <unknown>\n#4 0x5606e309c85c <unknown>\n#5 0x5606e309bf7c <unknown>\n#6 0x5606e305b232 <unknown>\n#7 0x5606e305bee1 <unknown>\n#8 0x5606e35633f9 <unknown>\n#9 0x5606e356634d <unknown>\n#10 0x5606e354c122 <unknown>\n#11 0x5606e3566f2b <unknown>\n#12 0x5606e3532c30 <unknown>\n#13 0x5606e3587d78 <unknown>\n#14 0x5606e3587f4c <unknown>\n#15 0x5606e3599973 <unknown>\n#16 0x7f913ea9caa4 <unknown>\n#17 0x7f913eb29c6c <unknown>","statusTrace":"/opt/hostedtoolcache/Python/3.10.19/x64/lib/python3.10/site-packages/seleniumbase/core/browser_launcher.py:6052: in get_local_driver\n    driver = webdriver.Chrome(options=chrome_options)\n/opt/hostedtoolcache/Python/3.10.19/x64/lib/python3.10/site-packages/selenium/webdriver/chrome/webdriver.py:46: in __init__\n    super().__init__(\n/opt/hostedtoolcache/Python/3.10.19/x64/lib/python3.10/site-packages/selenium/webdriver/chromium/webdriver.py:67: in __init__\n    super().__init__(command_executor=executor, options=options)\n/opt/hostedtoolcache/Python/3.10.19/x64/lib/python3.10/site-packages/selenium/webdriver/remote/webdriver.py:257: in __init__\n    self.start_session(capabilities)\n/opt/hostedtoolcache/Python/3.10.19/x64/lib/python3.10/site-packages/selenium/webdriver/remote/webdriver.py:352: in start_session\n    response = self.execute(Command.NEW_SESSION, caps)[\"value\"]\n/opt/hostedtoolcache/Python/3.10.19/x64/lib/python3.10/site-packages/selenium/webdriver/remote/webdriver.py:432: in execute\n    self.error_handler.check_response(response)\n/opt/hostedtoolcache/Python/3.10.19/x64/lib/python3.10/site-packages/selenium/webdriver/remote/errorhandler.py:232: in check_response\n    raise exception_class(message, screen, stacktrace)\nE   selenium.common.exceptions.SessionNotCreatedException: Message: session not created: Chrome instance exited. Examine ChromeDriver verbose log to determine the cause.; For documentation on this error, please visit: https://www.selenium.dev/documentation/webdriver/troubleshooting/errors#sessionnotcreatedexception\nE   Stacktrace:\nE   #0 0x56268f9f161a <unknown>\nE   #1 0x56268f46e20b <unknown>\nE   #2 0x56268f4a830d <unknown>\nE   #3 0x56268f4a3cc3 <unknown>\nE   #4 0x56268f4f385c <unknown>\nE   #5 0x56268f4f2f7c <unknown>\nE   #6 0x56268f4b2232 <unknown>\nE   #7 0x56268f4b2ee1 <unknown>\nE   #8 0x56268f9ba3f9 <unknown>\nE   #9 0x56268f9bd34d <unknown>\nE   #10 0x56268f9a3122 <unknown>\nE   #11 0x56268f9bdf2b <unknown>\nE   #12 0x56268f989c30 <unknown>\nE   #13 0x56268f9ded78 <unknown>\nE   #14 0x56268f9def4c <unknown>\nE   #15 0x56268f9f0973 <unknown>\nE   #16 0x7f170fa9caa4 <unknown>\nE   #17 0x7f170fb29c6c <unknown>\n\nDuring handling of the above exception, another exception occurred:\nsrc/pages/base/ui_base_case.py:59: in setUp\n    super().setUp()\n/opt/hostedtoolcache/Python/3.10.19/x64/lib/python3.10/site-packages/seleniumbase/fixtures/base_case.py:15720: in setUp\n    self.driver = self.get_new_driver(\nsrc/pages/base/ui_base_case.py:32: in get_new_driver\n    driver = super().get_new_driver(*args, **kwargs)\n/opt/hostedtoolcache/Python/3.10.19/x64/lib/python3.10/site-packages/seleniumbase/fixtures/base_case.py:4308: in get_new_driver\n    new_driver = browser_launcher.get_driver(\n/opt/hostedtoolcache/Python/3.10.19/x64/lib/python3.10/site-packages/seleniumbase/core/browser_launcher.py:3543: in get_driver\n    return get_local_driver(\n/opt/hostedtoolcache/Python/3.10.19/x64/lib/python3.10/site-packages/seleniumbase/core/browser_launcher.py:6139: in get_local_driver\n    driver = webdriver.Chrome(\n/opt/hostedtoolcache/Python/3.10.19/x64/lib/python3.10/site-packages/selenium/webdriver/chrome/webdriver.py:46: in __init__\n    super().__init__(\n/opt/hostedtoolcache/Python/3.10.19/x64/lib/python3.10/site-packages/selenium/webdriver/chromium/webdriver.py:67: in __init__\n    super().__init__(command_executor=executor, options=options)\n/opt/hostedtoolcache/Python/3.10.19/x64/lib/python3.10/site-packages/selenium/webdriver/remote/webdriver.py:257: in __init__\n    self.start_session(capabilities)\n/opt/hostedtoolcache/Python/3.10.19/x64/lib/python3.10/site-packages/selenium/webdriver/remote/webdriver.py:352: in start_session\n    response = self.execute(Command.NEW_SESSION, caps)[\"value\"]\n/opt/hostedtoolcache/Python/3.10.19/x64/lib/python3.10/site-packages/selenium/webdriver/remote/webdriver.py:432: in execute\n    self.error_handler.check_response(response)\n/opt/hostedtoolcache/Python/3.10.19/x64/lib/python3.10/site-packages/selenium/webdriver/remote/errorhandler.py:232: in check_response\n    raise exception_class(message, screen, stacktrace)\nE   selenium.common.exceptions.SessionNotCreatedException: Message: session not created: Chrome instance exited. Examine ChromeDriver verbose log to determine the cause.; For documentation on this error, please visit: https://www.selenium.dev/documentation/webdriver/troubleshooting/errors#sessionnotcreatedexception\nE   Stacktrace:\nE   #0 0x5606e359a61a <unknown>\nE   #1 0x5606e301720b <unknown>\nE   #2 0x5606e305130d <unknown>\nE   #3 0x5606e304ccc3 <unknown>\nE   #4 0x5606e309c85c <unknown>\nE   #5 0x5606e309bf7c <unknown>\nE   #6 0x5606e305b232 <unknown>\nE   #7 0x5606e305bee1 <unknown>\nE   #8 0x5606e35633f9 <unknown>\nE   #9 0x5606e356634d <unknown>\nE   #10 0x5606e354c122 <unknown>\nE   #11 0x5606e3566f2b <unknown>\nE   #12 0x5606e3532c30 <unknown>\nE   #13 0x5606e3587d78 <unknown>\nE   #14 0x5606e3587f4c <unknown>\nE   #15 0x5606e3599973 <unknown>\nE   #16 0x7f913ea9caa4 <unknown>\nE   #17 0x7f913eb29c6c <unknown>","flaky":false,"newFailed":false,"newBroken":false,"newPassed":false,"retriesCount":3,"retriesStatusChange":false,"beforeStages":[{"name":"clean_directories_at_start","time":{"start":1766652346285,"stop":1766652346286,"duration":1},"status":"passed","steps":[],"attachments":[],"parameters":[],"shouldDisplayMessage":false,"stepsCount":0,"attachmentsCount":0,"hasContent":false,"attachmentStep":false},{"name":"_unittest_setUpClass_fixture_TestBrokenImages","time":{"start":1766652420639,"stop":1766652420639,"duration":0},"status":"passed","steps":[],"attachments":[],"parameters":[],"shouldDisplayMessage":false,"stepsCount":0,"attachmentsCount":0,"hasContent":false,"attachmentStep":false},{"name":"bind_test_context","time":{"start":1766652443264,"stop":1766652443264,"duration":0},"status":"passed","steps":[],"attachments":[],"parameters":[],"shouldDisplayMessage":false,"stepsCount":0,"attachmentsCount":0,"hasContent":false,"attachmentStep":false},{"name":"_inject_request","time":{"start":1766652443264,"stop":1766652443264,"duration":0},"status":"passed","steps":[],"attachments":[],"parameters":[],"shouldDisplayMessage":false,"stepsCount":0,"attachmentsCount":0,"hasContent":false,"attachmentStep":false}],"afterStages":[{"name":"_unittest_setUpClass_fixture_TestBrokenImages::0","time":{"start":1766652444682,"stop":1766652444682,"duration":0},"status":"passed","steps":[],"attachments":[],"parameters":[],"shouldDisplayMessage":false,"stepsCount":0,"attachmentsCount":0,"hasContent":false,"attachmentStep":false}],"labels":[{"name":"suite","value":"Broken Images"},{"name":"subSuite","value":"Verify the correct number of broken and valid images on the page"},{"name":"severity","value":"normal"},{"name":"parentSuite","value":"UI Test Suite"},{"name":"tag","value":"ui"},{"name":"tag","value":"regression"},{"name":"host","value":"runnervmh13bl"},{"name":"thread","value":"3080-MainThread"},{"name":"framework","value":"pytest"},{"name":"language","value":"cpython3"},{"name":"package","value":"tests.ui_test_suite.test_broken_images"},{"name":"resultFormat","value":"allure2"}],"parameters":[],"links":[],"hidden":false,"retry":false,"extra":{"severity":"normal","retries":[{"uid":"1f9882b123a8f909","status":"broken","statusDetails":"selenium.common.exceptions.SessionNotCreatedException: Message: session not created: Chrome instance exited. Examine ChromeDriver verbose log to determine the cause.; For documentation on this error, please visit: https://www.selenium.dev/documentation/webdriver/troubleshooting/errors#sessionnotcreatedexception\nStacktrace:\n#0 0x556353fb861a <unknown>\n#1 0x556353a3520b <unknown>\n#2 0x556353a6f30d <unknown>\n#3 0x556353a6acc3 <unknown>\n#4 0x556353aba85c <unknown>\n#5 0x556353ab9f7c <unknown>\n#6 0x556353a79232 <unknown>\n#7 0x556353a79ee1 <unknown>\n#8 0x556353f813f9 <unknown>\n#9 0x556353f8434d <unknown>\n#10 0x556353f6a122 <unknown>\n#11 0x556353f84f2b <unknown>\n#12 0x556353f50c30 <unknown>\n#13 0x556353fa5d78 <unknown>\n#14 0x556353fa5f4c <unknown>\n#15 0x556353fb7973 <unknown>\n#16 0x7fd92ac9caa4 <unknown>\n#17 0x7fd92ad29c6c <unknown>","time":{"start":1766652439702,"stop":1766652440373,"duration":671}},{"uid":"259c5d472d9caf31","status":"broken","statusDetails":"selenium.common.exceptions.SessionNotCreatedException: Message: session not created: Chrome instance exited. Examine ChromeDriver verbose log to determine the cause.; For documentation on this error, please visit: https://www.selenium.dev/documentation/webdriver/troubleshooting/errors#sessionnotcreatedexception\nStacktrace:\n#0 0x56492a03761a <unknown>\n#1 0x564929ab420b <unknown>\n#2 0x564929aee30d <unknown>\n#3 0x564929ae9cc3 <unknown>\n#4 0x564929b3985c <unknown>\n#5 0x564929b38f7c <unknown>\n#6 0x564929af8232 <unknown>\n#7 0x564929af8ee1 <unknown>\n#8 0x56492a0003f9 <unknown>\n#9 0x56492a00334d <unknown>\n#10 0x564929fe9122 <unknown>\n#11 0x56492a003f2b <unknown>\n#12 0x564929fcfc30 <unknown>\n#13 0x56492a024d78 <unknown>\n#14 0x56492a024f4c <unknown>\n#15 0x56492a036973 <unknown>\n#16 0x7f7723c9caa4 <unknown>\n#17 0x7f7723d29c6c <unknown>","time":{"start":1766652436241,"stop":1766652436797,"duration":556}},{"uid":"ff61336aa772a0b6","status":"broken","statusDetails":"selenium.common.exceptions.SessionNotCreatedException: Message: session not created: Chrome instance exited. Examine ChromeDriver verbose log to determine the cause.; For documentation on this error, please visit: https://www.selenium.dev/documentation/webdriver/troubleshooting/errors#sessionnotcreatedexception\nStacktrace:\n#0 0x55fca371861a <unknown>\n#1 0x55fca319520b <unknown>\n#2 0x55fca31cf30d <unknown>\n#3 0x55fca31cacc3 <unknown>\n#4 0x55fca321a85c <unknown>\n#5 0x55fca3219f7c <unknown>\n#6 0x55fca31d9232 <unknown>\n#7 0x55fca31d9ee1 <unknown>\n#8 0x55fca36e13f9 <unknown>\n#9 0x55fca36e434d <unknown>\n#10 0x55fca36ca122 <unknown>\n#11 0x55fca36e4f2b <unknown>\n#12 0x55fca36b0c30 <unknown>\n#13 0x55fca3705d78 <unknown>\n#14 0x55fca3705f4c <unknown>\n#15 0x55fca3717973 <unknown>\n#16 0x7fa923a9caa4 <unknown>\n#17 0x7fa923b29c6c <unknown>","time":{"start":1766652432783,"stop":1766652433480,"duration":697}}],"categories":[{"name":"Test defects","matchedStatuses":[]}],"tags":["ui","regression"]},"source":"bd6e8abf9eaeb977.json","parameterValues":[]}