{"uid":"bda3e88f97d57eae","name":"test_each_button_clicks_1_red","fullName":"tests.ui_test_suite.test_challenging_dom.TestChallengingDom#test_each_button_clicks_1_red","historyId":"5778b9b973f1159ef702eeba16455fb0","time":{"start":1766652431139,"stop":1766652431763,"duration":624},"status":"broken","statusMessage":"selenium.common.exceptions.SessionNotCreatedException: Message: session not created: Chrome instance exited. Examine ChromeDriver verbose log to determine the cause.; For documentation on this error, please visit: https://www.selenium.dev/documentation/webdriver/troubleshooting/errors#sessionnotcreatedexception\nStacktrace:\n#0 0x55653ebc161a <unknown>\n#1 0x55653e63e20b <unknown>\n#2 0x55653e67830d <unknown>\n#3 0x55653e673cc3 <unknown>\n#4 0x55653e6c385c <unknown>\n#5 0x55653e6c2f7c <unknown>\n#6 0x55653e682232 <unknown>\n#7 0x55653e682ee1 <unknown>\n#8 0x55653eb8a3f9 <unknown>\n#9 0x55653eb8d34d <unknown>\n#10 0x55653eb73122 <unknown>\n#11 0x55653eb8df2b <unknown>\n#12 0x55653eb59c30 <unknown>\n#13 0x55653ebaed78 <unknown>\n#14 0x55653ebaef4c <unknown>\n#15 0x55653ebc0973 <unknown>\n#16 0x7fd21409caa4 <unknown>\n#17 0x7fd214129c6c <unknown>","statusTrace":"/opt/hostedtoolcache/Python/3.10.19/x64/lib/python3.10/site-packages/seleniumbase/core/browser_launcher.py:6052: in get_local_driver\n    driver = webdriver.Chrome(options=chrome_options)\n/opt/hostedtoolcache/Python/3.10.19/x64/lib/python3.10/site-packages/selenium/webdriver/chrome/webdriver.py:46: in __init__\n    super().__init__(\n/opt/hostedtoolcache/Python/3.10.19/x64/lib/python3.10/site-packages/selenium/webdriver/chromium/webdriver.py:67: in __init__\n    super().__init__(command_executor=executor, options=options)\n/opt/hostedtoolcache/Python/3.10.19/x64/lib/python3.10/site-packages/selenium/webdriver/remote/webdriver.py:257: in __init__\n    self.start_session(capabilities)\n/opt/hostedtoolcache/Python/3.10.19/x64/lib/python3.10/site-packages/selenium/webdriver/remote/webdriver.py:352: in start_session\n    response = self.execute(Command.NEW_SESSION, caps)[\"value\"]\n/opt/hostedtoolcache/Python/3.10.19/x64/lib/python3.10/site-packages/selenium/webdriver/remote/webdriver.py:432: in execute\n    self.error_handler.check_response(response)\n/opt/hostedtoolcache/Python/3.10.19/x64/lib/python3.10/site-packages/selenium/webdriver/remote/errorhandler.py:232: in check_response\n    raise exception_class(message, screen, stacktrace)\nE   selenium.common.exceptions.SessionNotCreatedException: Message: session not created: Chrome instance exited. Examine ChromeDriver verbose log to determine the cause.; For documentation on this error, please visit: https://www.selenium.dev/documentation/webdriver/troubleshooting/errors#sessionnotcreatedexception\nE   Stacktrace:\nE   #0 0x555a40ccc61a <unknown>\nE   #1 0x555a4074920b <unknown>\nE   #2 0x555a4078330d <unknown>\nE   #3 0x555a4077ecc3 <unknown>\nE   #4 0x555a407ce85c <unknown>\nE   #5 0x555a407cdf7c <unknown>\nE   #6 0x555a4078d232 <unknown>\nE   #7 0x555a4078dee1 <unknown>\nE   #8 0x555a40c953f9 <unknown>\nE   #9 0x555a40c9834d <unknown>\nE   #10 0x555a40c7e122 <unknown>\nE   #11 0x555a40c98f2b <unknown>\nE   #12 0x555a40c64c30 <unknown>\nE   #13 0x555a40cb9d78 <unknown>\nE   #14 0x555a40cb9f4c <unknown>\nE   #15 0x555a40ccb973 <unknown>\nE   #16 0x7f5c8409caa4 <unknown>\nE   #17 0x7f5c84129c6c <unknown>\n\nDuring handling of the above exception, another exception occurred:\nsrc/pages/base/ui_base_case.py:59: in setUp\n    super().setUp()\n/opt/hostedtoolcache/Python/3.10.19/x64/lib/python3.10/site-packages/seleniumbase/fixtures/base_case.py:15720: in setUp\n    self.driver = self.get_new_driver(\nsrc/pages/base/ui_base_case.py:32: in get_new_driver\n    driver = super().get_new_driver(*args, **kwargs)\n/opt/hostedtoolcache/Python/3.10.19/x64/lib/python3.10/site-packages/seleniumbase/fixtures/base_case.py:4308: in get_new_driver\n    new_driver = browser_launcher.get_driver(\n/opt/hostedtoolcache/Python/3.10.19/x64/lib/python3.10/site-packages/seleniumbase/core/browser_launcher.py:3543: in get_driver\n    return get_local_driver(\n/opt/hostedtoolcache/Python/3.10.19/x64/lib/python3.10/site-packages/seleniumbase/core/browser_launcher.py:6139: in get_local_driver\n    driver = webdriver.Chrome(\n/opt/hostedtoolcache/Python/3.10.19/x64/lib/python3.10/site-packages/selenium/webdriver/chrome/webdriver.py:46: in __init__\n    super().__init__(\n/opt/hostedtoolcache/Python/3.10.19/x64/lib/python3.10/site-packages/selenium/webdriver/chromium/webdriver.py:67: in __init__\n    super().__init__(command_executor=executor, options=options)\n/opt/hostedtoolcache/Python/3.10.19/x64/lib/python3.10/site-packages/selenium/webdriver/remote/webdriver.py:257: in __init__\n    self.start_session(capabilities)\n/opt/hostedtoolcache/Python/3.10.19/x64/lib/python3.10/site-packages/selenium/webdriver/remote/webdriver.py:352: in start_session\n    response = self.execute(Command.NEW_SESSION, caps)[\"value\"]\n/opt/hostedtoolcache/Python/3.10.19/x64/lib/python3.10/site-packages/selenium/webdriver/remote/webdriver.py:432: in execute\n    self.error_handler.check_response(response)\n/opt/hostedtoolcache/Python/3.10.19/x64/lib/python3.10/site-packages/selenium/webdriver/remote/errorhandler.py:232: in check_response\n    raise exception_class(message, screen, stacktrace)\nE   selenium.common.exceptions.SessionNotCreatedException: Message: session not created: Chrome instance exited. Examine ChromeDriver verbose log to determine the cause.; For documentation on this error, please visit: https://www.selenium.dev/documentation/webdriver/troubleshooting/errors#sessionnotcreatedexception\nE   Stacktrace:\nE   #0 0x55653ebc161a <unknown>\nE   #1 0x55653e63e20b <unknown>\nE   #2 0x55653e67830d <unknown>\nE   #3 0x55653e673cc3 <unknown>\nE   #4 0x55653e6c385c <unknown>\nE   #5 0x55653e6c2f7c <unknown>\nE   #6 0x55653e682232 <unknown>\nE   #7 0x55653e682ee1 <unknown>\nE   #8 0x55653eb8a3f9 <unknown>\nE   #9 0x55653eb8d34d <unknown>\nE   #10 0x55653eb73122 <unknown>\nE   #11 0x55653eb8df2b <unknown>\nE   #12 0x55653eb59c30 <unknown>\nE   #13 0x55653ebaed78 <unknown>\nE   #14 0x55653ebaef4c <unknown>\nE   #15 0x55653ebc0973 <unknown>\nE   #16 0x7fd21409caa4 <unknown>\nE   #17 0x7fd214129c6c <unknown>","flaky":false,"newFailed":false,"newBroken":true,"newPassed":false,"retriesCount":3,"retriesStatusChange":false,"beforeStages":[{"name":"clean_directories_at_start","time":{"start":1766652346285,"stop":1766652346286,"duration":1},"status":"passed","steps":[],"attachments":[],"parameters":[],"shouldDisplayMessage":false,"stepsCount":0,"attachmentsCount":0,"hasContent":false,"attachmentStep":false},{"name":"_unittest_setUpClass_fixture_TestChallengingDom","time":{"start":1766652346286,"stop":1766652346286,"duration":0},"status":"passed","steps":[],"attachments":[],"parameters":[],"shouldDisplayMessage":false,"stepsCount":0,"attachmentsCount":0,"hasContent":false,"attachmentStep":false},{"name":"bind_test_context","time":{"start":1766652431139,"stop":1766652431139,"duration":0},"status":"passed","steps":[],"attachments":[],"parameters":[],"shouldDisplayMessage":false,"stepsCount":0,"attachmentsCount":0,"hasContent":false,"attachmentStep":false},{"name":"_inject_request","time":{"start":1766652431139,"stop":1766652431139,"duration":0},"status":"passed","steps":[],"attachments":[],"parameters":[],"shouldDisplayMessage":false,"stepsCount":0,"attachmentsCount":0,"hasContent":false,"attachmentStep":false}],"afterStages":[{"name":"_unittest_setUpClass_fixture_TestChallengingDom::0","time":{"start":1766652556782,"stop":1766652556782,"duration":0},"status":"passed","steps":[],"attachments":[],"parameters":[],"shouldDisplayMessage":false,"stepsCount":0,"attachmentsCount":0,"hasContent":false,"attachmentStep":false}],"labels":[{"name":"parentSuite","value":"UI Test Suite"},{"name":"suite","value":"Challenging DOM"},{"name":"severity","value":"normal"},{"name":"subSuite","value":"Verify Challenging DOM buttons interactions and table content"},{"name":"tag","value":"ui"},{"name":"tag","value":"smoke"},{"name":"tag","value":"regression"},{"name":"host","value":"runnervmh13bl"},{"name":"thread","value":"3077-MainThread"},{"name":"framework","value":"pytest"},{"name":"language","value":"cpython3"},{"name":"package","value":"tests.ui_test_suite.test_challenging_dom"},{"name":"resultFormat","value":"allure2"}],"parameters":[],"links":[],"hidden":false,"retry":false,"extra":{"severity":"normal","retries":[{"uid":"1b96e23fc1e987f0","status":"broken","statusDetails":"selenium.common.exceptions.SessionNotCreatedException: Message: session not created: Chrome instance exited. Examine ChromeDriver verbose log to determine the cause.; For documentation on this error, please visit: https://www.selenium.dev/documentation/webdriver/troubleshooting/errors#sessionnotcreatedexception\nStacktrace:\n#0 0x5613f41b061a <unknown>\n#1 0x5613f3c2d20b <unknown>\n#2 0x5613f3c6730d <unknown>\n#3 0x5613f3c62cc3 <unknown>\n#4 0x5613f3cb285c <unknown>\n#5 0x5613f3cb1f7c <unknown>\n#6 0x5613f3c71232 <unknown>\n#7 0x5613f3c71ee1 <unknown>\n#8 0x5613f41793f9 <unknown>\n#9 0x5613f417c34d <unknown>\n#10 0x5613f4162122 <unknown>\n#11 0x5613f417cf2b <unknown>\n#12 0x5613f4148c30 <unknown>\n#13 0x5613f419dd78 <unknown>\n#14 0x5613f419df4c <unknown>\n#15 0x5613f41af973 <unknown>\n#16 0x7f6993c9caa4 <unknown>\n#17 0x7f6993d29c6c <unknown>","time":{"start":1766652427729,"stop":1766652428404,"duration":675}},{"uid":"141065c3a39002ec","status":"broken","statusDetails":"selenium.common.exceptions.SessionNotCreatedException: Message: session not created: Chrome instance exited. Examine ChromeDriver verbose log to determine the cause.; For documentation on this error, please visit: https://www.selenium.dev/documentation/webdriver/troubleshooting/errors#sessionnotcreatedexception\nStacktrace:\n#0 0x55b2dca0161a <unknown>\n#1 0x55b2dc47e20b <unknown>\n#2 0x55b2dc4b830d <unknown>\n#3 0x55b2dc4b3cc3 <unknown>\n#4 0x55b2dc50385c <unknown>\n#5 0x55b2dc502f7c <unknown>\n#6 0x55b2dc4c2232 <unknown>\n#7 0x55b2dc4c2ee1 <unknown>\n#8 0x55b2dc9ca3f9 <unknown>\n#9 0x55b2dc9cd34d <unknown>\n#10 0x55b2dc9b3122 <unknown>\n#11 0x55b2dc9cdf2b <unknown>\n#12 0x55b2dc999c30 <unknown>\n#13 0x55b2dc9eed78 <unknown>\n#14 0x55b2dc9eef4c <unknown>\n#15 0x55b2dca00973 <unknown>\n#16 0x7fa49de9caa4 <unknown>\n#17 0x7fa49df29c6c <unknown>","time":{"start":1766652424410,"stop":1766652425044,"duration":634}},{"uid":"d8d2d8612875c8a","status":"broken","statusDetails":"selenium.common.exceptions.SessionNotCreatedException: Message: session not created: Chrome instance exited. Examine ChromeDriver verbose log to determine the cause.; For documentation on this error, please visit: https://www.selenium.dev/documentation/webdriver/troubleshooting/errors#sessionnotcreatedexception\nStacktrace:\n#0 0x5614c3b4c61a <unknown>\n#1 0x5614c35c920b <unknown>\n#2 0x5614c360330d <unknown>\n#3 0x5614c35fecc3 <unknown>\n#4 0x5614c364e85c <unknown>\n#5 0x5614c364df7c <unknown>\n#6 0x5614c360d232 <unknown>\n#7 0x5614c360dee1 <unknown>\n#8 0x5614c3b153f9 <unknown>\n#9 0x5614c3b1834d <unknown>\n#10 0x5614c3afe122 <unknown>\n#11 0x5614c3b18f2b <unknown>\n#12 0x5614c3ae4c30 <unknown>\n#13 0x5614c3b39d78 <unknown>\n#14 0x5614c3b39f4c <unknown>\n#15 0x5614c3b4b973 <unknown>\n#16 0x7f1690a9caa4 <unknown>\n#17 0x7f1690b29c6c <unknown>","time":{"start":1766652420621,"stop":1766652421682,"duration":1061}}],"categories":[{"name":"Test defects","matchedStatuses":[]}],"history":{"statistic":{"failed":0,"broken":1,"skipped":0,"passed":5,"unknown":0,"total":6},"items":[{"uid":"43ca5fb41e49c5a3","status":"passed","time":{"start":1766579142520,"stop":1766579144416,"duration":1896}},{"uid":"8ab33bcdc496227a","status":"passed","time":{"start":1766578778779,"stop":1766578781070,"duration":2291}},{"uid":"cd5960dde9f98a3f","status":"passed","time":{"start":1766560068622,"stop":1766560070200,"duration":1578}},{"uid":"27ca47b222b6b218","status":"passed","time":{"start":1766497525271,"stop":1766497527382,"duration":2111}},{"uid":"48d8a32e5d602aff","status":"passed","time":{"start":1766497277001,"stop":1766497278315,"duration":1314}}]},"tags":["ui","regression","smoke"]},"source":"bda3e88f97d57eae.json","parameterValues":[]}