{"uid":"bfd17df1e6120ab2","name":"test_example_1","fullName":"tests.ui_test_suite.test_dynamic_loading.TestDynamicLoading#test_example_1","historyId":"190152de25c7b80ac24ddd31979e981b","time":{"start":1766652481011,"stop":1766652495429,"duration":14418},"status":"broken","statusMessage":"seleniumbase.common.exceptions.NoSuchElementException: Message: \n Element {.example h3} was not present after 10 seconds!","statusTrace":"tests/ui_test_suite/test_dynamic_loading.py:20: in test_example_1\n    page = main_page.click_dynamic_loading_link().click_example_1_link()\nsrc/pages/common/main_page/main_page.py:150: in click_dynamic_loading_link\n    return DynamicLoadingPage(self.driver)\nsrc/pages/features/dynamic_loading/dynamic_loading_page.py:21: in __init__\n    self.wait_for_page_to_load(DynamicLoadingPageLocators.PAGE_LOADED_INDICATOR)\nsrc/pages/base/base_page.py:83: in wait_for_page_to_load\n    self.driver.wait_for_element_visible(**indicator_locator, timeout=timeout)\n/opt/hostedtoolcache/Python/3.10.19/x64/lib/python3.10/site-packages/seleniumbase/fixtures/base_case.py:9348: in wait_for_element_visible\n    return page_actions.wait_for_element_visible(\n/opt/hostedtoolcache/Python/3.10.19/x64/lib/python3.10/site-packages/seleniumbase/fixtures/page_actions.py:517: in wait_for_element_visible\n    timeout_exception(NoSuchElementException, message)\n/opt/hostedtoolcache/Python/3.10.19/x64/lib/python3.10/site-packages/seleniumbase/fixtures/page_actions.py:270: in timeout_exception\n    raise exc(msg)\nE   seleniumbase.common.exceptions.NoSuchElementException: Message: \nE    Element {.example h3} was not present after 10 seconds!","flaky":false,"newFailed":false,"newBroken":false,"newPassed":false,"retriesCount":3,"retriesStatusChange":false,"beforeStages":[{"name":"clean_directories_at_start","time":{"start":1766652346285,"stop":1766652346286,"duration":1},"status":"passed","steps":[],"attachments":[],"parameters":[],"shouldDisplayMessage":false,"stepsCount":0,"attachmentsCount":0,"hasContent":false,"attachmentStep":false},{"name":"_unittest_setUpClass_fixture_TestDynamicLoading","time":{"start":1766652470165,"stop":1766652470165,"duration":0},"status":"passed","steps":[],"attachments":[],"parameters":[],"shouldDisplayMessage":false,"stepsCount":0,"attachmentsCount":0,"hasContent":false,"attachmentStep":false},{"name":"_inject_request","time":{"start":1766652481010,"stop":1766652481010,"duration":0},"status":"passed","steps":[],"attachments":[],"parameters":[],"shouldDisplayMessage":false,"stepsCount":0,"attachmentsCount":0,"hasContent":false,"attachmentStep":false},{"name":"bind_test_context","time":{"start":1766652481010,"stop":1766652481010,"duration":0},"status":"passed","steps":[],"attachments":[],"parameters":[],"shouldDisplayMessage":false,"stepsCount":0,"attachmentsCount":0,"hasContent":false,"attachmentStep":false}],"testStage":{"status":"broken","statusMessage":"seleniumbase.common.exceptions.NoSuchElementException: Message: \n Element {.example h3} was not present after 10 seconds!","statusTrace":"tests/ui_test_suite/test_dynamic_loading.py:20: in test_example_1\n    page = main_page.click_dynamic_loading_link().click_example_1_link()\nsrc/pages/common/main_page/main_page.py:150: in click_dynamic_loading_link\n    return DynamicLoadingPage(self.driver)\nsrc/pages/features/dynamic_loading/dynamic_loading_page.py:21: in __init__\n    self.wait_for_page_to_load(DynamicLoadingPageLocators.PAGE_LOADED_INDICATOR)\nsrc/pages/base/base_page.py:83: in wait_for_page_to_load\n    self.driver.wait_for_element_visible(**indicator_locator, timeout=timeout)\n/opt/hostedtoolcache/Python/3.10.19/x64/lib/python3.10/site-packages/seleniumbase/fixtures/base_case.py:9348: in wait_for_element_visible\n    return page_actions.wait_for_element_visible(\n/opt/hostedtoolcache/Python/3.10.19/x64/lib/python3.10/site-packages/seleniumbase/fixtures/page_actions.py:517: in wait_for_element_visible\n    timeout_exception(NoSuchElementException, message)\n/opt/hostedtoolcache/Python/3.10.19/x64/lib/python3.10/site-packages/seleniumbase/fixtures/page_actions.py:270: in timeout_exception\n    raise exc(msg)\nE   seleniumbase.common.exceptions.NoSuchElementException: Message: \nE    Element {.example h3} was not present after 10 seconds!","steps":[{"name":"Navigate to base URL: https://the-internet.herokuapp.com/","time":{"start":1766652484125,"stop":1766652484520,"duration":395},"status":"passed","steps":[],"attachments":[],"parameters":[],"shouldDisplayMessage":false,"stepsCount":0,"attachmentsCount":0,"hasContent":false,"attachmentStep":false},{"name":"Navigate to 'Dynamic Loading' page","time":{"start":1766652484562,"stop":1766652495199,"duration":10637},"status":"broken","statusMessage":"seleniumbase.common.exceptions.NoSuchElementException: Message: \n Element {.example h3} was not present after 10 seconds!\n\n","statusTrace":"  File \"/opt/hostedtoolcache/Python/3.10.19/x64/lib/python3.10/site-packages/allure_commons/_allure.py\", line 202, in impl\n    return func(*a, **kw)\n  File \"/home/runner/work/seleniumbase-python/seleniumbase-python/src/pages/common/main_page/main_page.py\", line 150, in click_dynamic_loading_link\n    return DynamicLoadingPage(self.driver)\n  File \"/home/runner/work/seleniumbase-python/seleniumbase-python/src/pages/features/dynamic_loading/dynamic_loading_page.py\", line 21, in __init__\n    self.wait_for_page_to_load(DynamicLoadingPageLocators.PAGE_LOADED_INDICATOR)\n  File \"/home/runner/work/seleniumbase-python/seleniumbase-python/src/pages/base/base_page.py\", line 83, in wait_for_page_to_load\n    self.driver.wait_for_element_visible(**indicator_locator, timeout=timeout)\n  File \"/opt/hostedtoolcache/Python/3.10.19/x64/lib/python3.10/site-packages/seleniumbase/fixtures/base_case.py\", line 9348, in wait_for_element_visible\n    return page_actions.wait_for_element_visible(\n  File \"/opt/hostedtoolcache/Python/3.10.19/x64/lib/python3.10/site-packages/seleniumbase/fixtures/page_actions.py\", line 517, in wait_for_element_visible\n    timeout_exception(NoSuchElementException, message)\n  File \"/opt/hostedtoolcache/Python/3.10.19/x64/lib/python3.10/site-packages/seleniumbase/fixtures/page_actions.py\", line 270, in timeout_exception\n    raise exc(msg)\n","steps":[],"attachments":[],"parameters":[{"name":"page_name","value":"'Dynamic Loading'"}],"shouldDisplayMessage":true,"stepsCount":0,"attachmentsCount":0,"hasContent":true,"attachmentStep":false}],"attachments":[{"uid":"66a77b7d3eedf6cc","name":"log","source":"66a77b7d3eedf6cc.txt","type":"text/plain","size":1398},{"uid":"5242ec7af807cd47","name":"stdout","source":"5242ec7af807cd47.txt","type":"text/plain","size":1455}],"parameters":[],"shouldDisplayMessage":true,"stepsCount":2,"attachmentsCount":2,"hasContent":true,"attachmentStep":false},"afterStages":[{"name":"_unittest_setUpClass_fixture_TestDynamicLoading::0","time":{"start":1766652526722,"stop":1766652526723,"duration":1},"status":"passed","steps":[],"attachments":[],"parameters":[],"shouldDisplayMessage":false,"stepsCount":0,"attachmentsCount":0,"hasContent":false,"attachmentStep":false}],"labels":[{"name":"suite","value":"Dynamic Loading"},{"name":"parentSuite","value":"UI Test Suite"},{"name":"severity","value":"normal"},{"name":"subSuite","value":"Tests Dynamic Loading functionality"},{"name":"tag","value":"ui"},{"name":"tag","value":"regression"},{"name":"host","value":"runnervmh13bl"},{"name":"thread","value":"3080-MainThread"},{"name":"framework","value":"pytest"},{"name":"language","value":"cpython3"},{"name":"package","value":"tests.ui_test_suite.test_dynamic_loading"},{"name":"resultFormat","value":"allure2"}],"parameters":[],"links":[],"hidden":false,"retry":false,"extra":{"severity":"normal","retries":[{"uid":"94ba2f52b6836311","status":"broken","statusDetails":"selenium.common.exceptions.SessionNotCreatedException: Message: session not created: Chrome instance exited. Examine ChromeDriver verbose log to determine the cause.; For documentation on this error, please visit: https://www.selenium.dev/documentation/webdriver/troubleshooting/errors#sessionnotcreatedexception\nStacktrace:\n#0 0x5577b408161a <unknown>\n#1 0x5577b3afe20b <unknown>\n#2 0x5577b3b3830d <unknown>\n#3 0x5577b3b33cc3 <unknown>\n#4 0x5577b3b8385c <unknown>\n#5 0x5577b3b82f7c <unknown>\n#6 0x5577b3b42232 <unknown>\n#7 0x5577b3b42ee1 <unknown>\n#8 0x5577b404a3f9 <unknown>\n#9 0x5577b404d34d <unknown>\n#10 0x5577b4033122 <unknown>\n#11 0x5577b404df2b <unknown>\n#12 0x5577b4019c30 <unknown>\n#13 0x5577b406ed78 <unknown>\n#14 0x5577b406ef4c <unknown>\n#15 0x5577b4080973 <unknown>\n#16 0x7f10d609caa4 <unknown>\n#17 0x7f10d6129c6c <unknown>","time":{"start":1766652477469,"stop":1766652478243,"duration":774}},{"uid":"8edf18bc83542c97","status":"broken","statusDetails":"selenium.common.exceptions.SessionNotCreatedException: Message: session not created: Chrome instance exited. Examine ChromeDriver verbose log to determine the cause.; For documentation on this error, please visit: https://www.selenium.dev/documentation/webdriver/troubleshooting/errors#sessionnotcreatedexception\nStacktrace:\n#0 0x55fb1ee7f61a <unknown>\n#1 0x55fb1e8fc20b <unknown>\n#2 0x55fb1e93630d <unknown>\n#3 0x55fb1e931cc3 <unknown>\n#4 0x55fb1e98185c <unknown>\n#5 0x55fb1e980f7c <unknown>\n#6 0x55fb1e940232 <unknown>\n#7 0x55fb1e940ee1 <unknown>\n#8 0x55fb1ee483f9 <unknown>\n#9 0x55fb1ee4b34d <unknown>\n#10 0x55fb1ee31122 <unknown>\n#11 0x55fb1ee4bf2b <unknown>\n#12 0x55fb1ee17c30 <unknown>\n#13 0x55fb1ee6cd78 <unknown>\n#14 0x55fb1ee6cf4c <unknown>\n#15 0x55fb1ee7e973 <unknown>\n#16 0x7f952669caa4 <unknown>\n#17 0x7f9526729c6c <unknown>","time":{"start":1766652473868,"stop":1766652474692,"duration":824}},{"uid":"d22bf592589269c3","status":"broken","statusDetails":"selenium.common.exceptions.SessionNotCreatedException: Message: session not created: Chrome instance exited. Examine ChromeDriver verbose log to determine the cause.; For documentation on this error, please visit: https://www.selenium.dev/documentation/webdriver/troubleshooting/errors#sessionnotcreatedexception\nStacktrace:\n#0 0x5605a0f2f61a <unknown>\n#1 0x5605a09ac20b <unknown>\n#2 0x5605a09e630d <unknown>\n#3 0x5605a09e1cc3 <unknown>\n#4 0x5605a0a3185c <unknown>\n#5 0x5605a0a30f7c <unknown>\n#6 0x5605a09f0232 <unknown>\n#7 0x5605a09f0ee1 <unknown>\n#8 0x5605a0ef83f9 <unknown>\n#9 0x5605a0efb34d <unknown>\n#10 0x5605a0ee1122 <unknown>\n#11 0x5605a0efbf2b <unknown>\n#12 0x5605a0ec7c30 <unknown>\n#13 0x5605a0f1cd78 <unknown>\n#14 0x5605a0f1cf4c <unknown>\n#15 0x5605a0f2e973 <unknown>\n#16 0x7f0f9829caa4 <unknown>\n#17 0x7f0f98329c6c <unknown>","time":{"start":1766652470166,"stop":1766652470893,"duration":727}}],"categories":[{"name":"Test defects","matchedStatuses":[]}],"tags":["ui","regression"]},"source":"bfd17df1e6120ab2.json","parameterValues":[]}