{"uid":"c1239d00460203fc","name":"test_broken_images_count","fullName":"tests.ui_test_suite.test_broken_images.TestBrokenImages#test_broken_images_count","historyId":"5006640e6235f99ba2e7b9847e3fac1d","time":{"start":1766652427931,"stop":1766652428625,"duration":694},"status":"broken","statusMessage":"selenium.common.exceptions.SessionNotCreatedException: Message: session not created: Chrome instance exited. Examine ChromeDriver verbose log to determine the cause.; For documentation on this error, please visit: https://www.selenium.dev/documentation/webdriver/troubleshooting/errors#sessionnotcreatedexception\nStacktrace:\n#0 0x55cb1a84c61a <unknown>\n#1 0x55cb1a2c920b <unknown>\n#2 0x55cb1a30330d <unknown>\n#3 0x55cb1a2fecc3 <unknown>\n#4 0x55cb1a34e85c <unknown>\n#5 0x55cb1a34df7c <unknown>\n#6 0x55cb1a30d232 <unknown>\n#7 0x55cb1a30dee1 <unknown>\n#8 0x55cb1a8153f9 <unknown>\n#9 0x55cb1a81834d <unknown>\n#10 0x55cb1a7fe122 <unknown>\n#11 0x55cb1a818f2b <unknown>\n#12 0x55cb1a7e4c30 <unknown>\n#13 0x55cb1a839d78 <unknown>\n#14 0x55cb1a839f4c <unknown>\n#15 0x55cb1a84b973 <unknown>\n#16 0x7f4675c9caa4 <unknown>\n#17 0x7f4675d29c6c <unknown>","statusTrace":"/opt/hostedtoolcache/Python/3.10.19/x64/lib/python3.10/site-packages/seleniumbase/core/browser_launcher.py:6052: in get_local_driver\n    driver = webdriver.Chrome(options=chrome_options)\n/opt/hostedtoolcache/Python/3.10.19/x64/lib/python3.10/site-packages/selenium/webdriver/chrome/webdriver.py:46: in __init__\n    super().__init__(\n/opt/hostedtoolcache/Python/3.10.19/x64/lib/python3.10/site-packages/selenium/webdriver/chromium/webdriver.py:67: in __init__\n    super().__init__(command_executor=executor, options=options)\n/opt/hostedtoolcache/Python/3.10.19/x64/lib/python3.10/site-packages/selenium/webdriver/remote/webdriver.py:257: in __init__\n    self.start_session(capabilities)\n/opt/hostedtoolcache/Python/3.10.19/x64/lib/python3.10/site-packages/selenium/webdriver/remote/webdriver.py:352: in start_session\n    response = self.execute(Command.NEW_SESSION, caps)[\"value\"]\n/opt/hostedtoolcache/Python/3.10.19/x64/lib/python3.10/site-packages/selenium/webdriver/remote/webdriver.py:432: in execute\n    self.error_handler.check_response(response)\n/opt/hostedtoolcache/Python/3.10.19/x64/lib/python3.10/site-packages/selenium/webdriver/remote/errorhandler.py:232: in check_response\n    raise exception_class(message, screen, stacktrace)\nE   selenium.common.exceptions.SessionNotCreatedException: Message: session not created: Chrome instance exited. Examine ChromeDriver verbose log to determine the cause.; For documentation on this error, please visit: https://www.selenium.dev/documentation/webdriver/troubleshooting/errors#sessionnotcreatedexception\nE   Stacktrace:\nE   #0 0x5649f3d2d61a <unknown>\nE   #1 0x5649f37aa20b <unknown>\nE   #2 0x5649f37e430d <unknown>\nE   #3 0x5649f37dfcc3 <unknown>\nE   #4 0x5649f382f85c <unknown>\nE   #5 0x5649f382ef7c <unknown>\nE   #6 0x5649f37ee232 <unknown>\nE   #7 0x5649f37eeee1 <unknown>\nE   #8 0x5649f3cf63f9 <unknown>\nE   #9 0x5649f3cf934d <unknown>\nE   #10 0x5649f3cdf122 <unknown>\nE   #11 0x5649f3cf9f2b <unknown>\nE   #12 0x5649f3cc5c30 <unknown>\nE   #13 0x5649f3d1ad78 <unknown>\nE   #14 0x5649f3d1af4c <unknown>\nE   #15 0x5649f3d2c973 <unknown>\nE   #16 0x7f8d9229caa4 <unknown>\nE   #17 0x7f8d92329c6c <unknown>\n\nDuring handling of the above exception, another exception occurred:\nsrc/pages/base/ui_base_case.py:59: in setUp\n    super().setUp()\n/opt/hostedtoolcache/Python/3.10.19/x64/lib/python3.10/site-packages/seleniumbase/fixtures/base_case.py:15720: in setUp\n    self.driver = self.get_new_driver(\nsrc/pages/base/ui_base_case.py:32: in get_new_driver\n    driver = super().get_new_driver(*args, **kwargs)\n/opt/hostedtoolcache/Python/3.10.19/x64/lib/python3.10/site-packages/seleniumbase/fixtures/base_case.py:4308: in get_new_driver\n    new_driver = browser_launcher.get_driver(\n/opt/hostedtoolcache/Python/3.10.19/x64/lib/python3.10/site-packages/seleniumbase/core/browser_launcher.py:3543: in get_driver\n    return get_local_driver(\n/opt/hostedtoolcache/Python/3.10.19/x64/lib/python3.10/site-packages/seleniumbase/core/browser_launcher.py:6139: in get_local_driver\n    driver = webdriver.Chrome(\n/opt/hostedtoolcache/Python/3.10.19/x64/lib/python3.10/site-packages/selenium/webdriver/chrome/webdriver.py:46: in __init__\n    super().__init__(\n/opt/hostedtoolcache/Python/3.10.19/x64/lib/python3.10/site-packages/selenium/webdriver/chromium/webdriver.py:67: in __init__\n    super().__init__(command_executor=executor, options=options)\n/opt/hostedtoolcache/Python/3.10.19/x64/lib/python3.10/site-packages/selenium/webdriver/remote/webdriver.py:257: in __init__\n    self.start_session(capabilities)\n/opt/hostedtoolcache/Python/3.10.19/x64/lib/python3.10/site-packages/selenium/webdriver/remote/webdriver.py:352: in start_session\n    response = self.execute(Command.NEW_SESSION, caps)[\"value\"]\n/opt/hostedtoolcache/Python/3.10.19/x64/lib/python3.10/site-packages/selenium/webdriver/remote/webdriver.py:432: in execute\n    self.error_handler.check_response(response)\n/opt/hostedtoolcache/Python/3.10.19/x64/lib/python3.10/site-packages/selenium/webdriver/remote/errorhandler.py:232: in check_response\n    raise exception_class(message, screen, stacktrace)\nE   selenium.common.exceptions.SessionNotCreatedException: Message: session not created: Chrome instance exited. Examine ChromeDriver verbose log to determine the cause.; For documentation on this error, please visit: https://www.selenium.dev/documentation/webdriver/troubleshooting/errors#sessionnotcreatedexception\nE   Stacktrace:\nE   #0 0x55cb1a84c61a <unknown>\nE   #1 0x55cb1a2c920b <unknown>\nE   #2 0x55cb1a30330d <unknown>\nE   #3 0x55cb1a2fecc3 <unknown>\nE   #4 0x55cb1a34e85c <unknown>\nE   #5 0x55cb1a34df7c <unknown>\nE   #6 0x55cb1a30d232 <unknown>\nE   #7 0x55cb1a30dee1 <unknown>\nE   #8 0x55cb1a8153f9 <unknown>\nE   #9 0x55cb1a81834d <unknown>\nE   #10 0x55cb1a7fe122 <unknown>\nE   #11 0x55cb1a818f2b <unknown>\nE   #12 0x55cb1a7e4c30 <unknown>\nE   #13 0x55cb1a839d78 <unknown>\nE   #14 0x55cb1a839f4c <unknown>\nE   #15 0x55cb1a84b973 <unknown>\nE   #16 0x7f4675c9caa4 <unknown>\nE   #17 0x7f4675d29c6c <unknown>","flaky":false,"newFailed":false,"newBroken":false,"newPassed":false,"retriesCount":0,"retriesStatusChange":false,"beforeStages":[{"name":"clean_directories_at_start","time":{"start":1766652346285,"stop":1766652346286,"duration":1},"status":"passed","steps":[],"attachments":[],"parameters":[],"shouldDisplayMessage":false,"stepsCount":0,"attachmentsCount":0,"hasContent":false,"attachmentStep":false},{"name":"_unittest_setUpClass_fixture_TestBrokenImages","time":{"start":1766652420639,"stop":1766652420639,"duration":0},"status":"passed","steps":[],"attachments":[],"parameters":[],"shouldDisplayMessage":false,"stepsCount":0,"attachmentsCount":0,"hasContent":false,"attachmentStep":false},{"name":"bind_test_context","time":{"start":1766652427930,"stop":1766652427930,"duration":0},"status":"passed","steps":[],"attachments":[],"parameters":[],"shouldDisplayMessage":false,"stepsCount":0,"attachmentsCount":0,"hasContent":false,"attachmentStep":false},{"name":"_inject_request","time":{"start":1766652427930,"stop":1766652427930,"duration":0},"status":"passed","steps":[],"attachments":[],"parameters":[],"shouldDisplayMessage":false,"stepsCount":0,"attachmentsCount":0,"hasContent":false,"attachmentStep":false}],"afterStages":[{"name":"_unittest_setUpClass_fixture_TestBrokenImages::0","time":{"start":1766652444682,"stop":1766652444682,"duration":0},"status":"passed","steps":[],"attachments":[],"parameters":[],"shouldDisplayMessage":false,"stepsCount":0,"attachmentsCount":0,"hasContent":false,"attachmentStep":false}],"labels":[{"name":"suite","value":"Broken Images"},{"name":"subSuite","value":"Verify the correct number of broken and valid images on the page"},{"name":"severity","value":"normal"},{"name":"parentSuite","value":"UI Test Suite"},{"name":"tag","value":"ui"},{"name":"tag","value":"regression"},{"name":"host","value":"runnervmh13bl"},{"name":"thread","value":"3080-MainThread"},{"name":"framework","value":"pytest"},{"name":"language","value":"cpython3"},{"name":"package","value":"tests.ui_test_suite.test_broken_images"},{"name":"resultFormat","value":"allure2"}],"parameters":[],"links":[],"hidden":true,"retry":true,"extra":{"categories":[],"tags":["ui","regression"]},"source":"c1239d00460203fc.json","parameterValues":[]}