{"uid":"c4ac68b2bba8be68","name":"test_content_changes_after_refresh","fullName":"tests.ui_test_suite.test_dynamic_content.TestDynamicContent#test_content_changes_after_refresh","historyId":"c30f460b25185127fbf73962b8238d33","time":{"start":1766652538578,"stop":1766652539300,"duration":722},"status":"broken","statusMessage":"selenium.common.exceptions.SessionNotCreatedException: Message: session not created: Chrome instance exited. Examine ChromeDriver verbose log to determine the cause.; For documentation on this error, please visit: https://www.selenium.dev/documentation/webdriver/troubleshooting/errors#sessionnotcreatedexception\nStacktrace:\n#0 0x558a4d24f61a <unknown>\n#1 0x558a4cccc20b <unknown>\n#2 0x558a4cd0630d <unknown>\n#3 0x558a4cd01cc3 <unknown>\n#4 0x558a4cd5185c <unknown>\n#5 0x558a4cd50f7c <unknown>\n#6 0x558a4cd10232 <unknown>\n#7 0x558a4cd10ee1 <unknown>\n#8 0x558a4d2183f9 <unknown>\n#9 0x558a4d21b34d <unknown>\n#10 0x558a4d201122 <unknown>\n#11 0x558a4d21bf2b <unknown>\n#12 0x558a4d1e7c30 <unknown>\n#13 0x558a4d23cd78 <unknown>\n#14 0x558a4d23cf4c <unknown>\n#15 0x558a4d24e973 <unknown>\n#16 0x7f14f869caa4 <unknown>\n#17 0x7f14f8729c6c <unknown>","statusTrace":"/opt/hostedtoolcache/Python/3.10.19/x64/lib/python3.10/site-packages/seleniumbase/core/browser_launcher.py:6052: in get_local_driver\n    driver = webdriver.Chrome(options=chrome_options)\n/opt/hostedtoolcache/Python/3.10.19/x64/lib/python3.10/site-packages/selenium/webdriver/chrome/webdriver.py:46: in __init__\n    super().__init__(\n/opt/hostedtoolcache/Python/3.10.19/x64/lib/python3.10/site-packages/selenium/webdriver/chromium/webdriver.py:67: in __init__\n    super().__init__(command_executor=executor, options=options)\n/opt/hostedtoolcache/Python/3.10.19/x64/lib/python3.10/site-packages/selenium/webdriver/remote/webdriver.py:257: in __init__\n    self.start_session(capabilities)\n/opt/hostedtoolcache/Python/3.10.19/x64/lib/python3.10/site-packages/selenium/webdriver/remote/webdriver.py:352: in start_session\n    response = self.execute(Command.NEW_SESSION, caps)[\"value\"]\n/opt/hostedtoolcache/Python/3.10.19/x64/lib/python3.10/site-packages/selenium/webdriver/remote/webdriver.py:432: in execute\n    self.error_handler.check_response(response)\n/opt/hostedtoolcache/Python/3.10.19/x64/lib/python3.10/site-packages/selenium/webdriver/remote/errorhandler.py:232: in check_response\n    raise exception_class(message, screen, stacktrace)\nE   selenium.common.exceptions.SessionNotCreatedException: Message: session not created: Chrome instance exited. Examine ChromeDriver verbose log to determine the cause.; For documentation on this error, please visit: https://www.selenium.dev/documentation/webdriver/troubleshooting/errors#sessionnotcreatedexception\nE   Stacktrace:\nE   #0 0x55818798261a <unknown>\nE   #1 0x5581873ff20b <unknown>\nE   #2 0x55818743930d <unknown>\nE   #3 0x558187434cc3 <unknown>\nE   #4 0x55818748485c <unknown>\nE   #5 0x558187483f7c <unknown>\nE   #6 0x558187443232 <unknown>\nE   #7 0x558187443ee1 <unknown>\nE   #8 0x55818794b3f9 <unknown>\nE   #9 0x55818794e34d <unknown>\nE   #10 0x558187934122 <unknown>\nE   #11 0x55818794ef2b <unknown>\nE   #12 0x55818791ac30 <unknown>\nE   #13 0x55818796fd78 <unknown>\nE   #14 0x55818796ff4c <unknown>\nE   #15 0x558187981973 <unknown>\nE   #16 0x7fb17149caa4 <unknown>\nE   #17 0x7fb171529c6c <unknown>\n\nDuring handling of the above exception, another exception occurred:\nsrc/pages/base/ui_base_case.py:59: in setUp\n    super().setUp()\n/opt/hostedtoolcache/Python/3.10.19/x64/lib/python3.10/site-packages/seleniumbase/fixtures/base_case.py:15720: in setUp\n    self.driver = self.get_new_driver(\nsrc/pages/base/ui_base_case.py:32: in get_new_driver\n    driver = super().get_new_driver(*args, **kwargs)\n/opt/hostedtoolcache/Python/3.10.19/x64/lib/python3.10/site-packages/seleniumbase/fixtures/base_case.py:4308: in get_new_driver\n    new_driver = browser_launcher.get_driver(\n/opt/hostedtoolcache/Python/3.10.19/x64/lib/python3.10/site-packages/seleniumbase/core/browser_launcher.py:3543: in get_driver\n    return get_local_driver(\n/opt/hostedtoolcache/Python/3.10.19/x64/lib/python3.10/site-packages/seleniumbase/core/browser_launcher.py:6139: in get_local_driver\n    driver = webdriver.Chrome(\n/opt/hostedtoolcache/Python/3.10.19/x64/lib/python3.10/site-packages/selenium/webdriver/chrome/webdriver.py:46: in __init__\n    super().__init__(\n/opt/hostedtoolcache/Python/3.10.19/x64/lib/python3.10/site-packages/selenium/webdriver/chromium/webdriver.py:67: in __init__\n    super().__init__(command_executor=executor, options=options)\n/opt/hostedtoolcache/Python/3.10.19/x64/lib/python3.10/site-packages/selenium/webdriver/remote/webdriver.py:257: in __init__\n    self.start_session(capabilities)\n/opt/hostedtoolcache/Python/3.10.19/x64/lib/python3.10/site-packages/selenium/webdriver/remote/webdriver.py:352: in start_session\n    response = self.execute(Command.NEW_SESSION, caps)[\"value\"]\n/opt/hostedtoolcache/Python/3.10.19/x64/lib/python3.10/site-packages/selenium/webdriver/remote/webdriver.py:432: in execute\n    self.error_handler.check_response(response)\n/opt/hostedtoolcache/Python/3.10.19/x64/lib/python3.10/site-packages/selenium/webdriver/remote/errorhandler.py:232: in check_response\n    raise exception_class(message, screen, stacktrace)\nE   selenium.common.exceptions.SessionNotCreatedException: Message: session not created: Chrome instance exited. Examine ChromeDriver verbose log to determine the cause.; For documentation on this error, please visit: https://www.selenium.dev/documentation/webdriver/troubleshooting/errors#sessionnotcreatedexception\nE   Stacktrace:\nE   #0 0x558a4d24f61a <unknown>\nE   #1 0x558a4cccc20b <unknown>\nE   #2 0x558a4cd0630d <unknown>\nE   #3 0x558a4cd01cc3 <unknown>\nE   #4 0x558a4cd5185c <unknown>\nE   #5 0x558a4cd50f7c <unknown>\nE   #6 0x558a4cd10232 <unknown>\nE   #7 0x558a4cd10ee1 <unknown>\nE   #8 0x558a4d2183f9 <unknown>\nE   #9 0x558a4d21b34d <unknown>\nE   #10 0x558a4d201122 <unknown>\nE   #11 0x558a4d21bf2b <unknown>\nE   #12 0x558a4d1e7c30 <unknown>\nE   #13 0x558a4d23cd78 <unknown>\nE   #14 0x558a4d23cf4c <unknown>\nE   #15 0x558a4d24e973 <unknown>\nE   #16 0x7f14f869caa4 <unknown>\nE   #17 0x7f14f8729c6c <unknown>","flaky":false,"newFailed":false,"newBroken":false,"newPassed":false,"retriesCount":0,"retriesStatusChange":false,"beforeStages":[{"name":"clean_directories_at_start","time":{"start":1766652346285,"stop":1766652346286,"duration":1},"status":"passed","steps":[],"attachments":[],"parameters":[],"shouldDisplayMessage":false,"stepsCount":0,"attachmentsCount":0,"hasContent":false,"attachmentStep":false},{"name":"_unittest_setUpClass_fixture_TestDynamicContent","time":{"start":1766652538578,"stop":1766652538578,"duration":0},"status":"passed","steps":[],"attachments":[],"parameters":[],"shouldDisplayMessage":false,"stepsCount":0,"attachmentsCount":0,"hasContent":false,"attachmentStep":false},{"name":"_inject_request","time":{"start":1766652538578,"stop":1766652538578,"duration":0},"status":"passed","steps":[],"attachments":[],"parameters":[],"shouldDisplayMessage":false,"stepsCount":0,"attachmentsCount":0,"hasContent":false,"attachmentStep":false},{"name":"bind_test_context","time":{"start":1766652538578,"stop":1766652538578,"duration":0},"status":"passed","steps":[],"attachments":[],"parameters":[],"shouldDisplayMessage":false,"stepsCount":0,"attachmentsCount":0,"hasContent":false,"attachmentStep":false}],"afterStages":[{"name":"_unittest_setUpClass_fixture_TestDynamicContent::0","time":{"start":1766652550769,"stop":1766652550769,"duration":0},"status":"passed","steps":[],"attachments":[],"parameters":[],"shouldDisplayMessage":false,"stepsCount":0,"attachmentsCount":0,"hasContent":false,"attachmentStep":false}],"labels":[{"name":"parentSuite","value":"UI Test Suite"},{"name":"subSuite","value":"Tests Dynamic Content functionality"},{"name":"severity","value":"normal"},{"name":"suite","value":"Dynamic Content"},{"name":"tag","value":"ui"},{"name":"tag","value":"regression"},{"name":"host","value":"runnervmh13bl"},{"name":"thread","value":"3080-MainThread"},{"name":"framework","value":"pytest"},{"name":"language","value":"cpython3"},{"name":"package","value":"tests.ui_test_suite.test_dynamic_content"},{"name":"resultFormat","value":"allure2"}],"parameters":[],"links":[],"hidden":true,"retry":true,"extra":{"categories":[],"tags":["ui","regression"]},"source":"c4ac68b2bba8be68.json","parameterValues":[]}