{"uid":"cb635b65b043730b","name":"test_table_header_per_column_0_Lorem","fullName":"tests.ui_test_suite.test_challenging_dom.TestChallengingDom#test_table_header_per_column_0_Lorem","historyId":"da632d344d2585e4185abbbd5fc219ec","time":{"start":1766652468931,"stop":1766652469671,"duration":740},"status":"broken","statusMessage":"selenium.common.exceptions.SessionNotCreatedException: Message: session not created: Chrome instance exited. Examine ChromeDriver verbose log to determine the cause.; For documentation on this error, please visit: https://www.selenium.dev/documentation/webdriver/troubleshooting/errors#sessionnotcreatedexception\nStacktrace:\n#0 0x55db86c5161a <unknown>\n#1 0x55db866ce20b <unknown>\n#2 0x55db8670830d <unknown>\n#3 0x55db86703cc3 <unknown>\n#4 0x55db8675385c <unknown>\n#5 0x55db86752f7c <unknown>\n#6 0x55db86712232 <unknown>\n#7 0x55db86712ee1 <unknown>\n#8 0x55db86c1a3f9 <unknown>\n#9 0x55db86c1d34d <unknown>\n#10 0x55db86c03122 <unknown>\n#11 0x55db86c1df2b <unknown>\n#12 0x55db86be9c30 <unknown>\n#13 0x55db86c3ed78 <unknown>\n#14 0x55db86c3ef4c <unknown>\n#15 0x55db86c50973 <unknown>\n#16 0x7f7af389caa4 <unknown>\n#17 0x7f7af3929c6c <unknown>","statusTrace":"/opt/hostedtoolcache/Python/3.10.19/x64/lib/python3.10/site-packages/seleniumbase/core/browser_launcher.py:6052: in get_local_driver\n    driver = webdriver.Chrome(options=chrome_options)\n/opt/hostedtoolcache/Python/3.10.19/x64/lib/python3.10/site-packages/selenium/webdriver/chrome/webdriver.py:46: in __init__\n    super().__init__(\n/opt/hostedtoolcache/Python/3.10.19/x64/lib/python3.10/site-packages/selenium/webdriver/chromium/webdriver.py:67: in __init__\n    super().__init__(command_executor=executor, options=options)\n/opt/hostedtoolcache/Python/3.10.19/x64/lib/python3.10/site-packages/selenium/webdriver/remote/webdriver.py:257: in __init__\n    self.start_session(capabilities)\n/opt/hostedtoolcache/Python/3.10.19/x64/lib/python3.10/site-packages/selenium/webdriver/remote/webdriver.py:352: in start_session\n    response = self.execute(Command.NEW_SESSION, caps)[\"value\"]\n/opt/hostedtoolcache/Python/3.10.19/x64/lib/python3.10/site-packages/selenium/webdriver/remote/webdriver.py:432: in execute\n    self.error_handler.check_response(response)\n/opt/hostedtoolcache/Python/3.10.19/x64/lib/python3.10/site-packages/selenium/webdriver/remote/errorhandler.py:232: in check_response\n    raise exception_class(message, screen, stacktrace)\nE   selenium.common.exceptions.SessionNotCreatedException: Message: session not created: Chrome instance exited. Examine ChromeDriver verbose log to determine the cause.; For documentation on this error, please visit: https://www.selenium.dev/documentation/webdriver/troubleshooting/errors#sessionnotcreatedexception\nE   Stacktrace:\nE   #0 0x55b98423d61a <unknown>\nE   #1 0x55b983cba20b <unknown>\nE   #2 0x55b983cf430d <unknown>\nE   #3 0x55b983cefcc3 <unknown>\nE   #4 0x55b983d3f85c <unknown>\nE   #5 0x55b983d3ef7c <unknown>\nE   #6 0x55b983cfe232 <unknown>\nE   #7 0x55b983cfeee1 <unknown>\nE   #8 0x55b9842063f9 <unknown>\nE   #9 0x55b98420934d <unknown>\nE   #10 0x55b9841ef122 <unknown>\nE   #11 0x55b984209f2b <unknown>\nE   #12 0x55b9841d5c30 <unknown>\nE   #13 0x55b98422ad78 <unknown>\nE   #14 0x55b98422af4c <unknown>\nE   #15 0x55b98423c973 <unknown>\nE   #16 0x7f6d0e09caa4 <unknown>\nE   #17 0x7f6d0e129c6c <unknown>\n\nDuring handling of the above exception, another exception occurred:\nsrc/pages/base/ui_base_case.py:59: in setUp\n    super().setUp()\n/opt/hostedtoolcache/Python/3.10.19/x64/lib/python3.10/site-packages/seleniumbase/fixtures/base_case.py:15720: in setUp\n    self.driver = self.get_new_driver(\nsrc/pages/base/ui_base_case.py:32: in get_new_driver\n    driver = super().get_new_driver(*args, **kwargs)\n/opt/hostedtoolcache/Python/3.10.19/x64/lib/python3.10/site-packages/seleniumbase/fixtures/base_case.py:4308: in get_new_driver\n    new_driver = browser_launcher.get_driver(\n/opt/hostedtoolcache/Python/3.10.19/x64/lib/python3.10/site-packages/seleniumbase/core/browser_launcher.py:3543: in get_driver\n    return get_local_driver(\n/opt/hostedtoolcache/Python/3.10.19/x64/lib/python3.10/site-packages/seleniumbase/core/browser_launcher.py:6139: in get_local_driver\n    driver = webdriver.Chrome(\n/opt/hostedtoolcache/Python/3.10.19/x64/lib/python3.10/site-packages/selenium/webdriver/chrome/webdriver.py:46: in __init__\n    super().__init__(\n/opt/hostedtoolcache/Python/3.10.19/x64/lib/python3.10/site-packages/selenium/webdriver/chromium/webdriver.py:67: in __init__\n    super().__init__(command_executor=executor, options=options)\n/opt/hostedtoolcache/Python/3.10.19/x64/lib/python3.10/site-packages/selenium/webdriver/remote/webdriver.py:257: in __init__\n    self.start_session(capabilities)\n/opt/hostedtoolcache/Python/3.10.19/x64/lib/python3.10/site-packages/selenium/webdriver/remote/webdriver.py:352: in start_session\n    response = self.execute(Command.NEW_SESSION, caps)[\"value\"]\n/opt/hostedtoolcache/Python/3.10.19/x64/lib/python3.10/site-packages/selenium/webdriver/remote/webdriver.py:432: in execute\n    self.error_handler.check_response(response)\n/opt/hostedtoolcache/Python/3.10.19/x64/lib/python3.10/site-packages/selenium/webdriver/remote/errorhandler.py:232: in check_response\n    raise exception_class(message, screen, stacktrace)\nE   selenium.common.exceptions.SessionNotCreatedException: Message: session not created: Chrome instance exited. Examine ChromeDriver verbose log to determine the cause.; For documentation on this error, please visit: https://www.selenium.dev/documentation/webdriver/troubleshooting/errors#sessionnotcreatedexception\nE   Stacktrace:\nE   #0 0x55db86c5161a <unknown>\nE   #1 0x55db866ce20b <unknown>\nE   #2 0x55db8670830d <unknown>\nE   #3 0x55db86703cc3 <unknown>\nE   #4 0x55db8675385c <unknown>\nE   #5 0x55db86752f7c <unknown>\nE   #6 0x55db86712232 <unknown>\nE   #7 0x55db86712ee1 <unknown>\nE   #8 0x55db86c1a3f9 <unknown>\nE   #9 0x55db86c1d34d <unknown>\nE   #10 0x55db86c03122 <unknown>\nE   #11 0x55db86c1df2b <unknown>\nE   #12 0x55db86be9c30 <unknown>\nE   #13 0x55db86c3ed78 <unknown>\nE   #14 0x55db86c3ef4c <unknown>\nE   #15 0x55db86c50973 <unknown>\nE   #16 0x7f7af389caa4 <unknown>\nE   #17 0x7f7af3929c6c <unknown>","flaky":false,"newFailed":false,"newBroken":true,"newPassed":false,"retriesCount":3,"retriesStatusChange":false,"beforeStages":[{"name":"clean_directories_at_start","time":{"start":1766652346285,"stop":1766652346286,"duration":1},"status":"passed","steps":[],"attachments":[],"parameters":[],"shouldDisplayMessage":false,"stepsCount":0,"attachmentsCount":0,"hasContent":false,"attachmentStep":false},{"name":"_unittest_setUpClass_fixture_TestChallengingDom","time":{"start":1766652346286,"stop":1766652346286,"duration":0},"status":"passed","steps":[],"attachments":[],"parameters":[],"shouldDisplayMessage":false,"stepsCount":0,"attachmentsCount":0,"hasContent":false,"attachmentStep":false},{"name":"bind_test_context","time":{"start":1766652468930,"stop":1766652468930,"duration":0},"status":"passed","steps":[],"attachments":[],"parameters":[],"shouldDisplayMessage":false,"stepsCount":0,"attachmentsCount":0,"hasContent":false,"attachmentStep":false},{"name":"_inject_request","time":{"start":1766652468931,"stop":1766652468931,"duration":0},"status":"passed","steps":[],"attachments":[],"parameters":[],"shouldDisplayMessage":false,"stepsCount":0,"attachmentsCount":0,"hasContent":false,"attachmentStep":false}],"afterStages":[{"name":"_unittest_setUpClass_fixture_TestChallengingDom::0","time":{"start":1766652556782,"stop":1766652556782,"duration":0},"status":"passed","steps":[],"attachments":[],"parameters":[],"shouldDisplayMessage":false,"stepsCount":0,"attachmentsCount":0,"hasContent":false,"attachmentStep":false}],"labels":[{"name":"parentSuite","value":"UI Test Suite"},{"name":"suite","value":"Challenging DOM"},{"name":"severity","value":"normal"},{"name":"subSuite","value":"Verify Challenging DOM buttons interactions and table content"},{"name":"tag","value":"ui"},{"name":"tag","value":"smoke"},{"name":"tag","value":"regression"},{"name":"host","value":"runnervmh13bl"},{"name":"thread","value":"3077-MainThread"},{"name":"framework","value":"pytest"},{"name":"language","value":"cpython3"},{"name":"package","value":"tests.ui_test_suite.test_challenging_dom"},{"name":"resultFormat","value":"allure2"}],"parameters":[],"links":[],"hidden":false,"retry":false,"extra":{"severity":"normal","retries":[{"uid":"b268260ab2fe239e","status":"broken","statusDetails":"selenium.common.exceptions.SessionNotCreatedException: Message: session not created: Chrome instance exited. Examine ChromeDriver verbose log to determine the cause.; For documentation on this error, please visit: https://www.selenium.dev/documentation/webdriver/troubleshooting/errors#sessionnotcreatedexception\nStacktrace:\n#0 0x55e1968ae61a <unknown>\n#1 0x55e19632b20b <unknown>\n#2 0x55e19636530d <unknown>\n#3 0x55e196360cc3 <unknown>\n#4 0x55e1963b085c <unknown>\n#5 0x55e1963aff7c <unknown>\n#6 0x55e19636f232 <unknown>\n#7 0x55e19636fee1 <unknown>\n#8 0x55e1968773f9 <unknown>\n#9 0x55e19687a34d <unknown>\n#10 0x55e196860122 <unknown>\n#11 0x55e19687af2b <unknown>\n#12 0x55e196846c30 <unknown>\n#13 0x55e19689bd78 <unknown>\n#14 0x55e19689bf4c <unknown>\n#15 0x55e1968ad973 <unknown>\n#16 0x7f8a5d69caa4 <unknown>\n#17 0x7f8a5d729c6c <unknown>","time":{"start":1766652465303,"stop":1766652466059,"duration":756}},{"uid":"e73003ac9aa5d8e8","status":"broken","statusDetails":"selenium.common.exceptions.SessionNotCreatedException: Message: session not created: Chrome instance exited. Examine ChromeDriver verbose log to determine the cause.; For documentation on this error, please visit: https://www.selenium.dev/documentation/webdriver/troubleshooting/errors#sessionnotcreatedexception\nStacktrace:\n#0 0x559035b7561a <unknown>\n#1 0x5590355f220b <unknown>\n#2 0x55903562c30d <unknown>\n#3 0x559035627cc3 <unknown>\n#4 0x55903567785c <unknown>\n#5 0x559035676f7c <unknown>\n#6 0x559035636232 <unknown>\n#7 0x559035636ee1 <unknown>\n#8 0x559035b3e3f9 <unknown>\n#9 0x559035b4134d <unknown>\n#10 0x559035b27122 <unknown>\n#11 0x559035b41f2b <unknown>\n#12 0x559035b0dc30 <unknown>\n#13 0x559035b62d78 <unknown>\n#14 0x559035b62f4c <unknown>\n#15 0x559035b74973 <unknown>\n#16 0x7fc80629caa4 <unknown>\n#17 0x7fc806329c6c <unknown>","time":{"start":1766652461837,"stop":1766652462595,"duration":758}},{"uid":"2907d8e970498ef3","status":"broken","statusDetails":"selenium.common.exceptions.SessionNotCreatedException: Message: session not created: Chrome instance exited. Examine ChromeDriver verbose log to determine the cause.; For documentation on this error, please visit: https://www.selenium.dev/documentation/webdriver/troubleshooting/errors#sessionnotcreatedexception\nStacktrace:\n#0 0x56499ffb461a <unknown>\n#1 0x56499fa3120b <unknown>\n#2 0x56499fa6b30d <unknown>\n#3 0x56499fa66cc3 <unknown>\n#4 0x56499fab685c <unknown>\n#5 0x56499fab5f7c <unknown>\n#6 0x56499fa75232 <unknown>\n#7 0x56499fa75ee1 <unknown>\n#8 0x56499ff7d3f9 <unknown>\n#9 0x56499ff8034d <unknown>\n#10 0x56499ff66122 <unknown>\n#11 0x56499ff80f2b <unknown>\n#12 0x56499ff4cc30 <unknown>\n#13 0x56499ffa1d78 <unknown>\n#14 0x56499ffa1f4c <unknown>\n#15 0x56499ffb3973 <unknown>\n#16 0x7f40f349caa4 <unknown>\n#17 0x7f40f3529c6c <unknown>","time":{"start":1766652457374,"stop":1766652459133,"duration":1759}}],"categories":[{"name":"Test defects","matchedStatuses":[]}],"history":{"statistic":{"failed":0,"broken":1,"skipped":0,"passed":5,"unknown":0,"total":6},"items":[{"uid":"b6f3993676ffd267","status":"passed","time":{"start":1766579148555,"stop":1766579150249,"duration":1694}},{"uid":"b973ba94cb97edf8","status":"passed","time":{"start":1766578785179,"stop":1766578786857,"duration":1678}},{"uid":"a29e79c14eba6d82","status":"passed","time":{"start":1766560074451,"stop":1766560075931,"duration":1480}},{"uid":"2e239db6b4355a15","status":"passed","time":{"start":1766497532352,"stop":1766497533631,"duration":1279}},{"uid":"34fa5ef219a96cea","status":"passed","time":{"start":1766497281366,"stop":1766497282563,"duration":1197}}]},"tags":["ui","regression","smoke"]},"source":"cb635b65b043730b.json","parameterValues":[]}