{"uid":"d22bf592589269c3","name":"test_example_1","fullName":"tests.ui_test_suite.test_dynamic_loading.TestDynamicLoading#test_example_1","historyId":"190152de25c7b80ac24ddd31979e981b","time":{"start":1766652470166,"stop":1766652470893,"duration":727},"status":"broken","statusMessage":"selenium.common.exceptions.SessionNotCreatedException: Message: session not created: Chrome instance exited. Examine ChromeDriver verbose log to determine the cause.; For documentation on this error, please visit: https://www.selenium.dev/documentation/webdriver/troubleshooting/errors#sessionnotcreatedexception\nStacktrace:\n#0 0x5605a0f2f61a <unknown>\n#1 0x5605a09ac20b <unknown>\n#2 0x5605a09e630d <unknown>\n#3 0x5605a09e1cc3 <unknown>\n#4 0x5605a0a3185c <unknown>\n#5 0x5605a0a30f7c <unknown>\n#6 0x5605a09f0232 <unknown>\n#7 0x5605a09f0ee1 <unknown>\n#8 0x5605a0ef83f9 <unknown>\n#9 0x5605a0efb34d <unknown>\n#10 0x5605a0ee1122 <unknown>\n#11 0x5605a0efbf2b <unknown>\n#12 0x5605a0ec7c30 <unknown>\n#13 0x5605a0f1cd78 <unknown>\n#14 0x5605a0f1cf4c <unknown>\n#15 0x5605a0f2e973 <unknown>\n#16 0x7f0f9829caa4 <unknown>\n#17 0x7f0f98329c6c <unknown>","statusTrace":"/opt/hostedtoolcache/Python/3.10.19/x64/lib/python3.10/site-packages/seleniumbase/core/browser_launcher.py:6052: in get_local_driver\n    driver = webdriver.Chrome(options=chrome_options)\n/opt/hostedtoolcache/Python/3.10.19/x64/lib/python3.10/site-packages/selenium/webdriver/chrome/webdriver.py:46: in __init__\n    super().__init__(\n/opt/hostedtoolcache/Python/3.10.19/x64/lib/python3.10/site-packages/selenium/webdriver/chromium/webdriver.py:67: in __init__\n    super().__init__(command_executor=executor, options=options)\n/opt/hostedtoolcache/Python/3.10.19/x64/lib/python3.10/site-packages/selenium/webdriver/remote/webdriver.py:257: in __init__\n    self.start_session(capabilities)\n/opt/hostedtoolcache/Python/3.10.19/x64/lib/python3.10/site-packages/selenium/webdriver/remote/webdriver.py:352: in start_session\n    response = self.execute(Command.NEW_SESSION, caps)[\"value\"]\n/opt/hostedtoolcache/Python/3.10.19/x64/lib/python3.10/site-packages/selenium/webdriver/remote/webdriver.py:432: in execute\n    self.error_handler.check_response(response)\n/opt/hostedtoolcache/Python/3.10.19/x64/lib/python3.10/site-packages/selenium/webdriver/remote/errorhandler.py:232: in check_response\n    raise exception_class(message, screen, stacktrace)\nE   selenium.common.exceptions.SessionNotCreatedException: Message: session not created: Chrome instance exited. Examine ChromeDriver verbose log to determine the cause.; For documentation on this error, please visit: https://www.selenium.dev/documentation/webdriver/troubleshooting/errors#sessionnotcreatedexception\nE   Stacktrace:\nE   #0 0x56230eb6161a <unknown>\nE   #1 0x56230e5de20b <unknown>\nE   #2 0x56230e61830d <unknown>\nE   #3 0x56230e613cc3 <unknown>\nE   #4 0x56230e66385c <unknown>\nE   #5 0x56230e662f7c <unknown>\nE   #6 0x56230e622232 <unknown>\nE   #7 0x56230e622ee1 <unknown>\nE   #8 0x56230eb2a3f9 <unknown>\nE   #9 0x56230eb2d34d <unknown>\nE   #10 0x56230eb13122 <unknown>\nE   #11 0x56230eb2df2b <unknown>\nE   #12 0x56230eaf9c30 <unknown>\nE   #13 0x56230eb4ed78 <unknown>\nE   #14 0x56230eb4ef4c <unknown>\nE   #15 0x56230eb60973 <unknown>\nE   #16 0x7f560989caa4 <unknown>\nE   #17 0x7f5609929c6c <unknown>\n\nDuring handling of the above exception, another exception occurred:\nsrc/pages/base/ui_base_case.py:59: in setUp\n    super().setUp()\n/opt/hostedtoolcache/Python/3.10.19/x64/lib/python3.10/site-packages/seleniumbase/fixtures/base_case.py:15720: in setUp\n    self.driver = self.get_new_driver(\nsrc/pages/base/ui_base_case.py:32: in get_new_driver\n    driver = super().get_new_driver(*args, **kwargs)\n/opt/hostedtoolcache/Python/3.10.19/x64/lib/python3.10/site-packages/seleniumbase/fixtures/base_case.py:4308: in get_new_driver\n    new_driver = browser_launcher.get_driver(\n/opt/hostedtoolcache/Python/3.10.19/x64/lib/python3.10/site-packages/seleniumbase/core/browser_launcher.py:3543: in get_driver\n    return get_local_driver(\n/opt/hostedtoolcache/Python/3.10.19/x64/lib/python3.10/site-packages/seleniumbase/core/browser_launcher.py:6139: in get_local_driver\n    driver = webdriver.Chrome(\n/opt/hostedtoolcache/Python/3.10.19/x64/lib/python3.10/site-packages/selenium/webdriver/chrome/webdriver.py:46: in __init__\n    super().__init__(\n/opt/hostedtoolcache/Python/3.10.19/x64/lib/python3.10/site-packages/selenium/webdriver/chromium/webdriver.py:67: in __init__\n    super().__init__(command_executor=executor, options=options)\n/opt/hostedtoolcache/Python/3.10.19/x64/lib/python3.10/site-packages/selenium/webdriver/remote/webdriver.py:257: in __init__\n    self.start_session(capabilities)\n/opt/hostedtoolcache/Python/3.10.19/x64/lib/python3.10/site-packages/selenium/webdriver/remote/webdriver.py:352: in start_session\n    response = self.execute(Command.NEW_SESSION, caps)[\"value\"]\n/opt/hostedtoolcache/Python/3.10.19/x64/lib/python3.10/site-packages/selenium/webdriver/remote/webdriver.py:432: in execute\n    self.error_handler.check_response(response)\n/opt/hostedtoolcache/Python/3.10.19/x64/lib/python3.10/site-packages/selenium/webdriver/remote/errorhandler.py:232: in check_response\n    raise exception_class(message, screen, stacktrace)\nE   selenium.common.exceptions.SessionNotCreatedException: Message: session not created: Chrome instance exited. Examine ChromeDriver verbose log to determine the cause.; For documentation on this error, please visit: https://www.selenium.dev/documentation/webdriver/troubleshooting/errors#sessionnotcreatedexception\nE   Stacktrace:\nE   #0 0x5605a0f2f61a <unknown>\nE   #1 0x5605a09ac20b <unknown>\nE   #2 0x5605a09e630d <unknown>\nE   #3 0x5605a09e1cc3 <unknown>\nE   #4 0x5605a0a3185c <unknown>\nE   #5 0x5605a0a30f7c <unknown>\nE   #6 0x5605a09f0232 <unknown>\nE   #7 0x5605a09f0ee1 <unknown>\nE   #8 0x5605a0ef83f9 <unknown>\nE   #9 0x5605a0efb34d <unknown>\nE   #10 0x5605a0ee1122 <unknown>\nE   #11 0x5605a0efbf2b <unknown>\nE   #12 0x5605a0ec7c30 <unknown>\nE   #13 0x5605a0f1cd78 <unknown>\nE   #14 0x5605a0f1cf4c <unknown>\nE   #15 0x5605a0f2e973 <unknown>\nE   #16 0x7f0f9829caa4 <unknown>\nE   #17 0x7f0f98329c6c <unknown>","flaky":false,"newFailed":false,"newBroken":false,"newPassed":false,"retriesCount":0,"retriesStatusChange":false,"beforeStages":[{"name":"clean_directories_at_start","time":{"start":1766652346285,"stop":1766652346286,"duration":1},"status":"passed","steps":[],"attachments":[],"parameters":[],"shouldDisplayMessage":false,"stepsCount":0,"attachmentsCount":0,"hasContent":false,"attachmentStep":false},{"name":"bind_test_context","time":{"start":1766652470165,"stop":1766652470165,"duration":0},"status":"passed","steps":[],"attachments":[],"parameters":[],"shouldDisplayMessage":false,"stepsCount":0,"attachmentsCount":0,"hasContent":false,"attachmentStep":false},{"name":"_unittest_setUpClass_fixture_TestDynamicLoading","time":{"start":1766652470165,"stop":1766652470165,"duration":0},"status":"passed","steps":[],"attachments":[],"parameters":[],"shouldDisplayMessage":false,"stepsCount":0,"attachmentsCount":0,"hasContent":false,"attachmentStep":false},{"name":"_inject_request","time":{"start":1766652470165,"stop":1766652470165,"duration":0},"status":"passed","steps":[],"attachments":[],"parameters":[],"shouldDisplayMessage":false,"stepsCount":0,"attachmentsCount":0,"hasContent":false,"attachmentStep":false}],"afterStages":[{"name":"_unittest_setUpClass_fixture_TestDynamicLoading::0","time":{"start":1766652526722,"stop":1766652526723,"duration":1},"status":"passed","steps":[],"attachments":[],"parameters":[],"shouldDisplayMessage":false,"stepsCount":0,"attachmentsCount":0,"hasContent":false,"attachmentStep":false}],"labels":[{"name":"suite","value":"Dynamic Loading"},{"name":"parentSuite","value":"UI Test Suite"},{"name":"severity","value":"normal"},{"name":"subSuite","value":"Tests Dynamic Loading functionality"},{"name":"tag","value":"ui"},{"name":"tag","value":"regression"},{"name":"host","value":"runnervmh13bl"},{"name":"thread","value":"3080-MainThread"},{"name":"framework","value":"pytest"},{"name":"language","value":"cpython3"},{"name":"package","value":"tests.ui_test_suite.test_dynamic_loading"},{"name":"resultFormat","value":"allure2"}],"parameters":[],"links":[],"hidden":true,"retry":true,"extra":{"categories":[],"tags":["ui","regression"]},"source":"d22bf592589269c3.json","parameterValues":[]}