{"uid":"d915d6afbd2076d8","name":"test_hovers_functionality","fullName":"tests.ui_test_suite.test_hovers.TestHovers#test_hovers_functionality","historyId":"56b04eeaf6118f0189622de1fc995ceb","time":{"start":1766652535963,"stop":1766652536524,"duration":561},"status":"broken","statusMessage":"selenium.common.exceptions.SessionNotCreatedException: Message: session not created: Chrome instance exited. Examine ChromeDriver verbose log to determine the cause.; For documentation on this error, please visit: https://www.selenium.dev/documentation/webdriver/troubleshooting/errors#sessionnotcreatedexception\nStacktrace:\n#0 0x5581dc56861a <unknown>\n#1 0x5581dbfe520b <unknown>\n#2 0x5581dc01f30d <unknown>\n#3 0x5581dc01acc3 <unknown>\n#4 0x5581dc06a85c <unknown>\n#5 0x5581dc069f7c <unknown>\n#6 0x5581dc029232 <unknown>\n#7 0x5581dc029ee1 <unknown>\n#8 0x5581dc5313f9 <unknown>\n#9 0x5581dc53434d <unknown>\n#10 0x5581dc51a122 <unknown>\n#11 0x5581dc534f2b <unknown>\n#12 0x5581dc500c30 <unknown>\n#13 0x5581dc555d78 <unknown>\n#14 0x5581dc555f4c <unknown>\n#15 0x5581dc567973 <unknown>\n#16 0x7ff5ec69caa4 <unknown>\n#17 0x7ff5ec729c6c <unknown>","statusTrace":"/opt/hostedtoolcache/Python/3.10.19/x64/lib/python3.10/site-packages/seleniumbase/core/browser_launcher.py:6052: in get_local_driver\n    driver = webdriver.Chrome(options=chrome_options)\n/opt/hostedtoolcache/Python/3.10.19/x64/lib/python3.10/site-packages/selenium/webdriver/chrome/webdriver.py:46: in __init__\n    super().__init__(\n/opt/hostedtoolcache/Python/3.10.19/x64/lib/python3.10/site-packages/selenium/webdriver/chromium/webdriver.py:67: in __init__\n    super().__init__(command_executor=executor, options=options)\n/opt/hostedtoolcache/Python/3.10.19/x64/lib/python3.10/site-packages/selenium/webdriver/remote/webdriver.py:257: in __init__\n    self.start_session(capabilities)\n/opt/hostedtoolcache/Python/3.10.19/x64/lib/python3.10/site-packages/selenium/webdriver/remote/webdriver.py:352: in start_session\n    response = self.execute(Command.NEW_SESSION, caps)[\"value\"]\n/opt/hostedtoolcache/Python/3.10.19/x64/lib/python3.10/site-packages/selenium/webdriver/remote/webdriver.py:432: in execute\n    self.error_handler.check_response(response)\n/opt/hostedtoolcache/Python/3.10.19/x64/lib/python3.10/site-packages/selenium/webdriver/remote/errorhandler.py:232: in check_response\n    raise exception_class(message, screen, stacktrace)\nE   selenium.common.exceptions.SessionNotCreatedException: Message: session not created: Chrome instance exited. Examine ChromeDriver verbose log to determine the cause.; For documentation on this error, please visit: https://www.selenium.dev/documentation/webdriver/troubleshooting/errors#sessionnotcreatedexception\nE   Stacktrace:\nE   #0 0x55e7a6d1d61a <unknown>\nE   #1 0x55e7a679a20b <unknown>\nE   #2 0x55e7a67d430d <unknown>\nE   #3 0x55e7a67cfcc3 <unknown>\nE   #4 0x55e7a681f85c <unknown>\nE   #5 0x55e7a681ef7c <unknown>\nE   #6 0x55e7a67de232 <unknown>\nE   #7 0x55e7a67deee1 <unknown>\nE   #8 0x55e7a6ce63f9 <unknown>\nE   #9 0x55e7a6ce934d <unknown>\nE   #10 0x55e7a6ccf122 <unknown>\nE   #11 0x55e7a6ce9f2b <unknown>\nE   #12 0x55e7a6cb5c30 <unknown>\nE   #13 0x55e7a6d0ad78 <unknown>\nE   #14 0x55e7a6d0af4c <unknown>\nE   #15 0x55e7a6d1c973 <unknown>\nE   #16 0x7f830969caa4 <unknown>\nE   #17 0x7f8309729c6c <unknown>\n\nDuring handling of the above exception, another exception occurred:\nsrc/pages/base/ui_base_case.py:59: in setUp\n    super().setUp()\n/opt/hostedtoolcache/Python/3.10.19/x64/lib/python3.10/site-packages/seleniumbase/fixtures/base_case.py:15720: in setUp\n    self.driver = self.get_new_driver(\nsrc/pages/base/ui_base_case.py:32: in get_new_driver\n    driver = super().get_new_driver(*args, **kwargs)\n/opt/hostedtoolcache/Python/3.10.19/x64/lib/python3.10/site-packages/seleniumbase/fixtures/base_case.py:4308: in get_new_driver\n    new_driver = browser_launcher.get_driver(\n/opt/hostedtoolcache/Python/3.10.19/x64/lib/python3.10/site-packages/seleniumbase/core/browser_launcher.py:3543: in get_driver\n    return get_local_driver(\n/opt/hostedtoolcache/Python/3.10.19/x64/lib/python3.10/site-packages/seleniumbase/core/browser_launcher.py:6139: in get_local_driver\n    driver = webdriver.Chrome(\n/opt/hostedtoolcache/Python/3.10.19/x64/lib/python3.10/site-packages/selenium/webdriver/chrome/webdriver.py:46: in __init__\n    super().__init__(\n/opt/hostedtoolcache/Python/3.10.19/x64/lib/python3.10/site-packages/selenium/webdriver/chromium/webdriver.py:67: in __init__\n    super().__init__(command_executor=executor, options=options)\n/opt/hostedtoolcache/Python/3.10.19/x64/lib/python3.10/site-packages/selenium/webdriver/remote/webdriver.py:257: in __init__\n    self.start_session(capabilities)\n/opt/hostedtoolcache/Python/3.10.19/x64/lib/python3.10/site-packages/selenium/webdriver/remote/webdriver.py:352: in start_session\n    response = self.execute(Command.NEW_SESSION, caps)[\"value\"]\n/opt/hostedtoolcache/Python/3.10.19/x64/lib/python3.10/site-packages/selenium/webdriver/remote/webdriver.py:432: in execute\n    self.error_handler.check_response(response)\n/opt/hostedtoolcache/Python/3.10.19/x64/lib/python3.10/site-packages/selenium/webdriver/remote/errorhandler.py:232: in check_response\n    raise exception_class(message, screen, stacktrace)\nE   selenium.common.exceptions.SessionNotCreatedException: Message: session not created: Chrome instance exited. Examine ChromeDriver verbose log to determine the cause.; For documentation on this error, please visit: https://www.selenium.dev/documentation/webdriver/troubleshooting/errors#sessionnotcreatedexception\nE   Stacktrace:\nE   #0 0x5581dc56861a <unknown>\nE   #1 0x5581dbfe520b <unknown>\nE   #2 0x5581dc01f30d <unknown>\nE   #3 0x5581dc01acc3 <unknown>\nE   #4 0x5581dc06a85c <unknown>\nE   #5 0x5581dc069f7c <unknown>\nE   #6 0x5581dc029232 <unknown>\nE   #7 0x5581dc029ee1 <unknown>\nE   #8 0x5581dc5313f9 <unknown>\nE   #9 0x5581dc53434d <unknown>\nE   #10 0x5581dc51a122 <unknown>\nE   #11 0x5581dc534f2b <unknown>\nE   #12 0x5581dc500c30 <unknown>\nE   #13 0x5581dc555d78 <unknown>\nE   #14 0x5581dc555f4c <unknown>\nE   #15 0x5581dc567973 <unknown>\nE   #16 0x7ff5ec69caa4 <unknown>\nE   #17 0x7ff5ec729c6c <unknown>","flaky":false,"newFailed":false,"newBroken":false,"newPassed":false,"retriesCount":3,"retriesStatusChange":false,"beforeStages":[{"name":"clean_directories_at_start","time":{"start":1766652346285,"stop":1766652346286,"duration":1},"status":"passed","steps":[],"attachments":[],"parameters":[],"shouldDisplayMessage":false,"stepsCount":0,"attachmentsCount":0,"hasContent":false,"attachmentStep":false},{"name":"_unittest_setUpClass_fixture_TestHovers","time":{"start":1766652525421,"stop":1766652525421,"duration":0},"status":"passed","steps":[],"attachments":[],"parameters":[],"shouldDisplayMessage":false,"stepsCount":0,"attachmentsCount":0,"hasContent":false,"attachmentStep":false},{"name":"bind_test_context","time":{"start":1766652535963,"stop":1766652535963,"duration":0},"status":"passed","steps":[],"attachments":[],"parameters":[],"shouldDisplayMessage":false,"stepsCount":0,"attachmentsCount":0,"hasContent":false,"attachmentStep":false},{"name":"_inject_request","time":{"start":1766652535963,"stop":1766652535963,"duration":0},"status":"passed","steps":[],"attachments":[],"parameters":[],"shouldDisplayMessage":false,"stepsCount":0,"attachmentsCount":0,"hasContent":false,"attachmentStep":false}],"afterStages":[{"name":"_unittest_setUpClass_fixture_TestHovers::0","time":{"start":1766652537168,"stop":1766652537168,"duration":0},"status":"passed","steps":[],"attachments":[],"parameters":[],"shouldDisplayMessage":false,"stepsCount":0,"attachmentsCount":0,"hasContent":false,"attachmentStep":false}],"labels":[{"name":"severity","value":"normal"},{"name":"suite","value":"Hovers"},{"name":"subSuite","value":"Tests Hovers functionality"},{"name":"parentSuite","value":"UI Test Suite"},{"name":"tag","value":"ui"},{"name":"tag","value":"regression"},{"name":"host","value":"runnervmh13bl"},{"name":"thread","value":"3083-MainThread"},{"name":"framework","value":"pytest"},{"name":"language","value":"cpython3"},{"name":"package","value":"tests.ui_test_suite.test_hovers"},{"name":"resultFormat","value":"allure2"}],"parameters":[],"links":[],"hidden":false,"retry":false,"extra":{"severity":"normal","retries":[{"uid":"2a8c58e5c59dd9c2","status":"broken","statusDetails":"selenium.common.exceptions.SessionNotCreatedException: Message: session not created: Chrome instance exited. Examine ChromeDriver verbose log to determine the cause.; For documentation on this error, please visit: https://www.selenium.dev/documentation/webdriver/troubleshooting/errors#sessionnotcreatedexception\nStacktrace:\n#0 0x55639cfc661a <unknown>\n#1 0x55639ca4320b <unknown>\n#2 0x55639ca7d30d <unknown>\n#3 0x55639ca78cc3 <unknown>\n#4 0x55639cac885c <unknown>\n#5 0x55639cac7f7c <unknown>\n#6 0x55639ca87232 <unknown>\n#7 0x55639ca87ee1 <unknown>\n#8 0x55639cf8f3f9 <unknown>\n#9 0x55639cf9234d <unknown>\n#10 0x55639cf78122 <unknown>\n#11 0x55639cf92f2b <unknown>\n#12 0x55639cf5ec30 <unknown>\n#13 0x55639cfb3d78 <unknown>\n#14 0x55639cfb3f4c <unknown>\n#15 0x55639cfc5973 <unknown>\n#16 0x7fa9dac9caa4 <unknown>\n#17 0x7fa9dad29c6c <unknown>","time":{"start":1766652532553,"stop":1766652533227,"duration":674}},{"uid":"2fe6cbc03c36a5bb","status":"broken","statusDetails":"selenium.common.exceptions.SessionNotCreatedException: Message: session not created: Chrome instance exited. Examine ChromeDriver verbose log to determine the cause.; For documentation on this error, please visit: https://www.selenium.dev/documentation/webdriver/troubleshooting/errors#sessionnotcreatedexception\nStacktrace:\n#0 0x55a667b4861a <unknown>\n#1 0x55a6675c520b <unknown>\n#2 0x55a6675ff30d <unknown>\n#3 0x55a6675facc3 <unknown>\n#4 0x55a66764a85c <unknown>\n#5 0x55a667649f7c <unknown>\n#6 0x55a667609232 <unknown>\n#7 0x55a667609ee1 <unknown>\n#8 0x55a667b113f9 <unknown>\n#9 0x55a667b1434d <unknown>\n#10 0x55a667afa122 <unknown>\n#11 0x55a667b14f2b <unknown>\n#12 0x55a667ae0c30 <unknown>\n#13 0x55a667b35d78 <unknown>\n#14 0x55a667b35f4c <unknown>\n#15 0x55a667b47973 <unknown>\n#16 0x7fc78629caa4 <unknown>\n#17 0x7fc786329c6c <unknown>","time":{"start":1766652529158,"stop":1766652529774,"duration":616}},{"uid":"b65e5e7c610b4b41","status":"broken","statusDetails":"selenium.common.exceptions.SessionNotCreatedException: Message: session not created: Chrome instance exited. Examine ChromeDriver verbose log to determine the cause.; For documentation on this error, please visit: https://www.selenium.dev/documentation/webdriver/troubleshooting/errors#sessionnotcreatedexception\nStacktrace:\n#0 0x5565e2b4861a <unknown>\n#1 0x5565e25c520b <unknown>\n#2 0x5565e25ff30d <unknown>\n#3 0x5565e25facc3 <unknown>\n#4 0x5565e264a85c <unknown>\n#5 0x5565e2649f7c <unknown>\n#6 0x5565e2609232 <unknown>\n#7 0x5565e2609ee1 <unknown>\n#8 0x5565e2b113f9 <unknown>\n#9 0x5565e2b1434d <unknown>\n#10 0x5565e2afa122 <unknown>\n#11 0x5565e2b14f2b <unknown>\n#12 0x5565e2ae0c30 <unknown>\n#13 0x5565e2b35d78 <unknown>\n#14 0x5565e2b35f4c <unknown>\n#15 0x5565e2b47973 <unknown>\n#16 0x7f83de49caa4 <unknown>\n#17 0x7f83de529c6c <unknown>","time":{"start":1766652525422,"stop":1766652526237,"duration":815}}],"categories":[{"name":"Test defects","matchedStatuses":[]}],"tags":["ui","regression"]},"source":"d915d6afbd2076d8.json","parameterValues":[]}