{"uid":"dca4b5634b7d83e0","name":"test_dropdown_list_functionality_1_Option_2","fullName":"tests.ui_test_suite.test_dropdown_list.TestDropdownList#test_dropdown_list_functionality_1_Option_2","historyId":"a269687443ab38c7314b38f4e132b3aa","time":{"start":1766652468659,"stop":1766652469361,"duration":702},"status":"broken","statusMessage":"selenium.common.exceptions.SessionNotCreatedException: Message: session not created: Chrome instance exited. Examine ChromeDriver verbose log to determine the cause.; For documentation on this error, please visit: https://www.selenium.dev/documentation/webdriver/troubleshooting/errors#sessionnotcreatedexception\nStacktrace:\n#0 0x560e6931861a <unknown>\n#1 0x560e68d9520b <unknown>\n#2 0x560e68dcf30d <unknown>\n#3 0x560e68dcacc3 <unknown>\n#4 0x560e68e1a85c <unknown>\n#5 0x560e68e19f7c <unknown>\n#6 0x560e68dd9232 <unknown>\n#7 0x560e68dd9ee1 <unknown>\n#8 0x560e692e13f9 <unknown>\n#9 0x560e692e434d <unknown>\n#10 0x560e692ca122 <unknown>\n#11 0x560e692e4f2b <unknown>\n#12 0x560e692b0c30 <unknown>\n#13 0x560e69305d78 <unknown>\n#14 0x560e69305f4c <unknown>\n#15 0x560e69317973 <unknown>\n#16 0x7fe8db49caa4 <unknown>\n#17 0x7fe8db529c6c <unknown>","statusTrace":"/opt/hostedtoolcache/Python/3.10.19/x64/lib/python3.10/site-packages/seleniumbase/core/browser_launcher.py:6052: in get_local_driver\n    driver = webdriver.Chrome(options=chrome_options)\n/opt/hostedtoolcache/Python/3.10.19/x64/lib/python3.10/site-packages/selenium/webdriver/chrome/webdriver.py:46: in __init__\n    super().__init__(\n/opt/hostedtoolcache/Python/3.10.19/x64/lib/python3.10/site-packages/selenium/webdriver/chromium/webdriver.py:67: in __init__\n    super().__init__(command_executor=executor, options=options)\n/opt/hostedtoolcache/Python/3.10.19/x64/lib/python3.10/site-packages/selenium/webdriver/remote/webdriver.py:257: in __init__\n    self.start_session(capabilities)\n/opt/hostedtoolcache/Python/3.10.19/x64/lib/python3.10/site-packages/selenium/webdriver/remote/webdriver.py:352: in start_session\n    response = self.execute(Command.NEW_SESSION, caps)[\"value\"]\n/opt/hostedtoolcache/Python/3.10.19/x64/lib/python3.10/site-packages/selenium/webdriver/remote/webdriver.py:432: in execute\n    self.error_handler.check_response(response)\n/opt/hostedtoolcache/Python/3.10.19/x64/lib/python3.10/site-packages/selenium/webdriver/remote/errorhandler.py:232: in check_response\n    raise exception_class(message, screen, stacktrace)\nE   selenium.common.exceptions.SessionNotCreatedException: Message: session not created: Chrome instance exited. Examine ChromeDriver verbose log to determine the cause.; For documentation on this error, please visit: https://www.selenium.dev/documentation/webdriver/troubleshooting/errors#sessionnotcreatedexception\nE   Stacktrace:\nE   #0 0x55ec53ac561a <unknown>\nE   #1 0x55ec5354220b <unknown>\nE   #2 0x55ec5357c30d <unknown>\nE   #3 0x55ec53577cc3 <unknown>\nE   #4 0x55ec535c785c <unknown>\nE   #5 0x55ec535c6f7c <unknown>\nE   #6 0x55ec53586232 <unknown>\nE   #7 0x55ec53586ee1 <unknown>\nE   #8 0x55ec53a8e3f9 <unknown>\nE   #9 0x55ec53a9134d <unknown>\nE   #10 0x55ec53a77122 <unknown>\nE   #11 0x55ec53a91f2b <unknown>\nE   #12 0x55ec53a5dc30 <unknown>\nE   #13 0x55ec53ab2d78 <unknown>\nE   #14 0x55ec53ab2f4c <unknown>\nE   #15 0x55ec53ac4973 <unknown>\nE   #16 0x7f3d6189caa4 <unknown>\nE   #17 0x7f3d61929c6c <unknown>\n\nDuring handling of the above exception, another exception occurred:\nsrc/pages/base/ui_base_case.py:59: in setUp\n    super().setUp()\n/opt/hostedtoolcache/Python/3.10.19/x64/lib/python3.10/site-packages/seleniumbase/fixtures/base_case.py:15720: in setUp\n    self.driver = self.get_new_driver(\nsrc/pages/base/ui_base_case.py:32: in get_new_driver\n    driver = super().get_new_driver(*args, **kwargs)\n/opt/hostedtoolcache/Python/3.10.19/x64/lib/python3.10/site-packages/seleniumbase/fixtures/base_case.py:4308: in get_new_driver\n    new_driver = browser_launcher.get_driver(\n/opt/hostedtoolcache/Python/3.10.19/x64/lib/python3.10/site-packages/seleniumbase/core/browser_launcher.py:3543: in get_driver\n    return get_local_driver(\n/opt/hostedtoolcache/Python/3.10.19/x64/lib/python3.10/site-packages/seleniumbase/core/browser_launcher.py:6139: in get_local_driver\n    driver = webdriver.Chrome(\n/opt/hostedtoolcache/Python/3.10.19/x64/lib/python3.10/site-packages/selenium/webdriver/chrome/webdriver.py:46: in __init__\n    super().__init__(\n/opt/hostedtoolcache/Python/3.10.19/x64/lib/python3.10/site-packages/selenium/webdriver/chromium/webdriver.py:67: in __init__\n    super().__init__(command_executor=executor, options=options)\n/opt/hostedtoolcache/Python/3.10.19/x64/lib/python3.10/site-packages/selenium/webdriver/remote/webdriver.py:257: in __init__\n    self.start_session(capabilities)\n/opt/hostedtoolcache/Python/3.10.19/x64/lib/python3.10/site-packages/selenium/webdriver/remote/webdriver.py:352: in start_session\n    response = self.execute(Command.NEW_SESSION, caps)[\"value\"]\n/opt/hostedtoolcache/Python/3.10.19/x64/lib/python3.10/site-packages/selenium/webdriver/remote/webdriver.py:432: in execute\n    self.error_handler.check_response(response)\n/opt/hostedtoolcache/Python/3.10.19/x64/lib/python3.10/site-packages/selenium/webdriver/remote/errorhandler.py:232: in check_response\n    raise exception_class(message, screen, stacktrace)\nE   selenium.common.exceptions.SessionNotCreatedException: Message: session not created: Chrome instance exited. Examine ChromeDriver verbose log to determine the cause.; For documentation on this error, please visit: https://www.selenium.dev/documentation/webdriver/troubleshooting/errors#sessionnotcreatedexception\nE   Stacktrace:\nE   #0 0x560e6931861a <unknown>\nE   #1 0x560e68d9520b <unknown>\nE   #2 0x560e68dcf30d <unknown>\nE   #3 0x560e68dcacc3 <unknown>\nE   #4 0x560e68e1a85c <unknown>\nE   #5 0x560e68e19f7c <unknown>\nE   #6 0x560e68dd9232 <unknown>\nE   #7 0x560e68dd9ee1 <unknown>\nE   #8 0x560e692e13f9 <unknown>\nE   #9 0x560e692e434d <unknown>\nE   #10 0x560e692ca122 <unknown>\nE   #11 0x560e692e4f2b <unknown>\nE   #12 0x560e692b0c30 <unknown>\nE   #13 0x560e69305d78 <unknown>\nE   #14 0x560e69305f4c <unknown>\nE   #15 0x560e69317973 <unknown>\nE   #16 0x7fe8db49caa4 <unknown>\nE   #17 0x7fe8db529c6c <unknown>","flaky":false,"newFailed":false,"newBroken":false,"newPassed":false,"retriesCount":3,"retriesStatusChange":false,"beforeStages":[{"name":"clean_directories_at_start","time":{"start":1766652346285,"stop":1766652346286,"duration":1},"status":"passed","steps":[],"attachments":[],"parameters":[],"shouldDisplayMessage":false,"stepsCount":0,"attachmentsCount":0,"hasContent":false,"attachmentStep":false},{"name":"_unittest_setUpClass_fixture_TestDropdownList","time":{"start":1766652444692,"stop":1766652444692,"duration":0},"status":"passed","steps":[],"attachments":[],"parameters":[],"shouldDisplayMessage":false,"stepsCount":0,"attachmentsCount":0,"hasContent":false,"attachmentStep":false},{"name":"bind_test_context","time":{"start":1766652468658,"stop":1766652468658,"duration":0},"status":"passed","steps":[],"attachments":[],"parameters":[],"shouldDisplayMessage":false,"stepsCount":0,"attachmentsCount":0,"hasContent":false,"attachmentStep":false},{"name":"_inject_request","time":{"start":1766652468658,"stop":1766652468658,"duration":0},"status":"passed","steps":[],"attachments":[],"parameters":[],"shouldDisplayMessage":false,"stepsCount":0,"attachmentsCount":0,"hasContent":false,"attachmentStep":false}],"afterStages":[{"name":"_unittest_setUpClass_fixture_TestDropdownList::0","time":{"start":1766652470157,"stop":1766652470157,"duration":0},"status":"passed","steps":[],"attachments":[],"parameters":[],"shouldDisplayMessage":false,"stepsCount":0,"attachmentsCount":0,"hasContent":false,"attachmentStep":false}],"labels":[{"name":"subSuite","value":"Tests Dropdown List functionality"},{"name":"parentSuite","value":"UI Test Suite"},{"name":"severity","value":"normal"},{"name":"suite","value":"Dropdown List"},{"name":"tag","value":"ui"},{"name":"tag","value":"regression"},{"name":"host","value":"runnervmh13bl"},{"name":"thread","value":"3080-MainThread"},{"name":"framework","value":"pytest"},{"name":"language","value":"cpython3"},{"name":"package","value":"tests.ui_test_suite.test_dropdown_list"},{"name":"resultFormat","value":"allure2"}],"parameters":[],"links":[],"hidden":false,"retry":false,"extra":{"severity":"normal","retries":[{"uid":"38a33a901f8f6fbe","status":"broken","statusDetails":"selenium.common.exceptions.SessionNotCreatedException: Message: session not created: Chrome instance exited. Examine ChromeDriver verbose log to determine the cause.; For documentation on this error, please visit: https://www.selenium.dev/documentation/webdriver/troubleshooting/errors#sessionnotcreatedexception\nStacktrace:\n#0 0x5596800d561a <unknown>\n#1 0x55967fb5220b <unknown>\n#2 0x55967fb8c30d <unknown>\n#3 0x55967fb87cc3 <unknown>\n#4 0x55967fbd785c <unknown>\n#5 0x55967fbd6f7c <unknown>\n#6 0x55967fb96232 <unknown>\n#7 0x55967fb96ee1 <unknown>\n#8 0x55968009e3f9 <unknown>\n#9 0x5596800a134d <unknown>\n#10 0x559680087122 <unknown>\n#11 0x5596800a1f2b <unknown>\n#12 0x55968006dc30 <unknown>\n#13 0x5596800c2d78 <unknown>\n#14 0x5596800c2f4c <unknown>\n#15 0x5596800d4973 <unknown>\n#16 0x7fc2c309caa4 <unknown>\n#17 0x7fc2c3129c6c <unknown>","time":{"start":1766652464996,"stop":1766652465734,"duration":738}},{"uid":"754459fa5028e37a","status":"broken","statusDetails":"selenium.common.exceptions.SessionNotCreatedException: Message: session not created: Chrome instance exited. Examine ChromeDriver verbose log to determine the cause.; For documentation on this error, please visit: https://www.selenium.dev/documentation/webdriver/troubleshooting/errors#sessionnotcreatedexception\nStacktrace:\n#0 0x55ab1c6ea61a <unknown>\n#1 0x55ab1c16720b <unknown>\n#2 0x55ab1c1a130d <unknown>\n#3 0x55ab1c19ccc3 <unknown>\n#4 0x55ab1c1ec85c <unknown>\n#5 0x55ab1c1ebf7c <unknown>\n#6 0x55ab1c1ab232 <unknown>\n#7 0x55ab1c1abee1 <unknown>\n#8 0x55ab1c6b33f9 <unknown>\n#9 0x55ab1c6b634d <unknown>\n#10 0x55ab1c69c122 <unknown>\n#11 0x55ab1c6b6f2b <unknown>\n#12 0x55ab1c682c30 <unknown>\n#13 0x55ab1c6d7d78 <unknown>\n#14 0x55ab1c6d7f4c <unknown>\n#15 0x55ab1c6e9973 <unknown>\n#16 0x7faf3d89caa4 <unknown>\n#17 0x7faf3d929c6c <unknown>","time":{"start":1766652461425,"stop":1766652462141,"duration":716}},{"uid":"96c1fe4008385eb3","status":"broken","statusDetails":"selenium.common.exceptions.SessionNotCreatedException: Message: session not created: Chrome instance exited. Examine ChromeDriver verbose log to determine the cause.; For documentation on this error, please visit: https://www.selenium.dev/documentation/webdriver/troubleshooting/errors#sessionnotcreatedexception\nStacktrace:\n#0 0x5646533a761a <unknown>\n#1 0x564652e2420b <unknown>\n#2 0x564652e5e30d <unknown>\n#3 0x564652e59cc3 <unknown>\n#4 0x564652ea985c <unknown>\n#5 0x564652ea8f7c <unknown>\n#6 0x564652e68232 <unknown>\n#7 0x564652e68ee1 <unknown>\n#8 0x5646533703f9 <unknown>\n#9 0x56465337334d <unknown>\n#10 0x564653359122 <unknown>\n#11 0x564653373f2b <unknown>\n#12 0x56465333fc30 <unknown>\n#13 0x564653394d78 <unknown>\n#14 0x564653394f4c <unknown>\n#15 0x5646533a6973 <unknown>\n#16 0x7fe035e9caa4 <unknown>\n#17 0x7fe035f29c6c <unknown>","time":{"start":1766652457942,"stop":1766652458623,"duration":681}}],"categories":[{"name":"Test defects","matchedStatuses":[]}],"tags":["ui","regression"]},"source":"dca4b5634b7d83e0.json","parameterValues":[]}