{"uid":"ead18ed7049c2d87","name":"test_table_header_per_column_4_Amet","fullName":"tests.ui_test_suite.test_challenging_dom.TestChallengingDom#test_table_header_per_column_4_Amet","historyId":"d2e2f6381e7e38933298e9eb1f37c97f","time":{"start":1766652542428,"stop":1766652543116,"duration":688},"status":"broken","statusMessage":"selenium.common.exceptions.SessionNotCreatedException: Message: session not created: Chrome instance exited. Examine ChromeDriver verbose log to determine the cause.; For documentation on this error, please visit: https://www.selenium.dev/documentation/webdriver/troubleshooting/errors#sessionnotcreatedexception\nStacktrace:\n#0 0x55b22bc4c61a <unknown>\n#1 0x55b22b6c920b <unknown>\n#2 0x55b22b70330d <unknown>\n#3 0x55b22b6fecc3 <unknown>\n#4 0x55b22b74e85c <unknown>\n#5 0x55b22b74df7c <unknown>\n#6 0x55b22b70d232 <unknown>\n#7 0x55b22b70dee1 <unknown>\n#8 0x55b22bc153f9 <unknown>\n#9 0x55b22bc1834d <unknown>\n#10 0x55b22bbfe122 <unknown>\n#11 0x55b22bc18f2b <unknown>\n#12 0x55b22bbe4c30 <unknown>\n#13 0x55b22bc39d78 <unknown>\n#14 0x55b22bc39f4c <unknown>\n#15 0x55b22bc4b973 <unknown>\n#16 0x7f47dd89caa4 <unknown>\n#17 0x7f47dd929c6c <unknown>","statusTrace":"/opt/hostedtoolcache/Python/3.10.19/x64/lib/python3.10/site-packages/seleniumbase/core/browser_launcher.py:6052: in get_local_driver\n    driver = webdriver.Chrome(options=chrome_options)\n/opt/hostedtoolcache/Python/3.10.19/x64/lib/python3.10/site-packages/selenium/webdriver/chrome/webdriver.py:46: in __init__\n    super().__init__(\n/opt/hostedtoolcache/Python/3.10.19/x64/lib/python3.10/site-packages/selenium/webdriver/chromium/webdriver.py:67: in __init__\n    super().__init__(command_executor=executor, options=options)\n/opt/hostedtoolcache/Python/3.10.19/x64/lib/python3.10/site-packages/selenium/webdriver/remote/webdriver.py:257: in __init__\n    self.start_session(capabilities)\n/opt/hostedtoolcache/Python/3.10.19/x64/lib/python3.10/site-packages/selenium/webdriver/remote/webdriver.py:352: in start_session\n    response = self.execute(Command.NEW_SESSION, caps)[\"value\"]\n/opt/hostedtoolcache/Python/3.10.19/x64/lib/python3.10/site-packages/selenium/webdriver/remote/webdriver.py:432: in execute\n    self.error_handler.check_response(response)\n/opt/hostedtoolcache/Python/3.10.19/x64/lib/python3.10/site-packages/selenium/webdriver/remote/errorhandler.py:232: in check_response\n    raise exception_class(message, screen, stacktrace)\nE   selenium.common.exceptions.SessionNotCreatedException: Message: session not created: Chrome instance exited. Examine ChromeDriver verbose log to determine the cause.; For documentation on this error, please visit: https://www.selenium.dev/documentation/webdriver/troubleshooting/errors#sessionnotcreatedexception\nE   Stacktrace:\nE   #0 0x556c015f361a <unknown>\nE   #1 0x556c0107020b <unknown>\nE   #2 0x556c010aa30d <unknown>\nE   #3 0x556c010a5cc3 <unknown>\nE   #4 0x556c010f585c <unknown>\nE   #5 0x556c010f4f7c <unknown>\nE   #6 0x556c010b4232 <unknown>\nE   #7 0x556c010b4ee1 <unknown>\nE   #8 0x556c015bc3f9 <unknown>\nE   #9 0x556c015bf34d <unknown>\nE   #10 0x556c015a5122 <unknown>\nE   #11 0x556c015bff2b <unknown>\nE   #12 0x556c0158bc30 <unknown>\nE   #13 0x556c015e0d78 <unknown>\nE   #14 0x556c015e0f4c <unknown>\nE   #15 0x556c015f2973 <unknown>\nE   #16 0x7f5680c9caa4 <unknown>\nE   #17 0x7f5680d29c6c <unknown>\n\nDuring handling of the above exception, another exception occurred:\nsrc/pages/base/ui_base_case.py:59: in setUp\n    super().setUp()\n/opt/hostedtoolcache/Python/3.10.19/x64/lib/python3.10/site-packages/seleniumbase/fixtures/base_case.py:15720: in setUp\n    self.driver = self.get_new_driver(\nsrc/pages/base/ui_base_case.py:32: in get_new_driver\n    driver = super().get_new_driver(*args, **kwargs)\n/opt/hostedtoolcache/Python/3.10.19/x64/lib/python3.10/site-packages/seleniumbase/fixtures/base_case.py:4308: in get_new_driver\n    new_driver = browser_launcher.get_driver(\n/opt/hostedtoolcache/Python/3.10.19/x64/lib/python3.10/site-packages/seleniumbase/core/browser_launcher.py:3543: in get_driver\n    return get_local_driver(\n/opt/hostedtoolcache/Python/3.10.19/x64/lib/python3.10/site-packages/seleniumbase/core/browser_launcher.py:6139: in get_local_driver\n    driver = webdriver.Chrome(\n/opt/hostedtoolcache/Python/3.10.19/x64/lib/python3.10/site-packages/selenium/webdriver/chrome/webdriver.py:46: in __init__\n    super().__init__(\n/opt/hostedtoolcache/Python/3.10.19/x64/lib/python3.10/site-packages/selenium/webdriver/chromium/webdriver.py:67: in __init__\n    super().__init__(command_executor=executor, options=options)\n/opt/hostedtoolcache/Python/3.10.19/x64/lib/python3.10/site-packages/selenium/webdriver/remote/webdriver.py:257: in __init__\n    self.start_session(capabilities)\n/opt/hostedtoolcache/Python/3.10.19/x64/lib/python3.10/site-packages/selenium/webdriver/remote/webdriver.py:352: in start_session\n    response = self.execute(Command.NEW_SESSION, caps)[\"value\"]\n/opt/hostedtoolcache/Python/3.10.19/x64/lib/python3.10/site-packages/selenium/webdriver/remote/webdriver.py:432: in execute\n    self.error_handler.check_response(response)\n/opt/hostedtoolcache/Python/3.10.19/x64/lib/python3.10/site-packages/selenium/webdriver/remote/errorhandler.py:232: in check_response\n    raise exception_class(message, screen, stacktrace)\nE   selenium.common.exceptions.SessionNotCreatedException: Message: session not created: Chrome instance exited. Examine ChromeDriver verbose log to determine the cause.; For documentation on this error, please visit: https://www.selenium.dev/documentation/webdriver/troubleshooting/errors#sessionnotcreatedexception\nE   Stacktrace:\nE   #0 0x55b22bc4c61a <unknown>\nE   #1 0x55b22b6c920b <unknown>\nE   #2 0x55b22b70330d <unknown>\nE   #3 0x55b22b6fecc3 <unknown>\nE   #4 0x55b22b74e85c <unknown>\nE   #5 0x55b22b74df7c <unknown>\nE   #6 0x55b22b70d232 <unknown>\nE   #7 0x55b22b70dee1 <unknown>\nE   #8 0x55b22bc153f9 <unknown>\nE   #9 0x55b22bc1834d <unknown>\nE   #10 0x55b22bbfe122 <unknown>\nE   #11 0x55b22bc18f2b <unknown>\nE   #12 0x55b22bbe4c30 <unknown>\nE   #13 0x55b22bc39d78 <unknown>\nE   #14 0x55b22bc39f4c <unknown>\nE   #15 0x55b22bc4b973 <unknown>\nE   #16 0x7f47dd89caa4 <unknown>\nE   #17 0x7f47dd929c6c <unknown>","flaky":false,"newFailed":false,"newBroken":false,"newPassed":false,"retriesCount":0,"retriesStatusChange":false,"beforeStages":[{"name":"clean_directories_at_start","time":{"start":1766652346285,"stop":1766652346286,"duration":1},"status":"passed","steps":[],"attachments":[],"parameters":[],"shouldDisplayMessage":false,"stepsCount":0,"attachmentsCount":0,"hasContent":false,"attachmentStep":false},{"name":"_unittest_setUpClass_fixture_TestChallengingDom","time":{"start":1766652346286,"stop":1766652346286,"duration":0},"status":"passed","steps":[],"attachments":[],"parameters":[],"shouldDisplayMessage":false,"stepsCount":0,"attachmentsCount":0,"hasContent":false,"attachmentStep":false},{"name":"bind_test_context","time":{"start":1766652542427,"stop":1766652542427,"duration":0},"status":"passed","steps":[],"attachments":[],"parameters":[],"shouldDisplayMessage":false,"stepsCount":0,"attachmentsCount":0,"hasContent":false,"attachmentStep":false},{"name":"_inject_request","time":{"start":1766652542427,"stop":1766652542427,"duration":0},"status":"passed","steps":[],"attachments":[],"parameters":[],"shouldDisplayMessage":false,"stepsCount":0,"attachmentsCount":0,"hasContent":false,"attachmentStep":false}],"afterStages":[{"name":"_unittest_setUpClass_fixture_TestChallengingDom::0","time":{"start":1766652556782,"stop":1766652556782,"duration":0},"status":"passed","steps":[],"attachments":[],"parameters":[],"shouldDisplayMessage":false,"stepsCount":0,"attachmentsCount":0,"hasContent":false,"attachmentStep":false}],"labels":[{"name":"parentSuite","value":"UI Test Suite"},{"name":"suite","value":"Challenging DOM"},{"name":"severity","value":"normal"},{"name":"subSuite","value":"Verify Challenging DOM buttons interactions and table content"},{"name":"tag","value":"ui"},{"name":"tag","value":"smoke"},{"name":"tag","value":"regression"},{"name":"host","value":"runnervmh13bl"},{"name":"thread","value":"3077-MainThread"},{"name":"framework","value":"pytest"},{"name":"language","value":"cpython3"},{"name":"package","value":"tests.ui_test_suite.test_challenging_dom"},{"name":"resultFormat","value":"allure2"}],"parameters":[],"links":[],"hidden":true,"retry":true,"extra":{"categories":[],"tags":["ui","regression","smoke"]},"source":"ead18ed7049c2d87.json","parameterValues":[]}