{"uid":"ed31582d707b9f46","name":"test_table_header_per_column_3_Sit","fullName":"tests.ui_test_suite.test_challenging_dom.TestChallengingDom#test_table_header_per_column_3_Sit","historyId":"872042a52f6fee281e01e372730ad047","time":{"start":1766652537206,"stop":1766652538139,"duration":933},"status":"broken","statusMessage":"selenium.common.exceptions.SessionNotCreatedException: Message: session not created: Chrome instance exited. Examine ChromeDriver verbose log to determine the cause.; For documentation on this error, please visit: https://www.selenium.dev/documentation/webdriver/troubleshooting/errors#sessionnotcreatedexception\nStacktrace:\n#0 0x55dc3b02161a <unknown>\n#1 0x55dc3aa9e20b <unknown>\n#2 0x55dc3aad830d <unknown>\n#3 0x55dc3aad3cc3 <unknown>\n#4 0x55dc3ab2385c <unknown>\n#5 0x55dc3ab22f7c <unknown>\n#6 0x55dc3aae2232 <unknown>\n#7 0x55dc3aae2ee1 <unknown>\n#8 0x55dc3afea3f9 <unknown>\n#9 0x55dc3afed34d <unknown>\n#10 0x55dc3afd3122 <unknown>\n#11 0x55dc3afedf2b <unknown>\n#12 0x55dc3afb9c30 <unknown>\n#13 0x55dc3b00ed78 <unknown>\n#14 0x55dc3b00ef4c <unknown>\n#15 0x55dc3b020973 <unknown>\n#16 0x7f57faa9caa4 <unknown>\n#17 0x7f57fab29c6c <unknown>","statusTrace":"/opt/hostedtoolcache/Python/3.10.19/x64/lib/python3.10/site-packages/seleniumbase/core/browser_launcher.py:6052: in get_local_driver\n    driver = webdriver.Chrome(options=chrome_options)\n/opt/hostedtoolcache/Python/3.10.19/x64/lib/python3.10/site-packages/selenium/webdriver/chrome/webdriver.py:46: in __init__\n    super().__init__(\n/opt/hostedtoolcache/Python/3.10.19/x64/lib/python3.10/site-packages/selenium/webdriver/chromium/webdriver.py:67: in __init__\n    super().__init__(command_executor=executor, options=options)\n/opt/hostedtoolcache/Python/3.10.19/x64/lib/python3.10/site-packages/selenium/webdriver/remote/webdriver.py:257: in __init__\n    self.start_session(capabilities)\n/opt/hostedtoolcache/Python/3.10.19/x64/lib/python3.10/site-packages/selenium/webdriver/remote/webdriver.py:352: in start_session\n    response = self.execute(Command.NEW_SESSION, caps)[\"value\"]\n/opt/hostedtoolcache/Python/3.10.19/x64/lib/python3.10/site-packages/selenium/webdriver/remote/webdriver.py:432: in execute\n    self.error_handler.check_response(response)\n/opt/hostedtoolcache/Python/3.10.19/x64/lib/python3.10/site-packages/selenium/webdriver/remote/errorhandler.py:232: in check_response\n    raise exception_class(message, screen, stacktrace)\nE   selenium.common.exceptions.SessionNotCreatedException: Message: session not created: Chrome instance exited. Examine ChromeDriver verbose log to determine the cause.; For documentation on this error, please visit: https://www.selenium.dev/documentation/webdriver/troubleshooting/errors#sessionnotcreatedexception\nE   Stacktrace:\nE   #0 0x55e84228161a <unknown>\nE   #1 0x55e841cfe20b <unknown>\nE   #2 0x55e841d3830d <unknown>\nE   #3 0x55e841d33cc3 <unknown>\nE   #4 0x55e841d8385c <unknown>\nE   #5 0x55e841d82f7c <unknown>\nE   #6 0x55e841d42232 <unknown>\nE   #7 0x55e841d42ee1 <unknown>\nE   #8 0x55e84224a3f9 <unknown>\nE   #9 0x55e84224d34d <unknown>\nE   #10 0x55e842233122 <unknown>\nE   #11 0x55e84224df2b <unknown>\nE   #12 0x55e842219c30 <unknown>\nE   #13 0x55e84226ed78 <unknown>\nE   #14 0x55e84226ef4c <unknown>\nE   #15 0x55e842280973 <unknown>\nE   #16 0x7f4adb29caa4 <unknown>\nE   #17 0x7f4adb329c6c <unknown>\n\nDuring handling of the above exception, another exception occurred:\nsrc/pages/base/ui_base_case.py:59: in setUp\n    super().setUp()\n/opt/hostedtoolcache/Python/3.10.19/x64/lib/python3.10/site-packages/seleniumbase/fixtures/base_case.py:15720: in setUp\n    self.driver = self.get_new_driver(\nsrc/pages/base/ui_base_case.py:32: in get_new_driver\n    driver = super().get_new_driver(*args, **kwargs)\n/opt/hostedtoolcache/Python/3.10.19/x64/lib/python3.10/site-packages/seleniumbase/fixtures/base_case.py:4308: in get_new_driver\n    new_driver = browser_launcher.get_driver(\n/opt/hostedtoolcache/Python/3.10.19/x64/lib/python3.10/site-packages/seleniumbase/core/browser_launcher.py:3543: in get_driver\n    return get_local_driver(\n/opt/hostedtoolcache/Python/3.10.19/x64/lib/python3.10/site-packages/seleniumbase/core/browser_launcher.py:6139: in get_local_driver\n    driver = webdriver.Chrome(\n/opt/hostedtoolcache/Python/3.10.19/x64/lib/python3.10/site-packages/selenium/webdriver/chrome/webdriver.py:46: in __init__\n    super().__init__(\n/opt/hostedtoolcache/Python/3.10.19/x64/lib/python3.10/site-packages/selenium/webdriver/chromium/webdriver.py:67: in __init__\n    super().__init__(command_executor=executor, options=options)\n/opt/hostedtoolcache/Python/3.10.19/x64/lib/python3.10/site-packages/selenium/webdriver/remote/webdriver.py:257: in __init__\n    self.start_session(capabilities)\n/opt/hostedtoolcache/Python/3.10.19/x64/lib/python3.10/site-packages/selenium/webdriver/remote/webdriver.py:352: in start_session\n    response = self.execute(Command.NEW_SESSION, caps)[\"value\"]\n/opt/hostedtoolcache/Python/3.10.19/x64/lib/python3.10/site-packages/selenium/webdriver/remote/webdriver.py:432: in execute\n    self.error_handler.check_response(response)\n/opt/hostedtoolcache/Python/3.10.19/x64/lib/python3.10/site-packages/selenium/webdriver/remote/errorhandler.py:232: in check_response\n    raise exception_class(message, screen, stacktrace)\nE   selenium.common.exceptions.SessionNotCreatedException: Message: session not created: Chrome instance exited. Examine ChromeDriver verbose log to determine the cause.; For documentation on this error, please visit: https://www.selenium.dev/documentation/webdriver/troubleshooting/errors#sessionnotcreatedexception\nE   Stacktrace:\nE   #0 0x55dc3b02161a <unknown>\nE   #1 0x55dc3aa9e20b <unknown>\nE   #2 0x55dc3aad830d <unknown>\nE   #3 0x55dc3aad3cc3 <unknown>\nE   #4 0x55dc3ab2385c <unknown>\nE   #5 0x55dc3ab22f7c <unknown>\nE   #6 0x55dc3aae2232 <unknown>\nE   #7 0x55dc3aae2ee1 <unknown>\nE   #8 0x55dc3afea3f9 <unknown>\nE   #9 0x55dc3afed34d <unknown>\nE   #10 0x55dc3afd3122 <unknown>\nE   #11 0x55dc3afedf2b <unknown>\nE   #12 0x55dc3afb9c30 <unknown>\nE   #13 0x55dc3b00ed78 <unknown>\nE   #14 0x55dc3b00ef4c <unknown>\nE   #15 0x55dc3b020973 <unknown>\nE   #16 0x7f57faa9caa4 <unknown>\nE   #17 0x7f57fab29c6c <unknown>","flaky":false,"newFailed":false,"newBroken":true,"newPassed":false,"retriesCount":3,"retriesStatusChange":false,"beforeStages":[{"name":"clean_directories_at_start","time":{"start":1766652346285,"stop":1766652346286,"duration":1},"status":"passed","steps":[],"attachments":[],"parameters":[],"shouldDisplayMessage":false,"stepsCount":0,"attachmentsCount":0,"hasContent":false,"attachmentStep":false},{"name":"_unittest_setUpClass_fixture_TestChallengingDom","time":{"start":1766652346286,"stop":1766652346286,"duration":0},"status":"passed","steps":[],"attachments":[],"parameters":[],"shouldDisplayMessage":false,"stepsCount":0,"attachmentsCount":0,"hasContent":false,"attachmentStep":false},{"name":"bind_test_context","time":{"start":1766652537205,"stop":1766652537205,"duration":0},"status":"passed","steps":[],"attachments":[],"parameters":[],"shouldDisplayMessage":false,"stepsCount":0,"attachmentsCount":0,"hasContent":false,"attachmentStep":false},{"name":"_inject_request","time":{"start":1766652537205,"stop":1766652537205,"duration":0},"status":"passed","steps":[],"attachments":[],"parameters":[],"shouldDisplayMessage":false,"stepsCount":0,"attachmentsCount":0,"hasContent":false,"attachmentStep":false}],"afterStages":[{"name":"_unittest_setUpClass_fixture_TestChallengingDom::0","time":{"start":1766652556782,"stop":1766652556782,"duration":0},"status":"passed","steps":[],"attachments":[],"parameters":[],"shouldDisplayMessage":false,"stepsCount":0,"attachmentsCount":0,"hasContent":false,"attachmentStep":false}],"labels":[{"name":"parentSuite","value":"UI Test Suite"},{"name":"suite","value":"Challenging DOM"},{"name":"severity","value":"normal"},{"name":"subSuite","value":"Verify Challenging DOM buttons interactions and table content"},{"name":"tag","value":"ui"},{"name":"tag","value":"smoke"},{"name":"tag","value":"regression"},{"name":"host","value":"runnervmh13bl"},{"name":"thread","value":"3077-MainThread"},{"name":"framework","value":"pytest"},{"name":"language","value":"cpython3"},{"name":"package","value":"tests.ui_test_suite.test_challenging_dom"},{"name":"resultFormat","value":"allure2"}],"parameters":[],"links":[],"hidden":false,"retry":false,"extra":{"severity":"normal","retries":[{"uid":"bda2fb1aa2ed6bb1","status":"broken","statusDetails":"selenium.common.exceptions.SessionNotCreatedException: Message: session not created: Chrome instance exited. Examine ChromeDriver verbose log to determine the cause.; For documentation on this error, please visit: https://www.selenium.dev/documentation/webdriver/troubleshooting/errors#sessionnotcreatedexception\nStacktrace:\n#0 0x563c6f0b161a <unknown>\n#1 0x563c6eb2e20b <unknown>\n#2 0x563c6eb6830d <unknown>\n#3 0x563c6eb63cc3 <unknown>\n#4 0x563c6ebb385c <unknown>\n#5 0x563c6ebb2f7c <unknown>\n#6 0x563c6eb72232 <unknown>\n#7 0x563c6eb72ee1 <unknown>\n#8 0x563c6f07a3f9 <unknown>\n#9 0x563c6f07d34d <unknown>\n#10 0x563c6f063122 <unknown>\n#11 0x563c6f07df2b <unknown>\n#12 0x563c6f049c30 <unknown>\n#13 0x563c6f09ed78 <unknown>\n#14 0x563c6f09ef4c <unknown>\n#15 0x563c6f0b0973 <unknown>\n#16 0x7fbed129caa4 <unknown>\n#17 0x7fbed1329c6c <unknown>","time":{"start":1766652533787,"stop":1766652534500,"duration":713}},{"uid":"850e9a11a2df2bc8","status":"broken","statusDetails":"selenium.common.exceptions.SessionNotCreatedException: Message: session not created: Chrome instance exited. Examine ChromeDriver verbose log to determine the cause.; For documentation on this error, please visit: https://www.selenium.dev/documentation/webdriver/troubleshooting/errors#sessionnotcreatedexception\nStacktrace:\n#0 0x560bfa1cf61a <unknown>\n#1 0x560bf9c4c20b <unknown>\n#2 0x560bf9c8630d <unknown>\n#3 0x560bf9c81cc3 <unknown>\n#4 0x560bf9cd185c <unknown>\n#5 0x560bf9cd0f7c <unknown>\n#6 0x560bf9c90232 <unknown>\n#7 0x560bf9c90ee1 <unknown>\n#8 0x560bfa1983f9 <unknown>\n#9 0x560bfa19b34d <unknown>\n#10 0x560bfa181122 <unknown>\n#11 0x560bfa19bf2b <unknown>\n#12 0x560bfa167c30 <unknown>\n#13 0x560bfa1bcd78 <unknown>\n#14 0x560bfa1bcf4c <unknown>\n#15 0x560bfa1ce973 <unknown>\n#16 0x7fa618a9caa4 <unknown>\n#17 0x7fa618b29c6c <unknown>","time":{"start":1766652530393,"stop":1766652531078,"duration":685}},{"uid":"4ad3cfa45961ab3","status":"broken","statusDetails":"selenium.common.exceptions.SessionNotCreatedException: Message: session not created: Chrome instance exited. Examine ChromeDriver verbose log to determine the cause.; For documentation on this error, please visit: https://www.selenium.dev/documentation/webdriver/troubleshooting/errors#sessionnotcreatedexception\nStacktrace:\n#0 0x56469cffd61a <unknown>\n#1 0x56469ca7a20b <unknown>\n#2 0x56469cab430d <unknown>\n#3 0x56469caafcc3 <unknown>\n#4 0x56469caff85c <unknown>\n#5 0x56469cafef7c <unknown>\n#6 0x56469cabe232 <unknown>\n#7 0x56469cabeee1 <unknown>\n#8 0x56469cfc63f9 <unknown>\n#9 0x56469cfc934d <unknown>\n#10 0x56469cfaf122 <unknown>\n#11 0x56469cfc9f2b <unknown>\n#12 0x56469cf95c30 <unknown>\n#13 0x56469cfead78 <unknown>\n#14 0x56469cfeaf4c <unknown>\n#15 0x56469cffc973 <unknown>\n#16 0x7fd30ba9caa4 <unknown>\n#17 0x7fd30bb29c6c <unknown>","time":{"start":1766652527027,"stop":1766652527733,"duration":706}}],"categories":[{"name":"Test defects","matchedStatuses":[]}],"history":{"statistic":{"failed":0,"broken":1,"skipped":0,"passed":5,"unknown":0,"total":6},"items":[{"uid":"1d8c36fd6e5ca582","status":"passed","time":{"start":1766579153702,"stop":1766579155450,"duration":1748}},{"uid":"b0d9accd3b6b85da","status":"passed","time":{"start":1766578790177,"stop":1766578791856,"duration":1679}},{"uid":"bc9c8e0ca13687f2","status":"passed","time":{"start":1766560078885,"stop":1766560080364,"duration":1479}},{"uid":"7226455abe63206a","status":"passed","time":{"start":1766497536235,"stop":1766497537514,"duration":1279}},{"uid":"a1061e2cf344c09c","status":"passed","time":{"start":1766497286349,"stop":1766497287563,"duration":1214}}]},"tags":["ui","regression","smoke"]},"source":"ed31582d707b9f46.json","parameterValues":[]}