{"uid":"ed5b5404a479f5ab","name":"test_form_authentication_functionality_0_tomsmith","fullName":"tests.ui_test_suite.test_form_authentication.TestFormAuthentication#test_form_authentication_functionality_0_tomsmith","historyId":"d9e86762d089898a4568efcf4b1add55","time":{"start":1766652407831,"stop":1766652408582,"duration":751},"status":"broken","statusMessage":"selenium.common.exceptions.SessionNotCreatedException: Message: session not created: Chrome instance exited. Examine ChromeDriver verbose log to determine the cause.; For documentation on this error, please visit: https://www.selenium.dev/documentation/webdriver/troubleshooting/errors#sessionnotcreatedexception\nStacktrace:\n#0 0x559da3cd661a <unknown>\n#1 0x559da375320b <unknown>\n#2 0x559da378d30d <unknown>\n#3 0x559da3788cc3 <unknown>\n#4 0x559da37d885c <unknown>\n#5 0x559da37d7f7c <unknown>\n#6 0x559da3797232 <unknown>\n#7 0x559da3797ee1 <unknown>\n#8 0x559da3c9f3f9 <unknown>\n#9 0x559da3ca234d <unknown>\n#10 0x559da3c88122 <unknown>\n#11 0x559da3ca2f2b <unknown>\n#12 0x559da3c6ec30 <unknown>\n#13 0x559da3cc3d78 <unknown>\n#14 0x559da3cc3f4c <unknown>\n#15 0x559da3cd5973 <unknown>\n#16 0x7fd082a9caa4 <unknown>\n#17 0x7fd082b29c6c <unknown>","statusTrace":"/opt/hostedtoolcache/Python/3.10.19/x64/lib/python3.10/site-packages/seleniumbase/core/browser_launcher.py:6052: in get_local_driver\n    driver = webdriver.Chrome(options=chrome_options)\n/opt/hostedtoolcache/Python/3.10.19/x64/lib/python3.10/site-packages/selenium/webdriver/chrome/webdriver.py:46: in __init__\n    super().__init__(\n/opt/hostedtoolcache/Python/3.10.19/x64/lib/python3.10/site-packages/selenium/webdriver/chromium/webdriver.py:67: in __init__\n    super().__init__(command_executor=executor, options=options)\n/opt/hostedtoolcache/Python/3.10.19/x64/lib/python3.10/site-packages/selenium/webdriver/remote/webdriver.py:257: in __init__\n    self.start_session(capabilities)\n/opt/hostedtoolcache/Python/3.10.19/x64/lib/python3.10/site-packages/selenium/webdriver/remote/webdriver.py:352: in start_session\n    response = self.execute(Command.NEW_SESSION, caps)[\"value\"]\n/opt/hostedtoolcache/Python/3.10.19/x64/lib/python3.10/site-packages/selenium/webdriver/remote/webdriver.py:432: in execute\n    self.error_handler.check_response(response)\n/opt/hostedtoolcache/Python/3.10.19/x64/lib/python3.10/site-packages/selenium/webdriver/remote/errorhandler.py:232: in check_response\n    raise exception_class(message, screen, stacktrace)\nE   selenium.common.exceptions.SessionNotCreatedException: Message: session not created: Chrome instance exited. Examine ChromeDriver verbose log to determine the cause.; For documentation on this error, please visit: https://www.selenium.dev/documentation/webdriver/troubleshooting/errors#sessionnotcreatedexception\nE   Stacktrace:\nE   #0 0x55e64c49761a <unknown>\nE   #1 0x55e64bf1420b <unknown>\nE   #2 0x55e64bf4e30d <unknown>\nE   #3 0x55e64bf49cc3 <unknown>\nE   #4 0x55e64bf9985c <unknown>\nE   #5 0x55e64bf98f7c <unknown>\nE   #6 0x55e64bf58232 <unknown>\nE   #7 0x55e64bf58ee1 <unknown>\nE   #8 0x55e64c4603f9 <unknown>\nE   #9 0x55e64c46334d <unknown>\nE   #10 0x55e64c449122 <unknown>\nE   #11 0x55e64c463f2b <unknown>\nE   #12 0x55e64c42fc30 <unknown>\nE   #13 0x55e64c484d78 <unknown>\nE   #14 0x55e64c484f4c <unknown>\nE   #15 0x55e64c496973 <unknown>\nE   #16 0x7fe15609caa4 <unknown>\nE   #17 0x7fe156129c6c <unknown>\n\nDuring handling of the above exception, another exception occurred:\nsrc/pages/base/ui_base_case.py:59: in setUp\n    super().setUp()\n/opt/hostedtoolcache/Python/3.10.19/x64/lib/python3.10/site-packages/seleniumbase/fixtures/base_case.py:15720: in setUp\n    self.driver = self.get_new_driver(\nsrc/pages/base/ui_base_case.py:32: in get_new_driver\n    driver = super().get_new_driver(*args, **kwargs)\n/opt/hostedtoolcache/Python/3.10.19/x64/lib/python3.10/site-packages/seleniumbase/fixtures/base_case.py:4308: in get_new_driver\n    new_driver = browser_launcher.get_driver(\n/opt/hostedtoolcache/Python/3.10.19/x64/lib/python3.10/site-packages/seleniumbase/core/browser_launcher.py:3543: in get_driver\n    return get_local_driver(\n/opt/hostedtoolcache/Python/3.10.19/x64/lib/python3.10/site-packages/seleniumbase/core/browser_launcher.py:6139: in get_local_driver\n    driver = webdriver.Chrome(\n/opt/hostedtoolcache/Python/3.10.19/x64/lib/python3.10/site-packages/selenium/webdriver/chrome/webdriver.py:46: in __init__\n    super().__init__(\n/opt/hostedtoolcache/Python/3.10.19/x64/lib/python3.10/site-packages/selenium/webdriver/chromium/webdriver.py:67: in __init__\n    super().__init__(command_executor=executor, options=options)\n/opt/hostedtoolcache/Python/3.10.19/x64/lib/python3.10/site-packages/selenium/webdriver/remote/webdriver.py:257: in __init__\n    self.start_session(capabilities)\n/opt/hostedtoolcache/Python/3.10.19/x64/lib/python3.10/site-packages/selenium/webdriver/remote/webdriver.py:352: in start_session\n    response = self.execute(Command.NEW_SESSION, caps)[\"value\"]\n/opt/hostedtoolcache/Python/3.10.19/x64/lib/python3.10/site-packages/selenium/webdriver/remote/webdriver.py:432: in execute\n    self.error_handler.check_response(response)\n/opt/hostedtoolcache/Python/3.10.19/x64/lib/python3.10/site-packages/selenium/webdriver/remote/errorhandler.py:232: in check_response\n    raise exception_class(message, screen, stacktrace)\nE   selenium.common.exceptions.SessionNotCreatedException: Message: session not created: Chrome instance exited. Examine ChromeDriver verbose log to determine the cause.; For documentation on this error, please visit: https://www.selenium.dev/documentation/webdriver/troubleshooting/errors#sessionnotcreatedexception\nE   Stacktrace:\nE   #0 0x559da3cd661a <unknown>\nE   #1 0x559da375320b <unknown>\nE   #2 0x559da378d30d <unknown>\nE   #3 0x559da3788cc3 <unknown>\nE   #4 0x559da37d885c <unknown>\nE   #5 0x559da37d7f7c <unknown>\nE   #6 0x559da3797232 <unknown>\nE   #7 0x559da3797ee1 <unknown>\nE   #8 0x559da3c9f3f9 <unknown>\nE   #9 0x559da3ca234d <unknown>\nE   #10 0x559da3c88122 <unknown>\nE   #11 0x559da3ca2f2b <unknown>\nE   #12 0x559da3c6ec30 <unknown>\nE   #13 0x559da3cc3d78 <unknown>\nE   #14 0x559da3cc3f4c <unknown>\nE   #15 0x559da3cd5973 <unknown>\nE   #16 0x7fd082a9caa4 <unknown>\nE   #17 0x7fd082b29c6c <unknown>","flaky":false,"newFailed":false,"newBroken":false,"newPassed":false,"retriesCount":0,"retriesStatusChange":false,"beforeStages":[{"name":"clean_directories_at_start","time":{"start":1766652346286,"stop":1766652346287,"duration":1},"status":"passed","steps":[],"attachments":[],"parameters":[],"shouldDisplayMessage":false,"stepsCount":0,"attachmentsCount":0,"hasContent":false,"attachmentStep":false},{"name":"_unittest_setUpClass_fixture_TestFormAuthentication","time":{"start":1766652407830,"stop":1766652407831,"duration":1},"status":"passed","steps":[],"attachments":[],"parameters":[],"shouldDisplayMessage":false,"stepsCount":0,"attachmentsCount":0,"hasContent":false,"attachmentStep":false},{"name":"_inject_request","time":{"start":1766652407831,"stop":1766652407831,"duration":0},"status":"passed","steps":[],"attachments":[],"parameters":[],"shouldDisplayMessage":false,"stepsCount":0,"attachmentsCount":0,"hasContent":false,"attachmentStep":false},{"name":"bind_test_context","time":{"start":1766652407831,"stop":1766652407831,"duration":0},"status":"passed","steps":[],"attachments":[],"parameters":[],"shouldDisplayMessage":false,"stepsCount":0,"attachmentsCount":0,"hasContent":false,"attachmentStep":false}],"afterStages":[{"name":"_unittest_setUpClass_fixture_TestFormAuthentication::0","time":{"start":1766652501800,"stop":1766652501800,"duration":0},"status":"passed","steps":[],"attachments":[],"parameters":[],"shouldDisplayMessage":false,"stepsCount":0,"attachmentsCount":0,"hasContent":false,"attachmentStep":false}],"labels":[{"name":"parentSuite","value":"UI Test Suite"},{"name":"suite","value":"Form Authentication"},{"name":"subSuite","value":"Tests Form Authentication functionality"},{"name":"severity","value":"normal"},{"name":"tag","value":"ui"},{"name":"tag","value":"regression"},{"name":"host","value":"runnervmh13bl"},{"name":"thread","value":"3086-MainThread"},{"name":"framework","value":"pytest"},{"name":"language","value":"cpython3"},{"name":"package","value":"tests.ui_test_suite.test_form_authentication"},{"name":"resultFormat","value":"allure2"}],"parameters":[],"links":[],"hidden":true,"retry":true,"extra":{"categories":[],"tags":["ui","regression"]},"source":"ed5b5404a479f5ab.json","parameterValues":[]}