{"uid":"edc421a2dab9185f","name":"test_iframe_functionality","fullName":"tests.ui_test_suite.test_frames.test_iframe.TestIframe#test_iframe_functionality","historyId":"14c13e5a44c004e969be0b25f29e2a46","time":{"start":1766652548996,"stop":1766652549879,"duration":883},"status":"broken","statusMessage":"selenium.common.exceptions.SessionNotCreatedException: Message: session not created: Chrome instance exited. Examine ChromeDriver verbose log to determine the cause.; For documentation on this error, please visit: https://www.selenium.dev/documentation/webdriver/troubleshooting/errors#sessionnotcreatedexception\nStacktrace:\n#0 0x55a9a3c7961a <unknown>\n#1 0x55a9a36f620b <unknown>\n#2 0x55a9a373030d <unknown>\n#3 0x55a9a372bcc3 <unknown>\n#4 0x55a9a377b85c <unknown>\n#5 0x55a9a377af7c <unknown>\n#6 0x55a9a373a232 <unknown>\n#7 0x55a9a373aee1 <unknown>\n#8 0x55a9a3c423f9 <unknown>\n#9 0x55a9a3c4534d <unknown>\n#10 0x55a9a3c2b122 <unknown>\n#11 0x55a9a3c45f2b <unknown>\n#12 0x55a9a3c11c30 <unknown>\n#13 0x55a9a3c66d78 <unknown>\n#14 0x55a9a3c66f4c <unknown>\n#15 0x55a9a3c78973 <unknown>\n#16 0x7f446c89caa4 <unknown>\n#17 0x7f446c929c6c <unknown>","statusTrace":"/opt/hostedtoolcache/Python/3.10.19/x64/lib/python3.10/site-packages/seleniumbase/core/browser_launcher.py:6052: in get_local_driver\n    driver = webdriver.Chrome(options=chrome_options)\n/opt/hostedtoolcache/Python/3.10.19/x64/lib/python3.10/site-packages/selenium/webdriver/chrome/webdriver.py:46: in __init__\n    super().__init__(\n/opt/hostedtoolcache/Python/3.10.19/x64/lib/python3.10/site-packages/selenium/webdriver/chromium/webdriver.py:67: in __init__\n    super().__init__(command_executor=executor, options=options)\n/opt/hostedtoolcache/Python/3.10.19/x64/lib/python3.10/site-packages/selenium/webdriver/remote/webdriver.py:257: in __init__\n    self.start_session(capabilities)\n/opt/hostedtoolcache/Python/3.10.19/x64/lib/python3.10/site-packages/selenium/webdriver/remote/webdriver.py:352: in start_session\n    response = self.execute(Command.NEW_SESSION, caps)[\"value\"]\n/opt/hostedtoolcache/Python/3.10.19/x64/lib/python3.10/site-packages/selenium/webdriver/remote/webdriver.py:432: in execute\n    self.error_handler.check_response(response)\n/opt/hostedtoolcache/Python/3.10.19/x64/lib/python3.10/site-packages/selenium/webdriver/remote/errorhandler.py:232: in check_response\n    raise exception_class(message, screen, stacktrace)\nE   selenium.common.exceptions.SessionNotCreatedException: Message: session not created: Chrome instance exited. Examine ChromeDriver verbose log to determine the cause.; For documentation on this error, please visit: https://www.selenium.dev/documentation/webdriver/troubleshooting/errors#sessionnotcreatedexception\nE   Stacktrace:\nE   #0 0x56296fa6b61a <unknown>\nE   #1 0x56296f4e820b <unknown>\nE   #2 0x56296f52230d <unknown>\nE   #3 0x56296f51dcc3 <unknown>\nE   #4 0x56296f56d85c <unknown>\nE   #5 0x56296f56cf7c <unknown>\nE   #6 0x56296f52c232 <unknown>\nE   #7 0x56296f52cee1 <unknown>\nE   #8 0x56296fa343f9 <unknown>\nE   #9 0x56296fa3734d <unknown>\nE   #10 0x56296fa1d122 <unknown>\nE   #11 0x56296fa37f2b <unknown>\nE   #12 0x56296fa03c30 <unknown>\nE   #13 0x56296fa58d78 <unknown>\nE   #14 0x56296fa58f4c <unknown>\nE   #15 0x56296fa6a973 <unknown>\nE   #16 0x7f42f5a9caa4 <unknown>\nE   #17 0x7f42f5b29c6c <unknown>\n\nDuring handling of the above exception, another exception occurred:\nsrc/pages/base/ui_base_case.py:59: in setUp\n    super().setUp()\n/opt/hostedtoolcache/Python/3.10.19/x64/lib/python3.10/site-packages/seleniumbase/fixtures/base_case.py:15720: in setUp\n    self.driver = self.get_new_driver(\nsrc/pages/base/ui_base_case.py:32: in get_new_driver\n    driver = super().get_new_driver(*args, **kwargs)\n/opt/hostedtoolcache/Python/3.10.19/x64/lib/python3.10/site-packages/seleniumbase/fixtures/base_case.py:4308: in get_new_driver\n    new_driver = browser_launcher.get_driver(\n/opt/hostedtoolcache/Python/3.10.19/x64/lib/python3.10/site-packages/seleniumbase/core/browser_launcher.py:3543: in get_driver\n    return get_local_driver(\n/opt/hostedtoolcache/Python/3.10.19/x64/lib/python3.10/site-packages/seleniumbase/core/browser_launcher.py:6139: in get_local_driver\n    driver = webdriver.Chrome(\n/opt/hostedtoolcache/Python/3.10.19/x64/lib/python3.10/site-packages/selenium/webdriver/chrome/webdriver.py:46: in __init__\n    super().__init__(\n/opt/hostedtoolcache/Python/3.10.19/x64/lib/python3.10/site-packages/selenium/webdriver/chromium/webdriver.py:67: in __init__\n    super().__init__(command_executor=executor, options=options)\n/opt/hostedtoolcache/Python/3.10.19/x64/lib/python3.10/site-packages/selenium/webdriver/remote/webdriver.py:257: in __init__\n    self.start_session(capabilities)\n/opt/hostedtoolcache/Python/3.10.19/x64/lib/python3.10/site-packages/selenium/webdriver/remote/webdriver.py:352: in start_session\n    response = self.execute(Command.NEW_SESSION, caps)[\"value\"]\n/opt/hostedtoolcache/Python/3.10.19/x64/lib/python3.10/site-packages/selenium/webdriver/remote/webdriver.py:432: in execute\n    self.error_handler.check_response(response)\n/opt/hostedtoolcache/Python/3.10.19/x64/lib/python3.10/site-packages/selenium/webdriver/remote/errorhandler.py:232: in check_response\n    raise exception_class(message, screen, stacktrace)\nE   selenium.common.exceptions.SessionNotCreatedException: Message: session not created: Chrome instance exited. Examine ChromeDriver verbose log to determine the cause.; For documentation on this error, please visit: https://www.selenium.dev/documentation/webdriver/troubleshooting/errors#sessionnotcreatedexception\nE   Stacktrace:\nE   #0 0x55a9a3c7961a <unknown>\nE   #1 0x55a9a36f620b <unknown>\nE   #2 0x55a9a373030d <unknown>\nE   #3 0x55a9a372bcc3 <unknown>\nE   #4 0x55a9a377b85c <unknown>\nE   #5 0x55a9a377af7c <unknown>\nE   #6 0x55a9a373a232 <unknown>\nE   #7 0x55a9a373aee1 <unknown>\nE   #8 0x55a9a3c423f9 <unknown>\nE   #9 0x55a9a3c4534d <unknown>\nE   #10 0x55a9a3c2b122 <unknown>\nE   #11 0x55a9a3c45f2b <unknown>\nE   #12 0x55a9a3c11c30 <unknown>\nE   #13 0x55a9a3c66d78 <unknown>\nE   #14 0x55a9a3c66f4c <unknown>\nE   #15 0x55a9a3c78973 <unknown>\nE   #16 0x7f446c89caa4 <unknown>\nE   #17 0x7f446c929c6c <unknown>","flaky":false,"newFailed":false,"newBroken":false,"newPassed":false,"retriesCount":0,"retriesStatusChange":false,"beforeStages":[{"name":"clean_directories_at_start","time":{"start":1766652346286,"stop":1766652346287,"duration":1},"status":"passed","steps":[],"attachments":[],"parameters":[],"shouldDisplayMessage":false,"stepsCount":0,"attachmentsCount":0,"hasContent":false,"attachmentStep":false},{"name":"_unittest_setUpClass_fixture_TestIframe","time":{"start":1766652548994,"stop":1766652548994,"duration":0},"status":"passed","steps":[],"attachments":[],"parameters":[],"shouldDisplayMessage":false,"stepsCount":0,"attachmentsCount":0,"hasContent":false,"attachmentStep":false},{"name":"_inject_request","time":{"start":1766652548995,"stop":1766652548995,"duration":0},"status":"passed","steps":[],"attachments":[],"parameters":[],"shouldDisplayMessage":false,"stepsCount":0,"attachmentsCount":0,"hasContent":false,"attachmentStep":false},{"name":"bind_test_context","time":{"start":1766652548995,"stop":1766652548995,"duration":0},"status":"passed","steps":[],"attachments":[],"parameters":[],"shouldDisplayMessage":false,"stepsCount":0,"attachmentsCount":0,"hasContent":false,"attachmentStep":false}],"afterStages":[{"name":"_unittest_setUpClass_fixture_TestIframe::0","time":{"start":1766652555096,"stop":1766652555096,"duration":0},"status":"passed","steps":[],"attachments":[],"parameters":[],"shouldDisplayMessage":false,"stepsCount":0,"attachmentsCount":0,"hasContent":false,"attachmentStep":false}],"labels":[{"name":"suite","value":"Frames"},{"name":"parentSuite","value":"UI Test Suite"},{"name":"subSuite","value":"Tests iframe functionality"},{"name":"severity","value":"normal"},{"name":"tag","value":"ui"},{"name":"tag","value":"regression"},{"name":"host","value":"runnervmh13bl"},{"name":"thread","value":"3086-MainThread"},{"name":"framework","value":"pytest"},{"name":"language","value":"cpython3"},{"name":"package","value":"tests.ui_test_suite.test_frames.test_iframe"},{"name":"resultFormat","value":"allure2"}],"parameters":[],"links":[],"hidden":true,"retry":true,"extra":{"categories":[],"tags":["ui","regression"]},"source":"edc421a2dab9185f.json","parameterValues":[]}