{"uid":"f0f23e75d6992449","name":"test_ab_testing_content","fullName":"tests.ui_test_suite.test_ab_testing.TestABTesting#test_ab_testing_content","historyId":"39921f15409e6d09f1427440e4289649","time":{"start":1766652526730,"stop":1766652527461,"duration":731},"status":"broken","statusMessage":"selenium.common.exceptions.SessionNotCreatedException: Message: session not created: Chrome instance exited. Examine ChromeDriver verbose log to determine the cause.; For documentation on this error, please visit: https://www.selenium.dev/documentation/webdriver/troubleshooting/errors#sessionnotcreatedexception\nStacktrace:\n#0 0x55774d5f961a <unknown>\n#1 0x55774d07620b <unknown>\n#2 0x55774d0b030d <unknown>\n#3 0x55774d0abcc3 <unknown>\n#4 0x55774d0fb85c <unknown>\n#5 0x55774d0faf7c <unknown>\n#6 0x55774d0ba232 <unknown>\n#7 0x55774d0baee1 <unknown>\n#8 0x55774d5c23f9 <unknown>\n#9 0x55774d5c534d <unknown>\n#10 0x55774d5ab122 <unknown>\n#11 0x55774d5c5f2b <unknown>\n#12 0x55774d591c30 <unknown>\n#13 0x55774d5e6d78 <unknown>\n#14 0x55774d5e6f4c <unknown>\n#15 0x55774d5f8973 <unknown>\n#16 0x7f5834a9caa4 <unknown>\n#17 0x7f5834b29c6c <unknown>","statusTrace":"/opt/hostedtoolcache/Python/3.10.19/x64/lib/python3.10/site-packages/seleniumbase/core/browser_launcher.py:6052: in get_local_driver\n    driver = webdriver.Chrome(options=chrome_options)\n/opt/hostedtoolcache/Python/3.10.19/x64/lib/python3.10/site-packages/selenium/webdriver/chrome/webdriver.py:46: in __init__\n    super().__init__(\n/opt/hostedtoolcache/Python/3.10.19/x64/lib/python3.10/site-packages/selenium/webdriver/chromium/webdriver.py:67: in __init__\n    super().__init__(command_executor=executor, options=options)\n/opt/hostedtoolcache/Python/3.10.19/x64/lib/python3.10/site-packages/selenium/webdriver/remote/webdriver.py:257: in __init__\n    self.start_session(capabilities)\n/opt/hostedtoolcache/Python/3.10.19/x64/lib/python3.10/site-packages/selenium/webdriver/remote/webdriver.py:352: in start_session\n    response = self.execute(Command.NEW_SESSION, caps)[\"value\"]\n/opt/hostedtoolcache/Python/3.10.19/x64/lib/python3.10/site-packages/selenium/webdriver/remote/webdriver.py:432: in execute\n    self.error_handler.check_response(response)\n/opt/hostedtoolcache/Python/3.10.19/x64/lib/python3.10/site-packages/selenium/webdriver/remote/errorhandler.py:232: in check_response\n    raise exception_class(message, screen, stacktrace)\nE   selenium.common.exceptions.SessionNotCreatedException: Message: session not created: Chrome instance exited. Examine ChromeDriver verbose log to determine the cause.; For documentation on this error, please visit: https://www.selenium.dev/documentation/webdriver/troubleshooting/errors#sessionnotcreatedexception\nE   Stacktrace:\nE   #0 0x5578d0ffb61a <unknown>\nE   #1 0x5578d0a7820b <unknown>\nE   #2 0x5578d0ab230d <unknown>\nE   #3 0x5578d0aadcc3 <unknown>\nE   #4 0x5578d0afd85c <unknown>\nE   #5 0x5578d0afcf7c <unknown>\nE   #6 0x5578d0abc232 <unknown>\nE   #7 0x5578d0abcee1 <unknown>\nE   #8 0x5578d0fc43f9 <unknown>\nE   #9 0x5578d0fc734d <unknown>\nE   #10 0x5578d0fad122 <unknown>\nE   #11 0x5578d0fc7f2b <unknown>\nE   #12 0x5578d0f93c30 <unknown>\nE   #13 0x5578d0fe8d78 <unknown>\nE   #14 0x5578d0fe8f4c <unknown>\nE   #15 0x5578d0ffa973 <unknown>\nE   #16 0x7fa9dbc9caa4 <unknown>\nE   #17 0x7fa9dbd29c6c <unknown>\n\nDuring handling of the above exception, another exception occurred:\nsrc/pages/base/ui_base_case.py:59: in setUp\n    super().setUp()\n/opt/hostedtoolcache/Python/3.10.19/x64/lib/python3.10/site-packages/seleniumbase/fixtures/base_case.py:15720: in setUp\n    self.driver = self.get_new_driver(\nsrc/pages/base/ui_base_case.py:32: in get_new_driver\n    driver = super().get_new_driver(*args, **kwargs)\n/opt/hostedtoolcache/Python/3.10.19/x64/lib/python3.10/site-packages/seleniumbase/fixtures/base_case.py:4308: in get_new_driver\n    new_driver = browser_launcher.get_driver(\n/opt/hostedtoolcache/Python/3.10.19/x64/lib/python3.10/site-packages/seleniumbase/core/browser_launcher.py:3543: in get_driver\n    return get_local_driver(\n/opt/hostedtoolcache/Python/3.10.19/x64/lib/python3.10/site-packages/seleniumbase/core/browser_launcher.py:6139: in get_local_driver\n    driver = webdriver.Chrome(\n/opt/hostedtoolcache/Python/3.10.19/x64/lib/python3.10/site-packages/selenium/webdriver/chrome/webdriver.py:46: in __init__\n    super().__init__(\n/opt/hostedtoolcache/Python/3.10.19/x64/lib/python3.10/site-packages/selenium/webdriver/chromium/webdriver.py:67: in __init__\n    super().__init__(command_executor=executor, options=options)\n/opt/hostedtoolcache/Python/3.10.19/x64/lib/python3.10/site-packages/selenium/webdriver/remote/webdriver.py:257: in __init__\n    self.start_session(capabilities)\n/opt/hostedtoolcache/Python/3.10.19/x64/lib/python3.10/site-packages/selenium/webdriver/remote/webdriver.py:352: in start_session\n    response = self.execute(Command.NEW_SESSION, caps)[\"value\"]\n/opt/hostedtoolcache/Python/3.10.19/x64/lib/python3.10/site-packages/selenium/webdriver/remote/webdriver.py:432: in execute\n    self.error_handler.check_response(response)\n/opt/hostedtoolcache/Python/3.10.19/x64/lib/python3.10/site-packages/selenium/webdriver/remote/errorhandler.py:232: in check_response\n    raise exception_class(message, screen, stacktrace)\nE   selenium.common.exceptions.SessionNotCreatedException: Message: session not created: Chrome instance exited. Examine ChromeDriver verbose log to determine the cause.; For documentation on this error, please visit: https://www.selenium.dev/documentation/webdriver/troubleshooting/errors#sessionnotcreatedexception\nE   Stacktrace:\nE   #0 0x55774d5f961a <unknown>\nE   #1 0x55774d07620b <unknown>\nE   #2 0x55774d0b030d <unknown>\nE   #3 0x55774d0abcc3 <unknown>\nE   #4 0x55774d0fb85c <unknown>\nE   #5 0x55774d0faf7c <unknown>\nE   #6 0x55774d0ba232 <unknown>\nE   #7 0x55774d0baee1 <unknown>\nE   #8 0x55774d5c23f9 <unknown>\nE   #9 0x55774d5c534d <unknown>\nE   #10 0x55774d5ab122 <unknown>\nE   #11 0x55774d5c5f2b <unknown>\nE   #12 0x55774d591c30 <unknown>\nE   #13 0x55774d5e6d78 <unknown>\nE   #14 0x55774d5e6f4c <unknown>\nE   #15 0x55774d5f8973 <unknown>\nE   #16 0x7f5834a9caa4 <unknown>\nE   #17 0x7f5834b29c6c <unknown>","flaky":false,"newFailed":false,"newBroken":false,"newPassed":false,"retriesCount":0,"retriesStatusChange":false,"beforeStages":[{"name":"clean_directories_at_start","time":{"start":1766652346285,"stop":1766652346286,"duration":1},"status":"passed","steps":[],"attachments":[],"parameters":[],"shouldDisplayMessage":false,"stepsCount":0,"attachmentsCount":0,"hasContent":false,"attachmentStep":false},{"name":"_unittest_setUpClass_fixture_TestABTesting","time":{"start":1766652526729,"stop":1766652526729,"duration":0},"status":"passed","steps":[],"attachments":[],"parameters":[],"shouldDisplayMessage":false,"stepsCount":0,"attachmentsCount":0,"hasContent":false,"attachmentStep":false},{"name":"_inject_request","time":{"start":1766652526729,"stop":1766652526729,"duration":0},"status":"passed","steps":[],"attachments":[],"parameters":[],"shouldDisplayMessage":false,"stepsCount":0,"attachmentsCount":0,"hasContent":false,"attachmentStep":false},{"name":"bind_test_context","time":{"start":1766652526729,"stop":1766652526729,"duration":0},"status":"passed","steps":[],"attachments":[],"parameters":[],"shouldDisplayMessage":false,"stepsCount":0,"attachmentsCount":0,"hasContent":false,"attachmentStep":false}],"afterStages":[{"name":"_unittest_setUpClass_fixture_TestABTesting::0","time":{"start":1766652538572,"stop":1766652538572,"duration":0},"status":"passed","steps":[],"attachments":[],"parameters":[],"shouldDisplayMessage":false,"stepsCount":0,"attachmentsCount":0,"hasContent":false,"attachmentStep":false}],"labels":[{"name":"subSuite","value":"Verify content on A/B Testing page"},{"name":"severity","value":"normal"},{"name":"suite","value":"A/B Testing"},{"name":"parentSuite","value":"UI Test Suite"},{"name":"tag","value":"ui"},{"name":"tag","value":"regression"},{"name":"host","value":"runnervmh13bl"},{"name":"thread","value":"3080-MainThread"},{"name":"framework","value":"pytest"},{"name":"language","value":"cpython3"},{"name":"package","value":"tests.ui_test_suite.test_ab_testing"},{"name":"resultFormat","value":"allure2"}],"parameters":[],"links":[],"hidden":true,"retry":true,"extra":{"categories":[],"tags":["ui","regression"]},"source":"f0f23e75d6992449.json","parameterValues":[]}