{"uid":"f89404043ce71c6","name":"test_floating_menu_functionality_0_Home","fullName":"tests.ui_test_suite.test_floating_menu.TestFloatingMenu#test_floating_menu_functionality_0_Home","historyId":"dab32d3ccb89467b33854fad8d93e002","time":{"start":1766652346287,"stop":1766652379915,"duration":33628},"status":"broken","statusMessage":"seleniumbase.common.exceptions.LinkTextNotFoundException: \n Link text {Home} was not found after 7 seconds!","statusTrace":"/opt/hostedtoolcache/Python/3.10.19/x64/lib/python3.10/site-packages/parameterized/parameterized.py:620: in standalone_func\n    return func(*(a + p.args), **p.kwargs, **kw)\ntests/ui_test_suite/test_floating_menu.py:35: in test_floating_menu_functionality\n    page.click_floating_menu_item(item)\nsrc/pages/features/floating_menu/floating_menu_page.py:28: in click_floating_menu_item\n    self.click_element(locator)\nsrc/pages/base/base_page.py:236: in click_element\n    self.driver.click(**locator)\n/opt/hostedtoolcache/Python/3.10.19/x64/lib/python3.10/site-packages/seleniumbase/fixtures/base_case.py:420: in click\n    self.click_link_text(selector, timeout=timeout)\n/opt/hostedtoolcache/Python/3.10.19/x64/lib/python3.10/site-packages/seleniumbase/fixtures/base_case.py:1677: in click_link_text\n    self.wait_for_link_text_present(link_text, timeout=timeout)\n/opt/hostedtoolcache/Python/3.10.19/x64/lib/python3.10/site-packages/seleniumbase/fixtures/base_case.py:10567: in wait_for_link_text_present\n    page_actions.timeout_exception(\"LinkTextNotFoundException\", message)\n/opt/hostedtoolcache/Python/3.10.19/x64/lib/python3.10/site-packages/seleniumbase/fixtures/page_actions.py:270: in timeout_exception\n    raise exc(msg)\nE   seleniumbase.common.exceptions.LinkTextNotFoundException: \nE    Link text {Home} was not found after 7 seconds!","flaky":false,"newFailed":false,"newBroken":false,"newPassed":false,"retriesCount":0,"retriesStatusChange":false,"beforeStages":[{"name":"clean_directories_at_start","time":{"start":1766652346285,"stop":1766652346286,"duration":1},"status":"passed","steps":[],"attachments":[],"parameters":[],"shouldDisplayMessage":false,"stepsCount":0,"attachmentsCount":0,"hasContent":false,"attachmentStep":false},{"name":"_unittest_setUpClass_fixture_TestFloatingMenu","time":{"start":1766652346286,"stop":1766652346286,"duration":0},"status":"passed","steps":[],"attachments":[],"parameters":[],"shouldDisplayMessage":false,"stepsCount":0,"attachmentsCount":0,"hasContent":false,"attachmentStep":false},{"name":"_inject_request","time":{"start":1766652346286,"stop":1766652346286,"duration":0},"status":"passed","steps":[],"attachments":[],"parameters":[],"shouldDisplayMessage":false,"stepsCount":0,"attachmentsCount":0,"hasContent":false,"attachmentStep":false},{"name":"bind_test_context","time":{"start":1766652346286,"stop":1766652346286,"duration":0},"status":"passed","steps":[],"attachments":[],"parameters":[],"shouldDisplayMessage":false,"stepsCount":0,"attachmentsCount":0,"hasContent":false,"attachmentStep":false}],"testStage":{"status":"broken","statusMessage":"seleniumbase.common.exceptions.LinkTextNotFoundException: \n Link text {Home} was not found after 7 seconds!","statusTrace":"/opt/hostedtoolcache/Python/3.10.19/x64/lib/python3.10/site-packages/parameterized/parameterized.py:620: in standalone_func\n    return func(*(a + p.args), **p.kwargs, **kw)\ntests/ui_test_suite/test_floating_menu.py:35: in test_floating_menu_functionality\n    page.click_floating_menu_item(item)\nsrc/pages/features/floating_menu/floating_menu_page.py:28: in click_floating_menu_item\n    self.click_element(locator)\nsrc/pages/base/base_page.py:236: in click_element\n    self.driver.click(**locator)\n/opt/hostedtoolcache/Python/3.10.19/x64/lib/python3.10/site-packages/seleniumbase/fixtures/base_case.py:420: in click\n    self.click_link_text(selector, timeout=timeout)\n/opt/hostedtoolcache/Python/3.10.19/x64/lib/python3.10/site-packages/seleniumbase/fixtures/base_case.py:1677: in click_link_text\n    self.wait_for_link_text_present(link_text, timeout=timeout)\n/opt/hostedtoolcache/Python/3.10.19/x64/lib/python3.10/site-packages/seleniumbase/fixtures/base_case.py:10567: in wait_for_link_text_present\n    page_actions.timeout_exception(\"LinkTextNotFoundException\", message)\n/opt/hostedtoolcache/Python/3.10.19/x64/lib/python3.10/site-packages/seleniumbase/fixtures/page_actions.py:270: in timeout_exception\n    raise exc(msg)\nE   seleniumbase.common.exceptions.LinkTextNotFoundException: \nE    Link text {Home} was not found after 7 seconds!","steps":[{"name":"Navigate to base URL: https://the-internet.herokuapp.com/","time":{"start":1766652370868,"stop":1766652371772,"duration":904},"status":"passed","steps":[],"attachments":[],"parameters":[],"shouldDisplayMessage":false,"stepsCount":0,"attachmentsCount":0,"hasContent":false,"attachmentStep":false},{"name":"Navigate to 'Floating Menu' page","time":{"start":1766652371831,"stop":1766652372479,"duration":648},"status":"passed","steps":[],"attachments":[],"parameters":[{"name":"page_name","value":"'Floating Menu'"}],"shouldDisplayMessage":false,"stepsCount":0,"attachmentsCount":0,"hasContent":true,"attachmentStep":false},{"name":"Scroll down","time":{"start":1766652372479,"stop":1766652372490,"duration":11},"status":"passed","steps":[],"attachments":[],"parameters":[],"shouldDisplayMessage":false,"stepsCount":0,"attachmentsCount":0,"hasContent":false,"attachmentStep":false},{"name":"Click floating menu item ''Home''","time":{"start":1766652372490,"stop":1766652379672,"duration":7182},"status":"broken","statusMessage":"seleniumbase.common.exceptions.LinkTextNotFoundException: \n Link text {Home} was not found after 7 seconds!\n","statusTrace":"  File \"/opt/hostedtoolcache/Python/3.10.19/x64/lib/python3.10/site-packages/allure_commons/_allure.py\", line 202, in impl\n    return func(*a, **kw)\n  File \"/home/runner/work/seleniumbase-python/seleniumbase-python/src/pages/features/floating_menu/floating_menu_page.py\", line 28, in click_floating_menu_item\n    self.click_element(locator)\n  File \"/home/runner/work/seleniumbase-python/seleniumbase-python/src/pages/base/base_page.py\", line 236, in click_element\n    self.driver.click(**locator)\n  File \"/opt/hostedtoolcache/Python/3.10.19/x64/lib/python3.10/site-packages/seleniumbase/fixtures/base_case.py\", line 420, in click\n    self.click_link_text(selector, timeout=timeout)\n  File \"/opt/hostedtoolcache/Python/3.10.19/x64/lib/python3.10/site-packages/seleniumbase/fixtures/base_case.py\", line 1677, in click_link_text\n    self.wait_for_link_text_present(link_text, timeout=timeout)\n  File \"/opt/hostedtoolcache/Python/3.10.19/x64/lib/python3.10/site-packages/seleniumbase/fixtures/base_case.py\", line 10567, in wait_for_link_text_present\n    page_actions.timeout_exception(\"LinkTextNotFoundException\", message)\n  File \"/opt/hostedtoolcache/Python/3.10.19/x64/lib/python3.10/site-packages/seleniumbase/fixtures/page_actions.py\", line 270, in timeout_exception\n    raise exc(msg)\n","steps":[],"attachments":[],"parameters":[{"name":"item","value":"'Home'"}],"shouldDisplayMessage":true,"stepsCount":0,"attachmentsCount":0,"hasContent":true,"attachmentStep":false}],"attachments":[{"uid":"4ec31b96b060ccfe","name":"log","source":"4ec31b96b060ccfe.txt","type":"text/plain","size":2599},{"uid":"7ee1d485491e665f","name":"stdout","source":"7ee1d485491e665f.txt","type":"text/plain","size":3291}],"parameters":[],"shouldDisplayMessage":true,"stepsCount":4,"attachmentsCount":2,"hasContent":true,"attachmentStep":false},"afterStages":[{"name":"_unittest_setUpClass_fixture_TestFloatingMenu::0","time":{"start":1766652422703,"stop":1766652422703,"duration":0},"status":"passed","steps":[],"attachments":[],"parameters":[],"shouldDisplayMessage":false,"stepsCount":0,"attachmentsCount":0,"hasContent":false,"attachmentStep":false}],"labels":[{"name":"severity","value":"normal"},{"name":"subSuite","value":"Tests Floating Menu functionality"},{"name":"suite","value":"Floating Menu"},{"name":"parentSuite","value":"UI Test Suite"},{"name":"tag","value":"ui"},{"name":"tag","value":"regression"},{"name":"host","value":"runnervmh13bl"},{"name":"thread","value":"3083-MainThread"},{"name":"framework","value":"pytest"},{"name":"language","value":"cpython3"},{"name":"package","value":"tests.ui_test_suite.test_floating_menu"},{"name":"resultFormat","value":"allure2"}],"parameters":[],"links":[],"hidden":true,"retry":true,"extra":{"categories":[],"tags":["ui","regression"]},"source":"f89404043ce71c6.json","parameterValues":[]}