{"uid":"fa267b23e2123975","name":"test_form_authentication_functionality_0_tomsmith","fullName":"tests.ui_test_suite.test_form_authentication.TestFormAuthentication#test_form_authentication_functionality_0_tomsmith","historyId":"d9e86762d089898a4568efcf4b1add55","time":{"start":1766652411479,"stop":1766652412268,"duration":789},"status":"broken","statusMessage":"selenium.common.exceptions.SessionNotCreatedException: Message: session not created: Chrome instance exited. Examine ChromeDriver verbose log to determine the cause.; For documentation on this error, please visit: https://www.selenium.dev/documentation/webdriver/troubleshooting/errors#sessionnotcreatedexception\nStacktrace:\n#0 0x55d6403ac61a <unknown>\n#1 0x55d63fe2920b <unknown>\n#2 0x55d63fe6330d <unknown>\n#3 0x55d63fe5ecc3 <unknown>\n#4 0x55d63feae85c <unknown>\n#5 0x55d63feadf7c <unknown>\n#6 0x55d63fe6d232 <unknown>\n#7 0x55d63fe6dee1 <unknown>\n#8 0x55d6403753f9 <unknown>\n#9 0x55d64037834d <unknown>\n#10 0x55d64035e122 <unknown>\n#11 0x55d640378f2b <unknown>\n#12 0x55d640344c30 <unknown>\n#13 0x55d640399d78 <unknown>\n#14 0x55d640399f4c <unknown>\n#15 0x55d6403ab973 <unknown>\n#16 0x7f5af729caa4 <unknown>\n#17 0x7f5af7329c6c <unknown>","statusTrace":"/opt/hostedtoolcache/Python/3.10.19/x64/lib/python3.10/site-packages/seleniumbase/core/browser_launcher.py:6052: in get_local_driver\n    driver = webdriver.Chrome(options=chrome_options)\n/opt/hostedtoolcache/Python/3.10.19/x64/lib/python3.10/site-packages/selenium/webdriver/chrome/webdriver.py:46: in __init__\n    super().__init__(\n/opt/hostedtoolcache/Python/3.10.19/x64/lib/python3.10/site-packages/selenium/webdriver/chromium/webdriver.py:67: in __init__\n    super().__init__(command_executor=executor, options=options)\n/opt/hostedtoolcache/Python/3.10.19/x64/lib/python3.10/site-packages/selenium/webdriver/remote/webdriver.py:257: in __init__\n    self.start_session(capabilities)\n/opt/hostedtoolcache/Python/3.10.19/x64/lib/python3.10/site-packages/selenium/webdriver/remote/webdriver.py:352: in start_session\n    response = self.execute(Command.NEW_SESSION, caps)[\"value\"]\n/opt/hostedtoolcache/Python/3.10.19/x64/lib/python3.10/site-packages/selenium/webdriver/remote/webdriver.py:432: in execute\n    self.error_handler.check_response(response)\n/opt/hostedtoolcache/Python/3.10.19/x64/lib/python3.10/site-packages/selenium/webdriver/remote/errorhandler.py:232: in check_response\n    raise exception_class(message, screen, stacktrace)\nE   selenium.common.exceptions.SessionNotCreatedException: Message: session not created: Chrome instance exited. Examine ChromeDriver verbose log to determine the cause.; For documentation on this error, please visit: https://www.selenium.dev/documentation/webdriver/troubleshooting/errors#sessionnotcreatedexception\nE   Stacktrace:\nE   #0 0x559597d4861a <unknown>\nE   #1 0x5595977c520b <unknown>\nE   #2 0x5595977ff30d <unknown>\nE   #3 0x5595977facc3 <unknown>\nE   #4 0x55959784a85c <unknown>\nE   #5 0x559597849f7c <unknown>\nE   #6 0x559597809232 <unknown>\nE   #7 0x559597809ee1 <unknown>\nE   #8 0x559597d113f9 <unknown>\nE   #9 0x559597d1434d <unknown>\nE   #10 0x559597cfa122 <unknown>\nE   #11 0x559597d14f2b <unknown>\nE   #12 0x559597ce0c30 <unknown>\nE   #13 0x559597d35d78 <unknown>\nE   #14 0x559597d35f4c <unknown>\nE   #15 0x559597d47973 <unknown>\nE   #16 0x7ff54a89caa4 <unknown>\nE   #17 0x7ff54a929c6c <unknown>\n\nDuring handling of the above exception, another exception occurred:\nsrc/pages/base/ui_base_case.py:59: in setUp\n    super().setUp()\n/opt/hostedtoolcache/Python/3.10.19/x64/lib/python3.10/site-packages/seleniumbase/fixtures/base_case.py:15720: in setUp\n    self.driver = self.get_new_driver(\nsrc/pages/base/ui_base_case.py:32: in get_new_driver\n    driver = super().get_new_driver(*args, **kwargs)\n/opt/hostedtoolcache/Python/3.10.19/x64/lib/python3.10/site-packages/seleniumbase/fixtures/base_case.py:4308: in get_new_driver\n    new_driver = browser_launcher.get_driver(\n/opt/hostedtoolcache/Python/3.10.19/x64/lib/python3.10/site-packages/seleniumbase/core/browser_launcher.py:3543: in get_driver\n    return get_local_driver(\n/opt/hostedtoolcache/Python/3.10.19/x64/lib/python3.10/site-packages/seleniumbase/core/browser_launcher.py:6139: in get_local_driver\n    driver = webdriver.Chrome(\n/opt/hostedtoolcache/Python/3.10.19/x64/lib/python3.10/site-packages/selenium/webdriver/chrome/webdriver.py:46: in __init__\n    super().__init__(\n/opt/hostedtoolcache/Python/3.10.19/x64/lib/python3.10/site-packages/selenium/webdriver/chromium/webdriver.py:67: in __init__\n    super().__init__(command_executor=executor, options=options)\n/opt/hostedtoolcache/Python/3.10.19/x64/lib/python3.10/site-packages/selenium/webdriver/remote/webdriver.py:257: in __init__\n    self.start_session(capabilities)\n/opt/hostedtoolcache/Python/3.10.19/x64/lib/python3.10/site-packages/selenium/webdriver/remote/webdriver.py:352: in start_session\n    response = self.execute(Command.NEW_SESSION, caps)[\"value\"]\n/opt/hostedtoolcache/Python/3.10.19/x64/lib/python3.10/site-packages/selenium/webdriver/remote/webdriver.py:432: in execute\n    self.error_handler.check_response(response)\n/opt/hostedtoolcache/Python/3.10.19/x64/lib/python3.10/site-packages/selenium/webdriver/remote/errorhandler.py:232: in check_response\n    raise exception_class(message, screen, stacktrace)\nE   selenium.common.exceptions.SessionNotCreatedException: Message: session not created: Chrome instance exited. Examine ChromeDriver verbose log to determine the cause.; For documentation on this error, please visit: https://www.selenium.dev/documentation/webdriver/troubleshooting/errors#sessionnotcreatedexception\nE   Stacktrace:\nE   #0 0x55d6403ac61a <unknown>\nE   #1 0x55d63fe2920b <unknown>\nE   #2 0x55d63fe6330d <unknown>\nE   #3 0x55d63fe5ecc3 <unknown>\nE   #4 0x55d63feae85c <unknown>\nE   #5 0x55d63feadf7c <unknown>\nE   #6 0x55d63fe6d232 <unknown>\nE   #7 0x55d63fe6dee1 <unknown>\nE   #8 0x55d6403753f9 <unknown>\nE   #9 0x55d64037834d <unknown>\nE   #10 0x55d64035e122 <unknown>\nE   #11 0x55d640378f2b <unknown>\nE   #12 0x55d640344c30 <unknown>\nE   #13 0x55d640399d78 <unknown>\nE   #14 0x55d640399f4c <unknown>\nE   #15 0x55d6403ab973 <unknown>\nE   #16 0x7f5af729caa4 <unknown>\nE   #17 0x7f5af7329c6c <unknown>","flaky":false,"newFailed":false,"newBroken":false,"newPassed":false,"retriesCount":0,"retriesStatusChange":false,"beforeStages":[{"name":"clean_directories_at_start","time":{"start":1766652346286,"stop":1766652346287,"duration":1},"status":"passed","steps":[],"attachments":[],"parameters":[],"shouldDisplayMessage":false,"stepsCount":0,"attachmentsCount":0,"hasContent":false,"attachmentStep":false},{"name":"_unittest_setUpClass_fixture_TestFormAuthentication","time":{"start":1766652407830,"stop":1766652407831,"duration":1},"status":"passed","steps":[],"attachments":[],"parameters":[],"shouldDisplayMessage":false,"stepsCount":0,"attachmentsCount":0,"hasContent":false,"attachmentStep":false},{"name":"_inject_request","time":{"start":1766652411478,"stop":1766652411479,"duration":1},"status":"passed","steps":[],"attachments":[],"parameters":[],"shouldDisplayMessage":false,"stepsCount":0,"attachmentsCount":0,"hasContent":false,"attachmentStep":false},{"name":"bind_test_context","time":{"start":1766652411478,"stop":1766652411478,"duration":0},"status":"passed","steps":[],"attachments":[],"parameters":[],"shouldDisplayMessage":false,"stepsCount":0,"attachmentsCount":0,"hasContent":false,"attachmentStep":false}],"afterStages":[{"name":"_unittest_setUpClass_fixture_TestFormAuthentication::0","time":{"start":1766652501800,"stop":1766652501800,"duration":0},"status":"passed","steps":[],"attachments":[],"parameters":[],"shouldDisplayMessage":false,"stepsCount":0,"attachmentsCount":0,"hasContent":false,"attachmentStep":false}],"labels":[{"name":"parentSuite","value":"UI Test Suite"},{"name":"suite","value":"Form Authentication"},{"name":"subSuite","value":"Tests Form Authentication functionality"},{"name":"severity","value":"normal"},{"name":"tag","value":"ui"},{"name":"tag","value":"regression"},{"name":"host","value":"runnervmh13bl"},{"name":"thread","value":"3086-MainThread"},{"name":"framework","value":"pytest"},{"name":"language","value":"cpython3"},{"name":"package","value":"tests.ui_test_suite.test_form_authentication"},{"name":"resultFormat","value":"allure2"}],"parameters":[],"links":[],"hidden":true,"retry":true,"extra":{"categories":[],"tags":["ui","regression"]},"source":"fa267b23e2123975.json","parameterValues":[]}