{"uid":"fda48d3f32417e1a","name":"test_content_changes_after_refresh","fullName":"tests.ui_test_suite.test_dynamic_content.TestDynamicContent#test_content_changes_after_refresh","historyId":"c30f460b25185127fbf73962b8238d33","time":{"start":1766652542118,"stop":1766652542690,"duration":572},"status":"broken","statusMessage":"selenium.common.exceptions.SessionNotCreatedException: Message: session not created: Chrome instance exited. Examine ChromeDriver verbose log to determine the cause.; For documentation on this error, please visit: https://www.selenium.dev/documentation/webdriver/troubleshooting/errors#sessionnotcreatedexception\nStacktrace:\n#0 0x55fd7040561a <unknown>\n#1 0x55fd6fe8220b <unknown>\n#2 0x55fd6febc30d <unknown>\n#3 0x55fd6feb7cc3 <unknown>\n#4 0x55fd6ff0785c <unknown>\n#5 0x55fd6ff06f7c <unknown>\n#6 0x55fd6fec6232 <unknown>\n#7 0x55fd6fec6ee1 <unknown>\n#8 0x55fd703ce3f9 <unknown>\n#9 0x55fd703d134d <unknown>\n#10 0x55fd703b7122 <unknown>\n#11 0x55fd703d1f2b <unknown>\n#12 0x55fd7039dc30 <unknown>\n#13 0x55fd703f2d78 <unknown>\n#14 0x55fd703f2f4c <unknown>\n#15 0x55fd70404973 <unknown>\n#16 0x7fa5e0a9caa4 <unknown>\n#17 0x7fa5e0b29c6c <unknown>","statusTrace":"/opt/hostedtoolcache/Python/3.10.19/x64/lib/python3.10/site-packages/seleniumbase/core/browser_launcher.py:6052: in get_local_driver\n    driver = webdriver.Chrome(options=chrome_options)\n/opt/hostedtoolcache/Python/3.10.19/x64/lib/python3.10/site-packages/selenium/webdriver/chrome/webdriver.py:46: in __init__\n    super().__init__(\n/opt/hostedtoolcache/Python/3.10.19/x64/lib/python3.10/site-packages/selenium/webdriver/chromium/webdriver.py:67: in __init__\n    super().__init__(command_executor=executor, options=options)\n/opt/hostedtoolcache/Python/3.10.19/x64/lib/python3.10/site-packages/selenium/webdriver/remote/webdriver.py:257: in __init__\n    self.start_session(capabilities)\n/opt/hostedtoolcache/Python/3.10.19/x64/lib/python3.10/site-packages/selenium/webdriver/remote/webdriver.py:352: in start_session\n    response = self.execute(Command.NEW_SESSION, caps)[\"value\"]\n/opt/hostedtoolcache/Python/3.10.19/x64/lib/python3.10/site-packages/selenium/webdriver/remote/webdriver.py:432: in execute\n    self.error_handler.check_response(response)\n/opt/hostedtoolcache/Python/3.10.19/x64/lib/python3.10/site-packages/selenium/webdriver/remote/errorhandler.py:232: in check_response\n    raise exception_class(message, screen, stacktrace)\nE   selenium.common.exceptions.SessionNotCreatedException: Message: session not created: Chrome instance exited. Examine ChromeDriver verbose log to determine the cause.; For documentation on this error, please visit: https://www.selenium.dev/documentation/webdriver/troubleshooting/errors#sessionnotcreatedexception\nE   Stacktrace:\nE   #0 0x55d96fc2e61a <unknown>\nE   #1 0x55d96f6ab20b <unknown>\nE   #2 0x55d96f6e530d <unknown>\nE   #3 0x55d96f6e0cc3 <unknown>\nE   #4 0x55d96f73085c <unknown>\nE   #5 0x55d96f72ff7c <unknown>\nE   #6 0x55d96f6ef232 <unknown>\nE   #7 0x55d96f6efee1 <unknown>\nE   #8 0x55d96fbf73f9 <unknown>\nE   #9 0x55d96fbfa34d <unknown>\nE   #10 0x55d96fbe0122 <unknown>\nE   #11 0x55d96fbfaf2b <unknown>\nE   #12 0x55d96fbc6c30 <unknown>\nE   #13 0x55d96fc1bd78 <unknown>\nE   #14 0x55d96fc1bf4c <unknown>\nE   #15 0x55d96fc2d973 <unknown>\nE   #16 0x7f7a4a49caa4 <unknown>\nE   #17 0x7f7a4a529c6c <unknown>\n\nDuring handling of the above exception, another exception occurred:\nsrc/pages/base/ui_base_case.py:59: in setUp\n    super().setUp()\n/opt/hostedtoolcache/Python/3.10.19/x64/lib/python3.10/site-packages/seleniumbase/fixtures/base_case.py:15720: in setUp\n    self.driver = self.get_new_driver(\nsrc/pages/base/ui_base_case.py:32: in get_new_driver\n    driver = super().get_new_driver(*args, **kwargs)\n/opt/hostedtoolcache/Python/3.10.19/x64/lib/python3.10/site-packages/seleniumbase/fixtures/base_case.py:4308: in get_new_driver\n    new_driver = browser_launcher.get_driver(\n/opt/hostedtoolcache/Python/3.10.19/x64/lib/python3.10/site-packages/seleniumbase/core/browser_launcher.py:3543: in get_driver\n    return get_local_driver(\n/opt/hostedtoolcache/Python/3.10.19/x64/lib/python3.10/site-packages/seleniumbase/core/browser_launcher.py:6139: in get_local_driver\n    driver = webdriver.Chrome(\n/opt/hostedtoolcache/Python/3.10.19/x64/lib/python3.10/site-packages/selenium/webdriver/chrome/webdriver.py:46: in __init__\n    super().__init__(\n/opt/hostedtoolcache/Python/3.10.19/x64/lib/python3.10/site-packages/selenium/webdriver/chromium/webdriver.py:67: in __init__\n    super().__init__(command_executor=executor, options=options)\n/opt/hostedtoolcache/Python/3.10.19/x64/lib/python3.10/site-packages/selenium/webdriver/remote/webdriver.py:257: in __init__\n    self.start_session(capabilities)\n/opt/hostedtoolcache/Python/3.10.19/x64/lib/python3.10/site-packages/selenium/webdriver/remote/webdriver.py:352: in start_session\n    response = self.execute(Command.NEW_SESSION, caps)[\"value\"]\n/opt/hostedtoolcache/Python/3.10.19/x64/lib/python3.10/site-packages/selenium/webdriver/remote/webdriver.py:432: in execute\n    self.error_handler.check_response(response)\n/opt/hostedtoolcache/Python/3.10.19/x64/lib/python3.10/site-packages/selenium/webdriver/remote/errorhandler.py:232: in check_response\n    raise exception_class(message, screen, stacktrace)\nE   selenium.common.exceptions.SessionNotCreatedException: Message: session not created: Chrome instance exited. Examine ChromeDriver verbose log to determine the cause.; For documentation on this error, please visit: https://www.selenium.dev/documentation/webdriver/troubleshooting/errors#sessionnotcreatedexception\nE   Stacktrace:\nE   #0 0x55fd7040561a <unknown>\nE   #1 0x55fd6fe8220b <unknown>\nE   #2 0x55fd6febc30d <unknown>\nE   #3 0x55fd6feb7cc3 <unknown>\nE   #4 0x55fd6ff0785c <unknown>\nE   #5 0x55fd6ff06f7c <unknown>\nE   #6 0x55fd6fec6232 <unknown>\nE   #7 0x55fd6fec6ee1 <unknown>\nE   #8 0x55fd703ce3f9 <unknown>\nE   #9 0x55fd703d134d <unknown>\nE   #10 0x55fd703b7122 <unknown>\nE   #11 0x55fd703d1f2b <unknown>\nE   #12 0x55fd7039dc30 <unknown>\nE   #13 0x55fd703f2d78 <unknown>\nE   #14 0x55fd703f2f4c <unknown>\nE   #15 0x55fd70404973 <unknown>\nE   #16 0x7fa5e0a9caa4 <unknown>\nE   #17 0x7fa5e0b29c6c <unknown>","flaky":false,"newFailed":false,"newBroken":false,"newPassed":false,"retriesCount":0,"retriesStatusChange":false,"beforeStages":[{"name":"clean_directories_at_start","time":{"start":1766652346285,"stop":1766652346286,"duration":1},"status":"passed","steps":[],"attachments":[],"parameters":[],"shouldDisplayMessage":false,"stepsCount":0,"attachmentsCount":0,"hasContent":false,"attachmentStep":false},{"name":"_unittest_setUpClass_fixture_TestDynamicContent","time":{"start":1766652538578,"stop":1766652538578,"duration":0},"status":"passed","steps":[],"attachments":[],"parameters":[],"shouldDisplayMessage":false,"stepsCount":0,"attachmentsCount":0,"hasContent":false,"attachmentStep":false},{"name":"_inject_request","time":{"start":1766652542117,"stop":1766652542117,"duration":0},"status":"passed","steps":[],"attachments":[],"parameters":[],"shouldDisplayMessage":false,"stepsCount":0,"attachmentsCount":0,"hasContent":false,"attachmentStep":false},{"name":"bind_test_context","time":{"start":1766652542117,"stop":1766652542117,"duration":0},"status":"passed","steps":[],"attachments":[],"parameters":[],"shouldDisplayMessage":false,"stepsCount":0,"attachmentsCount":0,"hasContent":false,"attachmentStep":false}],"afterStages":[{"name":"_unittest_setUpClass_fixture_TestDynamicContent::0","time":{"start":1766652550769,"stop":1766652550769,"duration":0},"status":"passed","steps":[],"attachments":[],"parameters":[],"shouldDisplayMessage":false,"stepsCount":0,"attachmentsCount":0,"hasContent":false,"attachmentStep":false}],"labels":[{"name":"parentSuite","value":"UI Test Suite"},{"name":"subSuite","value":"Tests Dynamic Content functionality"},{"name":"severity","value":"normal"},{"name":"suite","value":"Dynamic Content"},{"name":"tag","value":"ui"},{"name":"tag","value":"regression"},{"name":"host","value":"runnervmh13bl"},{"name":"thread","value":"3080-MainThread"},{"name":"framework","value":"pytest"},{"name":"language","value":"cpython3"},{"name":"package","value":"tests.ui_test_suite.test_dynamic_content"},{"name":"resultFormat","value":"allure2"}],"parameters":[],"links":[],"hidden":true,"retry":true,"extra":{"categories":[],"tags":["ui","regression"]},"source":"fda48d3f32417e1a.json","parameterValues":[]}